[ 2015-12-18T09:14:45+08:00 ] 127.0.0.1 /
INFO: [ app_init ] --START--
INFO: Run Behavior\BuildLiteBehavior [ RunTime:0.000012s ]
INFO: [ app_init ] --END-- [ RunTime:0.000368s ]
INFO: [ app_begin ] --START--
INFO: Run Behavior\ReadHtmlCacheBehavior [ RunTime:0.000617s ]
INFO: [ app_begin ] --END-- [ RunTime:0.000681s ]
SQL: SHOW COLUMNS FROM `article` [ RunTime:0.0521s ]
SQL: SHOW COLUMNS FROM `article` [ RunTime:0.0035s ]
SQL: SELECT * FROM `article` ORDER BY `like` desc LIMIT 0,9999999   [ RunTime:0.0008s ]
SQL: SELECT count(id) as totalcount FROM `article`  [ RunTime:0.0004s ]
INFO: [ view_parse ] --START--
INFO: [ template_filter ] --START--
INFO: Run Behavior\ContentReplaceBehavior [ RunTime:0.000044s ]
INFO: [ template_filter ] --END-- [ RunTime:0.000090s ]
INFO: Run Behavior\ParseTemplateBehavior [ RunTime:0.005849s ]
INFO: [ view_parse ] --END-- [ RunTime:0.005907s ]
INFO: [ view_filter ] --START--
INFO: Run Behavior\WriteHtmlCacheBehavior [ RunTime:0.000302s ]
INFO: [ view_filter ] --END-- [ RunTime:0.000338s ]
INFO: [ app_end ] --START--
INFO: Run Behavior\ShowPageTraceBehavior [ RunTime:0.000860s ]
INFO: [ app_end ] --END-- [ RunTime:0.001032s ]

[ 2015-12-18T09:14:47+08:00 ] 127.0.0.1 /index.php/Home/Article/get/id/2.html
INFO: [ app_init ] --START--
INFO: Run Behavior\BuildLiteBehavior [ RunTime:0.000014s ]
INFO: [ app_init ] --END-- [ RunTime:0.000421s ]
INFO: [ app_begin ] --START--
INFO: Run Behavior\ReadHtmlCacheBehavior [ RunTime:0.000477s ]
INFO: [ app_begin ] --END-- [ RunTime:0.000524s ]
NOTIC: [2048] Declaration of Home\Controller\ArticleController::get() should be compatible with Think\Controller::get($name = '') D:\xampp\htdocs\liul\Application\Home\Controller\ArticleController.class.php 第 82 行.
SQL: SHOW COLUMNS FROM `article` [ RunTime:0.0204s ]
SQL: SHOW COLUMNS FROM `article` [ RunTime:0.0034s ]
SQL: SELECT * FROM `article` WHERE `id` = 2  [ RunTime:0.0003s ]
SQL: SHOW COLUMNS FROM `category` [ RunTime:0.0212s ]
SQL: SHOW COLUMNS FROM `category` [ RunTime:0.0025s ]
SQL: SELECT * FROM `category` WHERE `cid` = 0 AND `uid` = 1 ORDER BY amount DESC  [ RunTime:0.0004s ]
SQL: SELECT * FROM `category` WHERE `id` = 4 ORDER BY amount DESC  [ RunTime:0.0002s ]
SQL: SHOW COLUMNS FROM `users` [ RunTime:0.0274s ]
SQL: SHOW COLUMNS FROM `users` [ RunTime:0.0029s ]
SQL: SELECT `headimg` FROM `users` WHERE ( id=1 )  [ RunTime:0.0003s ]
NOTIC: [2048] Declaration of Common\Model\CommentModel::add() should be compatible with Think\Model::add($data = '', $options = Array, $replace = false) D:\xampp\htdocs\liul\Application\Common\Model\CommentModel.class.php 第 21 行.
SQL: SHOW COLUMNS FROM `comment` [ RunTime:0.0406s ]
SQL: SHOW COLUMNS FROM `comment` [ RunTime:0.0021s ]
SQL: SELECT users.name,users.headimg,comment.content,comment.createtime FROM `comment` INNER JOIN users on users.id = comment.uid  WHERE `aid` = '2' ORDER BY `createtime` asc  [ RunTime:0.0019s ]
INFO: [ view_parse ] --START--
INFO: [ template_filter ] --START--
INFO: Run Behavior\ContentReplaceBehavior [ RunTime:0.000062s ]
INFO: [ template_filter ] --END-- [ RunTime:0.000105s ]
INFO: Run Behavior\ParseTemplateBehavior [ RunTime:0.009375s ]
INFO: [ view_parse ] --END-- [ RunTime:0.009429s ]
INFO: [ view_filter ] --START--
INFO: Run Behavior\WriteHtmlCacheBehavior [ RunTime:0.000467s ]
INFO: [ view_filter ] --END-- [ RunTime:0.000516s ]
INFO: [ app_end ] --START--
INFO: Run Behavior\ShowPageTraceBehavior [ RunTime:0.000757s ]
INFO: [ app_end ] --END-- [ RunTime:0.000805s ]

[ 2015-12-18T09:35:10+08:00 ] 127.0.0.1 /
INFO: [ app_init ] --START--
INFO: Run Behavior\BuildLiteBehavior [ RunTime:0.001564s ]
INFO: [ app_init ] --END-- [ RunTime:0.002378s ]
INFO: [ app_begin ] --START--
INFO: Run Behavior\ReadHtmlCacheBehavior [ RunTime:0.000559s ]
INFO: [ app_begin ] --END-- [ RunTime:0.000643s ]
SQL: SHOW COLUMNS FROM `article` [ RunTime:0.0056s ]
SQL: SHOW COLUMNS FROM `article` [ RunTime:0.0034s ]
SQL: SELECT * FROM `article` ORDER BY `like` desc LIMIT 0,9999999   [ RunTime:0.0005s ]
SQL: SELECT count(id) as totalcount FROM `article`  [ RunTime:0.0003s ]
INFO: [ view_parse ] --START--
INFO: [ template_filter ] --START--
INFO: Run Behavior\ContentReplaceBehavior [ RunTime:0.000045s ]
INFO: [ template_filter ] --END-- [ RunTime:0.000103s ]
INFO: Run Behavior\ParseTemplateBehavior [ RunTime:0.006974s ]
INFO: [ view_parse ] --END-- [ RunTime:0.007032s ]
INFO: [ view_filter ] --START--
INFO: Run Behavior\WriteHtmlCacheBehavior [ RunTime:0.001687s ]
INFO: [ view_filter ] --END-- [ RunTime:0.001778s ]
INFO: [ app_end ] --START--
INFO: Run Behavior\ShowPageTraceBehavior [ RunTime:0.000688s ]
INFO: [ app_end ] --END-- [ RunTime:0.000736s ]

[ 2015-12-18T09:35:12+08:00 ] 127.0.0.1 /index.php/Home/Article/get/id/2.html
INFO: [ app_init ] --START--
INFO: Run Behavior\BuildLiteBehavior [ RunTime:0.000012s ]
INFO: [ app_init ] --END-- [ RunTime:0.000421s ]
INFO: [ app_begin ] --START--
INFO: Run Behavior\ReadHtmlCacheBehavior [ RunTime:0.000476s ]
INFO: [ app_begin ] --END-- [ RunTime:0.000521s ]
NOTIC: [2048] Declaration of Home\Controller\ArticleController::get() should be compatible with Think\Controller::get($name = '') D:\xampp\htdocs\liul\Application\Home\Controller\ArticleController.class.php 第 82 行.
SQL: SHOW COLUMNS FROM `article` [ RunTime:0.0024s ]
SQL: SHOW COLUMNS FROM `article` [ RunTime:0.0020s ]
SQL: SELECT * FROM `article` WHERE `id` = 2  [ RunTime:0.0003s ]
SQL: SHOW COLUMNS FROM `category` [ RunTime:0.0020s ]
SQL: SHOW COLUMNS FROM `category` [ RunTime:0.0020s ]
SQL: SELECT * FROM `category` WHERE `cid` = 0 AND `uid` = 1 ORDER BY amount DESC  [ RunTime:0.0003s ]
SQL: SELECT * FROM `category` WHERE `id` = 4 ORDER BY amount DESC  [ RunTime:0.0003s ]
SQL: SHOW COLUMNS FROM `users` [ RunTime:0.0034s ]
SQL: SHOW COLUMNS FROM `users` [ RunTime:0.0021s ]
SQL: SELECT `headimg` FROM `users` WHERE ( id=1 )  [ RunTime:0.0002s ]
NOTIC: [2048] Declaration of Common\Model\CommentModel::add() should be compatible with Think\Model::add($data = '', $options = Array, $replace = false) D:\xampp\htdocs\liul\Application\Common\Model\CommentModel.class.php 第 21 行.
SQL: SHOW COLUMNS FROM `comment` [ RunTime:0.0021s ]
SQL: SHOW COLUMNS FROM `comment` [ RunTime:0.0021s ]
SQL: SELECT users.name,users.headimg,comment.content,comment.createtime FROM `comment` INNER JOIN users on users.id = comment.uid  WHERE `aid` = '2' ORDER BY `createtime` asc  [ RunTime:0.0018s ]
INFO: [ view_parse ] --START--
INFO: [ template_filter ] --START--
INFO: Run Behavior\ContentReplaceBehavior [ RunTime:0.000057s ]
INFO: [ template_filter ] --END-- [ RunTime:0.000103s ]
INFO: Run Behavior\ParseTemplateBehavior [ RunTime:0.009126s ]
INFO: [ view_parse ] --END-- [ RunTime:0.009176s ]
INFO: [ view_filter ] --START--
INFO: Run Behavior\WriteHtmlCacheBehavior [ RunTime:0.000255s ]
INFO: [ view_filter ] --END-- [ RunTime:0.000289s ]
INFO: [ app_end ] --START--
INFO: Run Behavior\ShowPageTraceBehavior [ RunTime:0.000501s ]
INFO: [ app_end ] --END-- [ RunTime:0.000538s ]

[ 2015-12-18T20:00:44+08:00 ] 127.0.0.1 /index.php/Home/Index/index.html
INFO: [ app_init ] --START--
INFO: Run Behavior\BuildLiteBehavior [ RunTime:0.000016s ]
INFO: [ app_init ] --END-- [ RunTime:0.000661s ]
INFO: [ app_begin ] --START--
INFO: Run Behavior\ReadHtmlCacheBehavior [ RunTime:0.000753s ]
INFO: [ app_begin ] --END-- [ RunTime:0.000823s ]
SQL: SHOW COLUMNS FROM `article` [ RunTime:0.0034s ]
SQL: SHOW COLUMNS FROM `article` [ RunTime:0.0082s ]
SQL: SELECT * FROM `article` ORDER BY `like` desc LIMIT 0,9999999   [ RunTime:0.0005s ]
SQL: SELECT count(id) as totalcount FROM `article`  [ RunTime:0.0003s ]
INFO: [ view_parse ] --START--
INFO: [ template_filter ] --START--
INFO: Run Behavior\ContentReplaceBehavior [ RunTime:0.000053s ]
INFO: [ template_filter ] --END-- [ RunTime:0.000102s ]
INFO: Run Behavior\ParseTemplateBehavior [ RunTime:0.017742s ]
INFO: [ view_parse ] --END-- [ RunTime:0.017800s ]
INFO: [ view_filter ] --START--
INFO: Run Behavior\WriteHtmlCacheBehavior [ RunTime:0.000382s ]
INFO: [ view_filter ] --END-- [ RunTime:0.000421s ]
INFO: [ app_end ] --START--
INFO: Run Behavior\ShowPageTraceBehavior [ RunTime:0.000822s ]
INFO: [ app_end ] --END-- [ RunTime:0.000874s ]

[ 2015-12-18T20:00:45+08:00 ] 127.0.0.1 /index.php/Home/Article/get/id/2.html
INFO: [ app_init ] --START--
INFO: Run Behavior\BuildLiteBehavior [ RunTime:0.000011s ]
INFO: [ app_init ] --END-- [ RunTime:0.000394s ]
INFO: [ app_begin ] --START--
INFO: Run Behavior\ReadHtmlCacheBehavior [ RunTime:0.000607s ]
INFO: [ app_begin ] --END-- [ RunTime:0.000662s ]
NOTIC: [2048] Declaration of Home\Controller\ArticleController::get() should be compatible with Think\Controller::get($name = '') D:\xampp\htdocs\liul\Application\Home\Controller\ArticleController.class.php 第 82 行.
SQL: SHOW COLUMNS FROM `article` [ RunTime:0.0028s ]
SQL: SHOW COLUMNS FROM `article` [ RunTime:0.0030s ]
SQL: SELECT * FROM `article` WHERE `id` = 2  [ RunTime:0.0004s ]
SQL: SHOW COLUMNS FROM `category` [ RunTime:0.0033s ]
SQL: SHOW COLUMNS FROM `category` [ RunTime:0.0030s ]
SQL: SELECT * FROM `category` WHERE `cid` = 0 AND `uid` = 1 ORDER BY amount DESC  [ RunTime:0.0004s ]
SQL: SELECT * FROM `category` WHERE `id` = 4 ORDER BY amount DESC  [ RunTime:0.0003s ]
SQL: SHOW COLUMNS FROM `users` [ RunTime:0.0035s ]
SQL: SHOW COLUMNS FROM `users` [ RunTime:0.0086s ]
SQL: SELECT `headimg` FROM `users` WHERE ( id=1 )  [ RunTime:0.0004s ]
NOTIC: [2048] Declaration of Common\Model\CommentModel::add() should be compatible with Think\Model::add($data = '', $options = Array, $replace = false) D:\xampp\htdocs\liul\Application\Common\Model\CommentModel.class.php 第 21 行.
SQL: SHOW COLUMNS FROM `comment` [ RunTime:0.0034s ]
SQL: SHOW COLUMNS FROM `comment` [ RunTime:0.0031s ]
SQL: SELECT users.name,users.headimg,comment.content,comment.createtime FROM `comment` INNER JOIN users on users.id = comment.uid  WHERE `aid` = '2' ORDER BY `createtime` asc  [ RunTime:0.0031s ]
INFO: [ view_parse ] --START--
INFO: [ template_filter ] --START--
INFO: Run Behavior\ContentReplaceBehavior [ RunTime:0.000059s ]
INFO: [ template_filter ] --END-- [ RunTime:0.000106s ]
INFO: Run Behavior\ParseTemplateBehavior [ RunTime:0.032781s ]
INFO: [ view_parse ] --END-- [ RunTime:0.032844s ]
INFO: [ view_filter ] --START--
INFO: Run Behavior\WriteHtmlCacheBehavior [ RunTime:0.000329s ]
INFO: [ view_filter ] --END-- [ RunTime:0.000368s ]
INFO: [ app_end ] --START--
INFO: Run Behavior\ShowPageTraceBehavior [ RunTime:0.000451s ]
INFO: [ app_end ] --END-- [ RunTime:0.000492s ]

