[ 2015-12-31T13:53:13+08:00 ] 127.0.0.1 /
INFO: [ app_init ] --START--
INFO: Run Behavior\BuildLiteBehavior [ RunTime:0.000013s ]
INFO: [ app_init ] --END-- [ RunTime:0.000445s ]
INFO: [ app_begin ] --START--
INFO: Run Behavior\ReadHtmlCacheBehavior [ RunTime:0.001734s ]
INFO: [ app_begin ] --END-- [ RunTime:0.001805s ]
SQL: SHOW COLUMNS FROM `article` [ RunTime:0.0638s ]
SQL: SHOW COLUMNS FROM `article` [ RunTime:0.0035s ]
SQL: SELECT * FROM `article` ORDER BY `like` desc LIMIT 0,9999999   [ RunTime:0.0253s ]
SQL: SELECT count(id) as totalcount FROM `article`  [ RunTime:0.0197s ]
INFO: [ view_parse ] --START--
INFO: [ template_filter ] --START--
INFO: Run Behavior\ContentReplaceBehavior [ RunTime:0.009960s ]
INFO: [ template_filter ] --END-- [ RunTime:0.010040s ]
INFO: Run Behavior\ParseTemplateBehavior [ RunTime:0.087696s ]
INFO: [ view_parse ] --END-- [ RunTime:0.087817s ]
INFO: [ view_filter ] --START--
INFO: Run Behavior\WriteHtmlCacheBehavior [ RunTime:0.021985s ]
INFO: [ view_filter ] --END-- [ RunTime:0.022043s ]
INFO: [ app_end ] --START--
INFO: Run Behavior\ShowPageTraceBehavior [ RunTime:0.005825s ]
INFO: [ app_end ] --END-- [ RunTime:0.005886s ]

