[ 2015-11-25T09:38:41+08:00 ] 127.0.0.1 /
INFO: [ app_init ] --START--
INFO: Run Behavior\BuildLiteBehavior [ RunTime:0.000016s ]
INFO: [ app_init ] --END-- [ RunTime:0.000983s ]
INFO: [ app_begin ] --START--
INFO: Run Behavior\ReadHtmlCacheBehavior [ RunTime:0.000563s ]
INFO: [ app_begin ] --END-- [ RunTime:0.000621s ]
NOTIC: [8] Undefined index: cid D:\xampp\htdocs\liul\Application\Home\Controller\IndexController.class.php 第 6 行.
SQL: SHOW COLUMNS FROM `category` [ RunTime:0.0326s ]
SQL: SHOW COLUMNS FROM `category` [ RunTime:0.0030s ]
SQL: SELECT * FROM `category` WHERE `cid` = 1 ORDER BY amount DESC  [ RunTime:0.0005s ]
INFO: [ view_parse ] --START--
INFO: [ template_filter ] --START--
INFO: Run Behavior\ContentReplaceBehavior [ RunTime:0.000064s ]
INFO: [ template_filter ] --END-- [ RunTime:0.000117s ]
NOTIC: [8] Undefined variable: articles D:\xampp\htdocs\liul\Application\Runtime\Cache\Home\d9f819b3b48479d96fea8a8f2f546a01.php 第 64 行.
NOTIC: [8] Undefined variable: page D:\xampp\htdocs\liul\Application\Runtime\Cache\Home\d9f819b3b48479d96fea8a8f2f546a01.php 第 70 行.
NOTIC: [8] Undefined variable: page D:\xampp\htdocs\liul\Application\Runtime\Cache\Home\d9f819b3b48479d96fea8a8f2f546a01.php 第 71 行.
NOTIC: [8] Undefined variable: totalpage D:\xampp\htdocs\liul\Application\Runtime\Cache\Home\d9f819b3b48479d96fea8a8f2f546a01.php 第 75 行.
NOTIC: [8] Undefined variable: totalpage D:\xampp\htdocs\liul\Application\Runtime\Cache\Home\d9f819b3b48479d96fea8a8f2f546a01.php 第 80 行.
NOTIC: [8] Undefined variable: page D:\xampp\htdocs\liul\Application\Runtime\Cache\Home\d9f819b3b48479d96fea8a8f2f546a01.php 第 80 行.
NOTIC: [8] Undefined variable: page D:\xampp\htdocs\liul\Application\Runtime\Cache\Home\d9f819b3b48479d96fea8a8f2f546a01.php 第 81 行.
NOTIC: [8] Undefined variable: totalpage D:\xampp\htdocs\liul\Application\Runtime\Cache\Home\d9f819b3b48479d96fea8a8f2f546a01.php 第 81 行.
NOTIC: [8] Undefined variable: page D:\xampp\htdocs\liul\Application\Runtime\Cache\Home\d9f819b3b48479d96fea8a8f2f546a01.php 第 81 行.
NOTIC: [8] Undefined variable: page D:\xampp\htdocs\liul\Application\Runtime\Cache\Home\d9f819b3b48479d96fea8a8f2f546a01.php 第 87 行.
NOTIC: [8] Undefined variable: totalpage D:\xampp\htdocs\liul\Application\Runtime\Cache\Home\d9f819b3b48479d96fea8a8f2f546a01.php 第 88 行.
INFO: Run Behavior\ParseTemplateBehavior [ RunTime:0.013329s ]
INFO: [ view_parse ] --END-- [ RunTime:0.013396s ]
INFO: [ view_filter ] --START--
INFO: Run Behavior\WriteHtmlCacheBehavior [ RunTime:0.000451s ]
INFO: [ view_filter ] --END-- [ RunTime:0.000511s ]
INFO: [ app_end ] --START--
INFO: Run Behavior\ShowPageTraceBehavior [ RunTime:0.000558s ]
INFO: [ app_end ] --END-- [ RunTime:0.000597s ]

[ 2015-11-25T17:02:56+08:00 ] 127.0.0.1 /
INFO: [ app_init ] --START--
INFO: Run Behavior\BuildLiteBehavior [ RunTime:0.000098s ]
INFO: [ app_init ] --END-- [ RunTime:0.000509s ]
INFO: [ app_begin ] --START--
INFO: Run Behavior\ReadHtmlCacheBehavior [ RunTime:0.000723s ]
INFO: [ app_begin ] --END-- [ RunTime:0.000788s ]
NOTIC: [8] Undefined index: cid D:\xampp\htdocs\liul\Application\Home\Controller\IndexController.class.php 第 6 行.
SQL: SHOW COLUMNS FROM `category` [ RunTime:0.0047s ]
SQL: SHOW COLUMNS FROM `category` [ RunTime:0.0025s ]
SQL: SELECT * FROM `category` WHERE `cid` = 1 ORDER BY amount DESC  [ RunTime:0.0126s ]
INFO: [ view_parse ] --START--
INFO: [ template_filter ] --START--
INFO: Run Behavior\ContentReplaceBehavior [ RunTime:0.000055s ]
INFO: [ template_filter ] --END-- [ RunTime:0.000099s ]
NOTIC: [8] Undefined variable: articles D:\xampp\htdocs\liul\Application\Runtime\Cache\Home\d9f819b3b48479d96fea8a8f2f546a01.php 第 64 行.
NOTIC: [8] Undefined variable: page D:\xampp\htdocs\liul\Application\Runtime\Cache\Home\d9f819b3b48479d96fea8a8f2f546a01.php 第 70 行.
NOTIC: [8] Undefined variable: page D:\xampp\htdocs\liul\Application\Runtime\Cache\Home\d9f819b3b48479d96fea8a8f2f546a01.php 第 71 行.
NOTIC: [8] Undefined variable: totalpage D:\xampp\htdocs\liul\Application\Runtime\Cache\Home\d9f819b3b48479d96fea8a8f2f546a01.php 第 75 行.
NOTIC: [8] Undefined variable: totalpage D:\xampp\htdocs\liul\Application\Runtime\Cache\Home\d9f819b3b48479d96fea8a8f2f546a01.php 第 80 行.
NOTIC: [8] Undefined variable: page D:\xampp\htdocs\liul\Application\Runtime\Cache\Home\d9f819b3b48479d96fea8a8f2f546a01.php 第 80 行.
NOTIC: [8] Undefined variable: page D:\xampp\htdocs\liul\Application\Runtime\Cache\Home\d9f819b3b48479d96fea8a8f2f546a01.php 第 81 行.
NOTIC: [8] Undefined variable: totalpage D:\xampp\htdocs\liul\Application\Runtime\Cache\Home\d9f819b3b48479d96fea8a8f2f546a01.php 第 81 行.
NOTIC: [8] Undefined variable: page D:\xampp\htdocs\liul\Application\Runtime\Cache\Home\d9f819b3b48479d96fea8a8f2f546a01.php 第 81 行.
NOTIC: [8] Undefined variable: page D:\xampp\htdocs\liul\Application\Runtime\Cache\Home\d9f819b3b48479d96fea8a8f2f546a01.php 第 87 行.
NOTIC: [8] Undefined variable: totalpage D:\xampp\htdocs\liul\Application\Runtime\Cache\Home\d9f819b3b48479d96fea8a8f2f546a01.php 第 88 行.
INFO: Run Behavior\ParseTemplateBehavior [ RunTime:0.037857s ]
INFO: [ view_parse ] --END-- [ RunTime:0.037916s ]
INFO: [ view_filter ] --START--
INFO: Run Behavior\WriteHtmlCacheBehavior [ RunTime:0.000973s ]
INFO: [ view_filter ] --END-- [ RunTime:0.001025s ]
INFO: [ app_end ] --START--
INFO: Run Behavior\ShowPageTraceBehavior [ RunTime:0.000706s ]
INFO: [ app_end ] --END-- [ RunTime:0.000751s ]

[ 2015-11-25T17:03:17+08:00 ] 127.0.0.1 /index.php/Home/Article/query/id/3/cid/1.html
INFO: [ app_init ] --START--
INFO: Run Behavior\BuildLiteBehavior [ RunTime:0.000013s ]
INFO: [ app_init ] --END-- [ RunTime:0.000398s ]
INFO: [ app_begin ] --START--
INFO: Run Behavior\ReadHtmlCacheBehavior [ RunTime:0.000602s ]
INFO: [ app_begin ] --END-- [ RunTime:0.000661s ]
NOTIC: [2048] Declaration of Home\Controller\ArticleController::get() should be compatible with Think\Controller::get($name = '') D:\xampp\htdocs\liul\Application\Home\Controller\ArticleController.class.php 第 38 行.
SQL: SHOW COLUMNS FROM `category` [ RunTime:0.0027s ]
SQL: SHOW COLUMNS FROM `category` [ RunTime:0.0021s ]
SQL: SELECT * FROM `category` WHERE `cid` = 1 ORDER BY amount DESC  [ RunTime:0.0003s ]
SQL: SHOW COLUMNS FROM `article` [ RunTime:0.1341s ]
SQL: SHOW COLUMNS FROM `article` [ RunTime:0.0029s ]
SQL: SELECT * FROM `article` WHERE `cid` = 3 ORDER BY `like` desc LIMIT 0,5   [ RunTime:0.0059s ]
SQL: SELECT count(id) as totalcount FROM `article` WHERE `cid` = 3  [ RunTime:0.0208s ]
INFO: [ view_parse ] --START--
INFO: [ template_filter ] --START--
INFO: Run Behavior\ContentReplaceBehavior [ RunTime:0.000072s ]
INFO: [ template_filter ] --END-- [ RunTime:0.000121s ]
INFO: Run Behavior\ParseTemplateBehavior [ RunTime:0.012424s ]
INFO: [ view_parse ] --END-- [ RunTime:0.012474s ]
INFO: [ view_filter ] --START--
INFO: Run Behavior\WriteHtmlCacheBehavior [ RunTime:0.000547s ]
INFO: [ view_filter ] --END-- [ RunTime:0.000589s ]
INFO: [ app_end ] --START--
INFO: Run Behavior\ShowPageTraceBehavior [ RunTime:0.001036s ]
INFO: [ app_end ] --END-- [ RunTime:0.001090s ]

[ 2015-11-25T17:03:17+08:00 ] 127.0.0.1 /index.php/Home/Article/query/id/4/cid/1.html
INFO: [ app_init ] --START--
INFO: Run Behavior\BuildLiteBehavior [ RunTime:0.000013s ]
INFO: [ app_init ] --END-- [ RunTime:0.000446s ]
INFO: [ app_begin ] --START--
INFO: Run Behavior\ReadHtmlCacheBehavior [ RunTime:0.000604s ]
INFO: [ app_begin ] --END-- [ RunTime:0.000651s ]
NOTIC: [2048] Declaration of Home\Controller\ArticleController::get() should be compatible with Think\Controller::get($name = '') D:\xampp\htdocs\liul\Application\Home\Controller\ArticleController.class.php 第 38 行.
SQL: SHOW COLUMNS FROM `category` [ RunTime:0.0020s ]
SQL: SHOW COLUMNS FROM `category` [ RunTime:0.0018s ]
SQL: SELECT * FROM `category` WHERE `cid` = 1 ORDER BY amount DESC  [ RunTime:0.0003s ]
SQL: SHOW COLUMNS FROM `article` [ RunTime:0.0019s ]
SQL: SHOW COLUMNS FROM `article` [ RunTime:0.0018s ]
SQL: SELECT * FROM `article` WHERE `cid` = 4 ORDER BY `like` desc LIMIT 0,5   [ RunTime:0.0003s ]
SQL: SELECT count(id) as totalcount FROM `article` WHERE `cid` = 4  [ RunTime:0.0002s ]
INFO: [ view_parse ] --START--
INFO: [ template_filter ] --START--
INFO: Run Behavior\ContentReplaceBehavior [ RunTime:0.000086s ]
INFO: [ template_filter ] --END-- [ RunTime:0.000141s ]
INFO: Run Behavior\ParseTemplateBehavior [ RunTime:0.010150s ]
INFO: [ view_parse ] --END-- [ RunTime:0.010200s ]
INFO: [ view_filter ] --START--
INFO: Run Behavior\WriteHtmlCacheBehavior [ RunTime:0.000484s ]
INFO: [ view_filter ] --END-- [ RunTime:0.000526s ]
INFO: [ app_end ] --START--
INFO: Run Behavior\ShowPageTraceBehavior [ RunTime:0.000550s ]
INFO: [ app_end ] --END-- [ RunTime:0.000586s ]

[ 2015-11-25T17:03:20+08:00 ] 127.0.0.1 /index.php/Home/Article/query/id/3/cid/1.html
INFO: [ app_init ] --START--
INFO: Run Behavior\BuildLiteBehavior [ RunTime:0.000013s ]
INFO: [ app_init ] --END-- [ RunTime:0.000434s ]
INFO: [ app_begin ] --START--
INFO: Run Behavior\ReadHtmlCacheBehavior [ RunTime:0.000751s ]
INFO: [ app_begin ] --END-- [ RunTime:0.000816s ]
NOTIC: [2048] Declaration of Home\Controller\ArticleController::get() should be compatible with Think\Controller::get($name = '') D:\xampp\htdocs\liul\Application\Home\Controller\ArticleController.class.php 第 38 行.
SQL: SHOW COLUMNS FROM `category` [ RunTime:0.0019s ]
SQL: SHOW COLUMNS FROM `category` [ RunTime:0.0021s ]
SQL: SELECT * FROM `category` WHERE `cid` = 1 ORDER BY amount DESC  [ RunTime:0.0003s ]
SQL: SHOW COLUMNS FROM `article` [ RunTime:0.0057s ]
SQL: SHOW COLUMNS FROM `article` [ RunTime:0.0021s ]
SQL: SELECT * FROM `article` WHERE `cid` = 3 ORDER BY `like` desc LIMIT 0,5   [ RunTime:0.0003s ]
SQL: SELECT count(id) as totalcount FROM `article` WHERE `cid` = 3  [ RunTime:0.0002s ]
INFO: [ view_parse ] --START--
INFO: [ template_filter ] --START--
INFO: Run Behavior\ContentReplaceBehavior [ RunTime:0.000086s ]
INFO: [ template_filter ] --END-- [ RunTime:0.000138s ]
INFO: Run Behavior\ParseTemplateBehavior [ RunTime:0.012180s ]
INFO: [ view_parse ] --END-- [ RunTime:0.012247s ]
INFO: [ view_filter ] --START--
INFO: Run Behavior\WriteHtmlCacheBehavior [ RunTime:0.000492s ]
INFO: [ view_filter ] --END-- [ RunTime:0.000535s ]
INFO: [ app_end ] --START--
INFO: Run Behavior\ShowPageTraceBehavior [ RunTime:0.000614s ]
INFO: [ app_end ] --END-- [ RunTime:0.000655s ]

[ 2015-11-25T17:03:23+08:00 ] 127.0.0.1 /index.php/Home/Article/query/id/3/cid/1.html
INFO: [ app_init ] --START--
INFO: Run Behavior\BuildLiteBehavior [ RunTime:0.000014s ]
INFO: [ app_init ] --END-- [ RunTime:0.000474s ]
INFO: [ app_begin ] --START--
INFO: Run Behavior\ReadHtmlCacheBehavior [ RunTime:0.000787s ]
INFO: [ app_begin ] --END-- [ RunTime:0.000855s ]
NOTIC: [2048] Declaration of Home\Controller\ArticleController::get() should be compatible with Think\Controller::get($name = '') D:\xampp\htdocs\liul\Application\Home\Controller\ArticleController.class.php 第 38 行.
SQL: SHOW COLUMNS FROM `category` [ RunTime:0.0027s ]
SQL: SHOW COLUMNS FROM `category` [ RunTime:0.0025s ]
SQL: SELECT * FROM `category` WHERE `cid` = 1 ORDER BY amount DESC  [ RunTime:0.0005s ]
SQL: SHOW COLUMNS FROM `article` [ RunTime:0.0030s ]
SQL: SHOW COLUMNS FROM `article` [ RunTime:0.0019s ]
SQL: SELECT * FROM `article` WHERE `cid` = 3 ORDER BY `like` desc LIMIT 0,5   [ RunTime:0.0003s ]
SQL: SELECT count(id) as totalcount FROM `article` WHERE `cid` = 3  [ RunTime:0.0002s ]
INFO: [ view_parse ] --START--
INFO: [ template_filter ] --START--
INFO: Run Behavior\ContentReplaceBehavior [ RunTime:0.000055s ]
INFO: [ template_filter ] --END-- [ RunTime:0.000100s ]
INFO: Run Behavior\ParseTemplateBehavior [ RunTime:0.010112s ]
INFO: [ view_parse ] --END-- [ RunTime:0.010163s ]
INFO: [ view_filter ] --START--
INFO: Run Behavior\WriteHtmlCacheBehavior [ RunTime:0.000521s ]
INFO: [ view_filter ] --END-- [ RunTime:0.000559s ]
INFO: [ app_end ] --START--
INFO: Run Behavior\ShowPageTraceBehavior [ RunTime:0.000669s ]
INFO: [ app_end ] --END-- [ RunTime:0.000714s ]

