[ 2015-11-24T11:46:38+08:00 ] 127.0.0.1 /
INFO: [ app_init ] --START--
INFO: Run Behavior\BuildLiteBehavior [ RunTime:0.000014s ]
INFO: [ app_init ] --END-- [ RunTime:0.000488s ]
INFO: [ app_begin ] --START--
INFO: Run Behavior\ReadHtmlCacheBehavior [ RunTime:0.000718s ]
INFO: [ app_begin ] --END-- [ RunTime:0.000769s ]
NOTIC: [8] Undefined index: cid D:\xampp\htdocs\liul\Application\Home\Controller\IndexController.class.php 第 6 行.
SQL: SHOW COLUMNS FROM `category` [ RunTime:0.0210s ]
SQL: SHOW COLUMNS FROM `category` [ RunTime:0.0022s ]
SQL: SELECT * FROM `category` WHERE `cid` = 1 ORDER BY amount DESC  [ RunTime:0.0004s ]
INFO: [ view_parse ] --START--
INFO: [ template_filter ] --START--
INFO: Run Behavior\ContentReplaceBehavior [ RunTime:0.000412s ]
INFO: [ template_filter ] --END-- [ RunTime:0.000462s ]
NOTIC: [8] Undefined variable: articles D:\xampp\htdocs\liul\Application\Runtime\Cache\Home\d9f819b3b48479d96fea8a8f2f546a01.php 第 64 行.
NOTIC: [8] Undefined variable: page D:\xampp\htdocs\liul\Application\Runtime\Cache\Home\d9f819b3b48479d96fea8a8f2f546a01.php 第 70 行.
NOTIC: [8] Undefined variable: page D:\xampp\htdocs\liul\Application\Runtime\Cache\Home\d9f819b3b48479d96fea8a8f2f546a01.php 第 71 行.
NOTIC: [8] Undefined variable: totalpage D:\xampp\htdocs\liul\Application\Runtime\Cache\Home\d9f819b3b48479d96fea8a8f2f546a01.php 第 75 行.
NOTIC: [8] Undefined variable: totalpage D:\xampp\htdocs\liul\Application\Runtime\Cache\Home\d9f819b3b48479d96fea8a8f2f546a01.php 第 80 行.
NOTIC: [8] Undefined variable: page D:\xampp\htdocs\liul\Application\Runtime\Cache\Home\d9f819b3b48479d96fea8a8f2f546a01.php 第 80 行.
NOTIC: [8] Undefined variable: page D:\xampp\htdocs\liul\Application\Runtime\Cache\Home\d9f819b3b48479d96fea8a8f2f546a01.php 第 81 行.
NOTIC: [8] Undefined variable: totalpage D:\xampp\htdocs\liul\Application\Runtime\Cache\Home\d9f819b3b48479d96fea8a8f2f546a01.php 第 81 行.
NOTIC: [8] Undefined variable: page D:\xampp\htdocs\liul\Application\Runtime\Cache\Home\d9f819b3b48479d96fea8a8f2f546a01.php 第 81 行.
NOTIC: [8] Undefined variable: page D:\xampp\htdocs\liul\Application\Runtime\Cache\Home\d9f819b3b48479d96fea8a8f2f546a01.php 第 87 行.
NOTIC: [8] Undefined variable: totalpage D:\xampp\htdocs\liul\Application\Runtime\Cache\Home\d9f819b3b48479d96fea8a8f2f546a01.php 第 88 行.
INFO: Run Behavior\ParseTemplateBehavior [ RunTime:0.023650s ]
INFO: [ view_parse ] --END-- [ RunTime:0.023698s ]
INFO: [ view_filter ] --START--
INFO: Run Behavior\WriteHtmlCacheBehavior [ RunTime:0.000655s ]
INFO: [ view_filter ] --END-- [ RunTime:0.000698s ]
INFO: [ app_end ] --START--
INFO: Run Behavior\ShowPageTraceBehavior [ RunTime:0.000824s ]
INFO: [ app_end ] --END-- [ RunTime:0.000875s ]

[ 2015-11-24T14:54:57+08:00 ] 127.0.0.1 /
INFO: [ app_init ] --START--
INFO: Run Behavior\BuildLiteBehavior [ RunTime:0.000014s ]
INFO: [ app_init ] --END-- [ RunTime:0.000402s ]
INFO: [ app_begin ] --START--
INFO: Run Behavior\ReadHtmlCacheBehavior [ RunTime:0.000751s ]
INFO: [ app_begin ] --END-- [ RunTime:0.000827s ]
NOTIC: [8] Undefined index: cid D:\xampp\htdocs\liul\Application\Home\Controller\IndexController.class.php 第 6 行.
SQL: SHOW COLUMNS FROM `category` [ RunTime:0.0044s ]
SQL: SHOW COLUMNS FROM `category` [ RunTime:0.0051s ]
SQL: SELECT * FROM `category` WHERE `cid` = 1 ORDER BY amount DESC  [ RunTime:0.0014s ]
INFO: [ view_parse ] --START--
INFO: [ template_filter ] --START--
INFO: Run Behavior\ContentReplaceBehavior [ RunTime:0.000057s ]
INFO: [ template_filter ] --END-- [ RunTime:0.000104s ]
NOTIC: [8] Undefined variable: articles D:\xampp\htdocs\liul\Application\Runtime\Cache\Home\d9f819b3b48479d96fea8a8f2f546a01.php 第 64 行.
NOTIC: [8] Undefined variable: page D:\xampp\htdocs\liul\Application\Runtime\Cache\Home\d9f819b3b48479d96fea8a8f2f546a01.php 第 70 行.
NOTIC: [8] Undefined variable: page D:\xampp\htdocs\liul\Application\Runtime\Cache\Home\d9f819b3b48479d96fea8a8f2f546a01.php 第 71 行.
NOTIC: [8] Undefined variable: totalpage D:\xampp\htdocs\liul\Application\Runtime\Cache\Home\d9f819b3b48479d96fea8a8f2f546a01.php 第 75 行.
NOTIC: [8] Undefined variable: totalpage D:\xampp\htdocs\liul\Application\Runtime\Cache\Home\d9f819b3b48479d96fea8a8f2f546a01.php 第 80 行.
NOTIC: [8] Undefined variable: page D:\xampp\htdocs\liul\Application\Runtime\Cache\Home\d9f819b3b48479d96fea8a8f2f546a01.php 第 80 行.
NOTIC: [8] Undefined variable: page D:\xampp\htdocs\liul\Application\Runtime\Cache\Home\d9f819b3b48479d96fea8a8f2f546a01.php 第 81 行.
NOTIC: [8] Undefined variable: totalpage D:\xampp\htdocs\liul\Application\Runtime\Cache\Home\d9f819b3b48479d96fea8a8f2f546a01.php 第 81 行.
NOTIC: [8] Undefined variable: page D:\xampp\htdocs\liul\Application\Runtime\Cache\Home\d9f819b3b48479d96fea8a8f2f546a01.php 第 81 行.
NOTIC: [8] Undefined variable: page D:\xampp\htdocs\liul\Application\Runtime\Cache\Home\d9f819b3b48479d96fea8a8f2f546a01.php 第 87 行.
NOTIC: [8] Undefined variable: totalpage D:\xampp\htdocs\liul\Application\Runtime\Cache\Home\d9f819b3b48479d96fea8a8f2f546a01.php 第 88 行.
INFO: Run Behavior\ParseTemplateBehavior [ RunTime:0.015528s ]
INFO: [ view_parse ] --END-- [ RunTime:0.015606s ]
INFO: [ view_filter ] --START--
INFO: Run Behavior\WriteHtmlCacheBehavior [ RunTime:0.000547s ]
INFO: [ view_filter ] --END-- [ RunTime:0.000592s ]
INFO: [ app_end ] --START--
INFO: Run Behavior\ShowPageTraceBehavior [ RunTime:0.000651s ]
INFO: [ app_end ] --END-- [ RunTime:0.000697s ]

[ 2015-11-24T15:19:16+08:00 ] 127.0.0.1 /
INFO: [ app_init ] --START--
INFO: Run Behavior\BuildLiteBehavior [ RunTime:0.000014s ]
INFO: [ app_init ] --END-- [ RunTime:0.000435s ]
INFO: [ app_begin ] --START--
INFO: Run Behavior\ReadHtmlCacheBehavior [ RunTime:0.000488s ]
INFO: [ app_begin ] --END-- [ RunTime:0.000542s ]
NOTIC: [8] Undefined index: cid D:\xampp\htdocs\liul\Application\Home\Controller\IndexController.class.php 第 6 行.
SQL: SHOW COLUMNS FROM `category` [ RunTime:0.0089s ]
SQL: SHOW COLUMNS FROM `category` [ RunTime:0.0034s ]
SQL: SELECT * FROM `category` WHERE `cid` = 1 ORDER BY amount DESC  [ RunTime:0.0004s ]
INFO: [ view_parse ] --START--
INFO: [ template_filter ] --START--
INFO: Run Behavior\ContentReplaceBehavior [ RunTime:0.000055s ]
INFO: [ template_filter ] --END-- [ RunTime:0.000102s ]
NOTIC: [8] Undefined variable: articles D:\xampp\htdocs\liul\Application\Runtime\Cache\Home\d9f819b3b48479d96fea8a8f2f546a01.php 第 64 行.
NOTIC: [8] Undefined variable: page D:\xampp\htdocs\liul\Application\Runtime\Cache\Home\d9f819b3b48479d96fea8a8f2f546a01.php 第 70 行.
NOTIC: [8] Undefined variable: page D:\xampp\htdocs\liul\Application\Runtime\Cache\Home\d9f819b3b48479d96fea8a8f2f546a01.php 第 71 行.
NOTIC: [8] Undefined variable: totalpage D:\xampp\htdocs\liul\Application\Runtime\Cache\Home\d9f819b3b48479d96fea8a8f2f546a01.php 第 75 行.
NOTIC: [8] Undefined variable: totalpage D:\xampp\htdocs\liul\Application\Runtime\Cache\Home\d9f819b3b48479d96fea8a8f2f546a01.php 第 80 行.
NOTIC: [8] Undefined variable: page D:\xampp\htdocs\liul\Application\Runtime\Cache\Home\d9f819b3b48479d96fea8a8f2f546a01.php 第 80 行.
NOTIC: [8] Undefined variable: page D:\xampp\htdocs\liul\Application\Runtime\Cache\Home\d9f819b3b48479d96fea8a8f2f546a01.php 第 81 行.
NOTIC: [8] Undefined variable: totalpage D:\xampp\htdocs\liul\Application\Runtime\Cache\Home\d9f819b3b48479d96fea8a8f2f546a01.php 第 81 行.
NOTIC: [8] Undefined variable: page D:\xampp\htdocs\liul\Application\Runtime\Cache\Home\d9f819b3b48479d96fea8a8f2f546a01.php 第 81 行.
NOTIC: [8] Undefined variable: page D:\xampp\htdocs\liul\Application\Runtime\Cache\Home\d9f819b3b48479d96fea8a8f2f546a01.php 第 87 行.
NOTIC: [8] Undefined variable: totalpage D:\xampp\htdocs\liul\Application\Runtime\Cache\Home\d9f819b3b48479d96fea8a8f2f546a01.php 第 88 行.
INFO: Run Behavior\ParseTemplateBehavior [ RunTime:0.014395s ]
INFO: [ view_parse ] --END-- [ RunTime:0.014442s ]
INFO: [ view_filter ] --START--
INFO: Run Behavior\WriteHtmlCacheBehavior [ RunTime:0.000352s ]
INFO: [ view_filter ] --END-- [ RunTime:0.000390s ]
INFO: [ app_end ] --START--
INFO: Run Behavior\ShowPageTraceBehavior [ RunTime:0.000484s ]
INFO: [ app_end ] --END-- [ RunTime:0.000523s ]

[ 2015-11-24T15:19:32+08:00 ] 127.0.0.1 /
INFO: [ app_init ] --START--
INFO: Run Behavior\BuildLiteBehavior [ RunTime:0.000023s ]
INFO: [ app_init ] --END-- [ RunTime:0.000645s ]
INFO: [ app_begin ] --START--
INFO: Run Behavior\ReadHtmlCacheBehavior [ RunTime:0.000676s ]
INFO: [ app_begin ] --END-- [ RunTime:0.000758s ]
NOTIC: [8] Undefined index: cid D:\xampp\htdocs\liul\Application\Home\Controller\IndexController.class.php 第 6 行.
SQL: SHOW COLUMNS FROM `category` [ RunTime:0.0031s ]
SQL: SHOW COLUMNS FROM `category` [ RunTime:0.0025s ]
SQL: SELECT * FROM `category` WHERE `cid` = 1 ORDER BY amount DESC  [ RunTime:0.0004s ]
INFO: [ view_parse ] --START--
INFO: [ template_filter ] --START--
INFO: Run Behavior\ContentReplaceBehavior [ RunTime:0.000055s ]
INFO: [ template_filter ] --END-- [ RunTime:0.000100s ]
NOTIC: [8] Undefined variable: articles D:\xampp\htdocs\liul\Application\Runtime\Cache\Home\d9f819b3b48479d96fea8a8f2f546a01.php 第 64 行.
NOTIC: [8] Undefined variable: page D:\xampp\htdocs\liul\Application\Runtime\Cache\Home\d9f819b3b48479d96fea8a8f2f546a01.php 第 70 行.
NOTIC: [8] Undefined variable: page D:\xampp\htdocs\liul\Application\Runtime\Cache\Home\d9f819b3b48479d96fea8a8f2f546a01.php 第 71 行.
NOTIC: [8] Undefined variable: totalpage D:\xampp\htdocs\liul\Application\Runtime\Cache\Home\d9f819b3b48479d96fea8a8f2f546a01.php 第 75 行.
NOTIC: [8] Undefined variable: totalpage D:\xampp\htdocs\liul\Application\Runtime\Cache\Home\d9f819b3b48479d96fea8a8f2f546a01.php 第 80 行.
NOTIC: [8] Undefined variable: page D:\xampp\htdocs\liul\Application\Runtime\Cache\Home\d9f819b3b48479d96fea8a8f2f546a01.php 第 80 行.
NOTIC: [8] Undefined variable: page D:\xampp\htdocs\liul\Application\Runtime\Cache\Home\d9f819b3b48479d96fea8a8f2f546a01.php 第 81 行.
NOTIC: [8] Undefined variable: totalpage D:\xampp\htdocs\liul\Application\Runtime\Cache\Home\d9f819b3b48479d96fea8a8f2f546a01.php 第 81 行.
NOTIC: [8] Undefined variable: page D:\xampp\htdocs\liul\Application\Runtime\Cache\Home\d9f819b3b48479d96fea8a8f2f546a01.php 第 81 行.
NOTIC: [8] Undefined variable: page D:\xampp\htdocs\liul\Application\Runtime\Cache\Home\d9f819b3b48479d96fea8a8f2f546a01.php 第 87 行.
NOTIC: [8] Undefined variable: totalpage D:\xampp\htdocs\liul\Application\Runtime\Cache\Home\d9f819b3b48479d96fea8a8f2f546a01.php 第 88 行.
INFO: Run Behavior\ParseTemplateBehavior [ RunTime:0.012924s ]
INFO: [ view_parse ] --END-- [ RunTime:0.012969s ]
INFO: [ view_filter ] --START--
INFO: Run Behavior\WriteHtmlCacheBehavior [ RunTime:0.000249s ]
INFO: [ view_filter ] --END-- [ RunTime:0.000280s ]
INFO: [ app_end ] --START--
INFO: Run Behavior\ShowPageTraceBehavior [ RunTime:0.000455s ]
INFO: [ app_end ] --END-- [ RunTime:0.000493s ]

[ 2015-11-24T15:19:41+08:00 ] 127.0.0.1 /index.php/Home/Index/index/cid/2.html
INFO: [ app_init ] --START--
INFO: Run Behavior\BuildLiteBehavior [ RunTime:0.000015s ]
INFO: [ app_init ] --END-- [ RunTime:0.000480s ]
INFO: [ app_begin ] --START--
INFO: Run Behavior\ReadHtmlCacheBehavior [ RunTime:0.000437s ]
INFO: [ app_begin ] --END-- [ RunTime:0.000491s ]
SQL: SHOW COLUMNS FROM `category` [ RunTime:0.0025s ]
SQL: SHOW COLUMNS FROM `category` [ RunTime:0.0023s ]
SQL: SELECT * FROM `category` WHERE `cid` = 2 ORDER BY amount DESC  [ RunTime:0.0003s ]
INFO: [ view_parse ] --START--
INFO: [ template_filter ] --START--
INFO: Run Behavior\ContentReplaceBehavior [ RunTime:0.000058s ]
INFO: [ template_filter ] --END-- [ RunTime:0.000107s ]
NOTIC: [8] Undefined variable: articles D:\xampp\htdocs\liul\Application\Runtime\Cache\Home\d9f819b3b48479d96fea8a8f2f546a01.php 第 64 行.
NOTIC: [8] Undefined variable: page D:\xampp\htdocs\liul\Application\Runtime\Cache\Home\d9f819b3b48479d96fea8a8f2f546a01.php 第 70 行.
NOTIC: [8] Undefined variable: page D:\xampp\htdocs\liul\Application\Runtime\Cache\Home\d9f819b3b48479d96fea8a8f2f546a01.php 第 71 行.
NOTIC: [8] Undefined variable: totalpage D:\xampp\htdocs\liul\Application\Runtime\Cache\Home\d9f819b3b48479d96fea8a8f2f546a01.php 第 75 行.
NOTIC: [8] Undefined variable: totalpage D:\xampp\htdocs\liul\Application\Runtime\Cache\Home\d9f819b3b48479d96fea8a8f2f546a01.php 第 80 行.
NOTIC: [8] Undefined variable: page D:\xampp\htdocs\liul\Application\Runtime\Cache\Home\d9f819b3b48479d96fea8a8f2f546a01.php 第 80 行.
NOTIC: [8] Undefined variable: page D:\xampp\htdocs\liul\Application\Runtime\Cache\Home\d9f819b3b48479d96fea8a8f2f546a01.php 第 81 行.
NOTIC: [8] Undefined variable: totalpage D:\xampp\htdocs\liul\Application\Runtime\Cache\Home\d9f819b3b48479d96fea8a8f2f546a01.php 第 81 行.
NOTIC: [8] Undefined variable: page D:\xampp\htdocs\liul\Application\Runtime\Cache\Home\d9f819b3b48479d96fea8a8f2f546a01.php 第 81 行.
NOTIC: [8] Undefined variable: page D:\xampp\htdocs\liul\Application\Runtime\Cache\Home\d9f819b3b48479d96fea8a8f2f546a01.php 第 87 行.
NOTIC: [8] Undefined variable: totalpage D:\xampp\htdocs\liul\Application\Runtime\Cache\Home\d9f819b3b48479d96fea8a8f2f546a01.php 第 88 行.
INFO: Run Behavior\ParseTemplateBehavior [ RunTime:0.010727s ]
INFO: [ view_parse ] --END-- [ RunTime:0.010772s ]
INFO: [ view_filter ] --START--
INFO: Run Behavior\WriteHtmlCacheBehavior [ RunTime:0.000309s ]
INFO: [ view_filter ] --END-- [ RunTime:0.000342s ]
INFO: [ app_end ] --START--
INFO: Run Behavior\ShowPageTraceBehavior [ RunTime:0.001357s ]
INFO: [ app_end ] --END-- [ RunTime:0.001408s ]

[ 2015-11-24T15:39:45+08:00 ] 127.0.0.1 /index.php/Home/Article/query/id/5/cid/2/page/1.html
INFO: [ app_init ] --START--
INFO: Run Behavior\BuildLiteBehavior [ RunTime:0.000013s ]
INFO: [ app_init ] --END-- [ RunTime:0.000421s ]
INFO: [ app_begin ] --START--
INFO: Run Behavior\ReadHtmlCacheBehavior [ RunTime:0.000543s ]
INFO: [ app_begin ] --END-- [ RunTime:0.000599s ]
NOTIC: [2048] Declaration of Home\Controller\ArticleController::get() should be compatible with Think\Controller::get($name = '') D:\xampp\htdocs\liul\Application\Home\Controller\ArticleController.class.php 第 38 行.
SQL: SHOW COLUMNS FROM `category` [ RunTime:0.0029s ]
SQL: SHOW COLUMNS FROM `category` [ RunTime:0.0024s ]
SQL: SELECT * FROM `category` WHERE `cid` = 2 ORDER BY amount DESC  [ RunTime:0.0003s ]
SQL: SHOW COLUMNS FROM `article` [ RunTime:0.0507s ]
SQL: SHOW COLUMNS FROM `article` [ RunTime:0.0033s ]
SQL: SELECT * FROM `article` WHERE `cid` = 5 ORDER BY `like` desc LIMIT 0,5   [ RunTime:0.0004s ]
SQL: SELECT count(id) as totalcount FROM `article` WHERE `cid` = 5  [ RunTime:0.0003s ]
INFO: [ view_parse ] --START--
INFO: [ template_filter ] --START--
INFO: Run Behavior\ContentReplaceBehavior [ RunTime:0.000054s ]
INFO: [ template_filter ] --END-- [ RunTime:0.000098s ]
INFO: Run Behavior\ParseTemplateBehavior [ RunTime:0.009396s ]
INFO: [ view_parse ] --END-- [ RunTime:0.009446s ]
INFO: [ view_filter ] --START--
INFO: Run Behavior\WriteHtmlCacheBehavior [ RunTime:0.000435s ]
INFO: [ view_filter ] --END-- [ RunTime:0.000472s ]
INFO: [ app_end ] --START--
INFO: Run Behavior\ShowPageTraceBehavior [ RunTime:0.000603s ]
INFO: [ app_end ] --END-- [ RunTime:0.000647s ]

[ 2015-11-24T15:56:06+08:00 ] 127.0.0.1 /index.php/Home/Article/query/id/5/cid/2.html
INFO: [ app_init ] --START--
INFO: Run Behavior\BuildLiteBehavior [ RunTime:0.000013s ]
INFO: [ app_init ] --END-- [ RunTime:0.000468s ]
INFO: [ app_begin ] --START--
INFO: Run Behavior\ReadHtmlCacheBehavior [ RunTime:0.000612s ]
INFO: [ app_begin ] --END-- [ RunTime:0.000672s ]
NOTIC: [2048] Declaration of Home\Controller\ArticleController::get() should be compatible with Think\Controller::get($name = '') D:\xampp\htdocs\liul\Application\Home\Controller\ArticleController.class.php 第 38 行.
SQL: SHOW COLUMNS FROM `category` [ RunTime:0.0026s ]
SQL: SHOW COLUMNS FROM `category` [ RunTime:0.0024s ]
SQL: SELECT * FROM `category` WHERE `cid` = 2 ORDER BY amount DESC  [ RunTime:0.0003s ]
SQL: SHOW COLUMNS FROM `article` [ RunTime:0.0025s ]
SQL: SHOW COLUMNS FROM `article` [ RunTime:0.0027s ]
SQL: SELECT * FROM `article` WHERE `cid` = 5 ORDER BY `like` desc LIMIT 0,5   [ RunTime:0.0003s ]
SQL: SELECT count(id) as totalcount FROM `article` WHERE `cid` = 5  [ RunTime:0.0002s ]
INFO: [ view_parse ] --START--
INFO: [ template_filter ] --START--
INFO: Run Behavior\ContentReplaceBehavior [ RunTime:0.000057s ]
INFO: [ template_filter ] --END-- [ RunTime:0.000110s ]
INFO: Run Behavior\ParseTemplateBehavior [ RunTime:0.011226s ]
INFO: [ view_parse ] --END-- [ RunTime:0.011275s ]
INFO: [ view_filter ] --START--
INFO: Run Behavior\WriteHtmlCacheBehavior [ RunTime:0.000406s ]
INFO: [ view_filter ] --END-- [ RunTime:0.000448s ]
INFO: [ app_end ] --START--
INFO: Run Behavior\ShowPageTraceBehavior [ RunTime:0.000541s ]
INFO: [ app_end ] --END-- [ RunTime:0.000577s ]

[ 2015-11-24T15:56:33+08:00 ] 127.0.0.1 /index.php/Home/Index/index/cid/1.html
INFO: [ app_init ] --START--
INFO: Run Behavior\BuildLiteBehavior [ RunTime:0.000013s ]
INFO: [ app_init ] --END-- [ RunTime:0.000456s ]
INFO: [ app_begin ] --START--
INFO: Run Behavior\ReadHtmlCacheBehavior [ RunTime:0.000872s ]
INFO: [ app_begin ] --END-- [ RunTime:0.001153s ]
SQL: SHOW COLUMNS FROM `category` [ RunTime:0.0036s ]
SQL: SHOW COLUMNS FROM `category` [ RunTime:0.0025s ]
SQL: SELECT * FROM `category` WHERE `cid` = 1 ORDER BY amount DESC  [ RunTime:0.0003s ]
INFO: [ view_parse ] --START--
INFO: [ template_filter ] --START--
INFO: Run Behavior\ContentReplaceBehavior [ RunTime:0.000052s ]
INFO: [ template_filter ] --END-- [ RunTime:0.000102s ]
NOTIC: [8] Undefined variable: articles D:\xampp\htdocs\liul\Application\Runtime\Cache\Home\d9f819b3b48479d96fea8a8f2f546a01.php 第 64 行.
NOTIC: [8] Undefined variable: page D:\xampp\htdocs\liul\Application\Runtime\Cache\Home\d9f819b3b48479d96fea8a8f2f546a01.php 第 70 行.
NOTIC: [8] Undefined variable: page D:\xampp\htdocs\liul\Application\Runtime\Cache\Home\d9f819b3b48479d96fea8a8f2f546a01.php 第 71 行.
NOTIC: [8] Undefined variable: totalpage D:\xampp\htdocs\liul\Application\Runtime\Cache\Home\d9f819b3b48479d96fea8a8f2f546a01.php 第 75 行.
NOTIC: [8] Undefined variable: totalpage D:\xampp\htdocs\liul\Application\Runtime\Cache\Home\d9f819b3b48479d96fea8a8f2f546a01.php 第 80 行.
NOTIC: [8] Undefined variable: page D:\xampp\htdocs\liul\Application\Runtime\Cache\Home\d9f819b3b48479d96fea8a8f2f546a01.php 第 80 行.
NOTIC: [8] Undefined variable: page D:\xampp\htdocs\liul\Application\Runtime\Cache\Home\d9f819b3b48479d96fea8a8f2f546a01.php 第 81 行.
NOTIC: [8] Undefined variable: totalpage D:\xampp\htdocs\liul\Application\Runtime\Cache\Home\d9f819b3b48479d96fea8a8f2f546a01.php 第 81 行.
NOTIC: [8] Undefined variable: page D:\xampp\htdocs\liul\Application\Runtime\Cache\Home\d9f819b3b48479d96fea8a8f2f546a01.php 第 81 行.
NOTIC: [8] Undefined variable: page D:\xampp\htdocs\liul\Application\Runtime\Cache\Home\d9f819b3b48479d96fea8a8f2f546a01.php 第 87 行.
NOTIC: [8] Undefined variable: totalpage D:\xampp\htdocs\liul\Application\Runtime\Cache\Home\d9f819b3b48479d96fea8a8f2f546a01.php 第 88 行.
INFO: Run Behavior\ParseTemplateBehavior [ RunTime:0.010310s ]
INFO: [ view_parse ] --END-- [ RunTime:0.010356s ]
INFO: [ view_filter ] --START--
INFO: Run Behavior\WriteHtmlCacheBehavior [ RunTime:0.001468s ]
INFO: [ view_filter ] --END-- [ RunTime:0.001515s ]
INFO: [ app_end ] --START--
INFO: Run Behavior\ShowPageTraceBehavior [ RunTime:0.000679s ]
INFO: [ app_end ] --END-- [ RunTime:0.000720s ]

[ 2015-11-24T15:56:35+08:00 ] 127.0.0.1 /index.php/Home/Index/index/cid/2.html
INFO: [ app_init ] --START--
INFO: Run Behavior\BuildLiteBehavior [ RunTime:0.000014s ]
INFO: [ app_init ] --END-- [ RunTime:0.000440s ]
INFO: [ app_begin ] --START--
INFO: Run Behavior\ReadHtmlCacheBehavior [ RunTime:0.000565s ]
INFO: [ app_begin ] --END-- [ RunTime:0.000630s ]
SQL: SHOW COLUMNS FROM `category` [ RunTime:0.0024s ]
SQL: SHOW COLUMNS FROM `category` [ RunTime:0.0022s ]
SQL: SELECT * FROM `category` WHERE `cid` = 2 ORDER BY amount DESC  [ RunTime:0.0003s ]
INFO: [ view_parse ] --START--
INFO: [ template_filter ] --START--
INFO: Run Behavior\ContentReplaceBehavior [ RunTime:0.000059s ]
INFO: [ template_filter ] --END-- [ RunTime:0.000112s ]
NOTIC: [8] Undefined variable: articles D:\xampp\htdocs\liul\Application\Runtime\Cache\Home\d9f819b3b48479d96fea8a8f2f546a01.php 第 64 行.
NOTIC: [8] Undefined variable: page D:\xampp\htdocs\liul\Application\Runtime\Cache\Home\d9f819b3b48479d96fea8a8f2f546a01.php 第 70 行.
NOTIC: [8] Undefined variable: page D:\xampp\htdocs\liul\Application\Runtime\Cache\Home\d9f819b3b48479d96fea8a8f2f546a01.php 第 71 行.
NOTIC: [8] Undefined variable: totalpage D:\xampp\htdocs\liul\Application\Runtime\Cache\Home\d9f819b3b48479d96fea8a8f2f546a01.php 第 75 行.
NOTIC: [8] Undefined variable: totalpage D:\xampp\htdocs\liul\Application\Runtime\Cache\Home\d9f819b3b48479d96fea8a8f2f546a01.php 第 80 行.
NOTIC: [8] Undefined variable: page D:\xampp\htdocs\liul\Application\Runtime\Cache\Home\d9f819b3b48479d96fea8a8f2f546a01.php 第 80 行.
NOTIC: [8] Undefined variable: page D:\xampp\htdocs\liul\Application\Runtime\Cache\Home\d9f819b3b48479d96fea8a8f2f546a01.php 第 81 行.
NOTIC: [8] Undefined variable: totalpage D:\xampp\htdocs\liul\Application\Runtime\Cache\Home\d9f819b3b48479d96fea8a8f2f546a01.php 第 81 行.
NOTIC: [8] Undefined variable: page D:\xampp\htdocs\liul\Application\Runtime\Cache\Home\d9f819b3b48479d96fea8a8f2f546a01.php 第 81 行.
NOTIC: [8] Undefined variable: page D:\xampp\htdocs\liul\Application\Runtime\Cache\Home\d9f819b3b48479d96fea8a8f2f546a01.php 第 87 行.
NOTIC: [8] Undefined variable: totalpage D:\xampp\htdocs\liul\Application\Runtime\Cache\Home\d9f819b3b48479d96fea8a8f2f546a01.php 第 88 行.
INFO: Run Behavior\ParseTemplateBehavior [ RunTime:0.012307s ]
INFO: [ view_parse ] --END-- [ RunTime:0.012381s ]
INFO: [ view_filter ] --START--
INFO: Run Behavior\WriteHtmlCacheBehavior [ RunTime:0.000399s ]
INFO: [ view_filter ] --END-- [ RunTime:0.000448s ]
INFO: [ app_end ] --START--
INFO: Run Behavior\ShowPageTraceBehavior [ RunTime:0.000552s ]
INFO: [ app_end ] --END-- [ RunTime:0.000587s ]

[ 2015-11-24T15:56:36+08:00 ] 127.0.0.1 /index.php/Home/Index/index/cid/1.html
INFO: [ app_init ] --START--
INFO: Run Behavior\BuildLiteBehavior [ RunTime:0.000012s ]
INFO: [ app_init ] --END-- [ RunTime:0.000447s ]
INFO: [ app_begin ] --START--
INFO: Run Behavior\ReadHtmlCacheBehavior [ RunTime:0.000988s ]
INFO: [ app_begin ] --END-- [ RunTime:0.001099s ]
SQL: SHOW COLUMNS FROM `category` [ RunTime:0.0026s ]
SQL: SHOW COLUMNS FROM `category` [ RunTime:0.0026s ]
SQL: SELECT * FROM `category` WHERE `cid` = 1 ORDER BY amount DESC  [ RunTime:0.0008s ]
INFO: [ view_parse ] --START--
INFO: [ template_filter ] --START--
INFO: Run Behavior\ContentReplaceBehavior [ RunTime:0.000052s ]
INFO: [ template_filter ] --END-- [ RunTime:0.000096s ]
NOTIC: [8] Undefined variable: articles D:\xampp\htdocs\liul\Application\Runtime\Cache\Home\d9f819b3b48479d96fea8a8f2f546a01.php 第 64 行.
NOTIC: [8] Undefined variable: page D:\xampp\htdocs\liul\Application\Runtime\Cache\Home\d9f819b3b48479d96fea8a8f2f546a01.php 第 70 行.
NOTIC: [8] Undefined variable: page D:\xampp\htdocs\liul\Application\Runtime\Cache\Home\d9f819b3b48479d96fea8a8f2f546a01.php 第 71 行.
NOTIC: [8] Undefined variable: totalpage D:\xampp\htdocs\liul\Application\Runtime\Cache\Home\d9f819b3b48479d96fea8a8f2f546a01.php 第 75 行.
NOTIC: [8] Undefined variable: totalpage D:\xampp\htdocs\liul\Application\Runtime\Cache\Home\d9f819b3b48479d96fea8a8f2f546a01.php 第 80 行.
NOTIC: [8] Undefined variable: page D:\xampp\htdocs\liul\Application\Runtime\Cache\Home\d9f819b3b48479d96fea8a8f2f546a01.php 第 80 行.
NOTIC: [8] Undefined variable: page D:\xampp\htdocs\liul\Application\Runtime\Cache\Home\d9f819b3b48479d96fea8a8f2f546a01.php 第 81 行.
NOTIC: [8] Undefined variable: totalpage D:\xampp\htdocs\liul\Application\Runtime\Cache\Home\d9f819b3b48479d96fea8a8f2f546a01.php 第 81 行.
NOTIC: [8] Undefined variable: page D:\xampp\htdocs\liul\Application\Runtime\Cache\Home\d9f819b3b48479d96fea8a8f2f546a01.php 第 81 行.
NOTIC: [8] Undefined variable: page D:\xampp\htdocs\liul\Application\Runtime\Cache\Home\d9f819b3b48479d96fea8a8f2f546a01.php 第 87 行.
NOTIC: [8] Undefined variable: totalpage D:\xampp\htdocs\liul\Application\Runtime\Cache\Home\d9f819b3b48479d96fea8a8f2f546a01.php 第 88 行.
INFO: Run Behavior\ParseTemplateBehavior [ RunTime:0.010041s ]
INFO: [ view_parse ] --END-- [ RunTime:0.010094s ]
INFO: [ view_filter ] --START--
INFO: Run Behavior\WriteHtmlCacheBehavior [ RunTime:0.000474s ]
INFO: [ view_filter ] --END-- [ RunTime:0.000515s ]
INFO: [ app_end ] --START--
INFO: Run Behavior\ShowPageTraceBehavior [ RunTime:0.000623s ]
INFO: [ app_end ] --END-- [ RunTime:0.000662s ]

[ 2015-11-24T15:56:37+08:00 ] 127.0.0.1 /index.php/Home/Index/index/cid/2.html
INFO: [ app_init ] --START--
INFO: Run Behavior\BuildLiteBehavior [ RunTime:0.000013s ]
INFO: [ app_init ] --END-- [ RunTime:0.000433s ]
INFO: [ app_begin ] --START--
INFO: Run Behavior\ReadHtmlCacheBehavior [ RunTime:0.000571s ]
INFO: [ app_begin ] --END-- [ RunTime:0.000626s ]
SQL: SHOW COLUMNS FROM `category` [ RunTime:0.0023s ]
SQL: SHOW COLUMNS FROM `category` [ RunTime:0.0022s ]
SQL: SELECT * FROM `category` WHERE `cid` = 2 ORDER BY amount DESC  [ RunTime:0.0003s ]
INFO: [ view_parse ] --START--
INFO: [ template_filter ] --START--
INFO: Run Behavior\ContentReplaceBehavior [ RunTime:0.000062s ]
INFO: [ template_filter ] --END-- [ RunTime:0.000122s ]
NOTIC: [8] Undefined variable: articles D:\xampp\htdocs\liul\Application\Runtime\Cache\Home\d9f819b3b48479d96fea8a8f2f546a01.php 第 64 行.
NOTIC: [8] Undefined variable: page D:\xampp\htdocs\liul\Application\Runtime\Cache\Home\d9f819b3b48479d96fea8a8f2f546a01.php 第 70 行.
NOTIC: [8] Undefined variable: page D:\xampp\htdocs\liul\Application\Runtime\Cache\Home\d9f819b3b48479d96fea8a8f2f546a01.php 第 71 行.
NOTIC: [8] Undefined variable: totalpage D:\xampp\htdocs\liul\Application\Runtime\Cache\Home\d9f819b3b48479d96fea8a8f2f546a01.php 第 75 行.
NOTIC: [8] Undefined variable: totalpage D:\xampp\htdocs\liul\Application\Runtime\Cache\Home\d9f819b3b48479d96fea8a8f2f546a01.php 第 80 行.
NOTIC: [8] Undefined variable: page D:\xampp\htdocs\liul\Application\Runtime\Cache\Home\d9f819b3b48479d96fea8a8f2f546a01.php 第 80 行.
NOTIC: [8] Undefined variable: page D:\xampp\htdocs\liul\Application\Runtime\Cache\Home\d9f819b3b48479d96fea8a8f2f546a01.php 第 81 行.
NOTIC: [8] Undefined variable: totalpage D:\xampp\htdocs\liul\Application\Runtime\Cache\Home\d9f819b3b48479d96fea8a8f2f546a01.php 第 81 行.
NOTIC: [8] Undefined variable: page D:\xampp\htdocs\liul\Application\Runtime\Cache\Home\d9f819b3b48479d96fea8a8f2f546a01.php 第 81 行.
NOTIC: [8] Undefined variable: page D:\xampp\htdocs\liul\Application\Runtime\Cache\Home\d9f819b3b48479d96fea8a8f2f546a01.php 第 87 行.
NOTIC: [8] Undefined variable: totalpage D:\xampp\htdocs\liul\Application\Runtime\Cache\Home\d9f819b3b48479d96fea8a8f2f546a01.php 第 88 行.
INFO: Run Behavior\ParseTemplateBehavior [ RunTime:0.010074s ]
INFO: [ view_parse ] --END-- [ RunTime:0.010117s ]
INFO: [ view_filter ] --START--
INFO: Run Behavior\WriteHtmlCacheBehavior [ RunTime:0.000470s ]
INFO: [ view_filter ] --END-- [ RunTime:0.000506s ]
INFO: [ app_end ] --START--
INFO: Run Behavior\ShowPageTraceBehavior [ RunTime:0.000546s ]
INFO: [ app_end ] --END-- [ RunTime:0.000582s ]

[ 2015-11-24T19:29:31+08:00 ] 127.0.0.1 /
INFO: [ app_init ] --START--
INFO: Run Behavior\BuildLiteBehavior [ RunTime:0.000014s ]
INFO: [ app_init ] --END-- [ RunTime:0.000426s ]
INFO: [ app_begin ] --START--
INFO: Run Behavior\ReadHtmlCacheBehavior [ RunTime:0.001196s ]
INFO: [ app_begin ] --END-- [ RunTime:0.001258s ]
NOTIC: [8] Undefined index: cid D:\xampp\htdocs\liul\Application\Home\Controller\IndexController.class.php 第 6 行.
SQL: SHOW COLUMNS FROM `category` [ RunTime:0.0037s ]
SQL: SHOW COLUMNS FROM `category` [ RunTime:0.0141s ]
SQL: SELECT * FROM `category` WHERE `cid` = 1 ORDER BY amount DESC  [ RunTime:0.0007s ]
INFO: [ view_parse ] --START--
INFO: [ template_filter ] --START--
INFO: Run Behavior\ContentReplaceBehavior [ RunTime:0.000063s ]
INFO: [ template_filter ] --END-- [ RunTime:0.000108s ]
NOTIC: [8] Undefined variable: articles D:\xampp\htdocs\liul\Application\Runtime\Cache\Home\d9f819b3b48479d96fea8a8f2f546a01.php 第 64 行.
NOTIC: [8] Undefined variable: page D:\xampp\htdocs\liul\Application\Runtime\Cache\Home\d9f819b3b48479d96fea8a8f2f546a01.php 第 70 行.
NOTIC: [8] Undefined variable: page D:\xampp\htdocs\liul\Application\Runtime\Cache\Home\d9f819b3b48479d96fea8a8f2f546a01.php 第 71 行.
NOTIC: [8] Undefined variable: totalpage D:\xampp\htdocs\liul\Application\Runtime\Cache\Home\d9f819b3b48479d96fea8a8f2f546a01.php 第 75 行.
NOTIC: [8] Undefined variable: totalpage D:\xampp\htdocs\liul\Application\Runtime\Cache\Home\d9f819b3b48479d96fea8a8f2f546a01.php 第 80 行.
NOTIC: [8] Undefined variable: page D:\xampp\htdocs\liul\Application\Runtime\Cache\Home\d9f819b3b48479d96fea8a8f2f546a01.php 第 80 行.
NOTIC: [8] Undefined variable: page D:\xampp\htdocs\liul\Application\Runtime\Cache\Home\d9f819b3b48479d96fea8a8f2f546a01.php 第 81 行.
NOTIC: [8] Undefined variable: totalpage D:\xampp\htdocs\liul\Application\Runtime\Cache\Home\d9f819b3b48479d96fea8a8f2f546a01.php 第 81 行.
NOTIC: [8] Undefined variable: page D:\xampp\htdocs\liul\Application\Runtime\Cache\Home\d9f819b3b48479d96fea8a8f2f546a01.php 第 81 行.
NOTIC: [8] Undefined variable: page D:\xampp\htdocs\liul\Application\Runtime\Cache\Home\d9f819b3b48479d96fea8a8f2f546a01.php 第 87 行.
NOTIC: [8] Undefined variable: totalpage D:\xampp\htdocs\liul\Application\Runtime\Cache\Home\d9f819b3b48479d96fea8a8f2f546a01.php 第 88 行.
INFO: Run Behavior\ParseTemplateBehavior [ RunTime:0.012943s ]
INFO: [ view_parse ] --END-- [ RunTime:0.012992s ]
INFO: [ view_filter ] --START--
INFO: Run Behavior\WriteHtmlCacheBehavior [ RunTime:0.000562s ]
INFO: [ view_filter ] --END-- [ RunTime:0.000607s ]
INFO: [ app_end ] --START--
INFO: Run Behavior\ShowPageTraceBehavior [ RunTime:0.000705s ]
INFO: [ app_end ] --END-- [ RunTime:0.000751s ]

[ 2015-11-24T19:38:03+08:00 ] 127.0.0.1 /index.php/Home/Index/index/cid/2.html
INFO: [ app_init ] --START--
INFO: Run Behavior\BuildLiteBehavior [ RunTime:0.000016s ]
INFO: [ app_init ] --END-- [ RunTime:0.006791s ]
INFO: [ app_begin ] --START--
INFO: Run Behavior\ReadHtmlCacheBehavior [ RunTime:0.000547s ]
INFO: [ app_begin ] --END-- [ RunTime:0.000601s ]
SQL: SHOW COLUMNS FROM `category` [ RunTime:0.0027s ]
SQL: SHOW COLUMNS FROM `category` [ RunTime:0.0031s ]
SQL: SELECT * FROM `category` WHERE `cid` = 2 ORDER BY amount DESC  [ RunTime:0.0005s ]
INFO: [ view_parse ] --START--
INFO: [ template_filter ] --START--
INFO: Run Behavior\ContentReplaceBehavior [ RunTime:0.000067s ]
INFO: [ template_filter ] --END-- [ RunTime:0.000122s ]
NOTIC: [8] Undefined variable: articles D:\xampp\htdocs\liul\Application\Runtime\Cache\Home\d9f819b3b48479d96fea8a8f2f546a01.php 第 64 行.
NOTIC: [8] Undefined variable: page D:\xampp\htdocs\liul\Application\Runtime\Cache\Home\d9f819b3b48479d96fea8a8f2f546a01.php 第 70 行.
NOTIC: [8] Undefined variable: page D:\xampp\htdocs\liul\Application\Runtime\Cache\Home\d9f819b3b48479d96fea8a8f2f546a01.php 第 71 行.
NOTIC: [8] Undefined variable: totalpage D:\xampp\htdocs\liul\Application\Runtime\Cache\Home\d9f819b3b48479d96fea8a8f2f546a01.php 第 75 行.
NOTIC: [8] Undefined variable: totalpage D:\xampp\htdocs\liul\Application\Runtime\Cache\Home\d9f819b3b48479d96fea8a8f2f546a01.php 第 80 行.
NOTIC: [8] Undefined variable: page D:\xampp\htdocs\liul\Application\Runtime\Cache\Home\d9f819b3b48479d96fea8a8f2f546a01.php 第 80 行.
NOTIC: [8] Undefined variable: page D:\xampp\htdocs\liul\Application\Runtime\Cache\Home\d9f819b3b48479d96fea8a8f2f546a01.php 第 81 行.
NOTIC: [8] Undefined variable: totalpage D:\xampp\htdocs\liul\Application\Runtime\Cache\Home\d9f819b3b48479d96fea8a8f2f546a01.php 第 81 行.
NOTIC: [8] Undefined variable: page D:\xampp\htdocs\liul\Application\Runtime\Cache\Home\d9f819b3b48479d96fea8a8f2f546a01.php 第 81 行.
NOTIC: [8] Undefined variable: page D:\xampp\htdocs\liul\Application\Runtime\Cache\Home\d9f819b3b48479d96fea8a8f2f546a01.php 第 87 行.
NOTIC: [8] Undefined variable: totalpage D:\xampp\htdocs\liul\Application\Runtime\Cache\Home\d9f819b3b48479d96fea8a8f2f546a01.php 第 88 行.
INFO: Run Behavior\ParseTemplateBehavior [ RunTime:0.011938s ]
INFO: [ view_parse ] --END-- [ RunTime:0.011986s ]
INFO: [ view_filter ] --START--
INFO: Run Behavior\WriteHtmlCacheBehavior [ RunTime:0.000320s ]
INFO: [ view_filter ] --END-- [ RunTime:0.000352s ]
INFO: [ app_end ] --START--
INFO: Run Behavior\ShowPageTraceBehavior [ RunTime:0.000516s ]
INFO: [ app_end ] --END-- [ RunTime:0.000550s ]

[ 2015-11-24T19:38:07+08:00 ] 127.0.0.1 /
INFO: [ app_init ] --START--
INFO: Run Behavior\BuildLiteBehavior [ RunTime:0.000012s ]
INFO: [ app_init ] --END-- [ RunTime:0.000396s ]
INFO: [ app_begin ] --START--
INFO: Run Behavior\ReadHtmlCacheBehavior [ RunTime:0.000505s ]
INFO: [ app_begin ] --END-- [ RunTime:0.000552s ]
NOTIC: [8] Undefined index: cid D:\xampp\htdocs\liul\Application\Home\Controller\IndexController.class.php 第 6 行.
SQL: SHOW COLUMNS FROM `category` [ RunTime:0.0025s ]
SQL: SHOW COLUMNS FROM `category` [ RunTime:0.0023s ]
SQL: SELECT * FROM `category` WHERE `cid` = 1 ORDER BY amount DESC  [ RunTime:0.0003s ]
INFO: [ view_parse ] --START--
INFO: [ template_filter ] --START--
INFO: Run Behavior\ContentReplaceBehavior [ RunTime:0.000078s ]
INFO: [ template_filter ] --END-- [ RunTime:0.000131s ]
NOTIC: [8] Undefined variable: articles D:\xampp\htdocs\liul\Application\Runtime\Cache\Home\d9f819b3b48479d96fea8a8f2f546a01.php 第 64 行.
NOTIC: [8] Undefined variable: page D:\xampp\htdocs\liul\Application\Runtime\Cache\Home\d9f819b3b48479d96fea8a8f2f546a01.php 第 70 行.
NOTIC: [8] Undefined variable: page D:\xampp\htdocs\liul\Application\Runtime\Cache\Home\d9f819b3b48479d96fea8a8f2f546a01.php 第 71 行.
NOTIC: [8] Undefined variable: totalpage D:\xampp\htdocs\liul\Application\Runtime\Cache\Home\d9f819b3b48479d96fea8a8f2f546a01.php 第 75 行.
NOTIC: [8] Undefined variable: totalpage D:\xampp\htdocs\liul\Application\Runtime\Cache\Home\d9f819b3b48479d96fea8a8f2f546a01.php 第 80 行.
NOTIC: [8] Undefined variable: page D:\xampp\htdocs\liul\Application\Runtime\Cache\Home\d9f819b3b48479d96fea8a8f2f546a01.php 第 80 行.
NOTIC: [8] Undefined variable: page D:\xampp\htdocs\liul\Application\Runtime\Cache\Home\d9f819b3b48479d96fea8a8f2f546a01.php 第 81 行.
NOTIC: [8] Undefined variable: totalpage D:\xampp\htdocs\liul\Application\Runtime\Cache\Home\d9f819b3b48479d96fea8a8f2f546a01.php 第 81 行.
NOTIC: [8] Undefined variable: page D:\xampp\htdocs\liul\Application\Runtime\Cache\Home\d9f819b3b48479d96fea8a8f2f546a01.php 第 81 行.
NOTIC: [8] Undefined variable: page D:\xampp\htdocs\liul\Application\Runtime\Cache\Home\d9f819b3b48479d96fea8a8f2f546a01.php 第 87 行.
NOTIC: [8] Undefined variable: totalpage D:\xampp\htdocs\liul\Application\Runtime\Cache\Home\d9f819b3b48479d96fea8a8f2f546a01.php 第 88 行.
INFO: Run Behavior\ParseTemplateBehavior [ RunTime:0.013725s ]
INFO: [ view_parse ] --END-- [ RunTime:0.013767s ]
INFO: [ view_filter ] --START--
INFO: Run Behavior\WriteHtmlCacheBehavior [ RunTime:0.000334s ]
INFO: [ view_filter ] --END-- [ RunTime:0.000366s ]
INFO: [ app_end ] --START--
INFO: Run Behavior\ShowPageTraceBehavior [ RunTime:0.000476s ]
INFO: [ app_end ] --END-- [ RunTime:0.000511s ]

