[ 2015-12-07T11:11:36+08:00 ] 127.0.0.1 /
INFO: [ app_init ] --START--
INFO: Run Behavior\BuildLiteBehavior [ RunTime:0.000014s ]
INFO: [ app_init ] --END-- [ RunTime:0.000421s ]
INFO: [ app_begin ] --START--
INFO: Run Behavior\ReadHtmlCacheBehavior [ RunTime:0.000553s ]
INFO: [ app_begin ] --END-- [ RunTime:0.000615s ]
NOTIC: [8] Undefined index: cid D:\xampp\htdocs\liul\Application\Home\Controller\IndexController.class.php 第 6 行.
SQL: SHOW COLUMNS FROM `category` [ RunTime:0.0819s ]
SQL: SHOW COLUMNS FROM `category` [ RunTime:0.0020s ]
SQL: SELECT * FROM `category` WHERE `cid` = 1 ORDER BY amount DESC  [ RunTime:0.0267s ]
INFO: [ view_parse ] --START--
INFO: [ template_filter ] --START--
INFO: Run Behavior\ContentReplaceBehavior [ RunTime:0.008723s ]
INFO: [ template_filter ] --END-- [ RunTime:0.008837s ]
NOTIC: [8] Undefined variable: articles D:\xampp\htdocs\liul\Application\Runtime\Cache\Home\d9f819b3b48479d96fea8a8f2f546a01.php 第 64 行.
NOTIC: [8] Undefined variable: page D:\xampp\htdocs\liul\Application\Runtime\Cache\Home\d9f819b3b48479d96fea8a8f2f546a01.php 第 70 行.
NOTIC: [8] Undefined variable: page D:\xampp\htdocs\liul\Application\Runtime\Cache\Home\d9f819b3b48479d96fea8a8f2f546a01.php 第 71 行.
NOTIC: [8] Undefined variable: totalpage D:\xampp\htdocs\liul\Application\Runtime\Cache\Home\d9f819b3b48479d96fea8a8f2f546a01.php 第 75 行.
NOTIC: [8] Undefined variable: totalpage D:\xampp\htdocs\liul\Application\Runtime\Cache\Home\d9f819b3b48479d96fea8a8f2f546a01.php 第 80 行.
NOTIC: [8] Undefined variable: page D:\xampp\htdocs\liul\Application\Runtime\Cache\Home\d9f819b3b48479d96fea8a8f2f546a01.php 第 80 行.
NOTIC: [8] Undefined variable: page D:\xampp\htdocs\liul\Application\Runtime\Cache\Home\d9f819b3b48479d96fea8a8f2f546a01.php 第 81 行.
NOTIC: [8] Undefined variable: totalpage D:\xampp\htdocs\liul\Application\Runtime\Cache\Home\d9f819b3b48479d96fea8a8f2f546a01.php 第 81 行.
NOTIC: [8] Undefined variable: page D:\xampp\htdocs\liul\Application\Runtime\Cache\Home\d9f819b3b48479d96fea8a8f2f546a01.php 第 81 行.
NOTIC: [8] Undefined variable: page D:\xampp\htdocs\liul\Application\Runtime\Cache\Home\d9f819b3b48479d96fea8a8f2f546a01.php 第 87 行.
NOTIC: [8] Undefined variable: totalpage D:\xampp\htdocs\liul\Application\Runtime\Cache\Home\d9f819b3b48479d96fea8a8f2f546a01.php 第 88 行.
INFO: Run Behavior\ParseTemplateBehavior [ RunTime:0.087955s ]
INFO: [ view_parse ] --END-- [ RunTime:0.088027s ]
INFO: [ view_filter ] --START--
INFO: Run Behavior\WriteHtmlCacheBehavior [ RunTime:0.011386s ]
INFO: [ view_filter ] --END-- [ RunTime:0.011476s ]
INFO: [ app_end ] --START--
INFO: Run Behavior\ShowPageTraceBehavior [ RunTime:0.006618s ]
INFO: [ app_end ] --END-- [ RunTime:0.006708s ]

[ 2015-12-07T11:11:47+08:00 ] 127.0.0.1 /index.php/Home/Index/index/cid/2.html
INFO: [ app_init ] --START--
INFO: Run Behavior\BuildLiteBehavior [ RunTime:0.000012s ]
INFO: [ app_init ] --END-- [ RunTime:0.000326s ]
INFO: [ app_begin ] --START--
INFO: Run Behavior\ReadHtmlCacheBehavior [ RunTime:0.000468s ]
INFO: [ app_begin ] --END-- [ RunTime:0.000518s ]
SQL: SHOW COLUMNS FROM `category` [ RunTime:0.0019s ]
SQL: SHOW COLUMNS FROM `category` [ RunTime:0.0025s ]
SQL: SELECT * FROM `category` WHERE `cid` = 2 ORDER BY amount DESC  [ RunTime:0.0008s ]
INFO: [ view_parse ] --START--
INFO: [ template_filter ] --START--
INFO: Run Behavior\ContentReplaceBehavior [ RunTime:0.020412s ]
INFO: [ template_filter ] --END-- [ RunTime:0.020504s ]
NOTIC: [8] Undefined variable: articles D:\xampp\htdocs\liul\Application\Runtime\Cache\Home\d9f819b3b48479d96fea8a8f2f546a01.php 第 64 行.
NOTIC: [8] Undefined variable: page D:\xampp\htdocs\liul\Application\Runtime\Cache\Home\d9f819b3b48479d96fea8a8f2f546a01.php 第 70 行.
NOTIC: [8] Undefined variable: page D:\xampp\htdocs\liul\Application\Runtime\Cache\Home\d9f819b3b48479d96fea8a8f2f546a01.php 第 71 行.
NOTIC: [8] Undefined variable: totalpage D:\xampp\htdocs\liul\Application\Runtime\Cache\Home\d9f819b3b48479d96fea8a8f2f546a01.php 第 75 行.
NOTIC: [8] Undefined variable: totalpage D:\xampp\htdocs\liul\Application\Runtime\Cache\Home\d9f819b3b48479d96fea8a8f2f546a01.php 第 80 行.
NOTIC: [8] Undefined variable: page D:\xampp\htdocs\liul\Application\Runtime\Cache\Home\d9f819b3b48479d96fea8a8f2f546a01.php 第 80 行.
NOTIC: [8] Undefined variable: page D:\xampp\htdocs\liul\Application\Runtime\Cache\Home\d9f819b3b48479d96fea8a8f2f546a01.php 第 81 行.
NOTIC: [8] Undefined variable: totalpage D:\xampp\htdocs\liul\Application\Runtime\Cache\Home\d9f819b3b48479d96fea8a8f2f546a01.php 第 81 行.
NOTIC: [8] Undefined variable: page D:\xampp\htdocs\liul\Application\Runtime\Cache\Home\d9f819b3b48479d96fea8a8f2f546a01.php 第 81 行.
NOTIC: [8] Undefined variable: page D:\xampp\htdocs\liul\Application\Runtime\Cache\Home\d9f819b3b48479d96fea8a8f2f546a01.php 第 87 行.
NOTIC: [8] Undefined variable: totalpage D:\xampp\htdocs\liul\Application\Runtime\Cache\Home\d9f819b3b48479d96fea8a8f2f546a01.php 第 88 行.
INFO: Run Behavior\ParseTemplateBehavior [ RunTime:0.029119s ]
INFO: [ view_parse ] --END-- [ RunTime:0.029165s ]
INFO: [ view_filter ] --START--
INFO: Run Behavior\WriteHtmlCacheBehavior [ RunTime:0.000265s ]
INFO: [ view_filter ] --END-- [ RunTime:0.000300s ]
INFO: [ app_end ] --START--
INFO: Run Behavior\ShowPageTraceBehavior [ RunTime:0.000424s ]
INFO: [ app_end ] --END-- [ RunTime:0.000458s ]

[ 2015-12-07T15:21:05+08:00 ] 127.0.0.1 /
INFO: [ app_init ] --START--
INFO: Run Behavior\BuildLiteBehavior [ RunTime:0.000016s ]
INFO: [ app_init ] --END-- [ RunTime:0.000471s ]
INFO: [ app_begin ] --START--
INFO: Run Behavior\ReadHtmlCacheBehavior [ RunTime:0.000977s ]
INFO: [ app_begin ] --END-- [ RunTime:0.001084s ]
NOTIC: [8] Undefined index: cid D:\xampp\htdocs\liul\Application\Home\Controller\IndexController.class.php 第 6 行.
SQL: SHOW COLUMNS FROM `category` [ RunTime:0.0042s ]
SQL: SHOW COLUMNS FROM `category` [ RunTime:0.0025s ]
SQL: SELECT * FROM `category` WHERE `cid` = 1 ORDER BY amount DESC  [ RunTime:0.0098s ]
INFO: [ view_parse ] --START--
INFO: [ template_filter ] --START--
INFO: Run Behavior\ContentReplaceBehavior [ RunTime:0.000057s ]
INFO: [ template_filter ] --END-- [ RunTime:0.000106s ]
NOTIC: [8] Undefined variable: articles D:\xampp\htdocs\liul\Application\Runtime\Cache\Home\d9f819b3b48479d96fea8a8f2f546a01.php 第 64 行.
NOTIC: [8] Undefined variable: page D:\xampp\htdocs\liul\Application\Runtime\Cache\Home\d9f819b3b48479d96fea8a8f2f546a01.php 第 70 行.
NOTIC: [8] Undefined variable: page D:\xampp\htdocs\liul\Application\Runtime\Cache\Home\d9f819b3b48479d96fea8a8f2f546a01.php 第 71 行.
NOTIC: [8] Undefined variable: totalpage D:\xampp\htdocs\liul\Application\Runtime\Cache\Home\d9f819b3b48479d96fea8a8f2f546a01.php 第 75 行.
NOTIC: [8] Undefined variable: totalpage D:\xampp\htdocs\liul\Application\Runtime\Cache\Home\d9f819b3b48479d96fea8a8f2f546a01.php 第 80 行.
NOTIC: [8] Undefined variable: page D:\xampp\htdocs\liul\Application\Runtime\Cache\Home\d9f819b3b48479d96fea8a8f2f546a01.php 第 80 行.
NOTIC: [8] Undefined variable: page D:\xampp\htdocs\liul\Application\Runtime\Cache\Home\d9f819b3b48479d96fea8a8f2f546a01.php 第 81 行.
NOTIC: [8] Undefined variable: totalpage D:\xampp\htdocs\liul\Application\Runtime\Cache\Home\d9f819b3b48479d96fea8a8f2f546a01.php 第 81 行.
NOTIC: [8] Undefined variable: page D:\xampp\htdocs\liul\Application\Runtime\Cache\Home\d9f819b3b48479d96fea8a8f2f546a01.php 第 81 行.
NOTIC: [8] Undefined variable: page D:\xampp\htdocs\liul\Application\Runtime\Cache\Home\d9f819b3b48479d96fea8a8f2f546a01.php 第 87 行.
NOTIC: [8] Undefined variable: totalpage D:\xampp\htdocs\liul\Application\Runtime\Cache\Home\d9f819b3b48479d96fea8a8f2f546a01.php 第 88 行.
INFO: Run Behavior\ParseTemplateBehavior [ RunTime:0.043891s ]
INFO: [ view_parse ] --END-- [ RunTime:0.043946s ]
INFO: [ view_filter ] --START--
INFO: Run Behavior\WriteHtmlCacheBehavior [ RunTime:0.000874s ]
INFO: [ view_filter ] --END-- [ RunTime:0.000922s ]
INFO: [ app_end ] --START--
INFO: Run Behavior\ShowPageTraceBehavior [ RunTime:0.000971s ]
INFO: [ app_end ] --END-- [ RunTime:0.001047s ]

[ 2015-12-07T16:10:34+08:00 ] 127.0.0.1 /index.php/Admin/Article/%7B:U('Article/edit',%20array('cid'=%3E$article.id))
INFO: [ app_init ] --START--
INFO: Run Behavior\BuildLiteBehavior [ RunTime:0.000012s ]
INFO: [ app_init ] --END-- [ RunTime:0.000393s ]
NOTIC: [2] preg_replace(): Compilation failed: unmatched parentheses at offset 4 D:\xampp\htdocs\liul\ThinkPHP\Library\Think\Dispatcher.class.php 第 127 行.
INFO: [ app_begin ] --START--
INFO: Run Behavior\ReadHtmlCacheBehavior [ RunTime:0.000533s ]
INFO: [ app_begin ] --END-- [ RunTime:0.000583s ]
NOTIC: [2048] Declaration of Home\Controller\ArticleController::get() should be compatible with Think\Controller::get($name = '') D:\xampp\htdocs\liul\Application\Home\Controller\ArticleController.class.php 第 38 行.
ERR: 非法操作:{:U('Article

[ 2015-12-07T16:11:41+08:00 ] 127.0.0.1 /index.php/Admin/Article/%7B:U('Article/edit',%20array('cid'=%3E$article.id))
INFO: [ app_init ] --START--
INFO: Run Behavior\BuildLiteBehavior [ RunTime:0.000015s ]
INFO: [ app_init ] --END-- [ RunTime:0.000581s ]
NOTIC: [2] preg_replace(): Compilation failed: unmatched parentheses at offset 4 D:\xampp\htdocs\liul\ThinkPHP\Library\Think\Dispatcher.class.php 第 127 行.
INFO: [ app_begin ] --START--
INFO: Run Behavior\ReadHtmlCacheBehavior [ RunTime:0.000559s ]
INFO: [ app_begin ] --END-- [ RunTime:0.000608s ]
NOTIC: [2048] Declaration of Home\Controller\ArticleController::get() should be compatible with Think\Controller::get($name = '') D:\xampp\htdocs\liul\Application\Home\Controller\ArticleController.class.php 第 38 行.
ERR: 非法操作:{:U('Article

[ 2015-12-07T16:11:42+08:00 ] 127.0.0.1 /index.php/Admin/Article/%7B:U('Article/edit',%20array('cid'=%3E$article.id))
INFO: [ app_init ] --START--
INFO: Run Behavior\BuildLiteBehavior [ RunTime:0.000013s ]
INFO: [ app_init ] --END-- [ RunTime:0.000361s ]
NOTIC: [2] preg_replace(): Compilation failed: unmatched parentheses at offset 4 D:\xampp\htdocs\liul\ThinkPHP\Library\Think\Dispatcher.class.php 第 127 行.
INFO: [ app_begin ] --START--
INFO: Run Behavior\ReadHtmlCacheBehavior [ RunTime:0.000527s ]
INFO: [ app_begin ] --END-- [ RunTime:0.000581s ]
NOTIC: [2048] Declaration of Home\Controller\ArticleController::get() should be compatible with Think\Controller::get($name = '') D:\xampp\htdocs\liul\Application\Home\Controller\ArticleController.class.php 第 38 行.
ERR: 非法操作:{:U('Article

[ 2015-12-07T16:11:42+08:00 ] 127.0.0.1 /index.php/Admin/Article/%7B:U('Article/edit',%20array('cid'=%3E$article.id))
INFO: [ app_init ] --START--
INFO: Run Behavior\BuildLiteBehavior [ RunTime:0.000012s ]
INFO: [ app_init ] --END-- [ RunTime:0.000379s ]
NOTIC: [2] preg_replace(): Compilation failed: unmatched parentheses at offset 4 D:\xampp\htdocs\liul\ThinkPHP\Library\Think\Dispatcher.class.php 第 127 行.
INFO: [ app_begin ] --START--
INFO: Run Behavior\ReadHtmlCacheBehavior [ RunTime:0.001967s ]
INFO: [ app_begin ] --END-- [ RunTime:0.002150s ]
NOTIC: [2048] Declaration of Home\Controller\ArticleController::get() should be compatible with Think\Controller::get($name = '') D:\xampp\htdocs\liul\Application\Home\Controller\ArticleController.class.php 第 38 行.
ERR: 非法操作:{:U('Article

[ 2015-12-07T16:11:42+08:00 ] 127.0.0.1 /index.php/Admin/Article/%7B:U('Article/edit',%20array('cid'=%3E$article.id))
INFO: [ app_init ] --START--
INFO: Run Behavior\BuildLiteBehavior [ RunTime:0.000016s ]
INFO: [ app_init ] --END-- [ RunTime:0.000504s ]
NOTIC: [2] preg_replace(): Compilation failed: unmatched parentheses at offset 4 D:\xampp\htdocs\liul\ThinkPHP\Library\Think\Dispatcher.class.php 第 127 行.
INFO: [ app_begin ] --START--
INFO: Run Behavior\ReadHtmlCacheBehavior [ RunTime:0.000550s ]
INFO: [ app_begin ] --END-- [ RunTime:0.000609s ]
NOTIC: [2048] Declaration of Home\Controller\ArticleController::get() should be compatible with Think\Controller::get($name = '') D:\xampp\htdocs\liul\Application\Home\Controller\ArticleController.class.php 第 38 行.
ERR: 非法操作:{:U('Article

[ 2015-12-07T16:11:42+08:00 ] 127.0.0.1 /index.php/Admin/Article/%7B:U('Article/edit',%20array('cid'=%3E$article.id))
INFO: [ app_init ] --START--
INFO: Run Behavior\BuildLiteBehavior [ RunTime:0.000013s ]
INFO: [ app_init ] --END-- [ RunTime:0.000387s ]
NOTIC: [2] preg_replace(): Compilation failed: unmatched parentheses at offset 4 D:\xampp\htdocs\liul\ThinkPHP\Library\Think\Dispatcher.class.php 第 127 行.
INFO: [ app_begin ] --START--
INFO: Run Behavior\ReadHtmlCacheBehavior [ RunTime:0.002530s ]
INFO: [ app_begin ] --END-- [ RunTime:0.002725s ]
NOTIC: [2048] Declaration of Home\Controller\ArticleController::get() should be compatible with Think\Controller::get($name = '') D:\xampp\htdocs\liul\Application\Home\Controller\ArticleController.class.php 第 38 行.
ERR: 非法操作:{:U('Article

[ 2015-12-07T16:11:42+08:00 ] 127.0.0.1 /index.php/Admin/Article/%7B:U('Article/edit',%20array('cid'=%3E$article.id))
INFO: [ app_init ] --START--
INFO: Run Behavior\BuildLiteBehavior [ RunTime:0.000013s ]
INFO: [ app_init ] --END-- [ RunTime:0.000369s ]
NOTIC: [2] preg_replace(): Compilation failed: unmatched parentheses at offset 4 D:\xampp\htdocs\liul\ThinkPHP\Library\Think\Dispatcher.class.php 第 127 行.
INFO: [ app_begin ] --START--
INFO: Run Behavior\ReadHtmlCacheBehavior [ RunTime:0.000507s ]
INFO: [ app_begin ] --END-- [ RunTime:0.000556s ]
NOTIC: [2048] Declaration of Home\Controller\ArticleController::get() should be compatible with Think\Controller::get($name = '') D:\xampp\htdocs\liul\Application\Home\Controller\ArticleController.class.php 第 38 行.
ERR: 非法操作:{:U('Article

[ 2015-12-07T16:11:47+08:00 ] 127.0.0.1 /index.php/Admin/Article/%7B:U('Article/edit',%20array('cid'=%3E$article.id))
INFO: [ app_init ] --START--
INFO: Run Behavior\BuildLiteBehavior [ RunTime:0.000014s ]
INFO: [ app_init ] --END-- [ RunTime:0.000427s ]
NOTIC: [2] preg_replace(): Compilation failed: unmatched parentheses at offset 4 D:\xampp\htdocs\liul\ThinkPHP\Library\Think\Dispatcher.class.php 第 127 行.
INFO: [ app_begin ] --START--
INFO: Run Behavior\ReadHtmlCacheBehavior [ RunTime:0.000545s ]
INFO: [ app_begin ] --END-- [ RunTime:0.000602s ]
NOTIC: [2048] Declaration of Home\Controller\ArticleController::get() should be compatible with Think\Controller::get($name = '') D:\xampp\htdocs\liul\Application\Home\Controller\ArticleController.class.php 第 38 行.
ERR: 非法操作:{:U('Article

[ 2015-12-07T17:59:33+08:00 ] 127.0.0.1 /
INFO: [ app_init ] --START--
INFO: Run Behavior\BuildLiteBehavior [ RunTime:0.000013s ]
INFO: [ app_init ] --END-- [ RunTime:0.000502s ]
INFO: [ app_begin ] --START--
INFO: Run Behavior\ReadHtmlCacheBehavior [ RunTime:0.000726s ]
INFO: [ app_begin ] --END-- [ RunTime:0.000782s ]
NOTIC: [8] Undefined index: cid D:\xampp\htdocs\liul\Application\Home\Controller\IndexController.class.php 第 6 行.
SQL: SHOW COLUMNS FROM `category` [ RunTime:0.0028s ]
SQL: SHOW COLUMNS FROM `category` [ RunTime:0.0030s ]
SQL: SELECT * FROM `category` WHERE `cid` = 1 ORDER BY amount DESC  [ RunTime:0.0007s ]
INFO: [ view_parse ] --START--
INFO: [ template_filter ] --START--
INFO: Run Behavior\ContentReplaceBehavior [ RunTime:0.000053s ]
INFO: [ template_filter ] --END-- [ RunTime:0.000103s ]
NOTIC: [8] Undefined variable: articles D:\xampp\htdocs\liul\Application\Runtime\Cache\Home\d9f819b3b48479d96fea8a8f2f546a01.php 第 64 行.
NOTIC: [8] Undefined variable: page D:\xampp\htdocs\liul\Application\Runtime\Cache\Home\d9f819b3b48479d96fea8a8f2f546a01.php 第 70 行.
NOTIC: [8] Undefined variable: page D:\xampp\htdocs\liul\Application\Runtime\Cache\Home\d9f819b3b48479d96fea8a8f2f546a01.php 第 71 行.
NOTIC: [8] Undefined variable: totalpage D:\xampp\htdocs\liul\Application\Runtime\Cache\Home\d9f819b3b48479d96fea8a8f2f546a01.php 第 75 行.
NOTIC: [8] Undefined variable: totalpage D:\xampp\htdocs\liul\Application\Runtime\Cache\Home\d9f819b3b48479d96fea8a8f2f546a01.php 第 80 行.
NOTIC: [8] Undefined variable: page D:\xampp\htdocs\liul\Application\Runtime\Cache\Home\d9f819b3b48479d96fea8a8f2f546a01.php 第 80 行.
NOTIC: [8] Undefined variable: page D:\xampp\htdocs\liul\Application\Runtime\Cache\Home\d9f819b3b48479d96fea8a8f2f546a01.php 第 81 行.
NOTIC: [8] Undefined variable: totalpage D:\xampp\htdocs\liul\Application\Runtime\Cache\Home\d9f819b3b48479d96fea8a8f2f546a01.php 第 81 行.
NOTIC: [8] Undefined variable: page D:\xampp\htdocs\liul\Application\Runtime\Cache\Home\d9f819b3b48479d96fea8a8f2f546a01.php 第 81 行.
NOTIC: [8] Undefined variable: page D:\xampp\htdocs\liul\Application\Runtime\Cache\Home\d9f819b3b48479d96fea8a8f2f546a01.php 第 87 行.
NOTIC: [8] Undefined variable: totalpage D:\xampp\htdocs\liul\Application\Runtime\Cache\Home\d9f819b3b48479d96fea8a8f2f546a01.php 第 88 行.
INFO: Run Behavior\ParseTemplateBehavior [ RunTime:0.010884s ]
INFO: [ view_parse ] --END-- [ RunTime:0.010929s ]
INFO: [ view_filter ] --START--
INFO: Run Behavior\WriteHtmlCacheBehavior [ RunTime:0.000496s ]
INFO: [ view_filter ] --END-- [ RunTime:0.000534s ]
INFO: [ app_end ] --START--
INFO: Run Behavior\ShowPageTraceBehavior [ RunTime:0.000646s ]
INFO: [ app_end ] --END-- [ RunTime:0.000685s ]

[ 2015-12-07T17:59:35+08:00 ] 127.0.0.1 /index.php/Home/Article/query/id/3/cid/1.html
INFO: [ app_init ] --START--
INFO: Run Behavior\BuildLiteBehavior [ RunTime:0.000012s ]
INFO: [ app_init ] --END-- [ RunTime:0.000493s ]
INFO: [ app_begin ] --START--
INFO: Run Behavior\ReadHtmlCacheBehavior [ RunTime:0.000673s ]
INFO: [ app_begin ] --END-- [ RunTime:0.000719s ]
NOTIC: [2048] Declaration of Home\Controller\ArticleController::get() should be compatible with Think\Controller::get($name = '') D:\xampp\htdocs\liul\Application\Home\Controller\ArticleController.class.php 第 38 行.
SQL: SHOW COLUMNS FROM `category` [ RunTime:0.0030s ]
SQL: SHOW COLUMNS FROM `category` [ RunTime:0.0033s ]
SQL: SELECT * FROM `category` WHERE `cid` = 1 ORDER BY amount DESC  [ RunTime:0.0005s ]
SQL: SHOW COLUMNS FROM `article` [ RunTime:0.0030s ]
SQL: SHOW COLUMNS FROM `article` [ RunTime:0.0032s ]
SQL: SELECT * FROM `article` WHERE `cid` = 3 ORDER BY `like` desc LIMIT 0,5   [ RunTime:0.0004s ]
SQL: SELECT count(id) as totalcount FROM `article` WHERE `cid` = 3  [ RunTime:0.0003s ]
INFO: [ view_parse ] --START--
INFO: [ template_filter ] --START--
INFO: Run Behavior\ContentReplaceBehavior [ RunTime:0.000055s ]
INFO: [ template_filter ] --END-- [ RunTime:0.000104s ]
INFO: Run Behavior\ParseTemplateBehavior [ RunTime:0.011900s ]
INFO: [ view_parse ] --END-- [ RunTime:0.011948s ]
INFO: [ view_filter ] --START--
INFO: Run Behavior\WriteHtmlCacheBehavior [ RunTime:0.000472s ]
INFO: [ view_filter ] --END-- [ RunTime:0.000506s ]
INFO: [ app_end ] --START--
INFO: Run Behavior\ShowPageTraceBehavior [ RunTime:0.000644s ]
INFO: [ app_end ] --END-- [ RunTime:0.000683s ]

[ 2015-12-07T17:59:37+08:00 ] 127.0.0.1 /index.php/Home/Article/query/id/4/cid/1.html
INFO: [ app_init ] --START--
INFO: Run Behavior\BuildLiteBehavior [ RunTime:0.000014s ]
INFO: [ app_init ] --END-- [ RunTime:0.000495s ]
INFO: [ app_begin ] --START--
INFO: Run Behavior\ReadHtmlCacheBehavior [ RunTime:0.000686s ]
INFO: [ app_begin ] --END-- [ RunTime:0.000742s ]
NOTIC: [2048] Declaration of Home\Controller\ArticleController::get() should be compatible with Think\Controller::get($name = '') D:\xampp\htdocs\liul\Application\Home\Controller\ArticleController.class.php 第 38 行.
SQL: SHOW COLUMNS FROM `category` [ RunTime:0.0027s ]
SQL: SHOW COLUMNS FROM `category` [ RunTime:0.0049s ]
SQL: SELECT * FROM `category` WHERE `cid` = 1 ORDER BY amount DESC  [ RunTime:0.0006s ]
SQL: SHOW COLUMNS FROM `article` [ RunTime:0.0042s ]
SQL: SHOW COLUMNS FROM `article` [ RunTime:0.0033s ]
SQL: SELECT * FROM `article` WHERE `cid` = 4 ORDER BY `like` desc LIMIT 0,5   [ RunTime:0.0005s ]
SQL: SELECT count(id) as totalcount FROM `article` WHERE `cid` = 4  [ RunTime:0.0003s ]
INFO: [ view_parse ] --START--
INFO: [ template_filter ] --START--
INFO: Run Behavior\ContentReplaceBehavior [ RunTime:0.000057s ]
INFO: [ template_filter ] --END-- [ RunTime:0.000109s ]
INFO: Run Behavior\ParseTemplateBehavior [ RunTime:0.013744s ]
INFO: [ view_parse ] --END-- [ RunTime:0.013798s ]
INFO: [ view_filter ] --START--
INFO: Run Behavior\WriteHtmlCacheBehavior [ RunTime:0.000539s ]
INFO: [ view_filter ] --END-- [ RunTime:0.000579s ]
INFO: [ app_end ] --START--
INFO: Run Behavior\ShowPageTraceBehavior [ RunTime:0.000694s ]
INFO: [ app_end ] --END-- [ RunTime:0.000736s ]

[ 2015-12-07T19:42:23+08:00 ] 127.0.0.1 /index.php/Home/Article/query/id/4/cid/1.html
INFO: [ app_init ] --START--
INFO: Run Behavior\BuildLiteBehavior [ RunTime:0.000048s ]
INFO: [ app_init ] --END-- [ RunTime:0.000699s ]
INFO: [ app_begin ] --START--
INFO: Run Behavior\ReadHtmlCacheBehavior [ RunTime:0.000757s ]
INFO: [ app_begin ] --END-- [ RunTime:0.000824s ]
NOTIC: [2048] Declaration of Home\Controller\ArticleController::get() should be compatible with Think\Controller::get($name = '') D:\xampp\htdocs\liul\Application\Home\Controller\ArticleController.class.php 第 38 行.
SQL: SHOW COLUMNS FROM `category` [ RunTime:0.0031s ]
SQL: SHOW COLUMNS FROM `category` [ RunTime:0.0030s ]
SQL: SELECT * FROM `category` WHERE `cid` = 1 ORDER BY amount DESC  [ RunTime:0.0014s ]
SQL: SHOW COLUMNS FROM `article` [ RunTime:0.0032s ]
SQL: SHOW COLUMNS FROM `article` [ RunTime:0.0028s ]
SQL: SELECT * FROM `article` WHERE `cid` = 4 ORDER BY `like` desc LIMIT 0,5   [ RunTime:0.0004s ]
SQL: SELECT count(id) as totalcount FROM `article` WHERE `cid` = 4  [ RunTime:0.0002s ]
INFO: [ view_parse ] --START--
INFO: [ template_filter ] --START--
INFO: Run Behavior\ContentReplaceBehavior [ RunTime:0.000069s ]
INFO: [ template_filter ] --END-- [ RunTime:0.000117s ]
INFO: Run Behavior\ParseTemplateBehavior [ RunTime:0.010605s ]
INFO: [ view_parse ] --END-- [ RunTime:0.010654s ]
INFO: [ view_filter ] --START--
INFO: Run Behavior\WriteHtmlCacheBehavior [ RunTime:0.000442s ]
INFO: [ view_filter ] --END-- [ RunTime:0.000481s ]
INFO: [ app_end ] --START--
INFO: Run Behavior\ShowPageTraceBehavior [ RunTime:0.000664s ]
INFO: [ app_end ] --END-- [ RunTime:0.000711s ]

[ 2015-12-07T19:42:25+08:00 ] 127.0.0.1 /index.php/Home/Article/query/id/3/cid/1.html
INFO: [ app_init ] --START--
INFO: Run Behavior\BuildLiteBehavior [ RunTime:0.000019s ]
INFO: [ app_init ] --END-- [ RunTime:0.002206s ]
INFO: [ app_begin ] --START--
INFO: Run Behavior\ReadHtmlCacheBehavior [ RunTime:0.000607s ]
INFO: [ app_begin ] --END-- [ RunTime:0.000658s ]
NOTIC: [2048] Declaration of Home\Controller\ArticleController::get() should be compatible with Think\Controller::get($name = '') D:\xampp\htdocs\liul\Application\Home\Controller\ArticleController.class.php 第 38 行.
SQL: SHOW COLUMNS FROM `category` [ RunTime:0.0029s ]
SQL: SHOW COLUMNS FROM `category` [ RunTime:0.0043s ]
SQL: SELECT * FROM `category` WHERE `cid` = 1 ORDER BY amount DESC  [ RunTime:0.0005s ]
SQL: SHOW COLUMNS FROM `article` [ RunTime:0.0035s ]
SQL: SHOW COLUMNS FROM `article` [ RunTime:0.0030s ]
SQL: SELECT * FROM `article` WHERE `cid` = 3 ORDER BY `like` desc LIMIT 0,5   [ RunTime:0.0004s ]
SQL: SELECT count(id) as totalcount FROM `article` WHERE `cid` = 3  [ RunTime:0.0003s ]
INFO: [ view_parse ] --START--
INFO: [ template_filter ] --START--
INFO: Run Behavior\ContentReplaceBehavior [ RunTime:0.000052s ]
INFO: [ template_filter ] --END-- [ RunTime:0.000096s ]
INFO: Run Behavior\ParseTemplateBehavior [ RunTime:0.010094s ]
INFO: [ view_parse ] --END-- [ RunTime:0.010143s ]
INFO: [ view_filter ] --START--
INFO: Run Behavior\WriteHtmlCacheBehavior [ RunTime:0.000463s ]
INFO: [ view_filter ] --END-- [ RunTime:0.000497s ]
INFO: [ app_end ] --START--
INFO: Run Behavior\ShowPageTraceBehavior [ RunTime:0.000592s ]
INFO: [ app_end ] --END-- [ RunTime:0.000628s ]

[ 2015-12-07T19:42:33+08:00 ] 127.0.0.1 /index.php/Home/Article/get/id/14/cid/3.html
INFO: [ app_init ] --START--
INFO: Run Behavior\BuildLiteBehavior [ RunTime:0.000016s ]
INFO: [ app_init ] --END-- [ RunTime:0.001762s ]
INFO: [ app_begin ] --START--
INFO: Run Behavior\ReadHtmlCacheBehavior [ RunTime:0.000824s ]
INFO: [ app_begin ] --END-- [ RunTime:0.000887s ]
NOTIC: [2048] Declaration of Home\Controller\ArticleController::get() should be compatible with Think\Controller::get($name = '') D:\xampp\htdocs\liul\Application\Home\Controller\ArticleController.class.php 第 38 行.
SQL: SHOW COLUMNS FROM `category` [ RunTime:0.0029s ]
SQL: SHOW COLUMNS FROM `category` [ RunTime:0.0042s ]
SQL: SELECT * FROM `category` WHERE `id` = 3 ORDER BY amount DESC  [ RunTime:0.0004s ]
SQL: SHOW COLUMNS FROM `article` [ RunTime:0.0029s ]
SQL: SHOW COLUMNS FROM `article` [ RunTime:0.0030s ]
SQL: SELECT * FROM `article` WHERE `id` = 14  [ RunTime:0.0004s ]
SQL: SELECT * FROM `category` WHERE `cid` = 1 ORDER BY amount DESC  [ RunTime:0.0004s ]
INFO: [ view_parse ] --START--
INFO: [ template_filter ] --START--
INFO: Run Behavior\ContentReplaceBehavior [ RunTime:0.000044s ]
INFO: [ template_filter ] --END-- [ RunTime:0.000092s ]
INFO: Run Behavior\ParseTemplateBehavior [ RunTime:0.038905s ]
INFO: [ view_parse ] --END-- [ RunTime:0.039016s ]
INFO: [ view_filter ] --START--
INFO: Run Behavior\WriteHtmlCacheBehavior [ RunTime:0.000622s ]
INFO: [ view_filter ] --END-- [ RunTime:0.000680s ]
INFO: [ app_end ] --START--
INFO: Run Behavior\ShowPageTraceBehavior [ RunTime:0.000610s ]
INFO: [ app_end ] --END-- [ RunTime:0.000648s ]

