[ 2016-03-15T15:34:27+08:00 ] 127.0.0.1 /
INFO: [ app_init ] --START--
INFO: Run Behavior\BuildLiteBehavior [ RunTime:0.000015s ]
INFO: [ app_init ] --END-- [ RunTime:0.011034s ]
INFO: [ app_begin ] --START--
INFO: Run Behavior\ReadHtmlCacheBehavior [ RunTime:0.000758s ]
INFO: [ app_begin ] --END-- [ RunTime:0.000818s ]
SQL: SHOW COLUMNS FROM `article` [ RunTime:0.0985s ]
SQL: SHOW COLUMNS FROM `article` [ RunTime:0.0024s ]
SQL: SELECT * FROM `article` ORDER BY `like` desc LIMIT 0,9999999   [ RunTime:0.0179s ]
SQL: SELECT count(id) as totalcount FROM `article`  [ RunTime:0.0122s ]
INFO: [ view_parse ] --START--
INFO: [ template_filter ] --START--
INFO: Run Behavior\ContentReplaceBehavior [ RunTime:0.010235s ]
INFO: [ template_filter ] --END-- [ RunTime:0.010299s ]
INFO: Run Behavior\ParseTemplateBehavior [ RunTime:0.080129s ]
INFO: [ view_parse ] --END-- [ RunTime:0.080185s ]
INFO: [ view_filter ] --START--
INFO: Run Behavior\WriteHtmlCacheBehavior [ RunTime:0.014828s ]
INFO: [ view_filter ] --END-- [ RunTime:0.014879s ]
INFO: [ app_end ] --START--
INFO: Run Behavior\ShowPageTraceBehavior [ RunTime:0.005959s ]
INFO: [ app_end ] --END-- [ RunTime:0.006021s ]

[ 2016-03-15T15:34:47+08:00 ] 127.0.0.1 /Home/Article/get/uid/11/cid/3/id/16
INFO: [ app_init ] --START--
INFO: Run Behavior\BuildLiteBehavior [ RunTime:0.000020s ]
INFO: [ app_init ] --END-- [ RunTime:0.000588s ]
INFO: [ app_begin ] --START--
INFO: Run Behavior\ReadHtmlCacheBehavior [ RunTime:0.000737s ]
INFO: [ app_begin ] --END-- [ RunTime:0.000939s ]
NOTIC: [2048] Declaration of Home\Controller\ArticleController::get() should be compatible with Think\Controller::get($name = '') D:\xampp\htdocs\liul\Application\Home\Controller\ArticleController.class.php 第 81 行.
SQL: SHOW COLUMNS FROM `article` [ RunTime:0.0178s ]
SQL: SHOW COLUMNS FROM `article` [ RunTime:0.0024s ]
SQL: SELECT * FROM `article` WHERE `id` = 16  [ RunTime:0.0206s ]
SQL: SHOW COLUMNS FROM `category` [ RunTime:0.0182s ]
SQL: SHOW COLUMNS FROM `category` [ RunTime:0.0132s ]
SQL: SELECT * FROM `category` WHERE `cid` = 0 AND `uid` = 11 ORDER BY amount DESC  [ RunTime:0.0008s ]
SQL: SELECT * FROM `category` WHERE `id` = 3 ORDER BY amount DESC  [ RunTime:0.0003s ]
SQL: SHOW COLUMNS FROM `users` [ RunTime:0.0245s ]
SQL: SHOW COLUMNS FROM `users` [ RunTime:0.0265s ]
SQL: SELECT * FROM `users` WHERE ( id=11 )  [ RunTime:0.0004s ]
NOTIC: [2048] Declaration of Common\Model\CommentModel::add() should be compatible with Think\Model::add($data = '', $options = Array, $replace = false) D:\xampp\htdocs\liul\Application\Common\Model\CommentModel.class.php 第 21 行.
SQL: SHOW COLUMNS FROM `comment` [ RunTime:0.0265s ]
SQL: SHOW COLUMNS FROM `comment` [ RunTime:0.0097s ]
SQL: SELECT users.name,users.headimg,comment.content,comment.createtime FROM `comment` INNER JOIN users on users.id = comment.uid  WHERE `aid` = '16' ORDER BY `createtime` asc  [ RunTime:0.0182s ]
INFO: [ view_parse ] --START--
INFO: [ template_filter ] --START--
INFO: Run Behavior\ContentReplaceBehavior [ RunTime:0.006805s ]
INFO: [ template_filter ] --END-- [ RunTime:0.006879s ]
INFO: Run Behavior\ParseTemplateBehavior [ RunTime:0.028722s ]
INFO: [ view_parse ] --END-- [ RunTime:0.028839s ]
INFO: [ view_filter ] --START--
INFO: Run Behavior\WriteHtmlCacheBehavior [ RunTime:0.000535s ]
INFO: [ view_filter ] --END-- [ RunTime:0.000583s ]
INFO: [ app_end ] --START--
INFO: Run Behavior\ShowPageTraceBehavior [ RunTime:0.001362s ]
INFO: [ app_end ] --END-- [ RunTime:0.001450s ]

[ 2016-03-15T15:35:02+08:00 ] 127.0.0.1 /index.php/Home/Article/query/cid/2.html
INFO: [ app_init ] --START--
INFO: Run Behavior\BuildLiteBehavior [ RunTime:0.000016s ]
INFO: [ app_init ] --END-- [ RunTime:0.000553s ]
INFO: [ app_begin ] --START--
INFO: Run Behavior\ReadHtmlCacheBehavior [ RunTime:0.000637s ]
INFO: [ app_begin ] --END-- [ RunTime:0.000691s ]
NOTIC: [2048] Declaration of Home\Controller\ArticleController::get() should be compatible with Think\Controller::get($name = '') D:\xampp\htdocs\liul\Application\Home\Controller\ArticleController.class.php 第 81 行.
SQL: SHOW COLUMNS FROM `category` [ RunTime:0.0022s ]
SQL: SHOW COLUMNS FROM `category` [ RunTime:0.0033s ]
SQL: SELECT * FROM `category` WHERE `id` = 2 AND `cid` = 0  [ RunTime:0.0003s ]
SQL: SELECT * FROM `category` WHERE `cid` = 2 ORDER BY amount DESC  [ RunTime:0.0003s ]
SQL: SELECT * FROM `category` WHERE `cid` = 0 AND `uid` = 11 ORDER BY amount DESC  [ RunTime:0.0003s ]
SQL: SHOW COLUMNS FROM `users` [ RunTime:0.0028s ]
SQL: SHOW COLUMNS FROM `users` [ RunTime:0.0035s ]
SQL: SELECT * FROM `users` WHERE ( id=11 )  [ RunTime:0.0003s ]
NOTIC: [8] Undefined variable: articles D:\xampp\htdocs\liul\Application\Home\Controller\ArticleController.class.php 第 48 行.
NOTIC: [8] Undefined index: id D:\xampp\htdocs\liul\Application\Home\Controller\ArticleController.class.php 第 49 行.
NOTIC: [8] Undefined variable: articles D:\xampp\htdocs\liul\Application\Home\Controller\ArticleController.class.php 第 50 行.
NOTIC: [8] Undefined variable: articles D:\xampp\htdocs\liul\Application\Home\Controller\ArticleController.class.php 第 51 行.
NOTIC: [8] Undefined variable: pagecount D:\xampp\htdocs\liul\Application\Home\Controller\ArticleController.class.php 第 51 行.
NOTIC: [2] Division by zero D:\xampp\htdocs\liul\Application\Home\Controller\ArticleController.class.php 第 51 行.
NOTIC: [8] Undefined index: page D:\xampp\htdocs\liul\Application\Home\Controller\ArticleController.class.php 第 52 行.
INFO: [ view_parse ] --START--
INFO: [ template_filter ] --START--
INFO: Run Behavior\ContentReplaceBehavior [ RunTime:0.000058s ]
INFO: [ template_filter ] --END-- [ RunTime:0.000102s ]
NOTIC: [8] Undefined variable: user D:\xampp\htdocs\liul\Application\Runtime\Cache\Home\7417e5288effc0f015fb1412cf5df107.php 第 21 行.
NOTIC: [8] Undefined variable: user D:\xampp\htdocs\liul\Application\Runtime\Cache\Home\7417e5288effc0f015fb1412cf5df107.php 第 22 行.
INFO: Run Behavior\ParseTemplateBehavior [ RunTime:0.019163s ]
INFO: [ view_parse ] --END-- [ RunTime:0.019221s ]
INFO: [ view_filter ] --START--
INFO: Run Behavior\WriteHtmlCacheBehavior [ RunTime:0.000384s ]
INFO: [ view_filter ] --END-- [ RunTime:0.000418s ]
INFO: [ app_end ] --START--
INFO: Run Behavior\ShowPageTraceBehavior [ RunTime:0.000502s ]
INFO: [ app_end ] --END-- [ RunTime:0.000538s ]

[ 2016-03-15T15:35:03+08:00 ] 127.0.0.1 /index.php/Home/Article/query/cid/7.html
INFO: [ app_init ] --START--
INFO: Run Behavior\BuildLiteBehavior [ RunTime:0.000022s ]
INFO: [ app_init ] --END-- [ RunTime:0.000607s ]
INFO: [ app_begin ] --START--
INFO: Run Behavior\ReadHtmlCacheBehavior [ RunTime:0.000632s ]
INFO: [ app_begin ] --END-- [ RunTime:0.000803s ]
NOTIC: [2048] Declaration of Home\Controller\ArticleController::get() should be compatible with Think\Controller::get($name = '') D:\xampp\htdocs\liul\Application\Home\Controller\ArticleController.class.php 第 81 行.
SQL: SHOW COLUMNS FROM `category` [ RunTime:0.0038s ]
SQL: SHOW COLUMNS FROM `category` [ RunTime:0.0024s ]
SQL: SELECT * FROM `category` WHERE `id` = 7 AND `cid` = 0  [ RunTime:0.0003s ]
SQL: SELECT * FROM `category` WHERE `cid` = 7 ORDER BY amount DESC  [ RunTime:0.0003s ]
SQL: SELECT * FROM `category` WHERE `cid` = 0 AND `uid` = 11 ORDER BY amount DESC  [ RunTime:0.0006s ]
SQL: SHOW COLUMNS FROM `users` [ RunTime:0.0025s ]
SQL: SHOW COLUMNS FROM `users` [ RunTime:0.0023s ]
SQL: SELECT * FROM `users` WHERE ( id=11 )  [ RunTime:0.0003s ]
NOTIC: [8] Undefined variable: articles D:\xampp\htdocs\liul\Application\Home\Controller\ArticleController.class.php 第 48 行.
NOTIC: [8] Undefined index: id D:\xampp\htdocs\liul\Application\Home\Controller\ArticleController.class.php 第 49 行.
NOTIC: [8] Undefined variable: articles D:\xampp\htdocs\liul\Application\Home\Controller\ArticleController.class.php 第 50 行.
NOTIC: [8] Undefined variable: articles D:\xampp\htdocs\liul\Application\Home\Controller\ArticleController.class.php 第 51 行.
NOTIC: [8] Undefined variable: pagecount D:\xampp\htdocs\liul\Application\Home\Controller\ArticleController.class.php 第 51 行.
NOTIC: [2] Division by zero D:\xampp\htdocs\liul\Application\Home\Controller\ArticleController.class.php 第 51 行.
NOTIC: [8] Undefined index: page D:\xampp\htdocs\liul\Application\Home\Controller\ArticleController.class.php 第 52 行.
INFO: [ view_parse ] --START--
INFO: [ template_filter ] --START--
INFO: Run Behavior\ContentReplaceBehavior [ RunTime:0.000057s ]
INFO: [ template_filter ] --END-- [ RunTime:0.000100s ]
NOTIC: [8] Undefined variable: user D:\xampp\htdocs\liul\Application\Runtime\Cache\Home\7417e5288effc0f015fb1412cf5df107.php 第 21 行.
NOTIC: [8] Undefined variable: user D:\xampp\htdocs\liul\Application\Runtime\Cache\Home\7417e5288effc0f015fb1412cf5df107.php 第 22 行.
NOTIC: [8] Undefined offset: 0 D:\xampp\htdocs\liul\Application\Runtime\Cache\Home\7417e5288effc0f015fb1412cf5df107.php 第 34 行.
NOTIC: [8] Undefined offset: 0 D:\xampp\htdocs\liul\Application\Runtime\Cache\Home\7417e5288effc0f015fb1412cf5df107.php 第 34 行.
INFO: Run Behavior\ParseTemplateBehavior [ RunTime:0.011679s ]
INFO: [ view_parse ] --END-- [ RunTime:0.011725s ]
INFO: [ view_filter ] --START--
INFO: Run Behavior\WriteHtmlCacheBehavior [ RunTime:0.000409s ]
INFO: [ view_filter ] --END-- [ RunTime:0.000446s ]
INFO: [ app_end ] --START--
INFO: Run Behavior\ShowPageTraceBehavior [ RunTime:0.000455s ]
INFO: [ app_end ] --END-- [ RunTime:0.000490s ]

[ 2016-03-15T15:35:05+08:00 ] 127.0.0.1 /index.php/Home/Article/query/cid/2.html
INFO: [ app_init ] --START--
INFO: Run Behavior\BuildLiteBehavior [ RunTime:0.000015s ]
INFO: [ app_init ] --END-- [ RunTime:0.000402s ]
INFO: [ app_begin ] --START--
INFO: Run Behavior\ReadHtmlCacheBehavior [ RunTime:0.000665s ]
INFO: [ app_begin ] --END-- [ RunTime:0.000727s ]
NOTIC: [2048] Declaration of Home\Controller\ArticleController::get() should be compatible with Think\Controller::get($name = '') D:\xampp\htdocs\liul\Application\Home\Controller\ArticleController.class.php 第 81 行.
SQL: SHOW COLUMNS FROM `category` [ RunTime:0.0027s ]
SQL: SHOW COLUMNS FROM `category` [ RunTime:0.0031s ]
SQL: SELECT * FROM `category` WHERE `id` = 2 AND `cid` = 0  [ RunTime:0.0004s ]
SQL: SELECT * FROM `category` WHERE `cid` = 2 ORDER BY amount DESC  [ RunTime:0.0007s ]
SQL: SELECT * FROM `category` WHERE `cid` = 0 AND `uid` = 11 ORDER BY amount DESC  [ RunTime:0.0007s ]
SQL: SHOW COLUMNS FROM `users` [ RunTime:0.0039s ]
SQL: SHOW COLUMNS FROM `users` [ RunTime:0.0028s ]
SQL: SELECT * FROM `users` WHERE ( id=11 )  [ RunTime:0.0003s ]
NOTIC: [8] Undefined variable: articles D:\xampp\htdocs\liul\Application\Home\Controller\ArticleController.class.php 第 48 行.
NOTIC: [8] Undefined index: id D:\xampp\htdocs\liul\Application\Home\Controller\ArticleController.class.php 第 49 行.
NOTIC: [8] Undefined variable: articles D:\xampp\htdocs\liul\Application\Home\Controller\ArticleController.class.php 第 50 行.
NOTIC: [8] Undefined variable: articles D:\xampp\htdocs\liul\Application\Home\Controller\ArticleController.class.php 第 51 行.
NOTIC: [8] Undefined variable: pagecount D:\xampp\htdocs\liul\Application\Home\Controller\ArticleController.class.php 第 51 行.
NOTIC: [2] Division by zero D:\xampp\htdocs\liul\Application\Home\Controller\ArticleController.class.php 第 51 行.
NOTIC: [8] Undefined index: page D:\xampp\htdocs\liul\Application\Home\Controller\ArticleController.class.php 第 52 行.
INFO: [ view_parse ] --START--
INFO: [ template_filter ] --START--
INFO: Run Behavior\ContentReplaceBehavior [ RunTime:0.000059s ]
INFO: [ template_filter ] --END-- [ RunTime:0.000101s ]
NOTIC: [8] Undefined variable: user D:\xampp\htdocs\liul\Application\Runtime\Cache\Home\7417e5288effc0f015fb1412cf5df107.php 第 21 行.
NOTIC: [8] Undefined variable: user D:\xampp\htdocs\liul\Application\Runtime\Cache\Home\7417e5288effc0f015fb1412cf5df107.php 第 22 行.
INFO: Run Behavior\ParseTemplateBehavior [ RunTime:0.009088s ]
INFO: [ view_parse ] --END-- [ RunTime:0.009132s ]
INFO: [ view_filter ] --START--
INFO: Run Behavior\WriteHtmlCacheBehavior [ RunTime:0.000347s ]
INFO: [ view_filter ] --END-- [ RunTime:0.000383s ]
INFO: [ app_end ] --START--
INFO: Run Behavior\ShowPageTraceBehavior [ RunTime:0.000462s ]
INFO: [ app_end ] --END-- [ RunTime:0.000514s ]

[ 2016-03-15T15:35:05+08:00 ] 127.0.0.1 /index.php/Home/Article/query/cid/1.html
INFO: [ app_init ] --START--
INFO: Run Behavior\BuildLiteBehavior [ RunTime:0.000013s ]
INFO: [ app_init ] --END-- [ RunTime:0.000462s ]
INFO: [ app_begin ] --START--
INFO: Run Behavior\ReadHtmlCacheBehavior [ RunTime:0.000532s ]
INFO: [ app_begin ] --END-- [ RunTime:0.000579s ]
NOTIC: [2048] Declaration of Home\Controller\ArticleController::get() should be compatible with Think\Controller::get($name = '') D:\xampp\htdocs\liul\Application\Home\Controller\ArticleController.class.php 第 81 行.
SQL: SHOW COLUMNS FROM `category` [ RunTime:0.0035s ]
SQL: SHOW COLUMNS FROM `category` [ RunTime:0.0040s ]
SQL: SELECT * FROM `category` WHERE `id` = 1 AND `cid` = 0  [ RunTime:0.0003s ]
SQL: SELECT * FROM `category` WHERE `cid` = 1 ORDER BY amount DESC  [ RunTime:0.0003s ]
SQL: SELECT * FROM `category` WHERE `cid` = 0 AND `uid` = 11 ORDER BY amount DESC  [ RunTime:0.0003s ]
SQL: SHOW COLUMNS FROM `users` [ RunTime:0.0029s ]
SQL: SHOW COLUMNS FROM `users` [ RunTime:0.0023s ]
SQL: SELECT * FROM `users` WHERE ( id=11 )  [ RunTime:0.0003s ]
NOTIC: [8] Undefined variable: articles D:\xampp\htdocs\liul\Application\Home\Controller\ArticleController.class.php 第 48 行.
NOTIC: [8] Undefined index: id D:\xampp\htdocs\liul\Application\Home\Controller\ArticleController.class.php 第 49 行.
NOTIC: [8] Undefined variable: articles D:\xampp\htdocs\liul\Application\Home\Controller\ArticleController.class.php 第 50 行.
NOTIC: [8] Undefined variable: articles D:\xampp\htdocs\liul\Application\Home\Controller\ArticleController.class.php 第 51 行.
NOTIC: [8] Undefined variable: pagecount D:\xampp\htdocs\liul\Application\Home\Controller\ArticleController.class.php 第 51 行.
NOTIC: [2] Division by zero D:\xampp\htdocs\liul\Application\Home\Controller\ArticleController.class.php 第 51 行.
NOTIC: [8] Undefined index: page D:\xampp\htdocs\liul\Application\Home\Controller\ArticleController.class.php 第 52 行.
INFO: [ view_parse ] --START--
INFO: [ template_filter ] --START--
INFO: Run Behavior\ContentReplaceBehavior [ RunTime:0.000055s ]
INFO: [ template_filter ] --END-- [ RunTime:0.000099s ]
NOTIC: [8] Undefined variable: user D:\xampp\htdocs\liul\Application\Runtime\Cache\Home\7417e5288effc0f015fb1412cf5df107.php 第 21 行.
NOTIC: [8] Undefined variable: user D:\xampp\htdocs\liul\Application\Runtime\Cache\Home\7417e5288effc0f015fb1412cf5df107.php 第 22 行.
INFO: Run Behavior\ParseTemplateBehavior [ RunTime:0.009730s ]
INFO: [ view_parse ] --END-- [ RunTime:0.009774s ]
INFO: [ view_filter ] --START--
INFO: Run Behavior\WriteHtmlCacheBehavior [ RunTime:0.000304s ]
INFO: [ view_filter ] --END-- [ RunTime:0.000336s ]
INFO: [ app_end ] --START--
INFO: Run Behavior\ShowPageTraceBehavior [ RunTime:0.001723s ]
INFO: [ app_end ] --END-- [ RunTime:0.001770s ]

[ 2016-03-15T15:35:07+08:00 ] 127.0.0.1 /index.php/Home/Article/query/cid/2.html
INFO: [ app_init ] --START--
INFO: Run Behavior\BuildLiteBehavior [ RunTime:0.000017s ]
INFO: [ app_init ] --END-- [ RunTime:0.000542s ]
INFO: [ app_begin ] --START--
INFO: Run Behavior\ReadHtmlCacheBehavior [ RunTime:0.000542s ]
INFO: [ app_begin ] --END-- [ RunTime:0.000705s ]
NOTIC: [2048] Declaration of Home\Controller\ArticleController::get() should be compatible with Think\Controller::get($name = '') D:\xampp\htdocs\liul\Application\Home\Controller\ArticleController.class.php 第 81 行.
SQL: SHOW COLUMNS FROM `category` [ RunTime:0.0022s ]
SQL: SHOW COLUMNS FROM `category` [ RunTime:0.0022s ]
SQL: SELECT * FROM `category` WHERE `id` = 2 AND `cid` = 0  [ RunTime:0.0003s ]
SQL: SELECT * FROM `category` WHERE `cid` = 2 ORDER BY amount DESC  [ RunTime:0.0003s ]
SQL: SELECT * FROM `category` WHERE `cid` = 0 AND `uid` = 11 ORDER BY amount DESC  [ RunTime:0.0002s ]
SQL: SHOW COLUMNS FROM `users` [ RunTime:0.0024s ]
SQL: SHOW COLUMNS FROM `users` [ RunTime:0.0022s ]
SQL: SELECT * FROM `users` WHERE ( id=11 )  [ RunTime:0.0003s ]
NOTIC: [8] Undefined variable: articles D:\xampp\htdocs\liul\Application\Home\Controller\ArticleController.class.php 第 48 行.
NOTIC: [8] Undefined index: id D:\xampp\htdocs\liul\Application\Home\Controller\ArticleController.class.php 第 49 行.
NOTIC: [8] Undefined variable: articles D:\xampp\htdocs\liul\Application\Home\Controller\ArticleController.class.php 第 50 行.
NOTIC: [8] Undefined variable: articles D:\xampp\htdocs\liul\Application\Home\Controller\ArticleController.class.php 第 51 行.
NOTIC: [8] Undefined variable: pagecount D:\xampp\htdocs\liul\Application\Home\Controller\ArticleController.class.php 第 51 行.
NOTIC: [2] Division by zero D:\xampp\htdocs\liul\Application\Home\Controller\ArticleController.class.php 第 51 行.
NOTIC: [8] Undefined index: page D:\xampp\htdocs\liul\Application\Home\Controller\ArticleController.class.php 第 52 行.
INFO: [ view_parse ] --START--
INFO: [ template_filter ] --START--
INFO: Run Behavior\ContentReplaceBehavior [ RunTime:0.000055s ]
INFO: [ template_filter ] --END-- [ RunTime:0.000097s ]
NOTIC: [8] Undefined variable: user D:\xampp\htdocs\liul\Application\Runtime\Cache\Home\7417e5288effc0f015fb1412cf5df107.php 第 21 行.
NOTIC: [8] Undefined variable: user D:\xampp\htdocs\liul\Application\Runtime\Cache\Home\7417e5288effc0f015fb1412cf5df107.php 第 22 行.
INFO: Run Behavior\ParseTemplateBehavior [ RunTime:0.011042s ]
INFO: [ view_parse ] --END-- [ RunTime:0.011086s ]
INFO: [ view_filter ] --START--
INFO: Run Behavior\WriteHtmlCacheBehavior [ RunTime:0.000309s ]
INFO: [ view_filter ] --END-- [ RunTime:0.000341s ]
INFO: [ app_end ] --START--
INFO: Run Behavior\ShowPageTraceBehavior [ RunTime:0.000457s ]
INFO: [ app_end ] --END-- [ RunTime:0.000493s ]

[ 2016-03-15T15:35:07+08:00 ] 127.0.0.1 /index.php/Home/Article/query/cid/7.html
INFO: [ app_init ] --START--
INFO: Run Behavior\BuildLiteBehavior [ RunTime:0.000012s ]
INFO: [ app_init ] --END-- [ RunTime:0.000443s ]
INFO: [ app_begin ] --START--
INFO: Run Behavior\ReadHtmlCacheBehavior [ RunTime:0.000580s ]
INFO: [ app_begin ] --END-- [ RunTime:0.000628s ]
NOTIC: [2048] Declaration of Home\Controller\ArticleController::get() should be compatible with Think\Controller::get($name = '') D:\xampp\htdocs\liul\Application\Home\Controller\ArticleController.class.php 第 81 行.
SQL: SHOW COLUMNS FROM `category` [ RunTime:0.0033s ]
SQL: SHOW COLUMNS FROM `category` [ RunTime:0.0022s ]
SQL: SELECT * FROM `category` WHERE `id` = 7 AND `cid` = 0  [ RunTime:0.0003s ]
SQL: SELECT * FROM `category` WHERE `cid` = 7 ORDER BY amount DESC  [ RunTime:0.0003s ]
SQL: SELECT * FROM `category` WHERE `cid` = 0 AND `uid` = 11 ORDER BY amount DESC  [ RunTime:0.0003s ]
SQL: SHOW COLUMNS FROM `users` [ RunTime:0.0032s ]
SQL: SHOW COLUMNS FROM `users` [ RunTime:0.0030s ]
SQL: SELECT * FROM `users` WHERE ( id=11 )  [ RunTime:0.0003s ]
NOTIC: [8] Undefined variable: articles D:\xampp\htdocs\liul\Application\Home\Controller\ArticleController.class.php 第 48 行.
NOTIC: [8] Undefined index: id D:\xampp\htdocs\liul\Application\Home\Controller\ArticleController.class.php 第 49 行.
NOTIC: [8] Undefined variable: articles D:\xampp\htdocs\liul\Application\Home\Controller\ArticleController.class.php 第 50 行.
NOTIC: [8] Undefined variable: articles D:\xampp\htdocs\liul\Application\Home\Controller\ArticleController.class.php 第 51 行.
NOTIC: [8] Undefined variable: pagecount D:\xampp\htdocs\liul\Application\Home\Controller\ArticleController.class.php 第 51 行.
NOTIC: [2] Division by zero D:\xampp\htdocs\liul\Application\Home\Controller\ArticleController.class.php 第 51 行.
NOTIC: [8] Undefined index: page D:\xampp\htdocs\liul\Application\Home\Controller\ArticleController.class.php 第 52 行.
INFO: [ view_parse ] --START--
INFO: [ template_filter ] --START--
INFO: Run Behavior\ContentReplaceBehavior [ RunTime:0.000055s ]
INFO: [ template_filter ] --END-- [ RunTime:0.000097s ]
NOTIC: [8] Undefined variable: user D:\xampp\htdocs\liul\Application\Runtime\Cache\Home\7417e5288effc0f015fb1412cf5df107.php 第 21 行.
NOTIC: [8] Undefined variable: user D:\xampp\htdocs\liul\Application\Runtime\Cache\Home\7417e5288effc0f015fb1412cf5df107.php 第 22 行.
NOTIC: [8] Undefined offset: 0 D:\xampp\htdocs\liul\Application\Runtime\Cache\Home\7417e5288effc0f015fb1412cf5df107.php 第 34 行.
NOTIC: [8] Undefined offset: 0 D:\xampp\htdocs\liul\Application\Runtime\Cache\Home\7417e5288effc0f015fb1412cf5df107.php 第 34 行.
INFO: Run Behavior\ParseTemplateBehavior [ RunTime:0.008694s ]
INFO: [ view_parse ] --END-- [ RunTime:0.008736s ]
INFO: [ view_filter ] --START--
INFO: Run Behavior\WriteHtmlCacheBehavior [ RunTime:0.000288s ]
INFO: [ view_filter ] --END-- [ RunTime:0.000321s ]
INFO: [ app_end ] --START--
INFO: Run Behavior\ShowPageTraceBehavior [ RunTime:0.000477s ]
INFO: [ app_end ] --END-- [ RunTime:0.000514s ]

[ 2016-03-15T15:35:09+08:00 ] 127.0.0.1 /index.php/Home/Article/query/cid/2.html
INFO: [ app_init ] --START--
INFO: Run Behavior\BuildLiteBehavior [ RunTime:0.000014s ]
INFO: [ app_init ] --END-- [ RunTime:0.000382s ]
INFO: [ app_begin ] --START--
INFO: Run Behavior\ReadHtmlCacheBehavior [ RunTime:0.000453s ]
INFO: [ app_begin ] --END-- [ RunTime:0.000501s ]
NOTIC: [2048] Declaration of Home\Controller\ArticleController::get() should be compatible with Think\Controller::get($name = '') D:\xampp\htdocs\liul\Application\Home\Controller\ArticleController.class.php 第 81 行.
SQL: SHOW COLUMNS FROM `category` [ RunTime:0.0027s ]
SQL: SHOW COLUMNS FROM `category` [ RunTime:0.0046s ]
SQL: SELECT * FROM `category` WHERE `id` = 2 AND `cid` = 0  [ RunTime:0.0003s ]
SQL: SELECT * FROM `category` WHERE `cid` = 2 ORDER BY amount DESC  [ RunTime:0.0003s ]
SQL: SELECT * FROM `category` WHERE `cid` = 0 AND `uid` = 11 ORDER BY amount DESC  [ RunTime:0.0003s ]
SQL: SHOW COLUMNS FROM `users` [ RunTime:0.0023s ]
SQL: SHOW COLUMNS FROM `users` [ RunTime:0.0022s ]
SQL: SELECT * FROM `users` WHERE ( id=11 )  [ RunTime:0.0003s ]
NOTIC: [8] Undefined variable: articles D:\xampp\htdocs\liul\Application\Home\Controller\ArticleController.class.php 第 48 行.
NOTIC: [8] Undefined index: id D:\xampp\htdocs\liul\Application\Home\Controller\ArticleController.class.php 第 49 行.
NOTIC: [8] Undefined variable: articles D:\xampp\htdocs\liul\Application\Home\Controller\ArticleController.class.php 第 50 行.
NOTIC: [8] Undefined variable: articles D:\xampp\htdocs\liul\Application\Home\Controller\ArticleController.class.php 第 51 行.
NOTIC: [8] Undefined variable: pagecount D:\xampp\htdocs\liul\Application\Home\Controller\ArticleController.class.php 第 51 行.
NOTIC: [2] Division by zero D:\xampp\htdocs\liul\Application\Home\Controller\ArticleController.class.php 第 51 行.
NOTIC: [8] Undefined index: page D:\xampp\htdocs\liul\Application\Home\Controller\ArticleController.class.php 第 52 行.
INFO: [ view_parse ] --START--
INFO: [ template_filter ] --START--
INFO: Run Behavior\ContentReplaceBehavior [ RunTime:0.000056s ]
INFO: [ template_filter ] --END-- [ RunTime:0.000099s ]
NOTIC: [8] Undefined variable: user D:\xampp\htdocs\liul\Application\Runtime\Cache\Home\7417e5288effc0f015fb1412cf5df107.php 第 21 行.
NOTIC: [8] Undefined variable: user D:\xampp\htdocs\liul\Application\Runtime\Cache\Home\7417e5288effc0f015fb1412cf5df107.php 第 22 行.
INFO: Run Behavior\ParseTemplateBehavior [ RunTime:0.011964s ]
INFO: [ view_parse ] --END-- [ RunTime:0.012009s ]
INFO: [ view_filter ] --START--
INFO: Run Behavior\WriteHtmlCacheBehavior [ RunTime:0.000337s ]
INFO: [ view_filter ] --END-- [ RunTime:0.000372s ]
INFO: [ app_end ] --START--
INFO: Run Behavior\ShowPageTraceBehavior [ RunTime:0.000459s ]
INFO: [ app_end ] --END-- [ RunTime:0.000493s ]

[ 2016-03-15T15:35:10+08:00 ] 127.0.0.1 /index.php/Home/Article/query/cid/1.html
INFO: [ app_init ] --START--
INFO: Run Behavior\BuildLiteBehavior [ RunTime:0.000012s ]
INFO: [ app_init ] --END-- [ RunTime:0.000458s ]
INFO: [ app_begin ] --START--
INFO: Run Behavior\ReadHtmlCacheBehavior [ RunTime:0.000530s ]
INFO: [ app_begin ] --END-- [ RunTime:0.000578s ]
NOTIC: [2048] Declaration of Home\Controller\ArticleController::get() should be compatible with Think\Controller::get($name = '') D:\xampp\htdocs\liul\Application\Home\Controller\ArticleController.class.php 第 81 行.
SQL: SHOW COLUMNS FROM `category` [ RunTime:0.0022s ]
SQL: SHOW COLUMNS FROM `category` [ RunTime:0.0039s ]
SQL: SELECT * FROM `category` WHERE `id` = 1 AND `cid` = 0  [ RunTime:0.0003s ]
SQL: SELECT * FROM `category` WHERE `cid` = 1 ORDER BY amount DESC  [ RunTime:0.0003s ]
SQL: SELECT * FROM `category` WHERE `cid` = 0 AND `uid` = 11 ORDER BY amount DESC  [ RunTime:0.0003s ]
SQL: SHOW COLUMNS FROM `users` [ RunTime:0.0033s ]
SQL: SHOW COLUMNS FROM `users` [ RunTime:0.0039s ]
SQL: SELECT * FROM `users` WHERE ( id=11 )  [ RunTime:0.0003s ]
NOTIC: [8] Undefined variable: articles D:\xampp\htdocs\liul\Application\Home\Controller\ArticleController.class.php 第 48 行.
NOTIC: [8] Undefined index: id D:\xampp\htdocs\liul\Application\Home\Controller\ArticleController.class.php 第 49 行.
NOTIC: [8] Undefined variable: articles D:\xampp\htdocs\liul\Application\Home\Controller\ArticleController.class.php 第 50 行.
NOTIC: [8] Undefined variable: articles D:\xampp\htdocs\liul\Application\Home\Controller\ArticleController.class.php 第 51 行.
NOTIC: [8] Undefined variable: pagecount D:\xampp\htdocs\liul\Application\Home\Controller\ArticleController.class.php 第 51 行.
NOTIC: [2] Division by zero D:\xampp\htdocs\liul\Application\Home\Controller\ArticleController.class.php 第 51 行.
NOTIC: [8] Undefined index: page D:\xampp\htdocs\liul\Application\Home\Controller\ArticleController.class.php 第 52 行.
INFO: [ view_parse ] --START--
INFO: [ template_filter ] --START--
INFO: Run Behavior\ContentReplaceBehavior [ RunTime:0.000064s ]
INFO: [ template_filter ] --END-- [ RunTime:0.000115s ]
NOTIC: [8] Undefined variable: user D:\xampp\htdocs\liul\Application\Runtime\Cache\Home\7417e5288effc0f015fb1412cf5df107.php 第 21 行.
NOTIC: [8] Undefined variable: user D:\xampp\htdocs\liul\Application\Runtime\Cache\Home\7417e5288effc0f015fb1412cf5df107.php 第 22 行.
INFO: Run Behavior\ParseTemplateBehavior [ RunTime:0.010873s ]
INFO: [ view_parse ] --END-- [ RunTime:0.010919s ]
INFO: [ view_filter ] --START--
INFO: Run Behavior\WriteHtmlCacheBehavior [ RunTime:0.000491s ]
INFO: [ view_filter ] --END-- [ RunTime:0.000568s ]
INFO: [ app_end ] --START--
INFO: Run Behavior\ShowPageTraceBehavior [ RunTime:0.000868s ]
INFO: [ app_end ] --END-- [ RunTime:0.000909s ]

[ 2016-03-15T15:35:12+08:00 ] 127.0.0.1 /index.php/Home/Article/query/cid/3.html
INFO: [ app_init ] --START--
INFO: Run Behavior\BuildLiteBehavior [ RunTime:0.000016s ]
INFO: [ app_init ] --END-- [ RunTime:0.001205s ]
INFO: [ app_begin ] --START--
INFO: Run Behavior\ReadHtmlCacheBehavior [ RunTime:0.000477s ]
INFO: [ app_begin ] --END-- [ RunTime:0.000525s ]
NOTIC: [2048] Declaration of Home\Controller\ArticleController::get() should be compatible with Think\Controller::get($name = '') D:\xampp\htdocs\liul\Application\Home\Controller\ArticleController.class.php 第 81 行.
SQL: SHOW COLUMNS FROM `category` [ RunTime:0.0024s ]
SQL: SHOW COLUMNS FROM `category` [ RunTime:0.0062s ]
SQL: SELECT * FROM `category` WHERE `id` = 3 AND `cid` = 0  [ RunTime:0.0003s ]
SQL: SELECT * FROM `category` WHERE `id` = 3  [ RunTime:0.0002s ]
SQL: SELECT * FROM `category` WHERE `cid` = 1 ORDER BY amount DESC  [ RunTime:0.0003s ]
SQL: SELECT * FROM `category` WHERE `cid` = 0 AND `uid` = 11 ORDER BY amount DESC  [ RunTime:0.0003s ]
SQL: SHOW COLUMNS FROM `users` [ RunTime:0.0023s ]
SQL: SHOW COLUMNS FROM `users` [ RunTime:0.0023s ]
SQL: SELECT * FROM `users` WHERE ( id=11 )  [ RunTime:0.0003s ]
SQL: SHOW COLUMNS FROM `article` [ RunTime:0.0028s ]
SQL: SHOW COLUMNS FROM `article` [ RunTime:0.0033s ]
SQL: SELECT * FROM `article` WHERE `cid` = 3 ORDER BY `like` desc LIMIT 0,5   [ RunTime:0.0005s ]
SQL: SELECT count(id) as totalcount FROM `article` WHERE `cid` = 3  [ RunTime:0.0003s ]
NOTIC: [8] Undefined index: id D:\xampp\htdocs\liul\Application\Home\Controller\ArticleController.class.php 第 49 行.
INFO: [ view_parse ] --START--
INFO: [ template_filter ] --START--
INFO: Run Behavior\ContentReplaceBehavior [ RunTime:0.000054s ]
INFO: [ template_filter ] --END-- [ RunTime:0.000098s ]
NOTIC: [8] Undefined variable: user D:\xampp\htdocs\liul\Application\Runtime\Cache\Home\7417e5288effc0f015fb1412cf5df107.php 第 21 行.
NOTIC: [8] Undefined variable: user D:\xampp\htdocs\liul\Application\Runtime\Cache\Home\7417e5288effc0f015fb1412cf5df107.php 第 22 行.
INFO: Run Behavior\ParseTemplateBehavior [ RunTime:0.008970s ]
INFO: [ view_parse ] --END-- [ RunTime:0.009010s ]
INFO: [ view_filter ] --START--
INFO: Run Behavior\WriteHtmlCacheBehavior [ RunTime:0.000280s ]
INFO: [ view_filter ] --END-- [ RunTime:0.000311s ]
INFO: [ app_end ] --START--
INFO: Run Behavior\ShowPageTraceBehavior [ RunTime:0.001903s ]
INFO: [ app_end ] --END-- [ RunTime:0.001953s ]

[ 2016-03-15T15:35:14+08:00 ] 127.0.0.1 /index.php/Home/Article/get/id/1.html
INFO: [ app_init ] --START--
INFO: Run Behavior\BuildLiteBehavior [ RunTime:0.000012s ]
INFO: [ app_init ] --END-- [ RunTime:0.000462s ]
INFO: [ app_begin ] --START--
INFO: Run Behavior\ReadHtmlCacheBehavior [ RunTime:0.000541s ]
INFO: [ app_begin ] --END-- [ RunTime:0.000590s ]
NOTIC: [2048] Declaration of Home\Controller\ArticleController::get() should be compatible with Think\Controller::get($name = '') D:\xampp\htdocs\liul\Application\Home\Controller\ArticleController.class.php 第 81 行.
SQL: SHOW COLUMNS FROM `article` [ RunTime:0.0025s ]
SQL: SHOW COLUMNS FROM `article` [ RunTime:0.0029s ]
SQL: SELECT * FROM `article` WHERE `id` = 1  [ RunTime:0.0003s ]
SQL: SHOW COLUMNS FROM `category` [ RunTime:0.0025s ]
SQL: SHOW COLUMNS FROM `category` [ RunTime:0.0023s ]
SQL: SELECT * FROM `category` WHERE `cid` = 0 AND `uid` = 11 ORDER BY amount DESC  [ RunTime:0.0004s ]
SQL: SELECT * FROM `category` WHERE `id` = 3 ORDER BY amount DESC  [ RunTime:0.0002s ]
SQL: SHOW COLUMNS FROM `users` [ RunTime:0.0025s ]
SQL: SHOW COLUMNS FROM `users` [ RunTime:0.0031s ]
SQL: SELECT * FROM `users` WHERE ( id=11 )  [ RunTime:0.0005s ]
NOTIC: [2048] Declaration of Common\Model\CommentModel::add() should be compatible with Think\Model::add($data = '', $options = Array, $replace = false) D:\xampp\htdocs\liul\Application\Common\Model\CommentModel.class.php 第 21 行.
SQL: SHOW COLUMNS FROM `comment` [ RunTime:0.0031s ]
SQL: SHOW COLUMNS FROM `comment` [ RunTime:0.0034s ]
SQL: SELECT users.name,users.headimg,comment.content,comment.createtime FROM `comment` INNER JOIN users on users.id = comment.uid  WHERE `aid` = '1' ORDER BY `createtime` asc  [ RunTime:0.0044s ]
INFO: [ view_parse ] --START--
INFO: [ template_filter ] --START--
INFO: Run Behavior\ContentReplaceBehavior [ RunTime:0.000057s ]
INFO: [ template_filter ] --END-- [ RunTime:0.000104s ]
INFO: Run Behavior\ParseTemplateBehavior [ RunTime:0.012598s ]
INFO: [ view_parse ] --END-- [ RunTime:0.012653s ]
INFO: [ view_filter ] --START--
INFO: Run Behavior\WriteHtmlCacheBehavior [ RunTime:0.000293s ]
INFO: [ view_filter ] --END-- [ RunTime:0.000326s ]
INFO: [ app_end ] --START--
INFO: Run Behavior\ShowPageTraceBehavior [ RunTime:0.000448s ]
INFO: [ app_end ] --END-- [ RunTime:0.000482s ]

[ 2016-03-15T15:37:27+08:00 ] 127.0.0.1 /index.php/Home/Article/query/cid/2.html
INFO: [ app_init ] --START--
INFO: Run Behavior\BuildLiteBehavior [ RunTime:0.000013s ]
INFO: [ app_init ] --END-- [ RunTime:0.000590s ]
INFO: [ app_begin ] --START--
INFO: Run Behavior\ReadHtmlCacheBehavior [ RunTime:0.000543s ]
INFO: [ app_begin ] --END-- [ RunTime:0.000591s ]
NOTIC: [2048] Declaration of Home\Controller\ArticleController::get() should be compatible with Think\Controller::get($name = '') D:\xampp\htdocs\liul\Application\Home\Controller\ArticleController.class.php 第 81 行.
SQL: SHOW COLUMNS FROM `category` [ RunTime:0.0034s ]
SQL: SHOW COLUMNS FROM `category` [ RunTime:0.0022s ]
SQL: SELECT * FROM `category` WHERE `id` = 2 AND `cid` = 0  [ RunTime:0.0003s ]
SQL: SELECT * FROM `category` WHERE `cid` = 2 ORDER BY amount DESC  [ RunTime:0.0003s ]
SQL: SELECT * FROM `category` WHERE `cid` = 0 AND `uid` = 11 ORDER BY amount DESC  [ RunTime:0.0003s ]
SQL: SHOW COLUMNS FROM `users` [ RunTime:0.0035s ]
SQL: SHOW COLUMNS FROM `users` [ RunTime:0.0023s ]
SQL: SELECT * FROM `users` WHERE ( id=11 )  [ RunTime:0.0003s ]
NOTIC: [8] Undefined variable: articles D:\xampp\htdocs\liul\Application\Home\Controller\ArticleController.class.php 第 48 行.
NOTIC: [8] Undefined index: id D:\xampp\htdocs\liul\Application\Home\Controller\ArticleController.class.php 第 49 行.
NOTIC: [8] Undefined variable: articles D:\xampp\htdocs\liul\Application\Home\Controller\ArticleController.class.php 第 50 行.
NOTIC: [8] Undefined variable: articles D:\xampp\htdocs\liul\Application\Home\Controller\ArticleController.class.php 第 51 行.
NOTIC: [8] Undefined variable: pagecount D:\xampp\htdocs\liul\Application\Home\Controller\ArticleController.class.php 第 51 行.
NOTIC: [2] Division by zero D:\xampp\htdocs\liul\Application\Home\Controller\ArticleController.class.php 第 51 行.
NOTIC: [8] Undefined index: page D:\xampp\htdocs\liul\Application\Home\Controller\ArticleController.class.php 第 52 行.
INFO: [ view_parse ] --START--
INFO: [ template_filter ] --START--
INFO: Run Behavior\ContentReplaceBehavior [ RunTime:0.000063s ]
INFO: [ template_filter ] --END-- [ RunTime:0.000110s ]
NOTIC: [8] Undefined variable: user D:\xampp\htdocs\liul\Application\Runtime\Cache\Home\7417e5288effc0f015fb1412cf5df107.php 第 21 行.
NOTIC: [8] Undefined variable: user D:\xampp\htdocs\liul\Application\Runtime\Cache\Home\7417e5288effc0f015fb1412cf5df107.php 第 22 行.
INFO: Run Behavior\ParseTemplateBehavior [ RunTime:0.013071s ]
INFO: [ view_parse ] --END-- [ RunTime:0.013125s ]
INFO: [ view_filter ] --START--
INFO: Run Behavior\WriteHtmlCacheBehavior [ RunTime:0.000385s ]
INFO: [ view_filter ] --END-- [ RunTime:0.000419s ]
INFO: [ app_end ] --START--
INFO: Run Behavior\ShowPageTraceBehavior [ RunTime:0.000523s ]
INFO: [ app_end ] --END-- [ RunTime:0.000558s ]

[ 2016-03-15T15:37:29+08:00 ] 127.0.0.1 /index.php/Home/Article/query/cid/1.html
INFO: [ app_init ] --START--
INFO: Run Behavior\BuildLiteBehavior [ RunTime:0.000014s ]
INFO: [ app_init ] --END-- [ RunTime:0.000387s ]
INFO: [ app_begin ] --START--
INFO: Run Behavior\ReadHtmlCacheBehavior [ RunTime:0.000466s ]
INFO: [ app_begin ] --END-- [ RunTime:0.000519s ]
NOTIC: [2048] Declaration of Home\Controller\ArticleController::get() should be compatible with Think\Controller::get($name = '') D:\xampp\htdocs\liul\Application\Home\Controller\ArticleController.class.php 第 81 行.
SQL: SHOW COLUMNS FROM `category` [ RunTime:0.0037s ]
SQL: SHOW COLUMNS FROM `category` [ RunTime:0.0033s ]
SQL: SELECT * FROM `category` WHERE `id` = 1 AND `cid` = 0  [ RunTime:0.0003s ]
SQL: SELECT * FROM `category` WHERE `cid` = 1 ORDER BY amount DESC  [ RunTime:0.0003s ]
SQL: SELECT * FROM `category` WHERE `cid` = 0 AND `uid` = 11 ORDER BY amount DESC  [ RunTime:0.0003s ]
SQL: SHOW COLUMNS FROM `users` [ RunTime:0.0022s ]
SQL: SHOW COLUMNS FROM `users` [ RunTime:0.0022s ]
SQL: SELECT * FROM `users` WHERE ( id=11 )  [ RunTime:0.0003s ]
NOTIC: [8] Undefined variable: articles D:\xampp\htdocs\liul\Application\Home\Controller\ArticleController.class.php 第 48 行.
NOTIC: [8] Undefined index: id D:\xampp\htdocs\liul\Application\Home\Controller\ArticleController.class.php 第 49 行.
NOTIC: [8] Undefined variable: articles D:\xampp\htdocs\liul\Application\Home\Controller\ArticleController.class.php 第 50 行.
NOTIC: [8] Undefined variable: articles D:\xampp\htdocs\liul\Application\Home\Controller\ArticleController.class.php 第 51 行.
NOTIC: [8] Undefined variable: pagecount D:\xampp\htdocs\liul\Application\Home\Controller\ArticleController.class.php 第 51 行.
NOTIC: [2] Division by zero D:\xampp\htdocs\liul\Application\Home\Controller\ArticleController.class.php 第 51 行.
NOTIC: [8] Undefined index: page D:\xampp\htdocs\liul\Application\Home\Controller\ArticleController.class.php 第 52 行.
INFO: [ view_parse ] --START--
INFO: [ template_filter ] --START--
INFO: Run Behavior\ContentReplaceBehavior [ RunTime:0.000057s ]
INFO: [ template_filter ] --END-- [ RunTime:0.000101s ]
NOTIC: [8] Undefined variable: user D:\xampp\htdocs\liul\Application\Runtime\Cache\Home\7417e5288effc0f015fb1412cf5df107.php 第 21 行.
NOTIC: [8] Undefined variable: user D:\xampp\htdocs\liul\Application\Runtime\Cache\Home\7417e5288effc0f015fb1412cf5df107.php 第 22 行.
INFO: Run Behavior\ParseTemplateBehavior [ RunTime:0.010677s ]
INFO: [ view_parse ] --END-- [ RunTime:0.010720s ]
INFO: [ view_filter ] --START--
INFO: Run Behavior\WriteHtmlCacheBehavior [ RunTime:0.000284s ]
INFO: [ view_filter ] --END-- [ RunTime:0.000317s ]
INFO: [ app_end ] --START--
INFO: Run Behavior\ShowPageTraceBehavior [ RunTime:0.000430s ]
INFO: [ app_end ] --END-- [ RunTime:0.000464s ]

[ 2016-03-15T15:37:30+08:00 ] 127.0.0.1 /index.php/Home/Article/query/cid/3.html
INFO: [ app_init ] --START--
INFO: Run Behavior\BuildLiteBehavior [ RunTime:0.000013s ]
INFO: [ app_init ] --END-- [ RunTime:0.000394s ]
INFO: [ app_begin ] --START--
INFO: Run Behavior\ReadHtmlCacheBehavior [ RunTime:0.001479s ]
INFO: [ app_begin ] --END-- [ RunTime:0.001591s ]
NOTIC: [2048] Declaration of Home\Controller\ArticleController::get() should be compatible with Think\Controller::get($name = '') D:\xampp\htdocs\liul\Application\Home\Controller\ArticleController.class.php 第 81 行.
SQL: SHOW COLUMNS FROM `category` [ RunTime:0.0022s ]
SQL: SHOW COLUMNS FROM `category` [ RunTime:0.0032s ]
SQL: SELECT * FROM `category` WHERE `id` = 3 AND `cid` = 0  [ RunTime:0.0004s ]
SQL: SELECT * FROM `category` WHERE `id` = 3  [ RunTime:0.0017s ]
SQL: SELECT * FROM `category` WHERE `cid` = 1 ORDER BY amount DESC  [ RunTime:0.0004s ]
SQL: SELECT * FROM `category` WHERE `cid` = 0 AND `uid` = 11 ORDER BY amount DESC  [ RunTime:0.0003s ]
SQL: SHOW COLUMNS FROM `users` [ RunTime:0.0024s ]
SQL: SHOW COLUMNS FROM `users` [ RunTime:0.0024s ]
SQL: SELECT * FROM `users` WHERE ( id=11 )  [ RunTime:0.0003s ]
SQL: SHOW COLUMNS FROM `article` [ RunTime:0.0023s ]
SQL: SHOW COLUMNS FROM `article` [ RunTime:0.0024s ]
SQL: SELECT * FROM `article` WHERE `cid` = 3 ORDER BY `like` desc LIMIT 0,5   [ RunTime:0.0004s ]
SQL: SELECT count(id) as totalcount FROM `article` WHERE `cid` = 3  [ RunTime:0.0006s ]
NOTIC: [8] Undefined index: id D:\xampp\htdocs\liul\Application\Home\Controller\ArticleController.class.php 第 49 行.
INFO: [ view_parse ] --START--
INFO: [ template_filter ] --START--
INFO: Run Behavior\ContentReplaceBehavior [ RunTime:0.000056s ]
INFO: [ template_filter ] --END-- [ RunTime:0.000099s ]
NOTIC: [8] Undefined variable: user D:\xampp\htdocs\liul\Application\Runtime\Cache\Home\7417e5288effc0f015fb1412cf5df107.php 第 21 行.
NOTIC: [8] Undefined variable: user D:\xampp\htdocs\liul\Application\Runtime\Cache\Home\7417e5288effc0f015fb1412cf5df107.php 第 22 行.
INFO: Run Behavior\ParseTemplateBehavior [ RunTime:0.010494s ]
INFO: [ view_parse ] --END-- [ RunTime:0.010555s ]
INFO: [ view_filter ] --START--
INFO: Run Behavior\WriteHtmlCacheBehavior [ RunTime:0.000975s ]
INFO: [ view_filter ] --END-- [ RunTime:0.001026s ]
INFO: [ app_end ] --START--
INFO: Run Behavior\ShowPageTraceBehavior [ RunTime:0.000480s ]
INFO: [ app_end ] --END-- [ RunTime:0.000518s ]

[ 2016-03-15T15:37:32+08:00 ] 127.0.0.1 /index.php/Home/Article/get/id/7.html
INFO: [ app_init ] --START--
INFO: Run Behavior\BuildLiteBehavior [ RunTime:0.000016s ]
INFO: [ app_init ] --END-- [ RunTime:0.000601s ]
INFO: [ app_begin ] --START--
INFO: Run Behavior\ReadHtmlCacheBehavior [ RunTime:0.000775s ]
INFO: [ app_begin ] --END-- [ RunTime:0.000845s ]
NOTIC: [2048] Declaration of Home\Controller\ArticleController::get() should be compatible with Think\Controller::get($name = '') D:\xampp\htdocs\liul\Application\Home\Controller\ArticleController.class.php 第 81 行.
SQL: SHOW COLUMNS FROM `article` [ RunTime:0.0036s ]
SQL: SHOW COLUMNS FROM `article` [ RunTime:0.0038s ]
SQL: SELECT * FROM `article` WHERE `id` = 7  [ RunTime:0.0004s ]
SQL: SHOW COLUMNS FROM `category` [ RunTime:0.0026s ]
SQL: SHOW COLUMNS FROM `category` [ RunTime:0.0021s ]
SQL: SELECT * FROM `category` WHERE `cid` = 0 AND `uid` = 11 ORDER BY amount DESC  [ RunTime:0.0003s ]
SQL: SELECT * FROM `category` WHERE `id` = 3 ORDER BY amount DESC  [ RunTime:0.0002s ]
SQL: SHOW COLUMNS FROM `users` [ RunTime:0.0022s ]
SQL: SHOW COLUMNS FROM `users` [ RunTime:0.0021s ]
SQL: SELECT * FROM `users` WHERE ( id=11 )  [ RunTime:0.0003s ]
NOTIC: [2048] Declaration of Common\Model\CommentModel::add() should be compatible with Think\Model::add($data = '', $options = Array, $replace = false) D:\xampp\htdocs\liul\Application\Common\Model\CommentModel.class.php 第 21 行.
SQL: SHOW COLUMNS FROM `comment` [ RunTime:0.0039s ]
SQL: SHOW COLUMNS FROM `comment` [ RunTime:0.0024s ]
SQL: SELECT users.name,users.headimg,comment.content,comment.createtime FROM `comment` INNER JOIN users on users.id = comment.uid  WHERE `aid` = '7' ORDER BY `createtime` asc  [ RunTime:0.0020s ]
INFO: [ view_parse ] --START--
INFO: [ template_filter ] --START--
INFO: Run Behavior\ContentReplaceBehavior [ RunTime:0.000065s ]
INFO: [ template_filter ] --END-- [ RunTime:0.000117s ]
INFO: Run Behavior\ParseTemplateBehavior [ RunTime:0.011943s ]
INFO: [ view_parse ] --END-- [ RunTime:0.012003s ]
INFO: [ view_filter ] --START--
INFO: Run Behavior\WriteHtmlCacheBehavior [ RunTime:0.000301s ]
INFO: [ view_filter ] --END-- [ RunTime:0.000333s ]
INFO: [ app_end ] --START--
INFO: Run Behavior\ShowPageTraceBehavior [ RunTime:0.000437s ]
INFO: [ app_end ] --END-- [ RunTime:0.000472s ]

[ 2016-03-15T15:37:46+08:00 ] 127.0.0.1 /index.php/Home/comment/add.html
INFO: [ app_init ] --START--
INFO: Run Behavior\BuildLiteBehavior [ RunTime:0.000014s ]
INFO: [ app_init ] --END-- [ RunTime:0.000505s ]
INFO: [ app_begin ] --START--
INFO: Run Behavior\ReadHtmlCacheBehavior [ RunTime:0.000449s ]
INFO: [ app_begin ] --END-- [ RunTime:0.000494s ]

[ 2016-03-15T15:37:48+08:00 ] 127.0.0.1 /index.php/Home/Article/get/id/7.html
INFO: [ app_init ] --START--
INFO: Run Behavior\BuildLiteBehavior [ RunTime:0.000013s ]
INFO: [ app_init ] --END-- [ RunTime:0.000391s ]
INFO: [ app_begin ] --START--
INFO: Run Behavior\ReadHtmlCacheBehavior [ RunTime:0.000502s ]
INFO: [ app_begin ] --END-- [ RunTime:0.000553s ]
NOTIC: [2048] Declaration of Home\Controller\ArticleController::get() should be compatible with Think\Controller::get($name = '') D:\xampp\htdocs\liul\Application\Home\Controller\ArticleController.class.php 第 81 行.
SQL: SHOW COLUMNS FROM `article` [ RunTime:0.0021s ]
SQL: SHOW COLUMNS FROM `article` [ RunTime:0.0021s ]
SQL: SELECT * FROM `article` WHERE `id` = 7  [ RunTime:0.0003s ]
SQL: SHOW COLUMNS FROM `category` [ RunTime:0.0025s ]
SQL: SHOW COLUMNS FROM `category` [ RunTime:0.0024s ]
SQL: SELECT * FROM `category` WHERE `cid` = 0 AND `uid` = 11 ORDER BY amount DESC  [ RunTime:0.0004s ]
SQL: SELECT * FROM `category` WHERE `id` = 3 ORDER BY amount DESC  [ RunTime:0.0002s ]
SQL: SHOW COLUMNS FROM `users` [ RunTime:0.0037s ]
SQL: SHOW COLUMNS FROM `users` [ RunTime:0.0022s ]
SQL: SELECT * FROM `users` WHERE ( id=11 )  [ RunTime:0.0003s ]
NOTIC: [2048] Declaration of Common\Model\CommentModel::add() should be compatible with Think\Model::add($data = '', $options = Array, $replace = false) D:\xampp\htdocs\liul\Application\Common\Model\CommentModel.class.php 第 21 行.
SQL: SHOW COLUMNS FROM `comment` [ RunTime:0.0022s ]
SQL: SHOW COLUMNS FROM `comment` [ RunTime:0.0036s ]
SQL: SELECT users.name,users.headimg,comment.content,comment.createtime FROM `comment` INNER JOIN users on users.id = comment.uid  WHERE `aid` = '7' ORDER BY `createtime` asc  [ RunTime:0.0023s ]
INFO: [ view_parse ] --START--
INFO: [ template_filter ] --START--
INFO: Run Behavior\ContentReplaceBehavior [ RunTime:0.000060s ]
INFO: [ template_filter ] --END-- [ RunTime:0.000119s ]
INFO: Run Behavior\ParseTemplateBehavior [ RunTime:0.010894s ]
INFO: [ view_parse ] --END-- [ RunTime:0.010947s ]
INFO: [ view_filter ] --START--
INFO: Run Behavior\WriteHtmlCacheBehavior [ RunTime:0.000458s ]
INFO: [ view_filter ] --END-- [ RunTime:0.000509s ]
INFO: [ app_end ] --START--
INFO: Run Behavior\ShowPageTraceBehavior [ RunTime:0.000766s ]
INFO: [ app_end ] --END-- [ RunTime:0.000818s ]

[ 2016-03-15T15:37:54+08:00 ] 127.0.0.1 /index.php/Home/comment/add.html
INFO: [ app_init ] --START--
INFO: Run Behavior\BuildLiteBehavior [ RunTime:0.000015s ]
INFO: [ app_init ] --END-- [ RunTime:0.000429s ]
INFO: [ app_begin ] --START--
INFO: Run Behavior\ReadHtmlCacheBehavior [ RunTime:0.000526s ]
INFO: [ app_begin ] --END-- [ RunTime:0.000601s ]
NOTIC: [2048] Declaration of Common\Model\CommentModel::add() should be compatible with Think\Model::add($data = '', $options = Array, $replace = false) D:\xampp\htdocs\liul\Application\Common\Model\CommentModel.class.php 第 4 行.
SQL: SHOW COLUMNS FROM `comment` [ RunTime:0.0032s ]
SQL: SHOW COLUMNS FROM `comment` [ RunTime:0.0034s ]
SQL: INSERT INTO `comment` (`aid`,`uid`,`createtime`,`updatetime`,`content`) VALUES ('7','2','1458027474','1458027474','勇巴马？') [ RunTime:0.0971s ]

[ 2016-03-15T15:37:54+08:00 ] 127.0.0.1 /index.php/Home/Article/get/id/7.html
INFO: [ app_init ] --START--
INFO: Run Behavior\BuildLiteBehavior [ RunTime:0.000015s ]
INFO: [ app_init ] --END-- [ RunTime:0.000702s ]
INFO: [ app_begin ] --START--
INFO: Run Behavior\ReadHtmlCacheBehavior [ RunTime:0.000579s ]
INFO: [ app_begin ] --END-- [ RunTime:0.000633s ]
NOTIC: [2048] Declaration of Home\Controller\ArticleController::get() should be compatible with Think\Controller::get($name = '') D:\xampp\htdocs\liul\Application\Home\Controller\ArticleController.class.php 第 81 行.
SQL: SHOW COLUMNS FROM `article` [ RunTime:0.0046s ]
SQL: SHOW COLUMNS FROM `article` [ RunTime:0.0031s ]
SQL: SELECT * FROM `article` WHERE `id` = 7  [ RunTime:0.0003s ]
SQL: SHOW COLUMNS FROM `category` [ RunTime:0.0027s ]
SQL: SHOW COLUMNS FROM `category` [ RunTime:0.0028s ]
SQL: SELECT * FROM `category` WHERE `cid` = 0 AND `uid` = 11 ORDER BY amount DESC  [ RunTime:0.0004s ]
SQL: SELECT * FROM `category` WHERE `id` = 3 ORDER BY amount DESC  [ RunTime:0.0002s ]
SQL: SHOW COLUMNS FROM `users` [ RunTime:0.0040s ]
SQL: SHOW COLUMNS FROM `users` [ RunTime:0.0031s ]
SQL: SELECT * FROM `users` WHERE ( id=11 )  [ RunTime:0.0004s ]
NOTIC: [2048] Declaration of Common\Model\CommentModel::add() should be compatible with Think\Model::add($data = '', $options = Array, $replace = false) D:\xampp\htdocs\liul\Application\Common\Model\CommentModel.class.php 第 21 行.
SQL: SHOW COLUMNS FROM `comment` [ RunTime:0.0025s ]
SQL: SHOW COLUMNS FROM `comment` [ RunTime:0.0032s ]
SQL: SELECT users.name,users.headimg,comment.content,comment.createtime FROM `comment` INNER JOIN users on users.id = comment.uid  WHERE `aid` = '7' ORDER BY `createtime` asc  [ RunTime:0.0025s ]
INFO: [ view_parse ] --START--
INFO: [ template_filter ] --START--
INFO: Run Behavior\ContentReplaceBehavior [ RunTime:0.000067s ]
INFO: [ template_filter ] --END-- [ RunTime:0.000159s ]
INFO: Run Behavior\ParseTemplateBehavior [ RunTime:0.011146s ]
INFO: [ view_parse ] --END-- [ RunTime:0.011207s ]
INFO: [ view_filter ] --START--
INFO: Run Behavior\WriteHtmlCacheBehavior [ RunTime:0.000358s ]
INFO: [ view_filter ] --END-- [ RunTime:0.000393s ]
INFO: [ app_end ] --START--
INFO: Run Behavior\ShowPageTraceBehavior [ RunTime:0.000619s ]
INFO: [ app_end ] --END-- [ RunTime:0.000665s ]

[ 2016-03-15T15:38:04+08:00 ] 127.0.0.1 /index.php/Home/Article/query/cid/7.html
INFO: [ app_init ] --START--
INFO: Run Behavior\BuildLiteBehavior [ RunTime:0.000013s ]
INFO: [ app_init ] --END-- [ RunTime:0.000461s ]
INFO: [ app_begin ] --START--
INFO: Run Behavior\ReadHtmlCacheBehavior [ RunTime:0.000527s ]
INFO: [ app_begin ] --END-- [ RunTime:0.000573s ]
NOTIC: [2048] Declaration of Home\Controller\ArticleController::get() should be compatible with Think\Controller::get($name = '') D:\xampp\htdocs\liul\Application\Home\Controller\ArticleController.class.php 第 81 行.
SQL: SHOW COLUMNS FROM `category` [ RunTime:0.0023s ]
SQL: SHOW COLUMNS FROM `category` [ RunTime:0.0027s ]
SQL: SELECT * FROM `category` WHERE `id` = 7 AND `cid` = 0  [ RunTime:0.0003s ]
SQL: SELECT * FROM `category` WHERE `cid` = 7 ORDER BY amount DESC  [ RunTime:0.0003s ]
SQL: SELECT * FROM `category` WHERE `cid` = 0 AND `uid` = 11 ORDER BY amount DESC  [ RunTime:0.0003s ]
SQL: SHOW COLUMNS FROM `users` [ RunTime:0.0022s ]
SQL: SHOW COLUMNS FROM `users` [ RunTime:0.0023s ]
SQL: SELECT * FROM `users` WHERE ( id=11 )  [ RunTime:0.0003s ]
NOTIC: [8] Undefined variable: articles D:\xampp\htdocs\liul\Application\Home\Controller\ArticleController.class.php 第 48 行.
NOTIC: [8] Undefined index: id D:\xampp\htdocs\liul\Application\Home\Controller\ArticleController.class.php 第 49 行.
NOTIC: [8] Undefined variable: articles D:\xampp\htdocs\liul\Application\Home\Controller\ArticleController.class.php 第 50 行.
NOTIC: [8] Undefined variable: articles D:\xampp\htdocs\liul\Application\Home\Controller\ArticleController.class.php 第 51 行.
NOTIC: [8] Undefined variable: pagecount D:\xampp\htdocs\liul\Application\Home\Controller\ArticleController.class.php 第 51 行.
NOTIC: [2] Division by zero D:\xampp\htdocs\liul\Application\Home\Controller\ArticleController.class.php 第 51 行.
NOTIC: [8] Undefined index: page D:\xampp\htdocs\liul\Application\Home\Controller\ArticleController.class.php 第 52 行.
INFO: [ view_parse ] --START--
INFO: [ template_filter ] --START--
INFO: Run Behavior\ContentReplaceBehavior [ RunTime:0.000058s ]
INFO: [ template_filter ] --END-- [ RunTime:0.000105s ]
NOTIC: [8] Undefined variable: user D:\xampp\htdocs\liul\Application\Runtime\Cache\Home\7417e5288effc0f015fb1412cf5df107.php 第 21 行.
NOTIC: [8] Undefined variable: user D:\xampp\htdocs\liul\Application\Runtime\Cache\Home\7417e5288effc0f015fb1412cf5df107.php 第 22 行.
NOTIC: [8] Undefined offset: 0 D:\xampp\htdocs\liul\Application\Runtime\Cache\Home\7417e5288effc0f015fb1412cf5df107.php 第 34 行.
NOTIC: [8] Undefined offset: 0 D:\xampp\htdocs\liul\Application\Runtime\Cache\Home\7417e5288effc0f015fb1412cf5df107.php 第 34 行.
INFO: Run Behavior\ParseTemplateBehavior [ RunTime:0.011830s ]
INFO: [ view_parse ] --END-- [ RunTime:0.011871s ]
INFO: [ view_filter ] --START--
INFO: Run Behavior\WriteHtmlCacheBehavior [ RunTime:0.000308s ]
INFO: [ view_filter ] --END-- [ RunTime:0.000342s ]
INFO: [ app_end ] --START--
INFO: Run Behavior\ShowPageTraceBehavior [ RunTime:0.000459s ]
INFO: [ app_end ] --END-- [ RunTime:0.000492s ]

[ 2016-03-15T15:38:05+08:00 ] 127.0.0.1 /index.php/Home/Article/query/cid/2.html
INFO: [ app_init ] --START--
INFO: Run Behavior\BuildLiteBehavior [ RunTime:0.000013s ]
INFO: [ app_init ] --END-- [ RunTime:0.000414s ]
INFO: [ app_begin ] --START--
INFO: Run Behavior\ReadHtmlCacheBehavior [ RunTime:0.000531s ]
INFO: [ app_begin ] --END-- [ RunTime:0.000578s ]
NOTIC: [2048] Declaration of Home\Controller\ArticleController::get() should be compatible with Think\Controller::get($name = '') D:\xampp\htdocs\liul\Application\Home\Controller\ArticleController.class.php 第 81 行.
SQL: SHOW COLUMNS FROM `category` [ RunTime:0.0023s ]
SQL: SHOW COLUMNS FROM `category` [ RunTime:0.0039s ]
SQL: SELECT * FROM `category` WHERE `id` = 2 AND `cid` = 0  [ RunTime:0.0004s ]
SQL: SELECT * FROM `category` WHERE `cid` = 2 ORDER BY amount DESC  [ RunTime:0.0003s ]
SQL: SELECT * FROM `category` WHERE `cid` = 0 AND `uid` = 11 ORDER BY amount DESC  [ RunTime:0.0003s ]
SQL: SHOW COLUMNS FROM `users` [ RunTime:0.0023s ]
SQL: SHOW COLUMNS FROM `users` [ RunTime:0.0025s ]
SQL: SELECT * FROM `users` WHERE ( id=11 )  [ RunTime:0.0003s ]
NOTIC: [8] Undefined variable: articles D:\xampp\htdocs\liul\Application\Home\Controller\ArticleController.class.php 第 48 行.
NOTIC: [8] Undefined index: id D:\xampp\htdocs\liul\Application\Home\Controller\ArticleController.class.php 第 49 行.
NOTIC: [8] Undefined variable: articles D:\xampp\htdocs\liul\Application\Home\Controller\ArticleController.class.php 第 50 行.
NOTIC: [8] Undefined variable: articles D:\xampp\htdocs\liul\Application\Home\Controller\ArticleController.class.php 第 51 行.
NOTIC: [8] Undefined variable: pagecount D:\xampp\htdocs\liul\Application\Home\Controller\ArticleController.class.php 第 51 行.
NOTIC: [2] Division by zero D:\xampp\htdocs\liul\Application\Home\Controller\ArticleController.class.php 第 51 行.
NOTIC: [8] Undefined index: page D:\xampp\htdocs\liul\Application\Home\Controller\ArticleController.class.php 第 52 行.
INFO: [ view_parse ] --START--
INFO: [ template_filter ] --START--
INFO: Run Behavior\ContentReplaceBehavior [ RunTime:0.000146s ]
INFO: [ template_filter ] --END-- [ RunTime:0.000251s ]
NOTIC: [8] Undefined variable: user D:\xampp\htdocs\liul\Application\Runtime\Cache\Home\7417e5288effc0f015fb1412cf5df107.php 第 21 行.
NOTIC: [8] Undefined variable: user D:\xampp\htdocs\liul\Application\Runtime\Cache\Home\7417e5288effc0f015fb1412cf5df107.php 第 22 行.
INFO: Run Behavior\ParseTemplateBehavior [ RunTime:0.009314s ]
INFO: [ view_parse ] --END-- [ RunTime:0.009356s ]
INFO: [ view_filter ] --START--
INFO: Run Behavior\WriteHtmlCacheBehavior [ RunTime:0.000298s ]
INFO: [ view_filter ] --END-- [ RunTime:0.000330s ]
INFO: [ app_end ] --START--
INFO: Run Behavior\ShowPageTraceBehavior [ RunTime:0.000450s ]
INFO: [ app_end ] --END-- [ RunTime:0.000484s ]

[ 2016-03-15T15:38:06+08:00 ] 127.0.0.1 /index.php/Home/Article/query/cid/1.html
INFO: [ app_init ] --START--
INFO: Run Behavior\BuildLiteBehavior [ RunTime:0.000015s ]
INFO: [ app_init ] --END-- [ RunTime:0.000576s ]
INFO: [ app_begin ] --START--
INFO: Run Behavior\ReadHtmlCacheBehavior [ RunTime:0.000614s ]
INFO: [ app_begin ] --END-- [ RunTime:0.000676s ]
NOTIC: [2048] Declaration of Home\Controller\ArticleController::get() should be compatible with Think\Controller::get($name = '') D:\xampp\htdocs\liul\Application\Home\Controller\ArticleController.class.php 第 81 行.
SQL: SHOW COLUMNS FROM `category` [ RunTime:0.0027s ]
SQL: SHOW COLUMNS FROM `category` [ RunTime:0.0043s ]
SQL: SELECT * FROM `category` WHERE `id` = 1 AND `cid` = 0  [ RunTime:0.0003s ]
SQL: SELECT * FROM `category` WHERE `cid` = 1 ORDER BY amount DESC  [ RunTime:0.0004s ]
SQL: SELECT * FROM `category` WHERE `cid` = 0 AND `uid` = 11 ORDER BY amount DESC  [ RunTime:0.0004s ]
SQL: SHOW COLUMNS FROM `users` [ RunTime:0.0023s ]
SQL: SHOW COLUMNS FROM `users` [ RunTime:0.0022s ]
SQL: SELECT * FROM `users` WHERE ( id=11 )  [ RunTime:0.0003s ]
NOTIC: [8] Undefined variable: articles D:\xampp\htdocs\liul\Application\Home\Controller\ArticleController.class.php 第 48 行.
NOTIC: [8] Undefined index: id D:\xampp\htdocs\liul\Application\Home\Controller\ArticleController.class.php 第 49 行.
NOTIC: [8] Undefined variable: articles D:\xampp\htdocs\liul\Application\Home\Controller\ArticleController.class.php 第 50 行.
NOTIC: [8] Undefined variable: articles D:\xampp\htdocs\liul\Application\Home\Controller\ArticleController.class.php 第 51 行.
NOTIC: [8] Undefined variable: pagecount D:\xampp\htdocs\liul\Application\Home\Controller\ArticleController.class.php 第 51 行.
NOTIC: [2] Division by zero D:\xampp\htdocs\liul\Application\Home\Controller\ArticleController.class.php 第 51 行.
NOTIC: [8] Undefined index: page D:\xampp\htdocs\liul\Application\Home\Controller\ArticleController.class.php 第 52 行.
INFO: [ view_parse ] --START--
INFO: [ template_filter ] --START--
INFO: Run Behavior\ContentReplaceBehavior [ RunTime:0.000056s ]
INFO: [ template_filter ] --END-- [ RunTime:0.000102s ]
NOTIC: [8] Undefined variable: user D:\xampp\htdocs\liul\Application\Runtime\Cache\Home\7417e5288effc0f015fb1412cf5df107.php 第 21 行.
NOTIC: [8] Undefined variable: user D:\xampp\htdocs\liul\Application\Runtime\Cache\Home\7417e5288effc0f015fb1412cf5df107.php 第 22 行.
INFO: Run Behavior\ParseTemplateBehavior [ RunTime:0.010052s ]
INFO: [ view_parse ] --END-- [ RunTime:0.010094s ]
INFO: [ view_filter ] --START--
INFO: Run Behavior\WriteHtmlCacheBehavior [ RunTime:0.000371s ]
INFO: [ view_filter ] --END-- [ RunTime:0.000407s ]
INFO: [ app_end ] --START--
INFO: Run Behavior\ShowPageTraceBehavior [ RunTime:0.000565s ]
INFO: [ app_end ] --END-- [ RunTime:0.000603s ]

[ 2016-03-15T15:38:13+08:00 ] 127.0.0.1 /index.php/Home/Article/query/cid/2.html
INFO: [ app_init ] --START--
INFO: Run Behavior\BuildLiteBehavior [ RunTime:0.000014s ]
INFO: [ app_init ] --END-- [ RunTime:0.000425s ]
INFO: [ app_begin ] --START--
INFO: Run Behavior\ReadHtmlCacheBehavior [ RunTime:0.000683s ]
INFO: [ app_begin ] --END-- [ RunTime:0.000752s ]
NOTIC: [2048] Declaration of Home\Controller\ArticleController::get() should be compatible with Think\Controller::get($name = '') D:\xampp\htdocs\liul\Application\Home\Controller\ArticleController.class.php 第 81 行.
SQL: SHOW COLUMNS FROM `category` [ RunTime:0.0048s ]
SQL: SHOW COLUMNS FROM `category` [ RunTime:0.0024s ]
SQL: SELECT * FROM `category` WHERE `id` = 2 AND `cid` = 0  [ RunTime:0.0006s ]
SQL: SELECT * FROM `category` WHERE `cid` = 2 ORDER BY amount DESC  [ RunTime:0.0003s ]
SQL: SELECT * FROM `category` WHERE `cid` = 0 AND `uid` = 11 ORDER BY amount DESC  [ RunTime:0.0003s ]
SQL: SHOW COLUMNS FROM `users` [ RunTime:0.0023s ]
SQL: SHOW COLUMNS FROM `users` [ RunTime:0.0045s ]
SQL: SELECT * FROM `users` WHERE ( id=11 )  [ RunTime:0.0008s ]
NOTIC: [8] Undefined variable: articles D:\xampp\htdocs\liul\Application\Home\Controller\ArticleController.class.php 第 48 行.
NOTIC: [8] Undefined index: id D:\xampp\htdocs\liul\Application\Home\Controller\ArticleController.class.php 第 49 行.
NOTIC: [8] Undefined variable: articles D:\xampp\htdocs\liul\Application\Home\Controller\ArticleController.class.php 第 50 行.
NOTIC: [8] Undefined variable: articles D:\xampp\htdocs\liul\Application\Home\Controller\ArticleController.class.php 第 51 行.
NOTIC: [8] Undefined variable: pagecount D:\xampp\htdocs\liul\Application\Home\Controller\ArticleController.class.php 第 51 行.
NOTIC: [2] Division by zero D:\xampp\htdocs\liul\Application\Home\Controller\ArticleController.class.php 第 51 行.
NOTIC: [8] Undefined index: page D:\xampp\htdocs\liul\Application\Home\Controller\ArticleController.class.php 第 52 行.
INFO: [ view_parse ] --START--
INFO: [ template_filter ] --START--
INFO: Run Behavior\ContentReplaceBehavior [ RunTime:0.000065s ]
INFO: [ template_filter ] --END-- [ RunTime:0.000109s ]
NOTIC: [8] Undefined variable: user D:\xampp\htdocs\liul\Application\Runtime\Cache\Home\7417e5288effc0f015fb1412cf5df107.php 第 21 行.
NOTIC: [8] Undefined variable: user D:\xampp\htdocs\liul\Application\Runtime\Cache\Home\7417e5288effc0f015fb1412cf5df107.php 第 22 行.
INFO: Run Behavior\ParseTemplateBehavior [ RunTime:0.009665s ]
INFO: [ view_parse ] --END-- [ RunTime:0.009711s ]
INFO: [ view_filter ] --START--
INFO: Run Behavior\WriteHtmlCacheBehavior [ RunTime:0.000342s ]
INFO: [ view_filter ] --END-- [ RunTime:0.000378s ]
INFO: [ app_end ] --START--
INFO: Run Behavior\ShowPageTraceBehavior [ RunTime:0.000452s ]
INFO: [ app_end ] --END-- [ RunTime:0.000489s ]

[ 2016-03-15T15:38:15+08:00 ] 127.0.0.1 /index.php/Home/Article/query/cid/5.html
INFO: [ app_init ] --START--
INFO: Run Behavior\BuildLiteBehavior [ RunTime:0.000014s ]
INFO: [ app_init ] --END-- [ RunTime:0.000378s ]
INFO: [ app_begin ] --START--
INFO: Run Behavior\ReadHtmlCacheBehavior [ RunTime:0.000501s ]
INFO: [ app_begin ] --END-- [ RunTime:0.000558s ]
NOTIC: [2048] Declaration of Home\Controller\ArticleController::get() should be compatible with Think\Controller::get($name = '') D:\xampp\htdocs\liul\Application\Home\Controller\ArticleController.class.php 第 81 行.
SQL: SHOW COLUMNS FROM `category` [ RunTime:0.0022s ]
SQL: SHOW COLUMNS FROM `category` [ RunTime:0.0031s ]
SQL: SELECT * FROM `category` WHERE `id` = 5 AND `cid` = 0  [ RunTime:0.0003s ]
SQL: SELECT * FROM `category` WHERE `id` = 5  [ RunTime:0.0002s ]
SQL: SELECT * FROM `category` WHERE `cid` = 2 ORDER BY amount DESC  [ RunTime:0.0003s ]
SQL: SELECT * FROM `category` WHERE `cid` = 0 AND `uid` = 11 ORDER BY amount DESC  [ RunTime:0.0006s ]
SQL: SHOW COLUMNS FROM `users` [ RunTime:0.0026s ]
SQL: SHOW COLUMNS FROM `users` [ RunTime:0.0030s ]
SQL: SELECT * FROM `users` WHERE ( id=11 )  [ RunTime:0.0003s ]
SQL: SHOW COLUMNS FROM `article` [ RunTime:0.0025s ]
SQL: SHOW COLUMNS FROM `article` [ RunTime:0.0026s ]
SQL: SELECT * FROM `article` WHERE `cid` = 5 ORDER BY `like` desc LIMIT 0,5   [ RunTime:0.0010s ]
SQL: SELECT count(id) as totalcount FROM `article` WHERE `cid` = 5  [ RunTime:0.0006s ]
NOTIC: [8] Undefined index: id D:\xampp\htdocs\liul\Application\Home\Controller\ArticleController.class.php 第 49 行.
INFO: [ view_parse ] --START--
INFO: [ template_filter ] --START--
INFO: Run Behavior\ContentReplaceBehavior [ RunTime:0.000064s ]
INFO: [ template_filter ] --END-- [ RunTime:0.000111s ]
NOTIC: [8] Undefined variable: user D:\xampp\htdocs\liul\Application\Runtime\Cache\Home\7417e5288effc0f015fb1412cf5df107.php 第 21 行.
NOTIC: [8] Undefined variable: user D:\xampp\htdocs\liul\Application\Runtime\Cache\Home\7417e5288effc0f015fb1412cf5df107.php 第 22 行.
INFO: Run Behavior\ParseTemplateBehavior [ RunTime:0.010399s ]
INFO: [ view_parse ] --END-- [ RunTime:0.010454s ]
INFO: [ view_filter ] --START--
INFO: Run Behavior\WriteHtmlCacheBehavior [ RunTime:0.000481s ]
INFO: [ view_filter ] --END-- [ RunTime:0.000526s ]
INFO: [ app_end ] --START--
INFO: Run Behavior\ShowPageTraceBehavior [ RunTime:0.000576s ]
INFO: [ app_end ] --END-- [ RunTime:0.000624s ]

[ 2016-03-15T15:38:17+08:00 ] 127.0.0.1 /index.php/Home/Article/query/cid/1.html
INFO: [ app_init ] --START--
INFO: Run Behavior\BuildLiteBehavior [ RunTime:0.000013s ]
INFO: [ app_init ] --END-- [ RunTime:0.000382s ]
INFO: [ app_begin ] --START--
INFO: Run Behavior\ReadHtmlCacheBehavior [ RunTime:0.000469s ]
INFO: [ app_begin ] --END-- [ RunTime:0.000523s ]
NOTIC: [2048] Declaration of Home\Controller\ArticleController::get() should be compatible with Think\Controller::get($name = '') D:\xampp\htdocs\liul\Application\Home\Controller\ArticleController.class.php 第 81 行.
SQL: SHOW COLUMNS FROM `category` [ RunTime:0.0035s ]
SQL: SHOW COLUMNS FROM `category` [ RunTime:0.0031s ]
SQL: SELECT * FROM `category` WHERE `id` = 1 AND `cid` = 0  [ RunTime:0.0005s ]
SQL: SELECT * FROM `category` WHERE `cid` = 1 ORDER BY amount DESC  [ RunTime:0.0006s ]
SQL: SELECT * FROM `category` WHERE `cid` = 0 AND `uid` = 11 ORDER BY amount DESC  [ RunTime:0.0004s ]
SQL: SHOW COLUMNS FROM `users` [ RunTime:0.0028s ]
SQL: SHOW COLUMNS FROM `users` [ RunTime:0.0023s ]
SQL: SELECT * FROM `users` WHERE ( id=11 )  [ RunTime:0.0003s ]
NOTIC: [8] Undefined variable: articles D:\xampp\htdocs\liul\Application\Home\Controller\ArticleController.class.php 第 48 行.
NOTIC: [8] Undefined index: id D:\xampp\htdocs\liul\Application\Home\Controller\ArticleController.class.php 第 49 行.
NOTIC: [8] Undefined variable: articles D:\xampp\htdocs\liul\Application\Home\Controller\ArticleController.class.php 第 50 行.
NOTIC: [8] Undefined variable: articles D:\xampp\htdocs\liul\Application\Home\Controller\ArticleController.class.php 第 51 行.
NOTIC: [8] Undefined variable: pagecount D:\xampp\htdocs\liul\Application\Home\Controller\ArticleController.class.php 第 51 行.
NOTIC: [2] Division by zero D:\xampp\htdocs\liul\Application\Home\Controller\ArticleController.class.php 第 51 行.
NOTIC: [8] Undefined index: page D:\xampp\htdocs\liul\Application\Home\Controller\ArticleController.class.php 第 52 行.
INFO: [ view_parse ] --START--
INFO: [ template_filter ] --START--
INFO: Run Behavior\ContentReplaceBehavior [ RunTime:0.000056s ]
INFO: [ template_filter ] --END-- [ RunTime:0.000099s ]
NOTIC: [8] Undefined variable: user D:\xampp\htdocs\liul\Application\Runtime\Cache\Home\7417e5288effc0f015fb1412cf5df107.php 第 21 行.
NOTIC: [8] Undefined variable: user D:\xampp\htdocs\liul\Application\Runtime\Cache\Home\7417e5288effc0f015fb1412cf5df107.php 第 22 行.
INFO: Run Behavior\ParseTemplateBehavior [ RunTime:0.009238s ]
INFO: [ view_parse ] --END-- [ RunTime:0.009279s ]
INFO: [ view_filter ] --START--
INFO: Run Behavior\WriteHtmlCacheBehavior [ RunTime:0.000282s ]
INFO: [ view_filter ] --END-- [ RunTime:0.000314s ]
INFO: [ app_end ] --START--
INFO: Run Behavior\ShowPageTraceBehavior [ RunTime:0.000530s ]
INFO: [ app_end ] --END-- [ RunTime:0.000573s ]

[ 2016-03-15T15:38:34+08:00 ] 127.0.0.1 /index.php
INFO: [ app_init ] --START--
INFO: Run Behavior\BuildLiteBehavior [ RunTime:0.000013s ]
INFO: [ app_init ] --END-- [ RunTime:0.000371s ]
INFO: [ app_begin ] --START--
INFO: Run Behavior\ReadHtmlCacheBehavior [ RunTime:0.000434s ]
INFO: [ app_begin ] --END-- [ RunTime:0.000481s ]
SQL: SHOW COLUMNS FROM `article` [ RunTime:0.0023s ]
SQL: SHOW COLUMNS FROM `article` [ RunTime:0.0022s ]
SQL: SELECT * FROM `article` ORDER BY `like` desc LIMIT 0,9999999   [ RunTime:0.0004s ]
SQL: SELECT count(id) as totalcount FROM `article`  [ RunTime:0.0004s ]
INFO: [ view_parse ] --START--
INFO: [ template_filter ] --START--
INFO: Run Behavior\ContentReplaceBehavior [ RunTime:0.000087s ]
INFO: [ template_filter ] --END-- [ RunTime:0.000131s ]
INFO: Run Behavior\ParseTemplateBehavior [ RunTime:0.007386s ]
INFO: [ view_parse ] --END-- [ RunTime:0.007443s ]
INFO: [ view_filter ] --START--
INFO: Run Behavior\WriteHtmlCacheBehavior [ RunTime:0.000276s ]
INFO: [ view_filter ] --END-- [ RunTime:0.000311s ]
INFO: [ app_end ] --START--
INFO: Run Behavior\ShowPageTraceBehavior [ RunTime:0.000489s ]
INFO: [ app_end ] --END-- [ RunTime:0.000533s ]

[ 2016-03-15T15:38:37+08:00 ] 127.0.0.1 /Home/Article/get/uid/11/cid/4/id/2
INFO: [ app_init ] --START--
INFO: Run Behavior\BuildLiteBehavior [ RunTime:0.000013s ]
INFO: [ app_init ] --END-- [ RunTime:0.000410s ]
INFO: [ app_begin ] --START--
INFO: Run Behavior\ReadHtmlCacheBehavior [ RunTime:0.000474s ]
INFO: [ app_begin ] --END-- [ RunTime:0.000541s ]
NOTIC: [2048] Declaration of Home\Controller\ArticleController::get() should be compatible with Think\Controller::get($name = '') D:\xampp\htdocs\liul\Application\Home\Controller\ArticleController.class.php 第 81 行.
SQL: SHOW COLUMNS FROM `article` [ RunTime:0.0028s ]
SQL: SHOW COLUMNS FROM `article` [ RunTime:0.0025s ]
SQL: SELECT * FROM `article` WHERE `id` = 2  [ RunTime:0.0005s ]
SQL: SHOW COLUMNS FROM `category` [ RunTime:0.0031s ]
SQL: SHOW COLUMNS FROM `category` [ RunTime:0.0027s ]
SQL: SELECT * FROM `category` WHERE `cid` = 0 AND `uid` = 11 ORDER BY amount DESC  [ RunTime:0.0005s ]
SQL: SELECT * FROM `category` WHERE `id` = 4 ORDER BY amount DESC  [ RunTime:0.0004s ]
SQL: SHOW COLUMNS FROM `users` [ RunTime:0.0042s ]
SQL: SHOW COLUMNS FROM `users` [ RunTime:0.0025s ]
SQL: SELECT * FROM `users` WHERE ( id=11 )  [ RunTime:0.0006s ]
NOTIC: [2048] Declaration of Common\Model\CommentModel::add() should be compatible with Think\Model::add($data = '', $options = Array, $replace = false) D:\xampp\htdocs\liul\Application\Common\Model\CommentModel.class.php 第 21 行.
SQL: SHOW COLUMNS FROM `comment` [ RunTime:0.0054s ]
SQL: SHOW COLUMNS FROM `comment` [ RunTime:0.0025s ]
SQL: SELECT users.name,users.headimg,comment.content,comment.createtime FROM `comment` INNER JOIN users on users.id = comment.uid  WHERE `aid` = '2' ORDER BY `createtime` asc  [ RunTime:0.0051s ]
INFO: [ view_parse ] --START--
INFO: [ template_filter ] --START--
INFO: Run Behavior\ContentReplaceBehavior [ RunTime:0.000060s ]
INFO: [ template_filter ] --END-- [ RunTime:0.000106s ]
INFO: Run Behavior\ParseTemplateBehavior [ RunTime:0.009592s ]
INFO: [ view_parse ] --END-- [ RunTime:0.009659s ]
INFO: [ view_filter ] --START--
INFO: Run Behavior\WriteHtmlCacheBehavior [ RunTime:0.000388s ]
INFO: [ view_filter ] --END-- [ RunTime:0.000432s ]
INFO: [ app_end ] --START--
INFO: Run Behavior\ShowPageTraceBehavior [ RunTime:0.001052s ]
INFO: [ app_end ] --END-- [ RunTime:0.001220s ]

[ 2016-03-15T15:38:40+08:00 ] 127.0.0.1 /Home/Article/get/uid/11/cid/3/id/1
INFO: [ app_init ] --START--
INFO: Run Behavior\BuildLiteBehavior [ RunTime:0.000017s ]
INFO: [ app_init ] --END-- [ RunTime:0.000509s ]
INFO: [ app_begin ] --START--
INFO: Run Behavior\ReadHtmlCacheBehavior [ RunTime:0.000557s ]
INFO: [ app_begin ] --END-- [ RunTime:0.000650s ]
NOTIC: [2048] Declaration of Home\Controller\ArticleController::get() should be compatible with Think\Controller::get($name = '') D:\xampp\htdocs\liul\Application\Home\Controller\ArticleController.class.php 第 81 行.
SQL: SHOW COLUMNS FROM `article` [ RunTime:0.0035s ]
SQL: SHOW COLUMNS FROM `article` [ RunTime:0.0040s ]
SQL: SELECT * FROM `article` WHERE `id` = 1  [ RunTime:0.0010s ]
SQL: SHOW COLUMNS FROM `category` [ RunTime:0.0039s ]
SQL: SHOW COLUMNS FROM `category` [ RunTime:0.0041s ]
SQL: SELECT * FROM `category` WHERE `cid` = 0 AND `uid` = 11 ORDER BY amount DESC  [ RunTime:0.0004s ]
SQL: SELECT * FROM `category` WHERE `id` = 3 ORDER BY amount DESC  [ RunTime:0.0002s ]
SQL: SHOW COLUMNS FROM `users` [ RunTime:0.0022s ]
SQL: SHOW COLUMNS FROM `users` [ RunTime:0.0021s ]
SQL: SELECT * FROM `users` WHERE ( id=11 )  [ RunTime:0.0003s ]
NOTIC: [2048] Declaration of Common\Model\CommentModel::add() should be compatible with Think\Model::add($data = '', $options = Array, $replace = false) D:\xampp\htdocs\liul\Application\Common\Model\CommentModel.class.php 第 21 行.
SQL: SHOW COLUMNS FROM `comment` [ RunTime:0.0022s ]
SQL: SHOW COLUMNS FROM `comment` [ RunTime:0.0024s ]
SQL: SELECT users.name,users.headimg,comment.content,comment.createtime FROM `comment` INNER JOIN users on users.id = comment.uid  WHERE `aid` = '1' ORDER BY `createtime` asc  [ RunTime:0.0031s ]
INFO: [ view_parse ] --START--
INFO: [ template_filter ] --START--
INFO: Run Behavior\ContentReplaceBehavior [ RunTime:0.000061s ]
INFO: [ template_filter ] --END-- [ RunTime:0.000108s ]
INFO: Run Behavior\ParseTemplateBehavior [ RunTime:0.016712s ]
INFO: [ view_parse ] --END-- [ RunTime:0.016779s ]
INFO: [ view_filter ] --START--
INFO: Run Behavior\WriteHtmlCacheBehavior [ RunTime:0.000527s ]
INFO: [ view_filter ] --END-- [ RunTime:0.000609s ]
INFO: [ app_end ] --START--
INFO: Run Behavior\ShowPageTraceBehavior [ RunTime:0.000632s ]
INFO: [ app_end ] --END-- [ RunTime:0.000680s ]

