[ 2016-03-21T13:51:19+08:00 ] 127.0.0.1 /
INFO: [ app_init ] --START--
INFO: Run Behavior\BuildLiteBehavior [ RunTime:0.000013s ]
INFO: [ app_init ] --END-- [ RunTime:0.000760s ]
INFO: [ app_begin ] --START--
INFO: Run Behavior\ReadHtmlCacheBehavior [ RunTime:0.000844s ]
INFO: [ app_begin ] --END-- [ RunTime:0.000903s ]
SQL: SHOW COLUMNS FROM `article` [ RunTime:0.0972s ]
SQL: SHOW COLUMNS FROM `article` [ RunTime:0.0019s ]
SQL: SELECT * FROM `article` ORDER BY `like` desc LIMIT 0,9999999   [ RunTime:0.0126s ]
SQL: SELECT count(id) as totalcount FROM `article`  [ RunTime:0.0037s ]
INFO: [ view_parse ] --START--
INFO: [ template_filter ] --START--
INFO: Run Behavior\ContentReplaceBehavior [ RunTime:0.010547s ]
INFO: [ template_filter ] --END-- [ RunTime:0.010608s ]
INFO: Run Behavior\ParseTemplateBehavior [ RunTime:0.086703s ]
INFO: [ view_parse ] --END-- [ RunTime:0.086775s ]
INFO: [ view_filter ] --START--
INFO: Run Behavior\WriteHtmlCacheBehavior [ RunTime:0.014673s ]
INFO: [ view_filter ] --END-- [ RunTime:0.014724s ]
INFO: [ app_end ] --START--
INFO: Run Behavior\ShowPageTraceBehavior [ RunTime:0.006638s ]
INFO: [ app_end ] --END-- [ RunTime:0.006696s ]

