[ 2016-01-18T17:50:48+08:00 ] 127.0.0.1 /
INFO: [ app_init ] --START--
INFO: Run Behavior\BuildLiteBehavior [ RunTime:0.000017s ]
INFO: [ app_init ] --END-- [ RunTime:0.027448s ]
INFO: [ app_begin ] --START--
INFO: Run Behavior\ReadHtmlCacheBehavior [ RunTime:0.001008s ]
INFO: [ app_begin ] --END-- [ RunTime:0.001067s ]
SQL: SHOW COLUMNS FROM `article` [ RunTime:0.0328s ]
SQL: SHOW COLUMNS FROM `article` [ RunTime:0.0048s ]
SQL: SELECT * FROM `article` ORDER BY `like` desc LIMIT 0,9999999   [ RunTime:0.0670s ]
SQL: SELECT count(id) as totalcount FROM `article`  [ RunTime:0.0003s ]
INFO: [ view_parse ] --START--
INFO: [ template_filter ] --START--
INFO: Run Behavior\ContentReplaceBehavior [ RunTime:0.003015s ]
INFO: [ template_filter ] --END-- [ RunTime:0.003076s ]
INFO: Run Behavior\ParseTemplateBehavior [ RunTime:0.136341s ]
INFO: [ view_parse ] --END-- [ RunTime:0.136410s ]
INFO: [ view_filter ] --START--
INFO: Run Behavior\WriteHtmlCacheBehavior [ RunTime:0.006598s ]
INFO: [ view_filter ] --END-- [ RunTime:0.006650s ]
INFO: [ app_end ] --START--
INFO: Run Behavior\ShowPageTraceBehavior [ RunTime:0.005122s ]
INFO: [ app_end ] --END-- [ RunTime:0.005216s ]

[ 2016-01-18T17:50:55+08:00 ] 127.0.0.1 /Home/Article/get/uid/11/cid/4/id/2
INFO: [ app_init ] --START--
INFO: Run Behavior\BuildLiteBehavior [ RunTime:0.000014s ]
INFO: [ app_init ] --END-- [ RunTime:0.000421s ]
INFO: [ app_begin ] --START--
INFO: Run Behavior\ReadHtmlCacheBehavior [ RunTime:0.016813s ]
INFO: [ app_begin ] --END-- [ RunTime:0.016881s ]
NOTIC: [2048] Declaration of Home\Controller\ArticleController::get() should be compatible with Think\Controller::get($name = '') D:\xampp\htdocs\liul\Application\Home\Controller\ArticleController.class.php 第 81 行.
SQL: SHOW COLUMNS FROM `article` [ RunTime:0.0097s ]
SQL: SHOW COLUMNS FROM `article` [ RunTime:0.0045s ]
SQL: SELECT * FROM `article` WHERE `id` = 2  [ RunTime:0.0121s ]
SQL: SHOW COLUMNS FROM `category` [ RunTime:0.0051s ]
SQL: SHOW COLUMNS FROM `category` [ RunTime:0.0045s ]
SQL: SELECT * FROM `category` WHERE `cid` = 0 AND `uid` = 11 ORDER BY amount DESC  [ RunTime:0.0005s ]
SQL: SELECT * FROM `category` WHERE `id` = 4 ORDER BY amount DESC  [ RunTime:0.0002s ]
SQL: SHOW COLUMNS FROM `users` [ RunTime:0.0053s ]
SQL: SHOW COLUMNS FROM `users` [ RunTime:0.0054s ]
SQL: SELECT * FROM `users` WHERE ( id=11 )  [ RunTime:0.0003s ]
NOTIC: [2048] Declaration of Common\Model\CommentModel::add() should be compatible with Think\Model::add($data = '', $options = Array, $replace = false) D:\xampp\htdocs\liul\Application\Common\Model\CommentModel.class.php 第 21 行.
SQL: SHOW COLUMNS FROM `comment` [ RunTime:0.0049s ]
SQL: SHOW COLUMNS FROM `comment` [ RunTime:0.0046s ]
SQL: SELECT users.name,users.headimg,comment.content,comment.createtime FROM `comment` INNER JOIN users on users.id = comment.uid  WHERE `aid` = '2' ORDER BY `createtime` asc  [ RunTime:0.0112s ]
INFO: [ view_parse ] --START--
INFO: [ template_filter ] --START--
INFO: Run Behavior\ContentReplaceBehavior [ RunTime:0.007349s ]
INFO: [ template_filter ] --END-- [ RunTime:0.007437s ]
INFO: Run Behavior\ParseTemplateBehavior [ RunTime:0.047587s ]
INFO: [ view_parse ] --END-- [ RunTime:0.048449s ]
INFO: [ view_filter ] --START--
INFO: Run Behavior\WriteHtmlCacheBehavior [ RunTime:0.000590s ]
INFO: [ view_filter ] --END-- [ RunTime:0.000639s ]
INFO: [ app_end ] --START--
INFO: Run Behavior\ShowPageTraceBehavior [ RunTime:0.000741s ]
INFO: [ app_end ] --END-- [ RunTime:0.000789s ]

[ 2016-01-18T17:51:00+08:00 ] 127.0.0.1 /Home/Article/get/uid/11/cid/4/id/2
INFO: [ app_init ] --START--
INFO: Run Behavior\BuildLiteBehavior [ RunTime:0.000016s ]
INFO: [ app_init ] --END-- [ RunTime:0.000459s ]
INFO: [ app_begin ] --START--
INFO: Run Behavior\ReadHtmlCacheBehavior [ RunTime:0.000604s ]
INFO: [ app_begin ] --END-- [ RunTime:0.000672s ]
NOTIC: [2048] Declaration of Home\Controller\ArticleController::get() should be compatible with Think\Controller::get($name = '') D:\xampp\htdocs\liul\Application\Home\Controller\ArticleController.class.php 第 81 行.
SQL: SHOW COLUMNS FROM `article` [ RunTime:0.0037s ]
SQL: SHOW COLUMNS FROM `article` [ RunTime:0.0036s ]
SQL: SELECT * FROM `article` WHERE `id` = 2  [ RunTime:0.0003s ]
SQL: SHOW COLUMNS FROM `category` [ RunTime:0.0059s ]
SQL: SHOW COLUMNS FROM `category` [ RunTime:0.0042s ]
SQL: SELECT * FROM `category` WHERE `cid` = 0 AND `uid` = 11 ORDER BY amount DESC  [ RunTime:0.0004s ]
SQL: SELECT * FROM `category` WHERE `id` = 4 ORDER BY amount DESC  [ RunTime:0.0002s ]
SQL: SHOW COLUMNS FROM `users` [ RunTime:0.0038s ]
SQL: SHOW COLUMNS FROM `users` [ RunTime:0.0051s ]
SQL: SELECT * FROM `users` WHERE ( id=11 )  [ RunTime:0.0003s ]
NOTIC: [2048] Declaration of Common\Model\CommentModel::add() should be compatible with Think\Model::add($data = '', $options = Array, $replace = false) D:\xampp\htdocs\liul\Application\Common\Model\CommentModel.class.php 第 21 行.
SQL: SHOW COLUMNS FROM `comment` [ RunTime:0.0044s ]
SQL: SHOW COLUMNS FROM `comment` [ RunTime:0.0040s ]
SQL: SELECT users.name,users.headimg,comment.content,comment.createtime FROM `comment` INNER JOIN users on users.id = comment.uid  WHERE `aid` = '2' ORDER BY `createtime` asc  [ RunTime:0.0036s ]
INFO: [ view_parse ] --START--
INFO: [ template_filter ] --START--
INFO: Run Behavior\ContentReplaceBehavior [ RunTime:0.000060s ]
INFO: [ template_filter ] --END-- [ RunTime:0.000108s ]
INFO: Run Behavior\ParseTemplateBehavior [ RunTime:0.009733s ]
INFO: [ view_parse ] --END-- [ RunTime:0.009799s ]
INFO: [ view_filter ] --START--
INFO: Run Behavior\WriteHtmlCacheBehavior [ RunTime:0.000451s ]
INFO: [ view_filter ] --END-- [ RunTime:0.000493s ]
INFO: [ app_end ] --START--
INFO: Run Behavior\ShowPageTraceBehavior [ RunTime:0.000593s ]
INFO: [ app_end ] --END-- [ RunTime:0.000634s ]

[ 2016-01-18T17:56:27+08:00 ] 127.0.0.1 /Home/Article/get/uid/11/cid/4/id/2
INFO: [ app_init ] --START--
INFO: Run Behavior\BuildLiteBehavior [ RunTime:0.000014s ]
INFO: [ app_init ] --END-- [ RunTime:0.000474s ]
INFO: [ app_begin ] --START--
INFO: Run Behavior\ReadHtmlCacheBehavior [ RunTime:0.000692s ]
INFO: [ app_begin ] --END-- [ RunTime:0.000750s ]
NOTIC: [2048] Declaration of Home\Controller\ArticleController::get() should be compatible with Think\Controller::get($name = '') D:\xampp\htdocs\liul\Application\Home\Controller\ArticleController.class.php 第 81 行.
SQL: SHOW COLUMNS FROM `article` [ RunTime:0.0051s ]
SQL: SHOW COLUMNS FROM `article` [ RunTime:0.0065s ]
SQL: SELECT * FROM `article` WHERE `id` = 2  [ RunTime:0.0008s ]
SQL: SHOW COLUMNS FROM `category` [ RunTime:0.0049s ]
SQL: SHOW COLUMNS FROM `category` [ RunTime:0.0061s ]
SQL: SELECT * FROM `category` WHERE `cid` = 0 AND `uid` = 11 ORDER BY amount DESC  [ RunTime:0.0007s ]
SQL: SELECT * FROM `category` WHERE `id` = 4 ORDER BY amount DESC  [ RunTime:0.0003s ]
SQL: SHOW COLUMNS FROM `users` [ RunTime:0.0048s ]
SQL: SHOW COLUMNS FROM `users` [ RunTime:0.0041s ]
SQL: SELECT * FROM `users` WHERE ( id=11 )  [ RunTime:0.0002s ]
NOTIC: [2048] Declaration of Common\Model\CommentModel::add() should be compatible with Think\Model::add($data = '', $options = Array, $replace = false) D:\xampp\htdocs\liul\Application\Common\Model\CommentModel.class.php 第 21 行.
SQL: SHOW COLUMNS FROM `comment` [ RunTime:0.0058s ]
SQL: SHOW COLUMNS FROM `comment` [ RunTime:0.0046s ]
SQL: SELECT users.name,users.headimg,comment.content,comment.createtime FROM `comment` INNER JOIN users on users.id = comment.uid  WHERE `aid` = '2' ORDER BY `createtime` asc  [ RunTime:0.0043s ]
INFO: [ view_parse ] --START--
INFO: [ template_filter ] --START--
INFO: Run Behavior\ContentReplaceBehavior [ RunTime:0.000102s ]
INFO: [ template_filter ] --END-- [ RunTime:0.000181s ]
INFO: Run Behavior\ParseTemplateBehavior [ RunTime:0.012059s ]
INFO: [ view_parse ] --END-- [ RunTime:0.012123s ]
INFO: [ view_filter ] --START--
INFO: Run Behavior\WriteHtmlCacheBehavior [ RunTime:0.000617s ]
INFO: [ view_filter ] --END-- [ RunTime:0.000668s ]
INFO: [ app_end ] --START--
INFO: Run Behavior\ShowPageTraceBehavior [ RunTime:0.000904s ]
INFO: [ app_end ] --END-- [ RunTime:0.000953s ]

[ 2016-01-18T17:56:33+08:00 ] 127.0.0.1 /index.php/Home/Article/query/cid/2.html
INFO: [ app_init ] --START--
INFO: Run Behavior\BuildLiteBehavior [ RunTime:0.000015s ]
INFO: [ app_init ] --END-- [ RunTime:0.000563s ]
INFO: [ app_begin ] --START--
INFO: Run Behavior\ReadHtmlCacheBehavior [ RunTime:0.000716s ]
INFO: [ app_begin ] --END-- [ RunTime:0.000788s ]
NOTIC: [2048] Declaration of Home\Controller\ArticleController::get() should be compatible with Think\Controller::get($name = '') D:\xampp\htdocs\liul\Application\Home\Controller\ArticleController.class.php 第 81 行.
SQL: SHOW COLUMNS FROM `category` [ RunTime:0.0055s ]
SQL: SHOW COLUMNS FROM `category` [ RunTime:0.0044s ]
SQL: SELECT * FROM `category` WHERE `id` = 2 AND `cid` = 0  [ RunTime:0.0003s ]
SQL: SELECT * FROM `category` WHERE `cid` = 2 ORDER BY amount DESC  [ RunTime:0.0008s ]
SQL: SELECT * FROM `category` WHERE `cid` = 0 AND `uid` = 11 ORDER BY amount DESC  [ RunTime:0.0004s ]
SQL: SHOW COLUMNS FROM `users` [ RunTime:0.0053s ]
SQL: SHOW COLUMNS FROM `users` [ RunTime:0.0037s ]
SQL: SELECT * FROM `users` WHERE ( id=11 )  [ RunTime:0.0002s ]
NOTIC: [8] Undefined variable: articles D:\xampp\htdocs\liul\Application\Home\Controller\ArticleController.class.php 第 48 行.
NOTIC: [8] Undefined index: id D:\xampp\htdocs\liul\Application\Home\Controller\ArticleController.class.php 第 49 行.
NOTIC: [8] Undefined variable: articles D:\xampp\htdocs\liul\Application\Home\Controller\ArticleController.class.php 第 50 行.
NOTIC: [8] Undefined variable: articles D:\xampp\htdocs\liul\Application\Home\Controller\ArticleController.class.php 第 51 行.
NOTIC: [8] Undefined variable: pagecount D:\xampp\htdocs\liul\Application\Home\Controller\ArticleController.class.php 第 51 行.
NOTIC: [2] Division by zero D:\xampp\htdocs\liul\Application\Home\Controller\ArticleController.class.php 第 51 行.
NOTIC: [8] Undefined index: page D:\xampp\htdocs\liul\Application\Home\Controller\ArticleController.class.php 第 52 行.
INFO: [ view_parse ] --START--
INFO: [ template_filter ] --START--
INFO: Run Behavior\ContentReplaceBehavior [ RunTime:0.000060s ]
INFO: [ template_filter ] --END-- [ RunTime:0.000106s ]
NOTIC: [8] Undefined variable: user D:\xampp\htdocs\liul\Application\Runtime\Cache\Home\7417e5288effc0f015fb1412cf5df107.php 第 21 行.
NOTIC: [8] Undefined variable: user D:\xampp\htdocs\liul\Application\Runtime\Cache\Home\7417e5288effc0f015fb1412cf5df107.php 第 22 行.
INFO: Run Behavior\ParseTemplateBehavior [ RunTime:0.022280s ]
INFO: [ view_parse ] --END-- [ RunTime:0.022343s ]
INFO: [ view_filter ] --START--
INFO: Run Behavior\WriteHtmlCacheBehavior [ RunTime:0.000538s ]
INFO: [ view_filter ] --END-- [ RunTime:0.000579s ]
INFO: [ app_end ] --START--
INFO: Run Behavior\ShowPageTraceBehavior [ RunTime:0.000601s ]
INFO: [ app_end ] --END-- [ RunTime:0.000643s ]

[ 2016-01-18T17:56:34+08:00 ] 127.0.0.1 /index.php/Home/Article/query/cid/7.html
INFO: [ app_init ] --START--
INFO: Run Behavior\BuildLiteBehavior [ RunTime:0.000014s ]
INFO: [ app_init ] --END-- [ RunTime:0.000405s ]
INFO: [ app_begin ] --START--
INFO: Run Behavior\ReadHtmlCacheBehavior [ RunTime:0.000674s ]
INFO: [ app_begin ] --END-- [ RunTime:0.000736s ]
NOTIC: [2048] Declaration of Home\Controller\ArticleController::get() should be compatible with Think\Controller::get($name = '') D:\xampp\htdocs\liul\Application\Home\Controller\ArticleController.class.php 第 81 行.
SQL: SHOW COLUMNS FROM `category` [ RunTime:0.0040s ]
SQL: SHOW COLUMNS FROM `category` [ RunTime:0.0043s ]
SQL: SELECT * FROM `category` WHERE `id` = 7 AND `cid` = 0  [ RunTime:0.0003s ]
SQL: SELECT * FROM `category` WHERE `cid` = 7 ORDER BY amount DESC  [ RunTime:0.0003s ]
SQL: SELECT * FROM `category` WHERE `cid` = 0 AND `uid` = 11 ORDER BY amount DESC  [ RunTime:0.0004s ]
SQL: SHOW COLUMNS FROM `users` [ RunTime:0.0043s ]
SQL: SHOW COLUMNS FROM `users` [ RunTime:0.0060s ]
SQL: SELECT * FROM `users` WHERE ( id=11 )  [ RunTime:0.0005s ]
NOTIC: [8] Undefined variable: articles D:\xampp\htdocs\liul\Application\Home\Controller\ArticleController.class.php 第 48 行.
NOTIC: [8] Undefined index: id D:\xampp\htdocs\liul\Application\Home\Controller\ArticleController.class.php 第 49 行.
NOTIC: [8] Undefined variable: articles D:\xampp\htdocs\liul\Application\Home\Controller\ArticleController.class.php 第 50 行.
NOTIC: [8] Undefined variable: articles D:\xampp\htdocs\liul\Application\Home\Controller\ArticleController.class.php 第 51 行.
NOTIC: [8] Undefined variable: pagecount D:\xampp\htdocs\liul\Application\Home\Controller\ArticleController.class.php 第 51 行.
NOTIC: [2] Division by zero D:\xampp\htdocs\liul\Application\Home\Controller\ArticleController.class.php 第 51 行.
NOTIC: [8] Undefined index: page D:\xampp\htdocs\liul\Application\Home\Controller\ArticleController.class.php 第 52 行.
INFO: [ view_parse ] --START--
INFO: [ template_filter ] --START--
INFO: Run Behavior\ContentReplaceBehavior [ RunTime:0.000058s ]
INFO: [ template_filter ] --END-- [ RunTime:0.000104s ]
NOTIC: [8] Undefined variable: user D:\xampp\htdocs\liul\Application\Runtime\Cache\Home\7417e5288effc0f015fb1412cf5df107.php 第 21 行.
NOTIC: [8] Undefined variable: user D:\xampp\htdocs\liul\Application\Runtime\Cache\Home\7417e5288effc0f015fb1412cf5df107.php 第 22 行.
NOTIC: [8] Undefined offset: 0 D:\xampp\htdocs\liul\Application\Runtime\Cache\Home\7417e5288effc0f015fb1412cf5df107.php 第 34 行.
NOTIC: [8] Undefined offset: 0 D:\xampp\htdocs\liul\Application\Runtime\Cache\Home\7417e5288effc0f015fb1412cf5df107.php 第 34 行.
INFO: Run Behavior\ParseTemplateBehavior [ RunTime:0.011741s ]
INFO: [ view_parse ] --END-- [ RunTime:0.011798s ]
INFO: [ view_filter ] --START--
INFO: Run Behavior\WriteHtmlCacheBehavior [ RunTime:0.001142s ]
INFO: [ view_filter ] --END-- [ RunTime:0.001196s ]
INFO: [ app_end ] --START--
INFO: Run Behavior\ShowPageTraceBehavior [ RunTime:0.000622s ]
INFO: [ app_end ] --END-- [ RunTime:0.000672s ]

[ 2016-01-18T17:56:35+08:00 ] 127.0.0.1 /index.php/Home/Article/query/cid/2.html
INFO: [ app_init ] --START--
INFO: Run Behavior\BuildLiteBehavior [ RunTime:0.000016s ]
INFO: [ app_init ] --END-- [ RunTime:0.000486s ]
INFO: [ app_begin ] --START--
INFO: Run Behavior\ReadHtmlCacheBehavior [ RunTime:0.000616s ]
INFO: [ app_begin ] --END-- [ RunTime:0.000719s ]
NOTIC: [2048] Declaration of Home\Controller\ArticleController::get() should be compatible with Think\Controller::get($name = '') D:\xampp\htdocs\liul\Application\Home\Controller\ArticleController.class.php 第 81 行.
SQL: SHOW COLUMNS FROM `category` [ RunTime:0.0062s ]
SQL: SHOW COLUMNS FROM `category` [ RunTime:0.0041s ]
SQL: SELECT * FROM `category` WHERE `id` = 2 AND `cid` = 0  [ RunTime:0.0003s ]
SQL: SELECT * FROM `category` WHERE `cid` = 2 ORDER BY amount DESC  [ RunTime:0.0002s ]
SQL: SELECT * FROM `category` WHERE `cid` = 0 AND `uid` = 11 ORDER BY amount DESC  [ RunTime:0.0002s ]
SQL: SHOW COLUMNS FROM `users` [ RunTime:0.0056s ]
SQL: SHOW COLUMNS FROM `users` [ RunTime:0.0035s ]
SQL: SELECT * FROM `users` WHERE ( id=11 )  [ RunTime:0.0003s ]
NOTIC: [8] Undefined variable: articles D:\xampp\htdocs\liul\Application\Home\Controller\ArticleController.class.php 第 48 行.
NOTIC: [8] Undefined index: id D:\xampp\htdocs\liul\Application\Home\Controller\ArticleController.class.php 第 49 行.
NOTIC: [8] Undefined variable: articles D:\xampp\htdocs\liul\Application\Home\Controller\ArticleController.class.php 第 50 行.
NOTIC: [8] Undefined variable: articles D:\xampp\htdocs\liul\Application\Home\Controller\ArticleController.class.php 第 51 行.
NOTIC: [8] Undefined variable: pagecount D:\xampp\htdocs\liul\Application\Home\Controller\ArticleController.class.php 第 51 行.
NOTIC: [2] Division by zero D:\xampp\htdocs\liul\Application\Home\Controller\ArticleController.class.php 第 51 行.
NOTIC: [8] Undefined index: page D:\xampp\htdocs\liul\Application\Home\Controller\ArticleController.class.php 第 52 行.
INFO: [ view_parse ] --START--
INFO: [ template_filter ] --START--
INFO: Run Behavior\ContentReplaceBehavior [ RunTime:0.000060s ]
INFO: [ template_filter ] --END-- [ RunTime:0.000108s ]
NOTIC: [8] Undefined variable: user D:\xampp\htdocs\liul\Application\Runtime\Cache\Home\7417e5288effc0f015fb1412cf5df107.php 第 21 行.
NOTIC: [8] Undefined variable: user D:\xampp\htdocs\liul\Application\Runtime\Cache\Home\7417e5288effc0f015fb1412cf5df107.php 第 22 行.
INFO: Run Behavior\ParseTemplateBehavior [ RunTime:0.012391s ]
INFO: [ view_parse ] --END-- [ RunTime:0.012440s ]
INFO: [ view_filter ] --START--
INFO: Run Behavior\WriteHtmlCacheBehavior [ RunTime:0.000383s ]
INFO: [ view_filter ] --END-- [ RunTime:0.000419s ]
INFO: [ app_end ] --START--
INFO: Run Behavior\ShowPageTraceBehavior [ RunTime:0.000490s ]
INFO: [ app_end ] --END-- [ RunTime:0.000530s ]

[ 2016-01-18T17:56:36+08:00 ] 127.0.0.1 /index.php/Home/Article/query/cid/1.html
INFO: [ app_init ] --START--
INFO: Run Behavior\BuildLiteBehavior [ RunTime:0.000016s ]
INFO: [ app_init ] --END-- [ RunTime:0.000640s ]
INFO: [ app_begin ] --START--
INFO: Run Behavior\ReadHtmlCacheBehavior [ RunTime:0.000558s ]
INFO: [ app_begin ] --END-- [ RunTime:0.000621s ]
NOTIC: [2048] Declaration of Home\Controller\ArticleController::get() should be compatible with Think\Controller::get($name = '') D:\xampp\htdocs\liul\Application\Home\Controller\ArticleController.class.php 第 81 行.
SQL: SHOW COLUMNS FROM `category` [ RunTime:0.0057s ]
SQL: SHOW COLUMNS FROM `category` [ RunTime:0.0055s ]
SQL: SELECT * FROM `category` WHERE `id` = 1 AND `cid` = 0  [ RunTime:0.0006s ]
SQL: SELECT * FROM `category` WHERE `cid` = 1 ORDER BY amount DESC  [ RunTime:0.0003s ]
SQL: SELECT * FROM `category` WHERE `cid` = 0 AND `uid` = 11 ORDER BY amount DESC  [ RunTime:0.0003s ]
SQL: SHOW COLUMNS FROM `users` [ RunTime:0.0053s ]
SQL: SHOW COLUMNS FROM `users` [ RunTime:0.0045s ]
SQL: SELECT * FROM `users` WHERE ( id=11 )  [ RunTime:0.0003s ]
NOTIC: [8] Undefined variable: articles D:\xampp\htdocs\liul\Application\Home\Controller\ArticleController.class.php 第 48 行.
NOTIC: [8] Undefined index: id D:\xampp\htdocs\liul\Application\Home\Controller\ArticleController.class.php 第 49 行.
NOTIC: [8] Undefined variable: articles D:\xampp\htdocs\liul\Application\Home\Controller\ArticleController.class.php 第 50 行.
NOTIC: [8] Undefined variable: articles D:\xampp\htdocs\liul\Application\Home\Controller\ArticleController.class.php 第 51 行.
NOTIC: [8] Undefined variable: pagecount D:\xampp\htdocs\liul\Application\Home\Controller\ArticleController.class.php 第 51 行.
NOTIC: [2] Division by zero D:\xampp\htdocs\liul\Application\Home\Controller\ArticleController.class.php 第 51 行.
NOTIC: [8] Undefined index: page D:\xampp\htdocs\liul\Application\Home\Controller\ArticleController.class.php 第 52 行.
INFO: [ view_parse ] --START--
INFO: [ template_filter ] --START--
INFO: Run Behavior\ContentReplaceBehavior [ RunTime:0.000060s ]
INFO: [ template_filter ] --END-- [ RunTime:0.000105s ]
NOTIC: [8] Undefined variable: user D:\xampp\htdocs\liul\Application\Runtime\Cache\Home\7417e5288effc0f015fb1412cf5df107.php 第 21 行.
NOTIC: [8] Undefined variable: user D:\xampp\htdocs\liul\Application\Runtime\Cache\Home\7417e5288effc0f015fb1412cf5df107.php 第 22 行.
INFO: Run Behavior\ParseTemplateBehavior [ RunTime:0.012243s ]
INFO: [ view_parse ] --END-- [ RunTime:0.012288s ]
INFO: [ view_filter ] --START--
INFO: Run Behavior\WriteHtmlCacheBehavior [ RunTime:0.000292s ]
INFO: [ view_filter ] --END-- [ RunTime:0.000325s ]
INFO: [ app_end ] --START--
INFO: Run Behavior\ShowPageTraceBehavior [ RunTime:0.000444s ]
INFO: [ app_end ] --END-- [ RunTime:0.000480s ]

[ 2016-01-18T17:56:37+08:00 ] 127.0.0.1 /index.php/Home/Index/index.html
INFO: [ app_init ] --START--
INFO: Run Behavior\BuildLiteBehavior [ RunTime:0.000019s ]
INFO: [ app_init ] --END-- [ RunTime:0.000745s ]
INFO: [ app_begin ] --START--
INFO: Run Behavior\ReadHtmlCacheBehavior [ RunTime:0.000779s ]
INFO: [ app_begin ] --END-- [ RunTime:0.000857s ]
SQL: SHOW COLUMNS FROM `article` [ RunTime:0.0035s ]
SQL: SHOW COLUMNS FROM `article` [ RunTime:0.0246s ]
SQL: SELECT * FROM `article` ORDER BY `like` desc LIMIT 0,9999999   [ RunTime:0.0005s ]
SQL: SELECT count(id) as totalcount FROM `article`  [ RunTime:0.0002s ]
INFO: [ view_parse ] --START--
INFO: [ template_filter ] --START--
INFO: Run Behavior\ContentReplaceBehavior [ RunTime:0.000093s ]
INFO: [ template_filter ] --END-- [ RunTime:0.000144s ]
INFO: Run Behavior\ParseTemplateBehavior [ RunTime:0.006894s ]
INFO: [ view_parse ] --END-- [ RunTime:0.006953s ]
INFO: [ view_filter ] --START--
INFO: Run Behavior\WriteHtmlCacheBehavior [ RunTime:0.000349s ]
INFO: [ view_filter ] --END-- [ RunTime:0.000390s ]
INFO: [ app_end ] --START--
INFO: Run Behavior\ShowPageTraceBehavior [ RunTime:0.000560s ]
INFO: [ app_end ] --END-- [ RunTime:0.000613s ]

[ 2016-01-18T17:56:40+08:00 ] 127.0.0.1 /Home/Article/get/uid/11/cid/4/id/2
INFO: [ app_init ] --START--
INFO: Run Behavior\BuildLiteBehavior [ RunTime:0.000019s ]
INFO: [ app_init ] --END-- [ RunTime:0.000443s ]
INFO: [ app_begin ] --START--
INFO: Run Behavior\ReadHtmlCacheBehavior [ RunTime:0.000516s ]
INFO: [ app_begin ] --END-- [ RunTime:0.000576s ]
NOTIC: [2048] Declaration of Home\Controller\ArticleController::get() should be compatible with Think\Controller::get($name = '') D:\xampp\htdocs\liul\Application\Home\Controller\ArticleController.class.php 第 81 行.
SQL: SHOW COLUMNS FROM `article` [ RunTime:0.0045s ]
SQL: SHOW COLUMNS FROM `article` [ RunTime:0.0041s ]
SQL: SELECT * FROM `article` WHERE `id` = 2  [ RunTime:0.0003s ]
SQL: SHOW COLUMNS FROM `category` [ RunTime:0.0039s ]
SQL: SHOW COLUMNS FROM `category` [ RunTime:0.0044s ]
SQL: SELECT * FROM `category` WHERE `cid` = 0 AND `uid` = 11 ORDER BY amount DESC  [ RunTime:0.0004s ]
SQL: SELECT * FROM `category` WHERE `id` = 4 ORDER BY amount DESC  [ RunTime:0.0002s ]
SQL: SHOW COLUMNS FROM `users` [ RunTime:0.0054s ]
SQL: SHOW COLUMNS FROM `users` [ RunTime:0.0069s ]
SQL: SELECT * FROM `users` WHERE ( id=11 )  [ RunTime:0.0003s ]
NOTIC: [2048] Declaration of Common\Model\CommentModel::add() should be compatible with Think\Model::add($data = '', $options = Array, $replace = false) D:\xampp\htdocs\liul\Application\Common\Model\CommentModel.class.php 第 21 行.
SQL: SHOW COLUMNS FROM `comment` [ RunTime:0.0044s ]
SQL: SHOW COLUMNS FROM `comment` [ RunTime:0.0054s ]
SQL: SELECT users.name,users.headimg,comment.content,comment.createtime FROM `comment` INNER JOIN users on users.id = comment.uid  WHERE `aid` = '2' ORDER BY `createtime` asc  [ RunTime:0.0042s ]
INFO: [ view_parse ] --START--
INFO: [ template_filter ] --START--
INFO: Run Behavior\ContentReplaceBehavior [ RunTime:0.000058s ]
INFO: [ template_filter ] --END-- [ RunTime:0.000106s ]
INFO: Run Behavior\ParseTemplateBehavior [ RunTime:0.014692s ]
INFO: [ view_parse ] --END-- [ RunTime:0.014751s ]
INFO: [ view_filter ] --START--
INFO: Run Behavior\WriteHtmlCacheBehavior [ RunTime:0.000352s ]
INFO: [ view_filter ] --END-- [ RunTime:0.000389s ]
INFO: [ app_end ] --START--
INFO: Run Behavior\ShowPageTraceBehavior [ RunTime:0.000498s ]
INFO: [ app_end ] --END-- [ RunTime:0.000535s ]

[ 2016-01-18T17:56:43+08:00 ] 127.0.0.1 /index.php/Home/Index/index.html
INFO: [ app_init ] --START--
INFO: Run Behavior\BuildLiteBehavior [ RunTime:0.000013s ]
INFO: [ app_init ] --END-- [ RunTime:0.000466s ]
INFO: [ app_begin ] --START--
INFO: Run Behavior\ReadHtmlCacheBehavior [ RunTime:0.000464s ]
INFO: [ app_begin ] --END-- [ RunTime:0.000512s ]
SQL: SHOW COLUMNS FROM `article` [ RunTime:0.0043s ]
SQL: SHOW COLUMNS FROM `article` [ RunTime:0.0073s ]
SQL: SELECT * FROM `article` ORDER BY `like` desc LIMIT 0,9999999   [ RunTime:0.0005s ]
SQL: SELECT count(id) as totalcount FROM `article`  [ RunTime:0.0010s ]
INFO: [ view_parse ] --START--
INFO: [ template_filter ] --START--
INFO: Run Behavior\ContentReplaceBehavior [ RunTime:0.000090s ]
INFO: [ template_filter ] --END-- [ RunTime:0.000187s ]
INFO: Run Behavior\ParseTemplateBehavior [ RunTime:0.006902s ]
INFO: [ view_parse ] --END-- [ RunTime:0.006953s ]
INFO: [ view_filter ] --START--
INFO: Run Behavior\WriteHtmlCacheBehavior [ RunTime:0.000275s ]
INFO: [ view_filter ] --END-- [ RunTime:0.000308s ]
INFO: [ app_end ] --START--
INFO: Run Behavior\ShowPageTraceBehavior [ RunTime:0.000463s ]
INFO: [ app_end ] --END-- [ RunTime:0.000504s ]

[ 2016-01-18T17:56:49+08:00 ] 127.0.0.1 /Home/Article/get/uid/11/cid/4/id/2
INFO: [ app_init ] --START--
INFO: Run Behavior\BuildLiteBehavior [ RunTime:0.000015s ]
INFO: [ app_init ] --END-- [ RunTime:0.000460s ]
INFO: [ app_begin ] --START--
INFO: Run Behavior\ReadHtmlCacheBehavior [ RunTime:0.000507s ]
INFO: [ app_begin ] --END-- [ RunTime:0.000565s ]
NOTIC: [2048] Declaration of Home\Controller\ArticleController::get() should be compatible with Think\Controller::get($name = '') D:\xampp\htdocs\liul\Application\Home\Controller\ArticleController.class.php 第 81 行.
SQL: SHOW COLUMNS FROM `article` [ RunTime:0.0045s ]
SQL: SHOW COLUMNS FROM `article` [ RunTime:0.0042s ]
SQL: SELECT * FROM `article` WHERE `id` = 2  [ RunTime:0.0003s ]
SQL: SHOW COLUMNS FROM `category` [ RunTime:0.0045s ]
SQL: SHOW COLUMNS FROM `category` [ RunTime:0.0038s ]
SQL: SELECT * FROM `category` WHERE `cid` = 0 AND `uid` = 11 ORDER BY amount DESC  [ RunTime:0.0003s ]
SQL: SELECT * FROM `category` WHERE `id` = 4 ORDER BY amount DESC  [ RunTime:0.0002s ]
SQL: SHOW COLUMNS FROM `users` [ RunTime:0.0042s ]
SQL: SHOW COLUMNS FROM `users` [ RunTime:0.0041s ]
SQL: SELECT * FROM `users` WHERE ( id=11 )  [ RunTime:0.0003s ]
NOTIC: [2048] Declaration of Common\Model\CommentModel::add() should be compatible with Think\Model::add($data = '', $options = Array, $replace = false) D:\xampp\htdocs\liul\Application\Common\Model\CommentModel.class.php 第 21 行.
SQL: SHOW COLUMNS FROM `comment` [ RunTime:0.0044s ]
SQL: SHOW COLUMNS FROM `comment` [ RunTime:0.0049s ]
SQL: SELECT users.name,users.headimg,comment.content,comment.createtime FROM `comment` INNER JOIN users on users.id = comment.uid  WHERE `aid` = '2' ORDER BY `createtime` asc  [ RunTime:0.0072s ]
INFO: [ view_parse ] --START--
INFO: [ template_filter ] --START--
INFO: Run Behavior\ContentReplaceBehavior [ RunTime:0.000059s ]
INFO: [ template_filter ] --END-- [ RunTime:0.000106s ]
INFO: Run Behavior\ParseTemplateBehavior [ RunTime:0.012084s ]
INFO: [ view_parse ] --END-- [ RunTime:0.012140s ]
INFO: [ view_filter ] --START--
INFO: Run Behavior\WriteHtmlCacheBehavior [ RunTime:0.000394s ]
INFO: [ view_filter ] --END-- [ RunTime:0.000431s ]
INFO: [ app_end ] --START--
INFO: Run Behavior\ShowPageTraceBehavior [ RunTime:0.000537s ]
INFO: [ app_end ] --END-- [ RunTime:0.000583s ]

[ 2016-01-18T17:56:52+08:00 ] 127.0.0.1 /index.php/Home/Article/query/cid/4.html
INFO: [ app_init ] --START--
INFO: Run Behavior\BuildLiteBehavior [ RunTime:0.000018s ]
INFO: [ app_init ] --END-- [ RunTime:0.000464s ]
INFO: [ app_begin ] --START--
INFO: Run Behavior\ReadHtmlCacheBehavior [ RunTime:0.000486s ]
INFO: [ app_begin ] --END-- [ RunTime:0.000538s ]
NOTIC: [2048] Declaration of Home\Controller\ArticleController::get() should be compatible with Think\Controller::get($name = '') D:\xampp\htdocs\liul\Application\Home\Controller\ArticleController.class.php 第 81 行.
SQL: SHOW COLUMNS FROM `category` [ RunTime:0.0055s ]
SQL: SHOW COLUMNS FROM `category` [ RunTime:0.0042s ]
SQL: SELECT * FROM `category` WHERE `id` = 4 AND `cid` = 0  [ RunTime:0.0003s ]
SQL: SELECT * FROM `category` WHERE `id` = 4  [ RunTime:0.0002s ]
SQL: SELECT * FROM `category` WHERE `cid` = 1 ORDER BY amount DESC  [ RunTime:0.0002s ]
SQL: SELECT * FROM `category` WHERE `cid` = 0 AND `uid` = 11 ORDER BY amount DESC  [ RunTime:0.0002s ]
SQL: SHOW COLUMNS FROM `users` [ RunTime:0.0036s ]
SQL: SHOW COLUMNS FROM `users` [ RunTime:0.0050s ]
SQL: SELECT * FROM `users` WHERE ( id=11 )  [ RunTime:0.0002s ]
SQL: SHOW COLUMNS FROM `article` [ RunTime:0.0035s ]
SQL: SHOW COLUMNS FROM `article` [ RunTime:0.0037s ]
SQL: SELECT * FROM `article` WHERE `cid` = 4 ORDER BY `like` desc LIMIT 0,5   [ RunTime:0.0004s ]
SQL: SELECT count(id) as totalcount FROM `article` WHERE `cid` = 4  [ RunTime:0.0002s ]
NOTIC: [8] Undefined index: id D:\xampp\htdocs\liul\Application\Home\Controller\ArticleController.class.php 第 49 行.
INFO: [ view_parse ] --START--
INFO: [ template_filter ] --START--
INFO: Run Behavior\ContentReplaceBehavior [ RunTime:0.000059s ]
INFO: [ template_filter ] --END-- [ RunTime:0.000103s ]
NOTIC: [8] Undefined variable: user D:\xampp\htdocs\liul\Application\Runtime\Cache\Home\7417e5288effc0f015fb1412cf5df107.php 第 21 行.
NOTIC: [8] Undefined variable: user D:\xampp\htdocs\liul\Application\Runtime\Cache\Home\7417e5288effc0f015fb1412cf5df107.php 第 22 行.
INFO: Run Behavior\ParseTemplateBehavior [ RunTime:0.011499s ]
INFO: [ view_parse ] --END-- [ RunTime:0.011540s ]
INFO: [ view_filter ] --START--
INFO: Run Behavior\WriteHtmlCacheBehavior [ RunTime:0.000282s ]
INFO: [ view_filter ] --END-- [ RunTime:0.000313s ]
INFO: [ app_end ] --START--
INFO: Run Behavior\ShowPageTraceBehavior [ RunTime:0.000438s ]
INFO: [ app_end ] --END-- [ RunTime:0.000475s ]

[ 2016-01-18T17:56:55+08:00 ] 127.0.0.1 /index.php/Home/Article/query/cid/3.html
INFO: [ app_init ] --START--
INFO: Run Behavior\BuildLiteBehavior [ RunTime:0.000014s ]
INFO: [ app_init ] --END-- [ RunTime:0.000387s ]
INFO: [ app_begin ] --START--
INFO: Run Behavior\ReadHtmlCacheBehavior [ RunTime:0.000583s ]
INFO: [ app_begin ] --END-- [ RunTime:0.000646s ]
NOTIC: [2048] Declaration of Home\Controller\ArticleController::get() should be compatible with Think\Controller::get($name = '') D:\xampp\htdocs\liul\Application\Home\Controller\ArticleController.class.php 第 81 行.
SQL: SHOW COLUMNS FROM `category` [ RunTime:0.0062s ]
SQL: SHOW COLUMNS FROM `category` [ RunTime:0.0043s ]
SQL: SELECT * FROM `category` WHERE `id` = 3 AND `cid` = 0  [ RunTime:0.0017s ]
SQL: SELECT * FROM `category` WHERE `id` = 3  [ RunTime:0.0011s ]
SQL: SELECT * FROM `category` WHERE `cid` = 1 ORDER BY amount DESC  [ RunTime:0.0005s ]
SQL: SELECT * FROM `category` WHERE `cid` = 0 AND `uid` = 11 ORDER BY amount DESC  [ RunTime:0.0005s ]
SQL: SHOW COLUMNS FROM `users` [ RunTime:0.0042s ]
SQL: SHOW COLUMNS FROM `users` [ RunTime:0.0043s ]
SQL: SELECT * FROM `users` WHERE ( id=11 )  [ RunTime:0.0004s ]
SQL: SHOW COLUMNS FROM `article` [ RunTime:0.0059s ]
SQL: SHOW COLUMNS FROM `article` [ RunTime:0.0043s ]
SQL: SELECT * FROM `article` WHERE `cid` = 3 ORDER BY `like` desc LIMIT 0,5   [ RunTime:0.0004s ]
SQL: SELECT count(id) as totalcount FROM `article` WHERE `cid` = 3  [ RunTime:0.0003s ]
NOTIC: [8] Undefined index: id D:\xampp\htdocs\liul\Application\Home\Controller\ArticleController.class.php 第 49 行.
INFO: [ view_parse ] --START--
INFO: [ template_filter ] --START--
INFO: Run Behavior\ContentReplaceBehavior [ RunTime:0.000084s ]
INFO: [ template_filter ] --END-- [ RunTime:0.000134s ]
NOTIC: [8] Undefined variable: user D:\xampp\htdocs\liul\Application\Runtime\Cache\Home\7417e5288effc0f015fb1412cf5df107.php 第 21 行.
NOTIC: [8] Undefined variable: user D:\xampp\htdocs\liul\Application\Runtime\Cache\Home\7417e5288effc0f015fb1412cf5df107.php 第 22 行.
INFO: Run Behavior\ParseTemplateBehavior [ RunTime:0.011027s ]
INFO: [ view_parse ] --END-- [ RunTime:0.011073s ]
INFO: [ view_filter ] --START--
INFO: Run Behavior\WriteHtmlCacheBehavior [ RunTime:0.000444s ]
INFO: [ view_filter ] --END-- [ RunTime:0.000487s ]
INFO: [ app_end ] --START--
INFO: Run Behavior\ShowPageTraceBehavior [ RunTime:0.001490s ]
INFO: [ app_end ] --END-- [ RunTime:0.001543s ]

[ 2016-01-18T17:56:59+08:00 ] 127.0.0.1 /index.php/Home/Article/get/id/1.html
INFO: [ app_init ] --START--
INFO: Run Behavior\BuildLiteBehavior [ RunTime:0.000021s ]
INFO: [ app_init ] --END-- [ RunTime:0.000550s ]
INFO: [ app_begin ] --START--
INFO: Run Behavior\ReadHtmlCacheBehavior [ RunTime:0.001082s ]
INFO: [ app_begin ] --END-- [ RunTime:0.001305s ]
NOTIC: [2048] Declaration of Home\Controller\ArticleController::get() should be compatible with Think\Controller::get($name = '') D:\xampp\htdocs\liul\Application\Home\Controller\ArticleController.class.php 第 81 行.
SQL: SHOW COLUMNS FROM `article` [ RunTime:0.0040s ]
SQL: SHOW COLUMNS FROM `article` [ RunTime:0.0041s ]
SQL: SELECT * FROM `article` WHERE `id` = 1  [ RunTime:0.0004s ]
SQL: SHOW COLUMNS FROM `category` [ RunTime:0.0036s ]
SQL: SHOW COLUMNS FROM `category` [ RunTime:0.0035s ]
SQL: SELECT * FROM `category` WHERE `cid` = 0 AND `uid` = 11 ORDER BY amount DESC  [ RunTime:0.0003s ]
SQL: SELECT * FROM `category` WHERE `id` = 3 ORDER BY amount DESC  [ RunTime:0.0002s ]
SQL: SHOW COLUMNS FROM `users` [ RunTime:0.0047s ]
SQL: SHOW COLUMNS FROM `users` [ RunTime:0.0034s ]
SQL: SELECT * FROM `users` WHERE ( id=11 )  [ RunTime:0.0003s ]
NOTIC: [2048] Declaration of Common\Model\CommentModel::add() should be compatible with Think\Model::add($data = '', $options = Array, $replace = false) D:\xampp\htdocs\liul\Application\Common\Model\CommentModel.class.php 第 21 行.
SQL: SHOW COLUMNS FROM `comment` [ RunTime:0.0041s ]
SQL: SHOW COLUMNS FROM `comment` [ RunTime:0.0036s ]
SQL: SELECT users.name,users.headimg,comment.content,comment.createtime FROM `comment` INNER JOIN users on users.id = comment.uid  WHERE `aid` = '1' ORDER BY `createtime` asc  [ RunTime:0.0066s ]
INFO: [ view_parse ] --START--
INFO: [ template_filter ] --START--
INFO: Run Behavior\ContentReplaceBehavior [ RunTime:0.000058s ]
INFO: [ template_filter ] --END-- [ RunTime:0.000103s ]
INFO: Run Behavior\ParseTemplateBehavior [ RunTime:0.009727s ]
INFO: [ view_parse ] --END-- [ RunTime:0.009783s ]
INFO: [ view_filter ] --START--
INFO: Run Behavior\WriteHtmlCacheBehavior [ RunTime:0.000446s ]
INFO: [ view_filter ] --END-- [ RunTime:0.000489s ]
INFO: [ app_end ] --START--
INFO: Run Behavior\ShowPageTraceBehavior [ RunTime:0.001047s ]
INFO: [ app_end ] --END-- [ RunTime:0.001097s ]

[ 2016-01-18T17:57:00+08:00 ] 127.0.0.1 /index.php/Home/Article/query/cid/3.html
INFO: [ app_init ] --START--
INFO: Run Behavior\BuildLiteBehavior [ RunTime:0.000022s ]
INFO: [ app_init ] --END-- [ RunTime:0.000773s ]
INFO: [ app_begin ] --START--
INFO: Run Behavior\ReadHtmlCacheBehavior [ RunTime:0.001119s ]
INFO: [ app_begin ] --END-- [ RunTime:0.001388s ]
NOTIC: [2048] Declaration of Home\Controller\ArticleController::get() should be compatible with Think\Controller::get($name = '') D:\xampp\htdocs\liul\Application\Home\Controller\ArticleController.class.php 第 81 行.
SQL: SHOW COLUMNS FROM `category` [ RunTime:0.0050s ]
SQL: SHOW COLUMNS FROM `category` [ RunTime:0.0054s ]
SQL: SELECT * FROM `category` WHERE `id` = 3 AND `cid` = 0  [ RunTime:0.0004s ]
SQL: SELECT * FROM `category` WHERE `id` = 3  [ RunTime:0.0003s ]
SQL: SELECT * FROM `category` WHERE `cid` = 1 ORDER BY amount DESC  [ RunTime:0.0014s ]
SQL: SELECT * FROM `category` WHERE `cid` = 0 AND `uid` = 11 ORDER BY amount DESC  [ RunTime:0.0004s ]
SQL: SHOW COLUMNS FROM `users` [ RunTime:0.0045s ]
SQL: SHOW COLUMNS FROM `users` [ RunTime:0.0039s ]
SQL: SELECT * FROM `users` WHERE ( id=11 )  [ RunTime:0.0003s ]
SQL: SHOW COLUMNS FROM `article` [ RunTime:0.0080s ]
SQL: SHOW COLUMNS FROM `article` [ RunTime:0.0045s ]
SQL: SELECT * FROM `article` WHERE `cid` = 3 ORDER BY `like` desc LIMIT 0,5   [ RunTime:0.0004s ]
SQL: SELECT count(id) as totalcount FROM `article` WHERE `cid` = 3  [ RunTime:0.0002s ]
NOTIC: [8] Undefined index: id D:\xampp\htdocs\liul\Application\Home\Controller\ArticleController.class.php 第 49 行.
INFO: [ view_parse ] --START--
INFO: [ template_filter ] --START--
INFO: Run Behavior\ContentReplaceBehavior [ RunTime:0.000059s ]
INFO: [ template_filter ] --END-- [ RunTime:0.000107s ]
NOTIC: [8] Undefined variable: user D:\xampp\htdocs\liul\Application\Runtime\Cache\Home\7417e5288effc0f015fb1412cf5df107.php 第 21 行.
NOTIC: [8] Undefined variable: user D:\xampp\htdocs\liul\Application\Runtime\Cache\Home\7417e5288effc0f015fb1412cf5df107.php 第 22 行.
INFO: Run Behavior\ParseTemplateBehavior [ RunTime:0.010909s ]
INFO: [ view_parse ] --END-- [ RunTime:0.010958s ]
INFO: [ view_filter ] --START--
INFO: Run Behavior\WriteHtmlCacheBehavior [ RunTime:0.000430s ]
INFO: [ view_filter ] --END-- [ RunTime:0.000471s ]
INFO: [ app_end ] --START--
INFO: Run Behavior\ShowPageTraceBehavior [ RunTime:0.000497s ]
INFO: [ app_end ] --END-- [ RunTime:0.000535s ]

