[ 2016-01-28T11:33:31+08:00 ] 127.0.0.1 /
INFO: [ app_init ] --START--
INFO: Run Behavior\BuildLiteBehavior [ RunTime:0.000015s ]
INFO: [ app_init ] --END-- [ RunTime:0.000391s ]
INFO: [ app_begin ] --START--
INFO: Run Behavior\ReadHtmlCacheBehavior [ RunTime:0.017843s ]
INFO: [ app_begin ] --END-- [ RunTime:0.017910s ]
SQL: SHOW COLUMNS FROM `article` [ RunTime:0.0817s ]
SQL: SHOW COLUMNS FROM `article` [ RunTime:0.0046s ]
SQL: SELECT * FROM `article` ORDER BY `like` desc LIMIT 0,9999999   [ RunTime:0.0026s ]
SQL: SELECT count(id) as totalcount FROM `article`  [ RunTime:0.0228s ]
INFO: [ view_parse ] --START--
INFO: [ template_filter ] --START--
INFO: Run Behavior\ContentReplaceBehavior [ RunTime:0.015897s ]
INFO: [ template_filter ] --END-- [ RunTime:0.016012s ]
INFO: Run Behavior\ParseTemplateBehavior [ RunTime:0.112637s ]
INFO: [ view_parse ] --END-- [ RunTime:0.112733s ]
INFO: [ view_filter ] --START--
INFO: Run Behavior\WriteHtmlCacheBehavior [ RunTime:0.010029s ]
INFO: [ view_filter ] --END-- [ RunTime:0.010121s ]
INFO: [ app_end ] --START--
INFO: Run Behavior\ShowPageTraceBehavior [ RunTime:0.004297s ]
INFO: [ app_end ] --END-- [ RunTime:0.004397s ]

[ 2016-01-28T11:57:57+08:00 ] 127.0.0.1 /Home/Article/get/uid/11/cid/5/id/6
INFO: [ app_init ] --START--
INFO: Run Behavior\BuildLiteBehavior [ RunTime:0.000017s ]
INFO: [ app_init ] --END-- [ RunTime:0.004458s ]
INFO: [ app_begin ] --START--
INFO: Run Behavior\ReadHtmlCacheBehavior [ RunTime:0.000597s ]
INFO: [ app_begin ] --END-- [ RunTime:0.000656s ]
NOTIC: [2048] Declaration of Home\Controller\ArticleController::get() should be compatible with Think\Controller::get($name = '') D:\xampp\htdocs\liul\Application\Home\Controller\ArticleController.class.php 第 81 行.
SQL: SHOW COLUMNS FROM `article` [ RunTime:0.0050s ]
SQL: SHOW COLUMNS FROM `article` [ RunTime:0.0047s ]
SQL: SELECT * FROM `article` WHERE `id` = 6  [ RunTime:0.0208s ]
SQL: SHOW COLUMNS FROM `category` [ RunTime:0.6252s ]
SQL: SHOW COLUMNS FROM `category` [ RunTime:0.0031s ]
SQL: SELECT * FROM `category` WHERE `cid` = 0 AND `uid` = 11 ORDER BY amount DESC  [ RunTime:0.0004s ]
SQL: SELECT * FROM `category` WHERE `id` = 5 ORDER BY amount DESC  [ RunTime:0.0003s ]
SQL: SHOW COLUMNS FROM `users` [ RunTime:0.0152s ]
SQL: SHOW COLUMNS FROM `users` [ RunTime:0.0034s ]
SQL: SELECT * FROM `users` WHERE ( id=11 )  [ RunTime:0.0005s ]
NOTIC: [2048] Declaration of Common\Model\CommentModel::add() should be compatible with Think\Model::add($data = '', $options = Array, $replace = false) D:\xampp\htdocs\liul\Application\Common\Model\CommentModel.class.php 第 21 行.
SQL: SHOW COLUMNS FROM `comment` [ RunTime:0.0263s ]
SQL: SHOW COLUMNS FROM `comment` [ RunTime:0.0030s ]
SQL: SELECT users.name,users.headimg,comment.content,comment.createtime FROM `comment` INNER JOIN users on users.id = comment.uid  WHERE `aid` = '6' ORDER BY `createtime` asc  [ RunTime:0.0242s ]
INFO: [ view_parse ] --START--
INFO: [ template_filter ] --START--
INFO: Run Behavior\ContentReplaceBehavior [ RunTime:0.009531s ]
INFO: [ template_filter ] --END-- [ RunTime:0.009596s ]
INFO: Run Behavior\ParseTemplateBehavior [ RunTime:0.046222s ]
INFO: [ view_parse ] --END-- [ RunTime:0.046276s ]
INFO: [ view_filter ] --START--
INFO: Run Behavior\WriteHtmlCacheBehavior [ RunTime:0.000878s ]
INFO: [ view_filter ] --END-- [ RunTime:0.000965s ]
INFO: [ app_end ] --START--
INFO: Run Behavior\ShowPageTraceBehavior [ RunTime:0.000593s ]
INFO: [ app_end ] --END-- [ RunTime:0.000630s ]

[ 2016-01-28T11:58:01+08:00 ] 127.0.0.1 /index.php/Home/Article/query/cid/1.html
INFO: [ app_init ] --START--
INFO: Run Behavior\BuildLiteBehavior [ RunTime:0.000016s ]
INFO: [ app_init ] --END-- [ RunTime:0.000560s ]
INFO: [ app_begin ] --START--
INFO: Run Behavior\ReadHtmlCacheBehavior [ RunTime:0.000599s ]
INFO: [ app_begin ] --END-- [ RunTime:0.000658s ]
NOTIC: [2048] Declaration of Home\Controller\ArticleController::get() should be compatible with Think\Controller::get($name = '') D:\xampp\htdocs\liul\Application\Home\Controller\ArticleController.class.php 第 81 行.
SQL: SHOW COLUMNS FROM `category` [ RunTime:0.0042s ]
SQL: SHOW COLUMNS FROM `category` [ RunTime:0.0026s ]
SQL: SELECT * FROM `category` WHERE `id` = 1 AND `cid` = 0  [ RunTime:0.0003s ]
SQL: SELECT * FROM `category` WHERE `cid` = 1 ORDER BY amount DESC  [ RunTime:0.0003s ]
SQL: SELECT * FROM `category` WHERE `cid` = 0 AND `uid` = 11 ORDER BY amount DESC  [ RunTime:0.0003s ]
SQL: SHOW COLUMNS FROM `users` [ RunTime:0.0026s ]
SQL: SHOW COLUMNS FROM `users` [ RunTime:0.0026s ]
SQL: SELECT * FROM `users` WHERE ( id=11 )  [ RunTime:0.0003s ]
NOTIC: [8] Undefined variable: articles D:\xampp\htdocs\liul\Application\Home\Controller\ArticleController.class.php 第 48 行.
NOTIC: [8] Undefined index: id D:\xampp\htdocs\liul\Application\Home\Controller\ArticleController.class.php 第 49 行.
NOTIC: [8] Undefined variable: articles D:\xampp\htdocs\liul\Application\Home\Controller\ArticleController.class.php 第 50 行.
NOTIC: [8] Undefined variable: articles D:\xampp\htdocs\liul\Application\Home\Controller\ArticleController.class.php 第 51 行.
NOTIC: [8] Undefined variable: pagecount D:\xampp\htdocs\liul\Application\Home\Controller\ArticleController.class.php 第 51 行.
NOTIC: [2] Division by zero D:\xampp\htdocs\liul\Application\Home\Controller\ArticleController.class.php 第 51 行.
NOTIC: [8] Undefined index: page D:\xampp\htdocs\liul\Application\Home\Controller\ArticleController.class.php 第 52 行.
INFO: [ view_parse ] --START--
INFO: [ template_filter ] --START--
INFO: Run Behavior\ContentReplaceBehavior [ RunTime:0.000058s ]
INFO: [ template_filter ] --END-- [ RunTime:0.000101s ]
NOTIC: [8] Undefined variable: user D:\xampp\htdocs\liul\Application\Runtime\Cache\Home\7417e5288effc0f015fb1412cf5df107.php 第 21 行.
NOTIC: [8] Undefined variable: user D:\xampp\htdocs\liul\Application\Runtime\Cache\Home\7417e5288effc0f015fb1412cf5df107.php 第 22 行.
INFO: Run Behavior\ParseTemplateBehavior [ RunTime:0.022441s ]
INFO: [ view_parse ] --END-- [ RunTime:0.022485s ]
INFO: [ view_filter ] --START--
INFO: Run Behavior\WriteHtmlCacheBehavior [ RunTime:0.000370s ]
INFO: [ view_filter ] --END-- [ RunTime:0.000404s ]
INFO: [ app_end ] --START--
INFO: Run Behavior\ShowPageTraceBehavior [ RunTime:0.000631s ]
INFO: [ app_end ] --END-- [ RunTime:0.000668s ]

[ 2016-01-28T11:58:02+08:00 ] 127.0.0.1 /index.php/Home/Index/index.html
INFO: [ app_init ] --START--
INFO: Run Behavior\BuildLiteBehavior [ RunTime:0.000015s ]
INFO: [ app_init ] --END-- [ RunTime:0.000423s ]
INFO: [ app_begin ] --START--
INFO: Run Behavior\ReadHtmlCacheBehavior [ RunTime:0.000510s ]
INFO: [ app_begin ] --END-- [ RunTime:0.000568s ]
SQL: SHOW COLUMNS FROM `article` [ RunTime:0.0036s ]
SQL: SHOW COLUMNS FROM `article` [ RunTime:0.0029s ]
SQL: SELECT * FROM `article` ORDER BY `like` desc LIMIT 0,9999999   [ RunTime:0.0004s ]
SQL: SELECT count(id) as totalcount FROM `article`  [ RunTime:0.0002s ]
INFO: [ view_parse ] --START--
INFO: [ template_filter ] --START--
INFO: Run Behavior\ContentReplaceBehavior [ RunTime:0.000091s ]
INFO: [ template_filter ] --END-- [ RunTime:0.000142s ]
INFO: Run Behavior\ParseTemplateBehavior [ RunTime:0.008108s ]
INFO: [ view_parse ] --END-- [ RunTime:0.008159s ]
INFO: [ view_filter ] --START--
INFO: Run Behavior\WriteHtmlCacheBehavior [ RunTime:0.000292s ]
INFO: [ view_filter ] --END-- [ RunTime:0.000325s ]
INFO: [ app_end ] --START--
INFO: Run Behavior\ShowPageTraceBehavior [ RunTime:0.000592s ]
INFO: [ app_end ] --END-- [ RunTime:0.000633s ]

[ 2016-01-28T11:58:03+08:00 ] 127.0.0.1 /Home/Article/get/uid/11/cid/4/id/2
INFO: [ app_init ] --START--
INFO: Run Behavior\BuildLiteBehavior [ RunTime:0.000015s ]
INFO: [ app_init ] --END-- [ RunTime:0.000468s ]
INFO: [ app_begin ] --START--
INFO: Run Behavior\ReadHtmlCacheBehavior [ RunTime:0.000484s ]
INFO: [ app_begin ] --END-- [ RunTime:0.000642s ]
NOTIC: [2048] Declaration of Home\Controller\ArticleController::get() should be compatible with Think\Controller::get($name = '') D:\xampp\htdocs\liul\Application\Home\Controller\ArticleController.class.php 第 81 行.
SQL: SHOW COLUMNS FROM `article` [ RunTime:0.0034s ]
SQL: SHOW COLUMNS FROM `article` [ RunTime:0.0072s ]
SQL: SELECT * FROM `article` WHERE `id` = 2  [ RunTime:0.0004s ]
SQL: SHOW COLUMNS FROM `category` [ RunTime:0.0030s ]
SQL: SHOW COLUMNS FROM `category` [ RunTime:0.0038s ]
SQL: SELECT * FROM `category` WHERE `cid` = 0 AND `uid` = 11 ORDER BY amount DESC  [ RunTime:0.0013s ]
SQL: SELECT * FROM `category` WHERE `id` = 4 ORDER BY amount DESC  [ RunTime:0.0003s ]
SQL: SHOW COLUMNS FROM `users` [ RunTime:0.0056s ]
SQL: SHOW COLUMNS FROM `users` [ RunTime:0.0028s ]
SQL: SELECT * FROM `users` WHERE ( id=11 )  [ RunTime:0.0003s ]
NOTIC: [2048] Declaration of Common\Model\CommentModel::add() should be compatible with Think\Model::add($data = '', $options = Array, $replace = false) D:\xampp\htdocs\liul\Application\Common\Model\CommentModel.class.php 第 21 行.
SQL: SHOW COLUMNS FROM `comment` [ RunTime:0.0038s ]
SQL: SHOW COLUMNS FROM `comment` [ RunTime:0.0041s ]
SQL: SELECT users.name,users.headimg,comment.content,comment.createtime FROM `comment` INNER JOIN users on users.id = comment.uid  WHERE `aid` = '2' ORDER BY `createtime` asc  [ RunTime:0.0045s ]
INFO: [ view_parse ] --START--
INFO: [ template_filter ] --START--
INFO: Run Behavior\ContentReplaceBehavior [ RunTime:0.000058s ]
INFO: [ template_filter ] --END-- [ RunTime:0.000104s ]
INFO: Run Behavior\ParseTemplateBehavior [ RunTime:0.016537s ]
INFO: [ view_parse ] --END-- [ RunTime:0.016590s ]
INFO: [ view_filter ] --START--
INFO: Run Behavior\WriteHtmlCacheBehavior [ RunTime:0.000344s ]
INFO: [ view_filter ] --END-- [ RunTime:0.000379s ]
INFO: [ app_end ] --START--
INFO: Run Behavior\ShowPageTraceBehavior [ RunTime:0.000584s ]
INFO: [ app_end ] --END-- [ RunTime:0.000629s ]

[ 2016-01-28T11:58:05+08:00 ] 127.0.0.1 /index.php/Home/Article/query/cid/2.html
INFO: [ app_init ] --START--
INFO: Run Behavior\BuildLiteBehavior [ RunTime:0.000014s ]
INFO: [ app_init ] --END-- [ RunTime:0.000434s ]
INFO: [ app_begin ] --START--
INFO: Run Behavior\ReadHtmlCacheBehavior [ RunTime:0.000551s ]
INFO: [ app_begin ] --END-- [ RunTime:0.000603s ]
NOTIC: [2048] Declaration of Home\Controller\ArticleController::get() should be compatible with Think\Controller::get($name = '') D:\xampp\htdocs\liul\Application\Home\Controller\ArticleController.class.php 第 81 行.
SQL: SHOW COLUMNS FROM `category` [ RunTime:0.0028s ]
SQL: SHOW COLUMNS FROM `category` [ RunTime:0.0027s ]
SQL: SELECT * FROM `category` WHERE `id` = 2 AND `cid` = 0  [ RunTime:0.0003s ]
SQL: SELECT * FROM `category` WHERE `cid` = 2 ORDER BY amount DESC  [ RunTime:0.0003s ]
SQL: SELECT * FROM `category` WHERE `cid` = 0 AND `uid` = 11 ORDER BY amount DESC  [ RunTime:0.0003s ]
SQL: SHOW COLUMNS FROM `users` [ RunTime:0.0031s ]
SQL: SHOW COLUMNS FROM `users` [ RunTime:0.0054s ]
SQL: SELECT * FROM `users` WHERE ( id=11 )  [ RunTime:0.0003s ]
NOTIC: [8] Undefined variable: articles D:\xampp\htdocs\liul\Application\Home\Controller\ArticleController.class.php 第 48 行.
NOTIC: [8] Undefined index: id D:\xampp\htdocs\liul\Application\Home\Controller\ArticleController.class.php 第 49 行.
NOTIC: [8] Undefined variable: articles D:\xampp\htdocs\liul\Application\Home\Controller\ArticleController.class.php 第 50 行.
NOTIC: [8] Undefined variable: articles D:\xampp\htdocs\liul\Application\Home\Controller\ArticleController.class.php 第 51 行.
NOTIC: [8] Undefined variable: pagecount D:\xampp\htdocs\liul\Application\Home\Controller\ArticleController.class.php 第 51 行.
NOTIC: [2] Division by zero D:\xampp\htdocs\liul\Application\Home\Controller\ArticleController.class.php 第 51 行.
NOTIC: [8] Undefined index: page D:\xampp\htdocs\liul\Application\Home\Controller\ArticleController.class.php 第 52 行.
INFO: [ view_parse ] --START--
INFO: [ template_filter ] --START--
INFO: Run Behavior\ContentReplaceBehavior [ RunTime:0.000060s ]
INFO: [ template_filter ] --END-- [ RunTime:0.000109s ]
NOTIC: [8] Undefined variable: user D:\xampp\htdocs\liul\Application\Runtime\Cache\Home\7417e5288effc0f015fb1412cf5df107.php 第 21 行.
NOTIC: [8] Undefined variable: user D:\xampp\htdocs\liul\Application\Runtime\Cache\Home\7417e5288effc0f015fb1412cf5df107.php 第 22 行.
INFO: Run Behavior\ParseTemplateBehavior [ RunTime:0.013705s ]
INFO: [ view_parse ] --END-- [ RunTime:0.013753s ]
INFO: [ view_filter ] --START--
INFO: Run Behavior\WriteHtmlCacheBehavior [ RunTime:0.000411s ]
INFO: [ view_filter ] --END-- [ RunTime:0.000447s ]
INFO: [ app_end ] --START--
INFO: Run Behavior\ShowPageTraceBehavior [ RunTime:0.000548s ]
INFO: [ app_end ] --END-- [ RunTime:0.000588s ]

[ 2016-01-28T11:58:06+08:00 ] 127.0.0.1 /index.php/Home/Article/query/cid/7.html
INFO: [ app_init ] --START--
INFO: Run Behavior\BuildLiteBehavior [ RunTime:0.000015s ]
INFO: [ app_init ] --END-- [ RunTime:0.000417s ]
INFO: [ app_begin ] --START--
INFO: Run Behavior\ReadHtmlCacheBehavior [ RunTime:0.000501s ]
INFO: [ app_begin ] --END-- [ RunTime:0.000555s ]
NOTIC: [2048] Declaration of Home\Controller\ArticleController::get() should be compatible with Think\Controller::get($name = '') D:\xampp\htdocs\liul\Application\Home\Controller\ArticleController.class.php 第 81 行.
SQL: SHOW COLUMNS FROM `category` [ RunTime:0.0031s ]
SQL: SHOW COLUMNS FROM `category` [ RunTime:0.0030s ]
SQL: SELECT * FROM `category` WHERE `id` = 7 AND `cid` = 0  [ RunTime:0.0004s ]
SQL: SELECT * FROM `category` WHERE `cid` = 7 ORDER BY amount DESC  [ RunTime:0.0003s ]
SQL: SELECT * FROM `category` WHERE `cid` = 0 AND `uid` = 11 ORDER BY amount DESC  [ RunTime:0.0003s ]
SQL: SHOW COLUMNS FROM `users` [ RunTime:0.0030s ]
SQL: SHOW COLUMNS FROM `users` [ RunTime:0.0049s ]
SQL: SELECT * FROM `users` WHERE ( id=11 )  [ RunTime:0.0003s ]
NOTIC: [8] Undefined variable: articles D:\xampp\htdocs\liul\Application\Home\Controller\ArticleController.class.php 第 48 行.
NOTIC: [8] Undefined index: id D:\xampp\htdocs\liul\Application\Home\Controller\ArticleController.class.php 第 49 行.
NOTIC: [8] Undefined variable: articles D:\xampp\htdocs\liul\Application\Home\Controller\ArticleController.class.php 第 50 行.
NOTIC: [8] Undefined variable: articles D:\xampp\htdocs\liul\Application\Home\Controller\ArticleController.class.php 第 51 行.
NOTIC: [8] Undefined variable: pagecount D:\xampp\htdocs\liul\Application\Home\Controller\ArticleController.class.php 第 51 行.
NOTIC: [2] Division by zero D:\xampp\htdocs\liul\Application\Home\Controller\ArticleController.class.php 第 51 行.
NOTIC: [8] Undefined index: page D:\xampp\htdocs\liul\Application\Home\Controller\ArticleController.class.php 第 52 行.
INFO: [ view_parse ] --START--
INFO: [ template_filter ] --START--
INFO: Run Behavior\ContentReplaceBehavior [ RunTime:0.000056s ]
INFO: [ template_filter ] --END-- [ RunTime:0.000101s ]
NOTIC: [8] Undefined variable: user D:\xampp\htdocs\liul\Application\Runtime\Cache\Home\7417e5288effc0f015fb1412cf5df107.php 第 21 行.
NOTIC: [8] Undefined variable: user D:\xampp\htdocs\liul\Application\Runtime\Cache\Home\7417e5288effc0f015fb1412cf5df107.php 第 22 行.
NOTIC: [8] Undefined offset: 0 D:\xampp\htdocs\liul\Application\Runtime\Cache\Home\7417e5288effc0f015fb1412cf5df107.php 第 34 行.
NOTIC: [8] Undefined offset: 0 D:\xampp\htdocs\liul\Application\Runtime\Cache\Home\7417e5288effc0f015fb1412cf5df107.php 第 34 行.
INFO: Run Behavior\ParseTemplateBehavior [ RunTime:0.009086s ]
INFO: [ view_parse ] --END-- [ RunTime:0.009131s ]
INFO: [ view_filter ] --START--
INFO: Run Behavior\WriteHtmlCacheBehavior [ RunTime:0.000310s ]
INFO: [ view_filter ] --END-- [ RunTime:0.000345s ]
INFO: [ app_end ] --START--
INFO: Run Behavior\ShowPageTraceBehavior [ RunTime:0.000436s ]
INFO: [ app_end ] --END-- [ RunTime:0.000472s ]

[ 2016-01-28T12:51:02+08:00 ] 127.0.0.1 /index.php/Home/Article/query/cid/1.html
INFO: [ app_init ] --START--
INFO: Run Behavior\BuildLiteBehavior [ RunTime:0.000012s ]
INFO: [ app_init ] --END-- [ RunTime:0.000554s ]
INFO: [ app_begin ] --START--
INFO: Run Behavior\ReadHtmlCacheBehavior [ RunTime:0.000643s ]
INFO: [ app_begin ] --END-- [ RunTime:0.000697s ]
NOTIC: [2048] Declaration of Home\Controller\ArticleController::get() should be compatible with Think\Controller::get($name = '') D:\xampp\htdocs\liul\Application\Home\Controller\ArticleController.class.php 第 81 行.
SQL: SHOW COLUMNS FROM `category` [ RunTime:0.0035s ]
SQL: SHOW COLUMNS FROM `category` [ RunTime:0.0025s ]
SQL: SELECT * FROM `category` WHERE `id` = 1 AND `cid` = 0  [ RunTime:0.0004s ]
SQL: SELECT * FROM `category` WHERE `cid` = 1 ORDER BY amount DESC  [ RunTime:0.0003s ]
SQL: SELECT * FROM `category` WHERE `cid` = 0 AND `uid` = 11 ORDER BY amount DESC  [ RunTime:0.0003s ]
SQL: SHOW COLUMNS FROM `users` [ RunTime:0.0037s ]
SQL: SHOW COLUMNS FROM `users` [ RunTime:0.0032s ]
SQL: SELECT * FROM `users` WHERE ( id=11 )  [ RunTime:0.0004s ]
NOTIC: [8] Undefined variable: articles D:\xampp\htdocs\liul\Application\Home\Controller\ArticleController.class.php 第 48 行.
NOTIC: [8] Undefined index: id D:\xampp\htdocs\liul\Application\Home\Controller\ArticleController.class.php 第 49 行.
NOTIC: [8] Undefined variable: articles D:\xampp\htdocs\liul\Application\Home\Controller\ArticleController.class.php 第 50 行.
NOTIC: [8] Undefined variable: articles D:\xampp\htdocs\liul\Application\Home\Controller\ArticleController.class.php 第 51 行.
NOTIC: [8] Undefined variable: pagecount D:\xampp\htdocs\liul\Application\Home\Controller\ArticleController.class.php 第 51 行.
NOTIC: [2] Division by zero D:\xampp\htdocs\liul\Application\Home\Controller\ArticleController.class.php 第 51 行.
NOTIC: [8] Undefined index: page D:\xampp\htdocs\liul\Application\Home\Controller\ArticleController.class.php 第 52 行.
INFO: [ view_parse ] --START--
INFO: [ template_filter ] --START--
INFO: Run Behavior\ContentReplaceBehavior [ RunTime:0.000060s ]
INFO: [ template_filter ] --END-- [ RunTime:0.000102s ]
NOTIC: [8] Undefined variable: user D:\xampp\htdocs\liul\Application\Runtime\Cache\Home\7417e5288effc0f015fb1412cf5df107.php 第 21 行.
NOTIC: [8] Undefined variable: user D:\xampp\htdocs\liul\Application\Runtime\Cache\Home\7417e5288effc0f015fb1412cf5df107.php 第 22 行.
INFO: Run Behavior\ParseTemplateBehavior [ RunTime:0.010201s ]
INFO: [ view_parse ] --END-- [ RunTime:0.010248s ]
INFO: [ view_filter ] --START--
INFO: Run Behavior\WriteHtmlCacheBehavior [ RunTime:0.000513s ]
INFO: [ view_filter ] --END-- [ RunTime:0.000548s ]
INFO: [ app_end ] --START--
INFO: Run Behavior\ShowPageTraceBehavior [ RunTime:0.000585s ]
INFO: [ app_end ] --END-- [ RunTime:0.000622s ]

[ 2016-01-28T12:51:04+08:00 ] 127.0.0.1 /index.php/Home/Article/query/cid/2.html
INFO: [ app_init ] --START--
INFO: Run Behavior\BuildLiteBehavior [ RunTime:0.000014s ]
INFO: [ app_init ] --END-- [ RunTime:0.000395s ]
INFO: [ app_begin ] --START--
INFO: Run Behavior\ReadHtmlCacheBehavior [ RunTime:0.000646s ]
INFO: [ app_begin ] --END-- [ RunTime:0.000706s ]
NOTIC: [2048] Declaration of Home\Controller\ArticleController::get() should be compatible with Think\Controller::get($name = '') D:\xampp\htdocs\liul\Application\Home\Controller\ArticleController.class.php 第 81 行.
SQL: SHOW COLUMNS FROM `category` [ RunTime:0.0026s ]
SQL: SHOW COLUMNS FROM `category` [ RunTime:0.0027s ]
SQL: SELECT * FROM `category` WHERE `id` = 2 AND `cid` = 0  [ RunTime:0.0003s ]
SQL: SELECT * FROM `category` WHERE `cid` = 2 ORDER BY amount DESC  [ RunTime:0.0004s ]
SQL: SELECT * FROM `category` WHERE `cid` = 0 AND `uid` = 11 ORDER BY amount DESC  [ RunTime:0.0003s ]
SQL: SHOW COLUMNS FROM `users` [ RunTime:0.0033s ]
SQL: SHOW COLUMNS FROM `users` [ RunTime:0.0049s ]
SQL: SELECT * FROM `users` WHERE ( id=11 )  [ RunTime:0.0003s ]
NOTIC: [8] Undefined variable: articles D:\xampp\htdocs\liul\Application\Home\Controller\ArticleController.class.php 第 48 行.
NOTIC: [8] Undefined index: id D:\xampp\htdocs\liul\Application\Home\Controller\ArticleController.class.php 第 49 行.
NOTIC: [8] Undefined variable: articles D:\xampp\htdocs\liul\Application\Home\Controller\ArticleController.class.php 第 50 行.
NOTIC: [8] Undefined variable: articles D:\xampp\htdocs\liul\Application\Home\Controller\ArticleController.class.php 第 51 行.
NOTIC: [8] Undefined variable: pagecount D:\xampp\htdocs\liul\Application\Home\Controller\ArticleController.class.php 第 51 行.
NOTIC: [2] Division by zero D:\xampp\htdocs\liul\Application\Home\Controller\ArticleController.class.php 第 51 行.
NOTIC: [8] Undefined index: page D:\xampp\htdocs\liul\Application\Home\Controller\ArticleController.class.php 第 52 行.
INFO: [ view_parse ] --START--
INFO: [ template_filter ] --START--
INFO: Run Behavior\ContentReplaceBehavior [ RunTime:0.000057s ]
INFO: [ template_filter ] --END-- [ RunTime:0.000101s ]
NOTIC: [8] Undefined variable: user D:\xampp\htdocs\liul\Application\Runtime\Cache\Home\7417e5288effc0f015fb1412cf5df107.php 第 21 行.
NOTIC: [8] Undefined variable: user D:\xampp\htdocs\liul\Application\Runtime\Cache\Home\7417e5288effc0f015fb1412cf5df107.php 第 22 行.
INFO: Run Behavior\ParseTemplateBehavior [ RunTime:0.017515s ]
INFO: [ view_parse ] --END-- [ RunTime:0.017566s ]
INFO: [ view_filter ] --START--
INFO: Run Behavior\WriteHtmlCacheBehavior [ RunTime:0.000291s ]
INFO: [ view_filter ] --END-- [ RunTime:0.000324s ]
INFO: [ app_end ] --START--
INFO: Run Behavior\ShowPageTraceBehavior [ RunTime:0.000448s ]
INFO: [ app_end ] --END-- [ RunTime:0.000482s ]

[ 2016-01-28T12:51:05+08:00 ] 127.0.0.1 /index.php/Home/Article/query/cid/1.html
INFO: [ app_init ] --START--
INFO: Run Behavior\BuildLiteBehavior [ RunTime:0.000011s ]
INFO: [ app_init ] --END-- [ RunTime:0.000444s ]
INFO: [ app_begin ] --START--
INFO: Run Behavior\ReadHtmlCacheBehavior [ RunTime:0.000635s ]
INFO: [ app_begin ] --END-- [ RunTime:0.000689s ]
NOTIC: [2048] Declaration of Home\Controller\ArticleController::get() should be compatible with Think\Controller::get($name = '') D:\xampp\htdocs\liul\Application\Home\Controller\ArticleController.class.php 第 81 行.
SQL: SHOW COLUMNS FROM `category` [ RunTime:0.0025s ]
SQL: SHOW COLUMNS FROM `category` [ RunTime:0.0026s ]
SQL: SELECT * FROM `category` WHERE `id` = 1 AND `cid` = 0  [ RunTime:0.0004s ]
SQL: SELECT * FROM `category` WHERE `cid` = 1 ORDER BY amount DESC  [ RunTime:0.0003s ]
SQL: SELECT * FROM `category` WHERE `cid` = 0 AND `uid` = 11 ORDER BY amount DESC  [ RunTime:0.0003s ]
SQL: SHOW COLUMNS FROM `users` [ RunTime:0.0038s ]
SQL: SHOW COLUMNS FROM `users` [ RunTime:0.0030s ]
SQL: SELECT * FROM `users` WHERE ( id=11 )  [ RunTime:0.0003s ]
NOTIC: [8] Undefined variable: articles D:\xampp\htdocs\liul\Application\Home\Controller\ArticleController.class.php 第 48 行.
NOTIC: [8] Undefined index: id D:\xampp\htdocs\liul\Application\Home\Controller\ArticleController.class.php 第 49 行.
NOTIC: [8] Undefined variable: articles D:\xampp\htdocs\liul\Application\Home\Controller\ArticleController.class.php 第 50 行.
NOTIC: [8] Undefined variable: articles D:\xampp\htdocs\liul\Application\Home\Controller\ArticleController.class.php 第 51 行.
NOTIC: [8] Undefined variable: pagecount D:\xampp\htdocs\liul\Application\Home\Controller\ArticleController.class.php 第 51 行.
NOTIC: [2] Division by zero D:\xampp\htdocs\liul\Application\Home\Controller\ArticleController.class.php 第 51 行.
NOTIC: [8] Undefined index: page D:\xampp\htdocs\liul\Application\Home\Controller\ArticleController.class.php 第 52 行.
INFO: [ view_parse ] --START--
INFO: [ template_filter ] --START--
INFO: Run Behavior\ContentReplaceBehavior [ RunTime:0.000059s ]
INFO: [ template_filter ] --END-- [ RunTime:0.000105s ]
NOTIC: [8] Undefined variable: user D:\xampp\htdocs\liul\Application\Runtime\Cache\Home\7417e5288effc0f015fb1412cf5df107.php 第 21 行.
NOTIC: [8] Undefined variable: user D:\xampp\htdocs\liul\Application\Runtime\Cache\Home\7417e5288effc0f015fb1412cf5df107.php 第 22 行.
INFO: Run Behavior\ParseTemplateBehavior [ RunTime:0.011856s ]
INFO: [ view_parse ] --END-- [ RunTime:0.011907s ]
INFO: [ view_filter ] --START--
INFO: Run Behavior\WriteHtmlCacheBehavior [ RunTime:0.000415s ]
INFO: [ view_filter ] --END-- [ RunTime:0.000458s ]
INFO: [ app_end ] --START--
INFO: Run Behavior\ShowPageTraceBehavior [ RunTime:0.000520s ]
INFO: [ app_end ] --END-- [ RunTime:0.000558s ]

[ 2016-01-28T12:51:06+08:00 ] 127.0.0.1 /index.php/Home/Article/query/cid/7.html
INFO: [ app_init ] --START--
INFO: Run Behavior\BuildLiteBehavior [ RunTime:0.000013s ]
INFO: [ app_init ] --END-- [ RunTime:0.000469s ]
INFO: [ app_begin ] --START--
INFO: Run Behavior\ReadHtmlCacheBehavior [ RunTime:0.000534s ]
INFO: [ app_begin ] --END-- [ RunTime:0.000581s ]
NOTIC: [2048] Declaration of Home\Controller\ArticleController::get() should be compatible with Think\Controller::get($name = '') D:\xampp\htdocs\liul\Application\Home\Controller\ArticleController.class.php 第 81 行.
SQL: SHOW COLUMNS FROM `category` [ RunTime:0.0028s ]
SQL: SHOW COLUMNS FROM `category` [ RunTime:0.0026s ]
SQL: SELECT * FROM `category` WHERE `id` = 7 AND `cid` = 0  [ RunTime:0.0003s ]
SQL: SELECT * FROM `category` WHERE `cid` = 7 ORDER BY amount DESC  [ RunTime:0.0003s ]
SQL: SELECT * FROM `category` WHERE `cid` = 0 AND `uid` = 11 ORDER BY amount DESC  [ RunTime:0.0003s ]
SQL: SHOW COLUMNS FROM `users` [ RunTime:0.0030s ]
SQL: SHOW COLUMNS FROM `users` [ RunTime:0.0026s ]
SQL: SELECT * FROM `users` WHERE ( id=11 )  [ RunTime:0.0003s ]
NOTIC: [8] Undefined variable: articles D:\xampp\htdocs\liul\Application\Home\Controller\ArticleController.class.php 第 48 行.
NOTIC: [8] Undefined index: id D:\xampp\htdocs\liul\Application\Home\Controller\ArticleController.class.php 第 49 行.
NOTIC: [8] Undefined variable: articles D:\xampp\htdocs\liul\Application\Home\Controller\ArticleController.class.php 第 50 行.
NOTIC: [8] Undefined variable: articles D:\xampp\htdocs\liul\Application\Home\Controller\ArticleController.class.php 第 51 行.
NOTIC: [8] Undefined variable: pagecount D:\xampp\htdocs\liul\Application\Home\Controller\ArticleController.class.php 第 51 行.
NOTIC: [2] Division by zero D:\xampp\htdocs\liul\Application\Home\Controller\ArticleController.class.php 第 51 行.
NOTIC: [8] Undefined index: page D:\xampp\htdocs\liul\Application\Home\Controller\ArticleController.class.php 第 52 行.
INFO: [ view_parse ] --START--
INFO: [ template_filter ] --START--
INFO: Run Behavior\ContentReplaceBehavior [ RunTime:0.000060s ]
INFO: [ template_filter ] --END-- [ RunTime:0.000103s ]
NOTIC: [8] Undefined variable: user D:\xampp\htdocs\liul\Application\Runtime\Cache\Home\7417e5288effc0f015fb1412cf5df107.php 第 21 行.
NOTIC: [8] Undefined variable: user D:\xampp\htdocs\liul\Application\Runtime\Cache\Home\7417e5288effc0f015fb1412cf5df107.php 第 22 行.
NOTIC: [8] Undefined offset: 0 D:\xampp\htdocs\liul\Application\Runtime\Cache\Home\7417e5288effc0f015fb1412cf5df107.php 第 34 行.
NOTIC: [8] Undefined offset: 0 D:\xampp\htdocs\liul\Application\Runtime\Cache\Home\7417e5288effc0f015fb1412cf5df107.php 第 34 行.
INFO: Run Behavior\ParseTemplateBehavior [ RunTime:0.008905s ]
INFO: [ view_parse ] --END-- [ RunTime:0.008946s ]
INFO: [ view_filter ] --START--
INFO: Run Behavior\WriteHtmlCacheBehavior [ RunTime:0.000357s ]
INFO: [ view_filter ] --END-- [ RunTime:0.000399s ]
INFO: [ app_end ] --START--
INFO: Run Behavior\ShowPageTraceBehavior [ RunTime:0.000898s ]
INFO: [ app_end ] --END-- [ RunTime:0.000950s ]

[ 2016-01-28T12:51:10+08:00 ] 127.0.0.1 /index.php/Home/Index/index.html
INFO: [ app_init ] --START--
INFO: Run Behavior\BuildLiteBehavior [ RunTime:0.000015s ]
INFO: [ app_init ] --END-- [ RunTime:0.000443s ]
INFO: [ app_begin ] --START--
INFO: Run Behavior\ReadHtmlCacheBehavior [ RunTime:0.000454s ]
INFO: [ app_begin ] --END-- [ RunTime:0.000505s ]
SQL: SHOW COLUMNS FROM `article` [ RunTime:0.0026s ]
SQL: SHOW COLUMNS FROM `article` [ RunTime:0.0025s ]
SQL: SELECT * FROM `article` ORDER BY `like` desc LIMIT 0,9999999   [ RunTime:0.0004s ]
SQL: SELECT count(id) as totalcount FROM `article`  [ RunTime:0.0002s ]
INFO: [ view_parse ] --START--
INFO: [ template_filter ] --START--
INFO: Run Behavior\ContentReplaceBehavior [ RunTime:0.000091s ]
INFO: [ template_filter ] --END-- [ RunTime:0.000181s ]
INFO: Run Behavior\ParseTemplateBehavior [ RunTime:0.007946s ]
INFO: [ view_parse ] --END-- [ RunTime:0.008012s ]
INFO: [ view_filter ] --START--
INFO: Run Behavior\WriteHtmlCacheBehavior [ RunTime:0.000418s ]
INFO: [ view_filter ] --END-- [ RunTime:0.000462s ]
INFO: [ app_end ] --START--
INFO: Run Behavior\ShowPageTraceBehavior [ RunTime:0.000499s ]
INFO: [ app_end ] --END-- [ RunTime:0.000540s ]

[ 2016-01-28T14:03:44+08:00 ] 127.0.0.1 /Home/Article/get/uid/11/cid/5/id/8
INFO: [ app_init ] --START--
INFO: Run Behavior\BuildLiteBehavior [ RunTime:0.000016s ]
INFO: [ app_init ] --END-- [ RunTime:0.001170s ]
INFO: [ app_begin ] --START--
INFO: Run Behavior\ReadHtmlCacheBehavior [ RunTime:0.001034s ]
INFO: [ app_begin ] --END-- [ RunTime:0.001108s ]
NOTIC: [2048] Declaration of Home\Controller\ArticleController::get() should be compatible with Think\Controller::get($name = '') D:\xampp\htdocs\liul\Application\Home\Controller\ArticleController.class.php 第 81 行.
SQL: SHOW COLUMNS FROM `article` [ RunTime:0.0043s ]
SQL: SHOW COLUMNS FROM `article` [ RunTime:0.0046s ]
SQL: SELECT * FROM `article` WHERE `id` = 8  [ RunTime:0.0007s ]
SQL: SHOW COLUMNS FROM `category` [ RunTime:0.0051s ]
SQL: SHOW COLUMNS FROM `category` [ RunTime:0.0053s ]
SQL: SELECT * FROM `category` WHERE `cid` = 0 AND `uid` = 11 ORDER BY amount DESC  [ RunTime:0.0006s ]
SQL: SELECT * FROM `category` WHERE `id` = 5 ORDER BY amount DESC  [ RunTime:0.0011s ]
SQL: SHOW COLUMNS FROM `users` [ RunTime:0.0098s ]
SQL: SHOW COLUMNS FROM `users` [ RunTime:0.0028s ]
SQL: SELECT * FROM `users` WHERE ( id=11 )  [ RunTime:0.0004s ]
NOTIC: [2048] Declaration of Common\Model\CommentModel::add() should be compatible with Think\Model::add($data = '', $options = Array, $replace = false) D:\xampp\htdocs\liul\Application\Common\Model\CommentModel.class.php 第 21 行.
SQL: SHOW COLUMNS FROM `comment` [ RunTime:0.0030s ]
SQL: SHOW COLUMNS FROM `comment` [ RunTime:0.0073s ]
SQL: SELECT users.name,users.headimg,comment.content,comment.createtime FROM `comment` INNER JOIN users on users.id = comment.uid  WHERE `aid` = '8' ORDER BY `createtime` asc  [ RunTime:0.0033s ]
INFO: [ view_parse ] --START--
INFO: [ template_filter ] --START--
INFO: Run Behavior\ContentReplaceBehavior [ RunTime:0.000061s ]
INFO: [ template_filter ] --END-- [ RunTime:0.000108s ]
INFO: Run Behavior\ParseTemplateBehavior [ RunTime:0.014622s ]
INFO: [ view_parse ] --END-- [ RunTime:0.014874s ]
INFO: [ view_filter ] --START--
INFO: Run Behavior\WriteHtmlCacheBehavior [ RunTime:0.001402s ]
INFO: [ view_filter ] --END-- [ RunTime:0.001468s ]
INFO: [ app_end ] --START--
INFO: Run Behavior\ShowPageTraceBehavior [ RunTime:0.000649s ]
INFO: [ app_end ] --END-- [ RunTime:0.000691s ]

[ 2016-01-28T14:03:55+08:00 ] 127.0.0.1 /index.php/Home/Article/query/cid/5.html
INFO: [ app_init ] --START--
INFO: Run Behavior\BuildLiteBehavior [ RunTime:0.000013s ]
INFO: [ app_init ] --END-- [ RunTime:0.000463s ]
INFO: [ app_begin ] --START--
INFO: Run Behavior\ReadHtmlCacheBehavior [ RunTime:0.000539s ]
INFO: [ app_begin ] --END-- [ RunTime:0.000585s ]
NOTIC: [2048] Declaration of Home\Controller\ArticleController::get() should be compatible with Think\Controller::get($name = '') D:\xampp\htdocs\liul\Application\Home\Controller\ArticleController.class.php 第 81 行.
SQL: SHOW COLUMNS FROM `category` [ RunTime:0.0027s ]
SQL: SHOW COLUMNS FROM `category` [ RunTime:0.0029s ]
SQL: SELECT * FROM `category` WHERE `id` = 5 AND `cid` = 0  [ RunTime:0.0003s ]
SQL: SELECT * FROM `category` WHERE `id` = 5  [ RunTime:0.0004s ]
SQL: SELECT * FROM `category` WHERE `cid` = 2 ORDER BY amount DESC  [ RunTime:0.0003s ]
SQL: SELECT * FROM `category` WHERE `cid` = 0 AND `uid` = 11 ORDER BY amount DESC  [ RunTime:0.0003s ]
SQL: SHOW COLUMNS FROM `users` [ RunTime:0.0039s ]
SQL: SHOW COLUMNS FROM `users` [ RunTime:0.0026s ]
SQL: SELECT * FROM `users` WHERE ( id=11 )  [ RunTime:0.0003s ]
SQL: SHOW COLUMNS FROM `article` [ RunTime:0.0029s ]
SQL: SHOW COLUMNS FROM `article` [ RunTime:0.0026s ]
SQL: SELECT * FROM `article` WHERE `cid` = 5 ORDER BY `like` desc LIMIT 0,5   [ RunTime:0.0182s ]
SQL: SELECT count(id) as totalcount FROM `article` WHERE `cid` = 5  [ RunTime:0.0003s ]
NOTIC: [8] Undefined index: id D:\xampp\htdocs\liul\Application\Home\Controller\ArticleController.class.php 第 49 行.
INFO: [ view_parse ] --START--
INFO: [ template_filter ] --START--
INFO: Run Behavior\ContentReplaceBehavior [ RunTime:0.000057s ]
INFO: [ template_filter ] --END-- [ RunTime:0.000101s ]
NOTIC: [8] Undefined variable: user D:\xampp\htdocs\liul\Application\Runtime\Cache\Home\7417e5288effc0f015fb1412cf5df107.php 第 21 行.
NOTIC: [8] Undefined variable: user D:\xampp\htdocs\liul\Application\Runtime\Cache\Home\7417e5288effc0f015fb1412cf5df107.php 第 22 行.
INFO: Run Behavior\ParseTemplateBehavior [ RunTime:0.010718s ]
INFO: [ view_parse ] --END-- [ RunTime:0.010763s ]
INFO: [ view_filter ] --START--
INFO: Run Behavior\WriteHtmlCacheBehavior [ RunTime:0.000316s ]
INFO: [ view_filter ] --END-- [ RunTime:0.000348s ]
INFO: [ app_end ] --START--
INFO: Run Behavior\ShowPageTraceBehavior [ RunTime:0.001180s ]
INFO: [ app_end ] --END-- [ RunTime:0.001226s ]

[ 2016-01-28T14:04:01+08:00 ] 127.0.0.1 /index.php/Home/Article/get/id/3.html
INFO: [ app_init ] --START--
INFO: Run Behavior\BuildLiteBehavior [ RunTime:0.000013s ]
INFO: [ app_init ] --END-- [ RunTime:0.000465s ]
INFO: [ app_begin ] --START--
INFO: Run Behavior\ReadHtmlCacheBehavior [ RunTime:0.000522s ]
INFO: [ app_begin ] --END-- [ RunTime:0.000567s ]
NOTIC: [2048] Declaration of Home\Controller\ArticleController::get() should be compatible with Think\Controller::get($name = '') D:\xampp\htdocs\liul\Application\Home\Controller\ArticleController.class.php 第 81 行.
SQL: SHOW COLUMNS FROM `article` [ RunTime:0.0028s ]
SQL: SHOW COLUMNS FROM `article` [ RunTime:0.0025s ]
SQL: SELECT * FROM `article` WHERE `id` = 3  [ RunTime:0.0003s ]
SQL: SHOW COLUMNS FROM `category` [ RunTime:0.0028s ]
SQL: SHOW COLUMNS FROM `category` [ RunTime:0.0026s ]
SQL: SELECT * FROM `category` WHERE `cid` = 0 AND `uid` = 11 ORDER BY amount DESC  [ RunTime:0.0003s ]
SQL: SELECT * FROM `category` WHERE `id` = 5 ORDER BY amount DESC  [ RunTime:0.0002s ]
SQL: SHOW COLUMNS FROM `users` [ RunTime:0.0032s ]
SQL: SHOW COLUMNS FROM `users` [ RunTime:0.0028s ]
SQL: SELECT * FROM `users` WHERE ( id=11 )  [ RunTime:0.0003s ]
NOTIC: [2048] Declaration of Common\Model\CommentModel::add() should be compatible with Think\Model::add($data = '', $options = Array, $replace = false) D:\xampp\htdocs\liul\Application\Common\Model\CommentModel.class.php 第 21 行.
SQL: SHOW COLUMNS FROM `comment` [ RunTime:0.0027s ]
SQL: SHOW COLUMNS FROM `comment` [ RunTime:0.0026s ]
SQL: SELECT users.name,users.headimg,comment.content,comment.createtime FROM `comment` INNER JOIN users on users.id = comment.uid  WHERE `aid` = '3' ORDER BY `createtime` asc  [ RunTime:0.0031s ]
INFO: [ view_parse ] --START--
INFO: [ template_filter ] --START--
INFO: Run Behavior\ContentReplaceBehavior [ RunTime:0.000060s ]
INFO: [ template_filter ] --END-- [ RunTime:0.000108s ]
INFO: Run Behavior\ParseTemplateBehavior [ RunTime:0.009858s ]
INFO: [ view_parse ] --END-- [ RunTime:0.009913s ]
INFO: [ view_filter ] --START--
INFO: Run Behavior\WriteHtmlCacheBehavior [ RunTime:0.000304s ]
INFO: [ view_filter ] --END-- [ RunTime:0.000336s ]
INFO: [ app_end ] --START--
INFO: Run Behavior\ShowPageTraceBehavior [ RunTime:0.000539s ]
INFO: [ app_end ] --END-- [ RunTime:0.000574s ]

