[ 2015-12-10T15:33:28+08:00 ] 127.0.0.1 /Admin/Public/login
INFO: [ app_init ] --START--
INFO: Run Behavior\BuildLiteBehavior [ RunTime:0.000013s ]
INFO: [ app_init ] --END-- [ RunTime:0.000426s ]
INFO: [ app_begin ] --START--
INFO: Run Behavior\ReadHtmlCacheBehavior [ RunTime:0.000656s ]
INFO: [ app_begin ] --END-- [ RunTime:0.000839s ]
INFO: [ view_parse ] --START--
INFO: [ template_filter ] --START--
INFO: Run Behavior\ContentReplaceBehavior [ RunTime:0.000051s ]
INFO: [ template_filter ] --END-- [ RunTime:0.000128s ]
INFO: Run Behavior\ParseTemplateBehavior [ RunTime:0.031614s ]
INFO: [ view_parse ] --END-- [ RunTime:0.031678s ]
INFO: [ view_filter ] --START--
INFO: Run Behavior\WriteHtmlCacheBehavior [ RunTime:0.000465s ]
INFO: [ view_filter ] --END-- [ RunTime:0.000504s ]
INFO: [ app_end ] --START--
INFO: Run Behavior\ShowPageTraceBehavior [ RunTime:0.000630s ]
INFO: [ app_end ] --END-- [ RunTime:0.000671s ]

[ 2015-12-10T15:33:30+08:00 ] 127.0.0.1 /index.php/Admin/Public/login.html
INFO: [ app_init ] --START--
INFO: Run Behavior\BuildLiteBehavior [ RunTime:0.000012s ]
INFO: [ app_init ] --END-- [ RunTime:0.000422s ]
INFO: [ app_begin ] --START--
INFO: Run Behavior\ReadHtmlCacheBehavior [ RunTime:0.001904s ]
INFO: [ app_begin ] --END-- [ RunTime:0.001987s ]
SQL: SHOW COLUMNS FROM `users` [ RunTime:0.0022s ]
SQL: SHOW COLUMNS FROM `users` [ RunTime:0.0043s ]
SQL: SELECT * FROM `users` WHERE `email` = '1903913942@qq.com' AND `password` = '7c4a8d09ca3762af61e59520943dc26494f8941b'  [ RunTime:0.0006s ]
NOTIC: [8] Undefined index: id D:\xampp\htdocs\liul\Application\Admin\Model\UsersModel.class.php 第 11 行.
NOTIC: [8] Undefined index: email D:\xampp\htdocs\liul\Application\Admin\Model\UsersModel.class.php 第 12 行.
INFO: [ view_parse ] --START--
INFO: [ template_filter ] --START--
INFO: Run Behavior\ContentReplaceBehavior [ RunTime:0.000076s ]
INFO: [ template_filter ] --END-- [ RunTime:0.000209s ]
INFO: Run Behavior\ParseTemplateBehavior [ RunTime:0.090371s ]
INFO: [ view_parse ] --END-- [ RunTime:0.090754s ]
INFO: [ view_filter ] --START--
INFO: Run Behavior\WriteHtmlCacheBehavior [ RunTime:0.000934s ]
INFO: [ view_filter ] --END-- [ RunTime:0.001054s ]
INFO: [ app_end ] --START--
INFO: Run Behavior\ShowPageTraceBehavior [ RunTime:0.003131s ]
INFO: [ app_end ] --END-- [ RunTime:0.003194s ]

[ 2015-12-10T15:33:31+08:00 ] 127.0.0.1 /index.php/Admin/Index/index.html
INFO: [ app_init ] --START--
INFO: Run Behavior\BuildLiteBehavior [ RunTime:0.000012s ]
INFO: [ app_init ] --END-- [ RunTime:0.000430s ]
INFO: [ app_begin ] --START--
INFO: Run Behavior\ReadHtmlCacheBehavior [ RunTime:0.000742s ]
INFO: [ app_begin ] --END-- [ RunTime:0.000796s ]
INFO: [ view_parse ] --START--
INFO: [ template_filter ] --START--
INFO: Run Behavior\ContentReplaceBehavior [ RunTime:0.000053s ]
INFO: [ template_filter ] --END-- [ RunTime:0.000100s ]
NOTIC: [8] Undefined variable: cate_lists D:\xampp\htdocs\liul\Application\Runtime\Cache\Admin\b595b808c2ebeeeb0478ffc30bb4e87a.php 第 61 行.
INFO: Run Behavior\ParseTemplateBehavior [ RunTime:0.016182s ]
INFO: [ view_parse ] --END-- [ RunTime:0.016228s ]
INFO: [ view_filter ] --START--
INFO: Run Behavior\WriteHtmlCacheBehavior [ RunTime:0.000497s ]
INFO: [ view_filter ] --END-- [ RunTime:0.000532s ]
INFO: [ app_end ] --START--
INFO: Run Behavior\ShowPageTraceBehavior [ RunTime:0.000568s ]
INFO: [ app_end ] --END-- [ RunTime:0.000607s ]

[ 2015-12-10T18:13:59+08:00 ] 127.0.0.1 /Admin/Welcome/index
INFO: [ app_init ] --START--
INFO: Run Behavior\BuildLiteBehavior [ RunTime:0.000013s ]
INFO: [ app_init ] --END-- [ RunTime:0.000331s ]
INFO: [ app_begin ] --START--
INFO: Run Behavior\ReadHtmlCacheBehavior [ RunTime:0.000548s ]
INFO: [ app_begin ] --END-- [ RunTime:0.000720s ]
ERR: 无法加载控制器:Welcome

[ 2015-12-10T18:47:53+08:00 ] 127.0.0.1 /Admin/Welcome/index
INFO: [ app_init ] --START--
INFO: Run Behavior\BuildLiteBehavior [ RunTime:0.000015s ]
INFO: [ app_init ] --END-- [ RunTime:0.000527s ]
INFO: [ app_begin ] --START--
INFO: Run Behavior\ReadHtmlCacheBehavior [ RunTime:0.000663s ]
INFO: [ app_begin ] --END-- [ RunTime:0.000726s ]
ERR: 无法加载控制器:Welcome

[ 2015-12-10T18:48:00+08:00 ] 127.0.0.1 /Admin/Public/login
INFO: [ app_init ] --START--
INFO: Run Behavior\BuildLiteBehavior [ RunTime:0.000017s ]
INFO: [ app_init ] --END-- [ RunTime:0.005546s ]
INFO: [ app_begin ] --START--
INFO: Run Behavior\ReadHtmlCacheBehavior [ RunTime:0.000773s ]
INFO: [ app_begin ] --END-- [ RunTime:0.000839s ]
INFO: [ view_parse ] --START--
INFO: [ template_filter ] --START--
INFO: Run Behavior\ContentReplaceBehavior [ RunTime:0.000036s ]
INFO: [ template_filter ] --END-- [ RunTime:0.000087s ]
INFO: Run Behavior\ParseTemplateBehavior [ RunTime:0.012783s ]
INFO: [ view_parse ] --END-- [ RunTime:0.012856s ]
INFO: [ view_filter ] --START--
INFO: Run Behavior\WriteHtmlCacheBehavior [ RunTime:0.000671s ]
INFO: [ view_filter ] --END-- [ RunTime:0.000717s ]
INFO: [ app_end ] --START--
INFO: Run Behavior\ShowPageTraceBehavior [ RunTime:0.000703s ]
INFO: [ app_end ] --END-- [ RunTime:0.000750s ]

[ 2015-12-10T18:48:04+08:00 ] 127.0.0.1 /index.php/Admin/Public/login.html
INFO: [ app_init ] --START--
INFO: Run Behavior\BuildLiteBehavior [ RunTime:0.000013s ]
INFO: [ app_init ] --END-- [ RunTime:0.000389s ]
INFO: [ app_begin ] --START--
INFO: Run Behavior\ReadHtmlCacheBehavior [ RunTime:0.001704s ]
INFO: [ app_begin ] --END-- [ RunTime:0.001780s ]
SQL: SHOW COLUMNS FROM `users` [ RunTime:0.0036s ]
SQL: SHOW COLUMNS FROM `users` [ RunTime:0.0064s ]
SQL: SELECT * FROM `users` WHERE `email` = '1903913942@qq.com' AND `password` = '7c4a8d09ca3762af61e59520943dc26494f8941b'  [ RunTime:0.0012s ]
NOTIC: [8] Undefined index: id D:\xampp\htdocs\liul\Application\Admin\Model\UsersModel.class.php 第 11 行.
NOTIC: [8] Undefined index: email D:\xampp\htdocs\liul\Application\Admin\Model\UsersModel.class.php 第 12 行.
INFO: [ view_parse ] --START--
INFO: [ template_filter ] --START--
INFO: Run Behavior\ContentReplaceBehavior [ RunTime:0.000037s ]
INFO: [ template_filter ] --END-- [ RunTime:0.000084s ]
INFO: Run Behavior\ParseTemplateBehavior [ RunTime:0.005959s ]
INFO: [ view_parse ] --END-- [ RunTime:0.006038s ]
INFO: [ view_filter ] --START--
INFO: Run Behavior\WriteHtmlCacheBehavior [ RunTime:0.000357s ]
INFO: [ view_filter ] --END-- [ RunTime:0.000391s ]
INFO: [ app_end ] --START--
INFO: Run Behavior\ShowPageTraceBehavior [ RunTime:0.000792s ]
INFO: [ app_end ] --END-- [ RunTime:0.000927s ]

[ 2015-12-10T18:48:05+08:00 ] 127.0.0.1 /index.php/Admin/Index/index.html
INFO: [ app_init ] --START--
INFO: Run Behavior\BuildLiteBehavior [ RunTime:0.000013s ]
INFO: [ app_init ] --END-- [ RunTime:0.000391s ]
INFO: [ app_begin ] --START--
INFO: Run Behavior\ReadHtmlCacheBehavior [ RunTime:0.000837s ]
INFO: [ app_begin ] --END-- [ RunTime:0.000903s ]
INFO: [ view_parse ] --START--
INFO: [ template_filter ] --START--
INFO: Run Behavior\ContentReplaceBehavior [ RunTime:0.000051s ]
INFO: [ template_filter ] --END-- [ RunTime:0.000096s ]
NOTIC: [8] Undefined variable: cate_lists D:\xampp\htdocs\liul\Application\Runtime\Cache\Admin\b595b808c2ebeeeb0478ffc30bb4e87a.php 第 61 行.
INFO: Run Behavior\ParseTemplateBehavior [ RunTime:0.008496s ]
INFO: [ view_parse ] --END-- [ RunTime:0.008691s ]
INFO: [ view_filter ] --START--
INFO: Run Behavior\WriteHtmlCacheBehavior [ RunTime:0.000462s ]
INFO: [ view_filter ] --END-- [ RunTime:0.000498s ]
INFO: [ app_end ] --START--
INFO: Run Behavior\ShowPageTraceBehavior [ RunTime:0.000616s ]
INFO: [ app_end ] --END-- [ RunTime:0.000654s ]

[ 2015-12-10T18:53:54+08:00 ] 127.0.0.1 /index.php/Admin/Index/index.html
INFO: [ app_init ] --START--
INFO: Run Behavior\BuildLiteBehavior [ RunTime:0.000016s ]
INFO: [ app_init ] --END-- [ RunTime:0.000706s ]
INFO: [ app_begin ] --START--
INFO: Run Behavior\ReadHtmlCacheBehavior [ RunTime:0.004802s ]
INFO: [ app_begin ] --END-- [ RunTime:0.004870s ]
INFO: [ view_parse ] --START--
INFO: [ template_filter ] --START--
INFO: Run Behavior\ContentReplaceBehavior [ RunTime:0.000057s ]
INFO: [ template_filter ] --END-- [ RunTime:0.000103s ]
NOTIC: [8] Undefined variable: cate_lists D:\xampp\htdocs\liul\Application\Runtime\Cache\Admin\b595b808c2ebeeeb0478ffc30bb4e87a.php 第 61 行.
INFO: Run Behavior\ParseTemplateBehavior [ RunTime:0.009708s ]
INFO: [ view_parse ] --END-- [ RunTime:0.009759s ]
INFO: [ view_filter ] --START--
INFO: Run Behavior\WriteHtmlCacheBehavior [ RunTime:0.000400s ]
INFO: [ view_filter ] --END-- [ RunTime:0.000433s ]
INFO: [ app_end ] --START--
INFO: Run Behavior\ShowPageTraceBehavior [ RunTime:0.001999s ]
INFO: [ app_end ] --END-- [ RunTime:0.002063s ]

[ 2015-12-10T18:53:59+08:00 ] 127.0.0.1 /index.php/Admin/Index/index.html
INFO: [ app_init ] --START--
INFO: Run Behavior\BuildLiteBehavior [ RunTime:0.000015s ]
INFO: [ app_init ] --END-- [ RunTime:0.000409s ]
INFO: [ app_begin ] --START--
INFO: Run Behavior\ReadHtmlCacheBehavior [ RunTime:0.000809s ]
INFO: [ app_begin ] --END-- [ RunTime:0.000886s ]
INFO: [ view_parse ] --START--
INFO: [ template_filter ] --START--
INFO: Run Behavior\ContentReplaceBehavior [ RunTime:0.000060s ]
INFO: [ template_filter ] --END-- [ RunTime:0.000116s ]
NOTIC: [8] Undefined variable: cate_lists D:\xampp\htdocs\liul\Application\Runtime\Cache\Admin\b595b808c2ebeeeb0478ffc30bb4e87a.php 第 61 行.
INFO: Run Behavior\ParseTemplateBehavior [ RunTime:0.009146s ]
INFO: [ view_parse ] --END-- [ RunTime:0.009198s ]
INFO: [ view_filter ] --START--
INFO: Run Behavior\WriteHtmlCacheBehavior [ RunTime:0.001020s ]
INFO: [ view_filter ] --END-- [ RunTime:0.001073s ]
INFO: [ app_end ] --START--
INFO: Run Behavior\ShowPageTraceBehavior [ RunTime:0.000877s ]
INFO: [ app_end ] --END-- [ RunTime:0.001180s ]

[ 2015-12-10T18:54:47+08:00 ] 127.0.0.1 /index.php/Admin/public/logout.html
INFO: [ app_init ] --START--
INFO: Run Behavior\BuildLiteBehavior [ RunTime:0.000016s ]
INFO: [ app_init ] --END-- [ RunTime:0.000706s ]
INFO: [ app_begin ] --START--
INFO: Run Behavior\ReadHtmlCacheBehavior [ RunTime:0.000941s ]
INFO: [ app_begin ] --END-- [ RunTime:0.001016s ]
INFO: [ view_parse ] --START--
INFO: [ template_filter ] --START--
INFO: Run Behavior\ContentReplaceBehavior [ RunTime:0.000039s ]
INFO: [ template_filter ] --END-- [ RunTime:0.000086s ]
INFO: Run Behavior\ParseTemplateBehavior [ RunTime:0.008535s ]
INFO: [ view_parse ] --END-- [ RunTime:0.008608s ]
INFO: [ view_filter ] --START--
INFO: Run Behavior\WriteHtmlCacheBehavior [ RunTime:0.000483s ]
INFO: [ view_filter ] --END-- [ RunTime:0.000520s ]
INFO: [ app_end ] --START--
INFO: Run Behavior\ShowPageTraceBehavior [ RunTime:0.000669s ]
INFO: [ app_end ] --END-- [ RunTime:0.000710s ]

[ 2015-12-10T18:54:48+08:00 ] 127.0.0.1 /index.php/Admin/Public/login.html
INFO: [ app_init ] --START--
INFO: Run Behavior\BuildLiteBehavior [ RunTime:0.000015s ]
INFO: [ app_init ] --END-- [ RunTime:0.000473s ]
INFO: [ app_begin ] --START--
INFO: Run Behavior\ReadHtmlCacheBehavior [ RunTime:0.000841s ]
INFO: [ app_begin ] --END-- [ RunTime:0.000906s ]
INFO: [ view_parse ] --START--
INFO: [ template_filter ] --START--
INFO: Run Behavior\ContentReplaceBehavior [ RunTime:0.000041s ]
INFO: [ template_filter ] --END-- [ RunTime:0.000101s ]
INFO: Run Behavior\ParseTemplateBehavior [ RunTime:0.012364s ]
INFO: [ view_parse ] --END-- [ RunTime:0.012424s ]
INFO: [ view_filter ] --START--
INFO: Run Behavior\WriteHtmlCacheBehavior [ RunTime:0.000451s ]
INFO: [ view_filter ] --END-- [ RunTime:0.000490s ]
INFO: [ app_end ] --START--
INFO: Run Behavior\ShowPageTraceBehavior [ RunTime:0.000642s ]
INFO: [ app_end ] --END-- [ RunTime:0.000688s ]

[ 2015-12-10T18:54:51+08:00 ] 127.0.0.1 /index.php/Admin/Public/login.html
INFO: [ app_init ] --START--
INFO: Run Behavior\BuildLiteBehavior [ RunTime:0.000015s ]
INFO: [ app_init ] --END-- [ RunTime:0.000435s ]
INFO: [ app_begin ] --START--
INFO: Run Behavior\ReadHtmlCacheBehavior [ RunTime:0.001816s ]
INFO: [ app_begin ] --END-- [ RunTime:0.002008s ]
SQL: SHOW COLUMNS FROM `users` [ RunTime:0.0057s ]
SQL: SHOW COLUMNS FROM `users` [ RunTime:0.0034s ]
SQL: SELECT * FROM `users` WHERE `email` = '1903913942@qq.com' AND `password` = '7c4a8d09ca3762af61e59520943dc26494f8941b'  [ RunTime:0.0003s ]
NOTIC: [8] Undefined index: id D:\xampp\htdocs\liul\Application\Admin\Model\UsersModel.class.php 第 11 行.
NOTIC: [8] Undefined index: email D:\xampp\htdocs\liul\Application\Admin\Model\UsersModel.class.php 第 12 行.
INFO: [ view_parse ] --START--
INFO: [ template_filter ] --START--
INFO: Run Behavior\ContentReplaceBehavior [ RunTime:0.000039s ]
INFO: [ template_filter ] --END-- [ RunTime:0.000103s ]
INFO: Run Behavior\ParseTemplateBehavior [ RunTime:0.007674s ]
INFO: [ view_parse ] --END-- [ RunTime:0.007812s ]
INFO: [ view_filter ] --START--
INFO: Run Behavior\WriteHtmlCacheBehavior [ RunTime:0.000440s ]
INFO: [ view_filter ] --END-- [ RunTime:0.000475s ]
INFO: [ app_end ] --START--
INFO: Run Behavior\ShowPageTraceBehavior [ RunTime:0.000684s ]
INFO: [ app_end ] --END-- [ RunTime:0.000733s ]

[ 2015-12-10T18:54:52+08:00 ] 127.0.0.1 /index.php/Admin/Index/index.html
INFO: [ app_init ] --START--
INFO: Run Behavior\BuildLiteBehavior [ RunTime:0.000022s ]
INFO: [ app_init ] --END-- [ RunTime:0.000457s ]
INFO: [ app_begin ] --START--
INFO: Run Behavior\ReadHtmlCacheBehavior [ RunTime:0.000834s ]
INFO: [ app_begin ] --END-- [ RunTime:0.000930s ]
INFO: [ view_parse ] --START--
INFO: [ template_filter ] --START--
INFO: Run Behavior\ContentReplaceBehavior [ RunTime:0.000057s ]
INFO: [ template_filter ] --END-- [ RunTime:0.000109s ]
NOTIC: [8] Undefined variable: cate_lists D:\xampp\htdocs\liul\Application\Runtime\Cache\Admin\b595b808c2ebeeeb0478ffc30bb4e87a.php 第 61 行.
INFO: Run Behavior\ParseTemplateBehavior [ RunTime:0.008526s ]
INFO: [ view_parse ] --END-- [ RunTime:0.008576s ]
INFO: [ view_filter ] --START--
INFO: Run Behavior\WriteHtmlCacheBehavior [ RunTime:0.000663s ]
INFO: [ view_filter ] --END-- [ RunTime:0.000727s ]
INFO: [ app_end ] --START--
INFO: Run Behavior\ShowPageTraceBehavior [ RunTime:0.000851s ]
INFO: [ app_end ] --END-- [ RunTime:0.000913s ]

[ 2015-12-10T18:55:30+08:00 ] 127.0.0.1 /index.php/Admin/public/logout.html
INFO: [ app_init ] --START--
INFO: Run Behavior\BuildLiteBehavior [ RunTime:0.000073s ]
INFO: [ app_init ] --END-- [ RunTime:0.000957s ]
INFO: [ app_begin ] --START--
INFO: Run Behavior\ReadHtmlCacheBehavior [ RunTime:0.000559s ]
INFO: [ app_begin ] --END-- [ RunTime:0.000610s ]
INFO: [ view_parse ] --START--
INFO: [ template_filter ] --START--
INFO: Run Behavior\ContentReplaceBehavior [ RunTime:0.000039s ]
INFO: [ template_filter ] --END-- [ RunTime:0.000084s ]
INFO: Run Behavior\ParseTemplateBehavior [ RunTime:0.005430s ]
INFO: [ view_parse ] --END-- [ RunTime:0.005578s ]
INFO: [ view_filter ] --START--
INFO: Run Behavior\WriteHtmlCacheBehavior [ RunTime:0.000984s ]
INFO: [ view_filter ] --END-- [ RunTime:0.001151s ]
INFO: [ app_end ] --START--
INFO: Run Behavior\ShowPageTraceBehavior [ RunTime:0.001418s ]
INFO: [ app_end ] --END-- [ RunTime:0.001468s ]

[ 2015-12-10T18:55:31+08:00 ] 127.0.0.1 /index.php/Admin/Public/login.html
INFO: [ app_init ] --START--
INFO: Run Behavior\BuildLiteBehavior [ RunTime:0.000015s ]
INFO: [ app_init ] --END-- [ RunTime:0.000412s ]
INFO: [ app_begin ] --START--
INFO: Run Behavior\ReadHtmlCacheBehavior [ RunTime:0.002378s ]
INFO: [ app_begin ] --END-- [ RunTime:0.003247s ]
INFO: [ view_parse ] --START--
INFO: [ template_filter ] --START--
INFO: Run Behavior\ContentReplaceBehavior [ RunTime:0.000035s ]
INFO: [ template_filter ] --END-- [ RunTime:0.000087s ]
INFO: Run Behavior\ParseTemplateBehavior [ RunTime:0.006426s ]
INFO: [ view_parse ] --END-- [ RunTime:0.006480s ]
INFO: [ view_filter ] --START--
INFO: Run Behavior\WriteHtmlCacheBehavior [ RunTime:0.000437s ]
INFO: [ view_filter ] --END-- [ RunTime:0.000482s ]
INFO: [ app_end ] --START--
INFO: Run Behavior\ShowPageTraceBehavior [ RunTime:0.001744s ]
INFO: [ app_end ] --END-- [ RunTime:0.001863s ]

[ 2015-12-10T18:56:15+08:00 ] 127.0.0.1 /index.php/Admin/Public/login.html
INFO: [ app_init ] --START--
INFO: Run Behavior\BuildLiteBehavior [ RunTime:0.000018s ]
INFO: [ app_init ] --END-- [ RunTime:0.000790s ]
INFO: [ app_begin ] --START--
INFO: Run Behavior\ReadHtmlCacheBehavior [ RunTime:0.000648s ]
INFO: [ app_begin ] --END-- [ RunTime:0.000712s ]
SQL: SHOW COLUMNS FROM `users` [ RunTime:0.0047s ]
SQL: SHOW COLUMNS FROM `users` [ RunTime:0.0038s ]
SQL: SELECT * FROM `users` WHERE `email` = '1903913942@qq.com' AND `password` = '7c4a8d09ca3762af61e59520943dc26494f8941b'  [ RunTime:0.0011s ]
NOTIC: [8] Undefined index: id D:\xampp\htdocs\liul\Application\Admin\Model\UsersModel.class.php 第 11 行.
NOTIC: [8] Undefined index: email D:\xampp\htdocs\liul\Application\Admin\Model\UsersModel.class.php 第 12 行.
INFO: [ view_parse ] --START--
INFO: [ template_filter ] --START--
INFO: Run Behavior\ContentReplaceBehavior [ RunTime:0.000084s ]
INFO: [ template_filter ] --END-- [ RunTime:0.000161s ]
INFO: Run Behavior\ParseTemplateBehavior [ RunTime:0.007364s ]
INFO: [ view_parse ] --END-- [ RunTime:0.007445s ]
INFO: [ view_filter ] --START--
INFO: Run Behavior\WriteHtmlCacheBehavior [ RunTime:0.000678s ]
INFO: [ view_filter ] --END-- [ RunTime:0.000959s ]
INFO: [ app_end ] --START--
INFO: Run Behavior\ShowPageTraceBehavior [ RunTime:0.001123s ]
INFO: [ app_end ] --END-- [ RunTime:0.001188s ]

[ 2015-12-10T18:56:16+08:00 ] 127.0.0.1 /index.php/Admin/Index/index.html
INFO: [ app_init ] --START--
INFO: Run Behavior\BuildLiteBehavior [ RunTime:0.000014s ]
INFO: [ app_init ] --END-- [ RunTime:0.000352s ]
INFO: [ app_begin ] --START--
INFO: Run Behavior\ReadHtmlCacheBehavior [ RunTime:0.000674s ]
INFO: [ app_begin ] --END-- [ RunTime:0.000736s ]
INFO: [ view_parse ] --START--
INFO: [ template_filter ] --START--
INFO: Run Behavior\ContentReplaceBehavior [ RunTime:0.000050s ]
INFO: [ template_filter ] --END-- [ RunTime:0.000095s ]
NOTIC: [8] Undefined variable: cate_lists D:\xampp\htdocs\liul\Application\Runtime\Cache\Admin\b595b808c2ebeeeb0478ffc30bb4e87a.php 第 61 行.
INFO: Run Behavior\ParseTemplateBehavior [ RunTime:0.009646s ]
INFO: [ view_parse ] --END-- [ RunTime:0.009697s ]
INFO: [ view_filter ] --START--
INFO: Run Behavior\WriteHtmlCacheBehavior [ RunTime:0.000441s ]
INFO: [ view_filter ] --END-- [ RunTime:0.000477s ]
INFO: [ app_end ] --START--
INFO: Run Behavior\ShowPageTraceBehavior [ RunTime:0.000564s ]
INFO: [ app_end ] --END-- [ RunTime:0.000605s ]

[ 2015-12-10T18:57:10+08:00 ] 127.0.0.1 /index.php/Admin/Category/query.html
INFO: [ app_init ] --START--
INFO: Run Behavior\BuildLiteBehavior [ RunTime:0.000014s ]
INFO: [ app_init ] --END-- [ RunTime:0.000417s ]
INFO: [ app_begin ] --START--
INFO: Run Behavior\ReadHtmlCacheBehavior [ RunTime:0.000553s ]
INFO: [ app_begin ] --END-- [ RunTime:0.000606s ]
NOTIC: [2048] Declaration of Common\Model\CategoryModel::add() should be compatible with Think\Model::add($data = '', $options = Array, $replace = false) D:\xampp\htdocs\liul\Application\Common\Model\CategoryModel.class.php 第 4 行.
NOTIC: [2048] Declaration of Common\Model\CategoryModel::delete() should be compatible with Think\Model::delete($options = Array) D:\xampp\htdocs\liul\Application\Common\Model\CategoryModel.class.php 第 4 行.
SQL: SHOW COLUMNS FROM `category` [ RunTime:0.0025s ]
SQL: SHOW COLUMNS FROM `category` [ RunTime:0.0030s ]
SQL: SELECT * FROM `category` WHERE `uid` = 1 ORDER BY amount DESC  [ RunTime:0.0007s ]
INFO: [ view_parse ] --START--
INFO: [ template_filter ] --START--
INFO: Run Behavior\ContentReplaceBehavior [ RunTime:0.000064s ]
INFO: [ template_filter ] --END-- [ RunTime:0.000165s ]
INFO: Run Behavior\ParseTemplateBehavior [ RunTime:0.018774s ]
INFO: [ view_parse ] --END-- [ RunTime:0.018829s ]
INFO: [ view_filter ] --START--
INFO: Run Behavior\WriteHtmlCacheBehavior [ RunTime:0.000436s ]
INFO: [ view_filter ] --END-- [ RunTime:0.000471s ]
INFO: [ app_end ] --START--
INFO: Run Behavior\ShowPageTraceBehavior [ RunTime:0.000597s ]
INFO: [ app_end ] --END-- [ RunTime:0.000632s ]

[ 2015-12-10T18:57:14+08:00 ] 127.0.0.1 /index.php/Admin/Article/query.html
INFO: [ app_init ] --START--
INFO: Run Behavior\BuildLiteBehavior [ RunTime:0.000013s ]
INFO: [ app_init ] --END-- [ RunTime:0.000403s ]
INFO: [ app_begin ] --START--
INFO: Run Behavior\ReadHtmlCacheBehavior [ RunTime:0.000581s ]
INFO: [ app_begin ] --END-- [ RunTime:0.000625s ]
NOTIC: [2048] Declaration of Common\Model\ArticleModel::add() should be compatible with Think\Model::add($data = '', $options = Array, $replace = false) D:\xampp\htdocs\liul\Application\Common\Model\ArticleModel.class.php 第 4 行.
NOTIC: [2048] Declaration of Common\Model\ArticleModel::delete() should be compatible with Think\Model::delete($options = Array) D:\xampp\htdocs\liul\Application\Common\Model\ArticleModel.class.php 第 4 行.
SQL: SHOW COLUMNS FROM `article` [ RunTime:0.0028s ]
SQL: SHOW COLUMNS FROM `article` [ RunTime:0.0047s ]
SQL: SELECT * FROM `article` WHERE `uid` = 1 ORDER BY `createtime` desc LIMIT 0,5   [ RunTime:0.0004s ]
SQL: SELECT count(id) as totalcount FROM `article` WHERE `uid` = 1  [ RunTime:0.0002s ]
INFO: [ view_parse ] --START--
INFO: [ template_filter ] --START--
INFO: Run Behavior\ContentReplaceBehavior [ RunTime:0.000046s ]
INFO: [ template_filter ] --END-- [ RunTime:0.000091s ]
INFO: Run Behavior\ParseTemplateBehavior [ RunTime:0.020993s ]
INFO: [ view_parse ] --END-- [ RunTime:0.021048s ]
INFO: [ view_filter ] --START--
INFO: Run Behavior\WriteHtmlCacheBehavior [ RunTime:0.000478s ]
INFO: [ view_filter ] --END-- [ RunTime:0.000514s ]
INFO: [ app_end ] --START--
INFO: Run Behavior\ShowPageTraceBehavior [ RunTime:0.000602s ]
INFO: [ app_end ] --END-- [ RunTime:0.000639s ]

[ 2015-12-10T18:57:15+08:00 ] 127.0.0.1 /index.php/Admin/Article/add.html
INFO: [ app_init ] --START--
INFO: Run Behavior\BuildLiteBehavior [ RunTime:0.000013s ]
INFO: [ app_init ] --END-- [ RunTime:0.000400s ]
INFO: [ app_begin ] --START--
INFO: Run Behavior\ReadHtmlCacheBehavior [ RunTime:0.001720s ]
INFO: [ app_begin ] --END-- [ RunTime:0.001781s ]
NOTIC: [2048] Declaration of Common\Model\CategoryModel::add() should be compatible with Think\Model::add($data = '', $options = Array, $replace = false) D:\xampp\htdocs\liul\Application\Common\Model\CategoryModel.class.php 第 4 行.
NOTIC: [2048] Declaration of Common\Model\CategoryModel::delete() should be compatible with Think\Model::delete($options = Array) D:\xampp\htdocs\liul\Application\Common\Model\CategoryModel.class.php 第 4 行.
SQL: SHOW COLUMNS FROM `category` [ RunTime:0.0029s ]
SQL: SHOW COLUMNS FROM `category` [ RunTime:0.0048s ]
SQL: SELECT * FROM `category` WHERE `cid` <> '0' AND `uid` = 1 ORDER BY amount DESC  [ RunTime:0.0005s ]
INFO: [ view_parse ] --START--
INFO: [ template_filter ] --START--
INFO: Run Behavior\ContentReplaceBehavior [ RunTime:0.000059s ]
INFO: [ template_filter ] --END-- [ RunTime:0.000107s ]
NOTIC: [8] Undefined variable: article D:\xampp\htdocs\liul\Application\Runtime\Cache\Admin\e16cf278f1c326e72baf6415dbd5ab87.php 第 99 行.
INFO: Run Behavior\ParseTemplateBehavior [ RunTime:0.014411s ]
INFO: [ view_parse ] --END-- [ RunTime:0.014472s ]
INFO: [ view_filter ] --START--
INFO: Run Behavior\WriteHtmlCacheBehavior [ RunTime:0.000374s ]
INFO: [ view_filter ] --END-- [ RunTime:0.000407s ]
INFO: [ app_end ] --START--
INFO: Run Behavior\ShowPageTraceBehavior [ RunTime:0.000554s ]
INFO: [ app_end ] --END-- [ RunTime:0.000591s ]

[ 2015-12-10T19:06:02+08:00 ] 127.0.0.1 /index.php/Admin/Article/add.html
INFO: [ app_init ] --START--
INFO: Run Behavior\BuildLiteBehavior [ RunTime:0.000015s ]
INFO: [ app_init ] --END-- [ RunTime:0.001554s ]
INFO: [ app_begin ] --START--
INFO: Run Behavior\ReadHtmlCacheBehavior [ RunTime:0.000775s ]
INFO: [ app_begin ] --END-- [ RunTime:0.000945s ]
NOTIC: [2048] Declaration of Common\Model\CategoryModel::add() should be compatible with Think\Model::add($data = '', $options = Array, $replace = false) D:\xampp\htdocs\liul\Application\Common\Model\CategoryModel.class.php 第 4 行.
NOTIC: [2048] Declaration of Common\Model\CategoryModel::delete() should be compatible with Think\Model::delete($options = Array) D:\xampp\htdocs\liul\Application\Common\Model\CategoryModel.class.php 第 4 行.
SQL: SHOW COLUMNS FROM `category` [ RunTime:0.0027s ]
SQL: SHOW COLUMNS FROM `category` [ RunTime:0.0037s ]
SQL: SELECT * FROM `category` WHERE `cid` <> '0' AND `uid` = 1 ORDER BY amount DESC  [ RunTime:0.0004s ]
INFO: [ view_parse ] --START--
INFO: [ template_filter ] --START--
INFO: Run Behavior\ContentReplaceBehavior [ RunTime:0.000061s ]
INFO: [ template_filter ] --END-- [ RunTime:0.000108s ]
NOTIC: [8] Undefined variable: article D:\xampp\htdocs\liul\Application\Runtime\Cache\Admin\e16cf278f1c326e72baf6415dbd5ab87.php 第 99 行.
INFO: Run Behavior\ParseTemplateBehavior [ RunTime:0.018339s ]
INFO: [ view_parse ] --END-- [ RunTime:0.018387s ]
INFO: [ view_filter ] --START--
INFO: Run Behavior\WriteHtmlCacheBehavior [ RunTime:0.000436s ]
INFO: [ view_filter ] --END-- [ RunTime:0.000470s ]
INFO: [ app_end ] --START--
INFO: Run Behavior\ShowPageTraceBehavior [ RunTime:0.000593s ]
INFO: [ app_end ] --END-- [ RunTime:0.000631s ]

[ 2015-12-10T19:06:03+08:00 ] 127.0.0.1 /index.php/Admin/Index/index.html
INFO: [ app_init ] --START--
INFO: Run Behavior\BuildLiteBehavior [ RunTime:0.000011s ]
INFO: [ app_init ] --END-- [ RunTime:0.000465s ]
INFO: [ app_begin ] --START--
INFO: Run Behavior\ReadHtmlCacheBehavior [ RunTime:0.000614s ]
INFO: [ app_begin ] --END-- [ RunTime:0.000659s ]
INFO: [ view_parse ] --START--
INFO: [ template_filter ] --START--
INFO: Run Behavior\ContentReplaceBehavior [ RunTime:0.000032s ]
INFO: [ template_filter ] --END-- [ RunTime:0.000084s ]
INFO: Run Behavior\ParseTemplateBehavior [ RunTime:0.005470s ]
INFO: [ view_parse ] --END-- [ RunTime:0.005534s ]
INFO: [ view_filter ] --START--
INFO: Run Behavior\WriteHtmlCacheBehavior [ RunTime:0.000579s ]
INFO: [ view_filter ] --END-- [ RunTime:0.000624s ]
INFO: [ app_end ] --START--
INFO: Run Behavior\ShowPageTraceBehavior [ RunTime:0.000746s ]
INFO: [ app_end ] --END-- [ RunTime:0.000797s ]

[ 2015-12-10T19:18:03+08:00 ] 127.0.0.1 /index.php/Admin/Article/add.html
INFO: [ app_init ] --START--
INFO: Run Behavior\BuildLiteBehavior [ RunTime:0.000013s ]
INFO: [ app_init ] --END-- [ RunTime:0.000441s ]
INFO: [ app_begin ] --START--
INFO: Run Behavior\ReadHtmlCacheBehavior [ RunTime:0.000586s ]
INFO: [ app_begin ] --END-- [ RunTime:0.000637s ]
NOTIC: [2048] Declaration of Common\Model\CategoryModel::add() should be compatible with Think\Model::add($data = '', $options = Array, $replace = false) D:\xampp\htdocs\liul\Application\Common\Model\CategoryModel.class.php 第 4 行.
NOTIC: [2048] Declaration of Common\Model\CategoryModel::delete() should be compatible with Think\Model::delete($options = Array) D:\xampp\htdocs\liul\Application\Common\Model\CategoryModel.class.php 第 4 行.
SQL: SHOW COLUMNS FROM `category` [ RunTime:0.0034s ]
SQL: SHOW COLUMNS FROM `category` [ RunTime:0.0032s ]
SQL: SELECT * FROM `category` WHERE `cid` <> '0' AND `uid` = 1 ORDER BY amount DESC  [ RunTime:0.0007s ]
INFO: [ view_parse ] --START--
INFO: [ template_filter ] --START--
INFO: Run Behavior\ContentReplaceBehavior [ RunTime:0.000078s ]
INFO: [ template_filter ] --END-- [ RunTime:0.000135s ]
NOTIC: [8] Undefined variable: article D:\xampp\htdocs\liul\Application\Runtime\Cache\Admin\e16cf278f1c326e72baf6415dbd5ab87.php 第 99 行.
INFO: Run Behavior\ParseTemplateBehavior [ RunTime:0.010914s ]
INFO: [ view_parse ] --END-- [ RunTime:0.010977s ]
INFO: [ view_filter ] --START--
INFO: Run Behavior\WriteHtmlCacheBehavior [ RunTime:0.000593s ]
INFO: [ view_filter ] --END-- [ RunTime:0.000634s ]
INFO: [ app_end ] --START--
INFO: Run Behavior\ShowPageTraceBehavior [ RunTime:0.000730s ]
INFO: [ app_end ] --END-- [ RunTime:0.000780s ]

[ 2015-12-10T19:18:04+08:00 ] 127.0.0.1 /index.php/Admin/Index/index.html
INFO: [ app_init ] --START--
INFO: Run Behavior\BuildLiteBehavior [ RunTime:0.000012s ]
INFO: [ app_init ] --END-- [ RunTime:0.000420s ]
INFO: [ app_begin ] --START--
INFO: Run Behavior\ReadHtmlCacheBehavior [ RunTime:0.000833s ]
INFO: [ app_begin ] --END-- [ RunTime:0.000893s ]
NOTIC: [2048] Declaration of Common\Model\ArticleModel::add() should be compatible with Think\Model::add($data = '', $options = Array, $replace = false) D:\xampp\htdocs\liul\Application\Common\Model\ArticleModel.class.php 第 4 行.
NOTIC: [2048] Declaration of Common\Model\ArticleModel::delete() should be compatible with Think\Model::delete($options = Array) D:\xampp\htdocs\liul\Application\Common\Model\ArticleModel.class.php 第 4 行.
SQL: SHOW COLUMNS FROM `article` [ RunTime:0.0027s ]
SQL: SHOW COLUMNS FROM `article` [ RunTime:0.0045s ]
SQL: SELECT * FROM `article` ORDER BY `createtime` desc LIMIT 0,5   [ RunTime:0.0005s ]
SQL: SELECT count(id) as totalcount FROM `article`  [ RunTime:0.0002s ]
INFO: [ view_parse ] --START--
NOTIC: [8] Undefined index: item D:\xampp\htdocs\liul\ThinkPHP\Library\Think\Template\TagLib\Cx.class.php 第 113 行.
INFO: [ template_filter ] --START--
INFO: Run Behavior\ContentReplaceBehavior [ RunTime:0.000037s ]
INFO: [ template_filter ] --END-- [ RunTime:0.000077s ]

[ 2015-12-10T19:18:55+08:00 ] 127.0.0.1 /index.php/Admin/Index/index.html
INFO: [ app_init ] --START--
INFO: Run Behavior\BuildLiteBehavior [ RunTime:0.000018s ]
INFO: [ app_init ] --END-- [ RunTime:0.003462s ]
INFO: [ app_begin ] --START--
INFO: Run Behavior\ReadHtmlCacheBehavior [ RunTime:0.000666s ]
INFO: [ app_begin ] --END-- [ RunTime:0.000730s ]
NOTIC: [2048] Declaration of Common\Model\ArticleModel::add() should be compatible with Think\Model::add($data = '', $options = Array, $replace = false) D:\xampp\htdocs\liul\Application\Common\Model\ArticleModel.class.php 第 4 行.
NOTIC: [2048] Declaration of Common\Model\ArticleModel::delete() should be compatible with Think\Model::delete($options = Array) D:\xampp\htdocs\liul\Application\Common\Model\ArticleModel.class.php 第 4 行.
SQL: SHOW COLUMNS FROM `article` [ RunTime:0.0037s ]
SQL: SHOW COLUMNS FROM `article` [ RunTime:0.0027s ]
SQL: SELECT * FROM `article` ORDER BY `createtime` desc LIMIT 0,5   [ RunTime:0.0004s ]
SQL: SELECT count(id) as totalcount FROM `article`  [ RunTime:0.0003s ]
INFO: [ view_parse ] --START--
NOTIC: [8] Undefined index: item D:\xampp\htdocs\liul\ThinkPHP\Library\Think\Template\TagLib\Cx.class.php 第 113 行.
INFO: [ template_filter ] --START--
INFO: Run Behavior\ContentReplaceBehavior [ RunTime:0.000042s ]
INFO: [ template_filter ] --END-- [ RunTime:0.000096s ]

[ 2015-12-10T19:18:56+08:00 ] 127.0.0.1 /index.php/Admin/Index/index.html
INFO: [ app_init ] --START--
INFO: Run Behavior\BuildLiteBehavior [ RunTime:0.000014s ]
INFO: [ app_init ] --END-- [ RunTime:0.000416s ]
INFO: [ app_begin ] --START--
INFO: Run Behavior\ReadHtmlCacheBehavior [ RunTime:0.000626s ]
INFO: [ app_begin ] --END-- [ RunTime:0.000678s ]
NOTIC: [2048] Declaration of Common\Model\ArticleModel::add() should be compatible with Think\Model::add($data = '', $options = Array, $replace = false) D:\xampp\htdocs\liul\Application\Common\Model\ArticleModel.class.php 第 4 行.
NOTIC: [2048] Declaration of Common\Model\ArticleModel::delete() should be compatible with Think\Model::delete($options = Array) D:\xampp\htdocs\liul\Application\Common\Model\ArticleModel.class.php 第 4 行.
SQL: SHOW COLUMNS FROM `article` [ RunTime:0.0036s ]
SQL: SHOW COLUMNS FROM `article` [ RunTime:0.0038s ]
SQL: SELECT * FROM `article` ORDER BY `createtime` desc LIMIT 0,5   [ RunTime:0.0004s ]
SQL: SELECT count(id) as totalcount FROM `article`  [ RunTime:0.0003s ]
INFO: [ view_parse ] --START--
NOTIC: [8] Undefined index: item D:\xampp\htdocs\liul\ThinkPHP\Library\Think\Template\TagLib\Cx.class.php 第 113 行.
INFO: [ template_filter ] --START--
INFO: Run Behavior\ContentReplaceBehavior [ RunTime:0.000038s ]
INFO: [ template_filter ] --END-- [ RunTime:0.000078s ]

[ 2015-12-10T19:18:57+08:00 ] 127.0.0.1 /index.php/Admin/Index/index.html
INFO: [ app_init ] --START--
INFO: Run Behavior\BuildLiteBehavior [ RunTime:0.000016s ]
INFO: [ app_init ] --END-- [ RunTime:0.000646s ]
INFO: [ app_begin ] --START--
INFO: Run Behavior\ReadHtmlCacheBehavior [ RunTime:0.000569s ]
INFO: [ app_begin ] --END-- [ RunTime:0.000619s ]
NOTIC: [2048] Declaration of Common\Model\ArticleModel::add() should be compatible with Think\Model::add($data = '', $options = Array, $replace = false) D:\xampp\htdocs\liul\Application\Common\Model\ArticleModel.class.php 第 4 行.
NOTIC: [2048] Declaration of Common\Model\ArticleModel::delete() should be compatible with Think\Model::delete($options = Array) D:\xampp\htdocs\liul\Application\Common\Model\ArticleModel.class.php 第 4 行.
SQL: SHOW COLUMNS FROM `article` [ RunTime:0.0044s ]
SQL: SHOW COLUMNS FROM `article` [ RunTime:0.0042s ]
SQL: SELECT * FROM `article` ORDER BY `createtime` desc LIMIT 0,5   [ RunTime:0.0005s ]
SQL: SELECT count(id) as totalcount FROM `article`  [ RunTime:0.0003s ]
INFO: [ view_parse ] --START--
NOTIC: [8] Undefined index: item D:\xampp\htdocs\liul\ThinkPHP\Library\Think\Template\TagLib\Cx.class.php 第 113 行.
INFO: [ template_filter ] --START--
INFO: Run Behavior\ContentReplaceBehavior [ RunTime:0.001517s ]
INFO: [ template_filter ] --END-- [ RunTime:0.003098s ]

[ 2015-12-10T19:19:41+08:00 ] 127.0.0.1 /index.php/Admin/Index/index.html
INFO: [ app_init ] --START--
INFO: Run Behavior\BuildLiteBehavior [ RunTime:0.000016s ]
INFO: [ app_init ] --END-- [ RunTime:0.001579s ]
INFO: [ app_begin ] --START--
INFO: Run Behavior\ReadHtmlCacheBehavior [ RunTime:0.001104s ]
INFO: [ app_begin ] --END-- [ RunTime:0.001223s ]
NOTIC: [8] Undefined variable: articles D:\xampp\htdocs\liul\Application\Admin\Controller\IndexController.class.php 第 9 行.
INFO: [ view_parse ] --START--
NOTIC: [8] Undefined index: item D:\xampp\htdocs\liul\ThinkPHP\Library\Think\Template\TagLib\Cx.class.php 第 113 行.
INFO: [ template_filter ] --START--
INFO: Run Behavior\ContentReplaceBehavior [ RunTime:0.000039s ]
INFO: [ template_filter ] --END-- [ RunTime:0.000087s ]

[ 2015-12-10T19:19:48+08:00 ] 127.0.0.1 /index.php/Admin/Index/index.html
INFO: [ app_init ] --START--
INFO: Run Behavior\BuildLiteBehavior [ RunTime:0.000012s ]
INFO: [ app_init ] --END-- [ RunTime:0.000382s ]
INFO: [ app_begin ] --START--
INFO: Run Behavior\ReadHtmlCacheBehavior [ RunTime:0.000559s ]
INFO: [ app_begin ] --END-- [ RunTime:0.000605s ]
INFO: [ view_parse ] --START--
NOTIC: [8] Undefined index: item D:\xampp\htdocs\liul\ThinkPHP\Library\Think\Template\TagLib\Cx.class.php 第 113 行.
INFO: [ template_filter ] --START--
INFO: Run Behavior\ContentReplaceBehavior [ RunTime:0.000036s ]
INFO: [ template_filter ] --END-- [ RunTime:0.000081s ]

[ 2015-12-10T19:20:00+08:00 ] 127.0.0.1 /index.php/Admin/Index/index.html
INFO: [ app_init ] --START--
INFO: Run Behavior\BuildLiteBehavior [ RunTime:0.000013s ]
INFO: [ app_init ] --END-- [ RunTime:0.000404s ]
INFO: [ app_begin ] --START--
INFO: Run Behavior\ReadHtmlCacheBehavior [ RunTime:0.000731s ]
INFO: [ app_begin ] --END-- [ RunTime:0.000793s ]
INFO: [ view_parse ] --START--
INFO: [ template_filter ] --START--
INFO: Run Behavior\ContentReplaceBehavior [ RunTime:0.000040s ]
INFO: [ template_filter ] --END-- [ RunTime:0.000098s ]
INFO: Run Behavior\ParseTemplateBehavior [ RunTime:0.006827s ]
INFO: [ view_parse ] --END-- [ RunTime:0.006893s ]
INFO: [ view_filter ] --START--
INFO: Run Behavior\WriteHtmlCacheBehavior [ RunTime:0.000511s ]
INFO: [ view_filter ] --END-- [ RunTime:0.000555s ]
INFO: [ app_end ] --START--
INFO: Run Behavior\ShowPageTraceBehavior [ RunTime:0.000804s ]
INFO: [ app_end ] --END-- [ RunTime:0.000861s ]

[ 2015-12-10T19:20:17+08:00 ] 127.0.0.1 /index.php/Admin/Index/index.html
INFO: [ app_init ] --START--
INFO: Run Behavior\BuildLiteBehavior [ RunTime:0.000013s ]
INFO: [ app_init ] --END-- [ RunTime:0.000486s ]
INFO: [ app_begin ] --START--
INFO: Run Behavior\ReadHtmlCacheBehavior [ RunTime:0.000626s ]
INFO: [ app_begin ] --END-- [ RunTime:0.000672s ]
NOTIC: [2048] Declaration of Common\Model\ArticleModel::add() should be compatible with Think\Model::add($data = '', $options = Array, $replace = false) D:\xampp\htdocs\liul\Application\Common\Model\ArticleModel.class.php 第 4 行.
NOTIC: [2048] Declaration of Common\Model\ArticleModel::delete() should be compatible with Think\Model::delete($options = Array) D:\xampp\htdocs\liul\Application\Common\Model\ArticleModel.class.php 第 4 行.
SQL: SHOW COLUMNS FROM `article` [ RunTime:0.0029s ]
SQL: SHOW COLUMNS FROM `article` [ RunTime:0.0034s ]
SQL: SELECT * FROM `article` ORDER BY `createtime` desc LIMIT 0,5   [ RunTime:0.0004s ]
SQL: SELECT count(id) as totalcount FROM `article`  [ RunTime:0.0002s ]
INFO: [ view_parse ] --START--
INFO: [ template_filter ] --START--
INFO: Run Behavior\ContentReplaceBehavior [ RunTime:0.000046s ]
INFO: [ template_filter ] --END-- [ RunTime:0.000105s ]
INFO: Run Behavior\ParseTemplateBehavior [ RunTime:0.007682s ]
INFO: [ view_parse ] --END-- [ RunTime:0.007757s ]
INFO: [ view_filter ] --START--
INFO: Run Behavior\WriteHtmlCacheBehavior [ RunTime:0.000532s ]
INFO: [ view_filter ] --END-- [ RunTime:0.000576s ]
INFO: [ app_end ] --START--
INFO: Run Behavior\ShowPageTraceBehavior [ RunTime:0.000641s ]
INFO: [ app_end ] --END-- [ RunTime:0.000680s ]

[ 2015-12-10T19:20:23+08:00 ] 127.0.0.1 /index.php/Admin/Index/index.html
INFO: [ app_init ] --START--
INFO: Run Behavior\BuildLiteBehavior [ RunTime:0.000015s ]
INFO: [ app_init ] --END-- [ RunTime:0.000502s ]
INFO: [ app_begin ] --START--
INFO: Run Behavior\ReadHtmlCacheBehavior [ RunTime:0.000560s ]
INFO: [ app_begin ] --END-- [ RunTime:0.000605s ]
NOTIC: [2048] Declaration of Common\Model\ArticleModel::add() should be compatible with Think\Model::add($data = '', $options = Array, $replace = false) D:\xampp\htdocs\liul\Application\Common\Model\ArticleModel.class.php 第 4 行.
NOTIC: [2048] Declaration of Common\Model\ArticleModel::delete() should be compatible with Think\Model::delete($options = Array) D:\xampp\htdocs\liul\Application\Common\Model\ArticleModel.class.php 第 4 行.
SQL: SHOW COLUMNS FROM `article` [ RunTime:0.0032s ]
SQL: SHOW COLUMNS FROM `article` [ RunTime:0.0047s ]
SQL: SELECT * FROM `article` ORDER BY `createtime` desc LIMIT 0,5   [ RunTime:0.0003s ]
SQL: SELECT count(id) as totalcount FROM `article`  [ RunTime:0.0002s ]
INFO: [ view_parse ] --START--
INFO: [ template_filter ] --START--
INFO: Run Behavior\ContentReplaceBehavior [ RunTime:0.000041s ]
INFO: [ template_filter ] --END-- [ RunTime:0.000095s ]
INFO: Run Behavior\ParseTemplateBehavior [ RunTime:0.007037s ]
INFO: [ view_parse ] --END-- [ RunTime:0.007090s ]
INFO: [ view_filter ] --START--
INFO: Run Behavior\WriteHtmlCacheBehavior [ RunTime:0.000406s ]
INFO: [ view_filter ] --END-- [ RunTime:0.000444s ]
INFO: [ app_end ] --START--
INFO: Run Behavior\ShowPageTraceBehavior [ RunTime:0.000573s ]
INFO: [ app_end ] --END-- [ RunTime:0.000610s ]

[ 2015-12-10T19:20:43+08:00 ] 127.0.0.1 /index.php/Admin/Index/index.html
INFO: [ app_init ] --START--
INFO: Run Behavior\BuildLiteBehavior [ RunTime:0.000013s ]
INFO: [ app_init ] --END-- [ RunTime:0.000455s ]
INFO: [ app_begin ] --START--
INFO: Run Behavior\ReadHtmlCacheBehavior [ RunTime:0.000890s ]
INFO: [ app_begin ] --END-- [ RunTime:0.000957s ]
NOTIC: [2048] Declaration of Common\Model\ArticleModel::add() should be compatible with Think\Model::add($data = '', $options = Array, $replace = false) D:\xampp\htdocs\liul\Application\Common\Model\ArticleModel.class.php 第 4 行.
NOTIC: [2048] Declaration of Common\Model\ArticleModel::delete() should be compatible with Think\Model::delete($options = Array) D:\xampp\htdocs\liul\Application\Common\Model\ArticleModel.class.php 第 4 行.
SQL: SHOW COLUMNS FROM `article` [ RunTime:0.0028s ]
SQL: SHOW COLUMNS FROM `article` [ RunTime:0.0027s ]
SQL: SELECT * FROM `article` ORDER BY `createtime` desc LIMIT 0,5   [ RunTime:0.0003s ]
SQL: SELECT count(id) as totalcount FROM `article`  [ RunTime:0.0002s ]
INFO: [ view_parse ] --START--
INFO: [ template_filter ] --START--
INFO: Run Behavior\ContentReplaceBehavior [ RunTime:0.000039s ]
INFO: [ template_filter ] --END-- [ RunTime:0.000092s ]
INFO: Run Behavior\ParseTemplateBehavior [ RunTime:0.006994s ]
INFO: [ view_parse ] --END-- [ RunTime:0.007053s ]
INFO: [ view_filter ] --START--
INFO: Run Behavior\WriteHtmlCacheBehavior [ RunTime:0.000391s ]
INFO: [ view_filter ] --END-- [ RunTime:0.000435s ]
INFO: [ app_end ] --START--
INFO: Run Behavior\ShowPageTraceBehavior [ RunTime:0.000562s ]
INFO: [ app_end ] --END-- [ RunTime:0.000599s ]

[ 2015-12-10T19:20:46+08:00 ] 127.0.0.1 /index.php/Admin/Index/index.html
INFO: [ app_init ] --START--
INFO: Run Behavior\BuildLiteBehavior [ RunTime:0.000015s ]
INFO: [ app_init ] --END-- [ RunTime:0.000538s ]
INFO: [ app_begin ] --START--
INFO: Run Behavior\ReadHtmlCacheBehavior [ RunTime:0.000731s ]
INFO: [ app_begin ] --END-- [ RunTime:0.000796s ]
NOTIC: [2048] Declaration of Common\Model\ArticleModel::add() should be compatible with Think\Model::add($data = '', $options = Array, $replace = false) D:\xampp\htdocs\liul\Application\Common\Model\ArticleModel.class.php 第 4 行.
NOTIC: [2048] Declaration of Common\Model\ArticleModel::delete() should be compatible with Think\Model::delete($options = Array) D:\xampp\htdocs\liul\Application\Common\Model\ArticleModel.class.php 第 4 行.
SQL: SHOW COLUMNS FROM `article` [ RunTime:0.0030s ]
SQL: SHOW COLUMNS FROM `article` [ RunTime:0.0052s ]
SQL: SELECT * FROM `article` ORDER BY `createtime` desc LIMIT 0,5   [ RunTime:0.0005s ]
SQL: SELECT count(id) as totalcount FROM `article`  [ RunTime:0.0002s ]
INFO: [ view_parse ] --START--
INFO: [ template_filter ] --START--
INFO: Run Behavior\ContentReplaceBehavior [ RunTime:0.000044s ]
INFO: [ template_filter ] --END-- [ RunTime:0.000106s ]
INFO: Run Behavior\ParseTemplateBehavior [ RunTime:0.006879s ]
INFO: [ view_parse ] --END-- [ RunTime:0.006966s ]
INFO: [ view_filter ] --START--
INFO: Run Behavior\WriteHtmlCacheBehavior [ RunTime:0.000473s ]
INFO: [ view_filter ] --END-- [ RunTime:0.000517s ]
INFO: [ app_end ] --START--
INFO: Run Behavior\ShowPageTraceBehavior [ RunTime:0.001054s ]
INFO: [ app_end ] --END-- [ RunTime:0.001100s ]

[ 2015-12-10T19:20:51+08:00 ] 127.0.0.1 /index.php/Admin/Index/index.html
INFO: [ app_init ] --START--
INFO: Run Behavior\BuildLiteBehavior [ RunTime:0.000013s ]
INFO: [ app_init ] --END-- [ RunTime:0.000473s ]
INFO: [ app_begin ] --START--
INFO: Run Behavior\ReadHtmlCacheBehavior [ RunTime:0.000639s ]
INFO: [ app_begin ] --END-- [ RunTime:0.000683s ]
NOTIC: [2048] Declaration of Common\Model\ArticleModel::add() should be compatible with Think\Model::add($data = '', $options = Array, $replace = false) D:\xampp\htdocs\liul\Application\Common\Model\ArticleModel.class.php 第 4 行.
NOTIC: [2048] Declaration of Common\Model\ArticleModel::delete() should be compatible with Think\Model::delete($options = Array) D:\xampp\htdocs\liul\Application\Common\Model\ArticleModel.class.php 第 4 行.
SQL: SHOW COLUMNS FROM `article` [ RunTime:0.0033s ]
SQL: SHOW COLUMNS FROM `article` [ RunTime:0.0037s ]
SQL: SELECT * FROM `article` ORDER BY `createtime` desc LIMIT 0,5   [ RunTime:0.0004s ]
SQL: SELECT count(id) as totalcount FROM `article`  [ RunTime:0.0002s ]
INFO: [ view_parse ] --START--
NOTIC: [8] Undefined index: item D:\xampp\htdocs\liul\ThinkPHP\Library\Think\Template\TagLib\Cx.class.php 第 113 行.
INFO: [ template_filter ] --START--
INFO: Run Behavior\ContentReplaceBehavior [ RunTime:0.000036s ]
INFO: [ template_filter ] --END-- [ RunTime:0.000081s ]

[ 2015-12-10T19:21:19+08:00 ] 127.0.0.1 /index.php/Admin/Index/index.html
INFO: [ app_init ] --START--
INFO: Run Behavior\BuildLiteBehavior [ RunTime:0.000015s ]
INFO: [ app_init ] --END-- [ RunTime:0.000508s ]
INFO: [ app_begin ] --START--
INFO: Run Behavior\ReadHtmlCacheBehavior [ RunTime:0.000619s ]
INFO: [ app_begin ] --END-- [ RunTime:0.000673s ]
NOTIC: [2048] Declaration of Common\Model\ArticleModel::add() should be compatible with Think\Model::add($data = '', $options = Array, $replace = false) D:\xampp\htdocs\liul\Application\Common\Model\ArticleModel.class.php 第 4 行.
NOTIC: [2048] Declaration of Common\Model\ArticleModel::delete() should be compatible with Think\Model::delete($options = Array) D:\xampp\htdocs\liul\Application\Common\Model\ArticleModel.class.php 第 4 行.
SQL: SHOW COLUMNS FROM `article` [ RunTime:0.0029s ]
SQL: SHOW COLUMNS FROM `article` [ RunTime:0.0035s ]
SQL: SELECT * FROM `article` ORDER BY `createtime` desc LIMIT 0,5   [ RunTime:0.0013s ]
SQL: SELECT count(id) as totalcount FROM `article`  [ RunTime:0.0003s ]
INFO: [ view_parse ] --START--
NOTIC: [8] Undefined index: item D:\xampp\htdocs\liul\ThinkPHP\Library\Think\Template\TagLib\Cx.class.php 第 113 行.
INFO: [ template_filter ] --START--
INFO: Run Behavior\ContentReplaceBehavior [ RunTime:0.000036s ]
INFO: [ template_filter ] --END-- [ RunTime:0.000082s ]

[ 2015-12-10T19:22:22+08:00 ] 127.0.0.1 /index.php/Admin/Index/index.html
INFO: [ app_init ] --START--
INFO: Run Behavior\BuildLiteBehavior [ RunTime:0.000014s ]
INFO: [ app_init ] --END-- [ RunTime:0.000488s ]
INFO: [ app_begin ] --START--
INFO: Run Behavior\ReadHtmlCacheBehavior [ RunTime:0.000579s ]
INFO: [ app_begin ] --END-- [ RunTime:0.000629s ]
NOTIC: [2048] Declaration of Common\Model\ArticleModel::add() should be compatible with Think\Model::add($data = '', $options = Array, $replace = false) D:\xampp\htdocs\liul\Application\Common\Model\ArticleModel.class.php 第 4 行.
NOTIC: [2048] Declaration of Common\Model\ArticleModel::delete() should be compatible with Think\Model::delete($options = Array) D:\xampp\htdocs\liul\Application\Common\Model\ArticleModel.class.php 第 4 行.
SQL: SHOW COLUMNS FROM `article` [ RunTime:0.0048s ]
SQL: SHOW COLUMNS FROM `article` [ RunTime:0.0038s ]
SQL: SELECT * FROM `article` ORDER BY `createtime` desc LIMIT 0,5   [ RunTime:0.0004s ]
SQL: SELECT count(id) as totalcount FROM `article`  [ RunTime:0.0002s ]
INFO: [ view_parse ] --START--
NOTIC: [8] Undefined index: item D:\xampp\htdocs\liul\ThinkPHP\Library\Think\Template\TagLib\Cx.class.php 第 113 行.
INFO: [ template_filter ] --START--
INFO: Run Behavior\ContentReplaceBehavior [ RunTime:0.000040s ]
INFO: [ template_filter ] --END-- [ RunTime:0.000086s ]

[ 2015-12-10T19:24:35+08:00 ] 127.0.0.1 /index.php/Admin/Index/index.html
INFO: [ app_init ] --START--
INFO: Run Behavior\BuildLiteBehavior [ RunTime:0.000013s ]
INFO: [ app_init ] --END-- [ RunTime:0.000379s ]
INFO: [ app_begin ] --START--
INFO: Run Behavior\ReadHtmlCacheBehavior [ RunTime:0.000531s ]
INFO: [ app_begin ] --END-- [ RunTime:0.000575s ]
NOTIC: [2048] Declaration of Common\Model\ArticleModel::add() should be compatible with Think\Model::add($data = '', $options = Array, $replace = false) D:\xampp\htdocs\liul\Application\Common\Model\ArticleModel.class.php 第 4 行.
NOTIC: [2048] Declaration of Common\Model\ArticleModel::delete() should be compatible with Think\Model::delete($options = Array) D:\xampp\htdocs\liul\Application\Common\Model\ArticleModel.class.php 第 4 行.
SQL: SHOW COLUMNS FROM `article` [ RunTime:0.0038s ]
SQL: SHOW COLUMNS FROM `article` [ RunTime:0.0044s ]
SQL: SELECT * FROM `article` ORDER BY `createtime` desc LIMIT 0,5   [ RunTime:0.0008s ]
SQL: SELECT count(id) as totalcount FROM `article`  [ RunTime:0.0003s ]
INFO: [ view_parse ] --START--
NOTIC: [8] Undefined index: item D:\xampp\htdocs\liul\ThinkPHP\Library\Think\Template\TagLib\Cx.class.php 第 113 行.
INFO: [ template_filter ] --START--
INFO: Run Behavior\ContentReplaceBehavior [ RunTime:0.000044s ]
INFO: [ template_filter ] --END-- [ RunTime:0.000099s ]

[ 2015-12-10T19:25:17+08:00 ] 127.0.0.1 /index.php/Admin/Index/index.html
INFO: [ app_init ] --START--
INFO: Run Behavior\BuildLiteBehavior [ RunTime:0.000023s ]
INFO: [ app_init ] --END-- [ RunTime:0.000515s ]
INFO: [ app_begin ] --START--
INFO: Run Behavior\ReadHtmlCacheBehavior [ RunTime:0.000604s ]
INFO: [ app_begin ] --END-- [ RunTime:0.000662s ]
NOTIC: [2048] Declaration of Common\Model\ArticleModel::add() should be compatible with Think\Model::add($data = '', $options = Array, $replace = false) D:\xampp\htdocs\liul\Application\Common\Model\ArticleModel.class.php 第 4 行.
NOTIC: [2048] Declaration of Common\Model\ArticleModel::delete() should be compatible with Think\Model::delete($options = Array) D:\xampp\htdocs\liul\Application\Common\Model\ArticleModel.class.php 第 4 行.
SQL: SHOW COLUMNS FROM `article` [ RunTime:0.0038s ]
SQL: SHOW COLUMNS FROM `article` [ RunTime:0.0034s ]
SQL: SELECT * FROM `article` ORDER BY `createtime` desc LIMIT 0,5   [ RunTime:0.0005s ]
SQL: SELECT count(id) as totalcount FROM `article`  [ RunTime:0.0003s ]
INFO: [ view_parse ] --START--
NOTIC: [8] Undefined index: item D:\xampp\htdocs\liul\ThinkPHP\Library\Think\Template\TagLib\Cx.class.php 第 113 行.
INFO: [ template_filter ] --START--
INFO: Run Behavior\ContentReplaceBehavior [ RunTime:0.000040s ]
INFO: [ template_filter ] --END-- [ RunTime:0.000083s ]

[ 2015-12-10T19:25:22+08:00 ] 127.0.0.1 /index.php/Admin/Index/index.html
INFO: [ app_init ] --START--
INFO: Run Behavior\BuildLiteBehavior [ RunTime:0.000016s ]
INFO: [ app_init ] --END-- [ RunTime:0.000517s ]
INFO: [ app_begin ] --START--
INFO: Run Behavior\ReadHtmlCacheBehavior [ RunTime:0.000715s ]
INFO: [ app_begin ] --END-- [ RunTime:0.000786s ]
NOTIC: [2048] Declaration of Common\Model\ArticleModel::add() should be compatible with Think\Model::add($data = '', $options = Array, $replace = false) D:\xampp\htdocs\liul\Application\Common\Model\ArticleModel.class.php 第 4 行.
NOTIC: [2048] Declaration of Common\Model\ArticleModel::delete() should be compatible with Think\Model::delete($options = Array) D:\xampp\htdocs\liul\Application\Common\Model\ArticleModel.class.php 第 4 行.
SQL: SHOW COLUMNS FROM `article` [ RunTime:0.0035s ]
SQL: SHOW COLUMNS FROM `article` [ RunTime:0.0043s ]
SQL: SELECT * FROM `article` ORDER BY `createtime` desc LIMIT 0,5   [ RunTime:0.0011s ]
SQL: SELECT count(id) as totalcount FROM `article`  [ RunTime:0.0002s ]
INFO: [ view_parse ] --START--
NOTIC: [8] Undefined index: item D:\xampp\htdocs\liul\ThinkPHP\Library\Think\Template\TagLib\Cx.class.php 第 113 行.
INFO: [ template_filter ] --START--
INFO: Run Behavior\ContentReplaceBehavior [ RunTime:0.000044s ]
INFO: [ template_filter ] --END-- [ RunTime:0.000138s ]

[ 2015-12-10T19:25:26+08:00 ] 127.0.0.1 /index.php/Admin/Index/index.html
INFO: [ app_init ] --START--
INFO: Run Behavior\BuildLiteBehavior [ RunTime:0.000015s ]
INFO: [ app_init ] --END-- [ RunTime:0.000555s ]
INFO: [ app_begin ] --START--
INFO: Run Behavior\ReadHtmlCacheBehavior [ RunTime:0.000626s ]
INFO: [ app_begin ] --END-- [ RunTime:0.000680s ]
NOTIC: [2048] Declaration of Common\Model\ArticleModel::add() should be compatible with Think\Model::add($data = '', $options = Array, $replace = false) D:\xampp\htdocs\liul\Application\Common\Model\ArticleModel.class.php 第 4 行.
NOTIC: [2048] Declaration of Common\Model\ArticleModel::delete() should be compatible with Think\Model::delete($options = Array) D:\xampp\htdocs\liul\Application\Common\Model\ArticleModel.class.php 第 4 行.
SQL: SHOW COLUMNS FROM `article` [ RunTime:0.0026s ]
SQL: SHOW COLUMNS FROM `article` [ RunTime:0.0039s ]
SQL: SELECT * FROM `article` ORDER BY `createtime` desc LIMIT 0,5   [ RunTime:0.0009s ]
SQL: SELECT count(id) as totalcount FROM `article`  [ RunTime:0.0004s ]
INFO: [ view_parse ] --START--
NOTIC: [8] Undefined index: item D:\xampp\htdocs\liul\ThinkPHP\Library\Think\Template\TagLib\Cx.class.php 第 113 行.
INFO: [ template_filter ] --START--
INFO: Run Behavior\ContentReplaceBehavior [ RunTime:0.000041s ]
INFO: [ template_filter ] --END-- [ RunTime:0.000104s ]

[ 2015-12-10T19:25:26+08:00 ] 127.0.0.1 /index.php/Admin/Index/index.html
INFO: [ app_init ] --START--
INFO: Run Behavior\BuildLiteBehavior [ RunTime:0.000014s ]
INFO: [ app_init ] --END-- [ RunTime:0.000430s ]
INFO: [ app_begin ] --START--
INFO: Run Behavior\ReadHtmlCacheBehavior [ RunTime:0.001173s ]
INFO: [ app_begin ] --END-- [ RunTime:0.001241s ]
NOTIC: [2048] Declaration of Common\Model\ArticleModel::add() should be compatible with Think\Model::add($data = '', $options = Array, $replace = false) D:\xampp\htdocs\liul\Application\Common\Model\ArticleModel.class.php 第 4 行.
NOTIC: [2048] Declaration of Common\Model\ArticleModel::delete() should be compatible with Think\Model::delete($options = Array) D:\xampp\htdocs\liul\Application\Common\Model\ArticleModel.class.php 第 4 行.
SQL: SHOW COLUMNS FROM `article` [ RunTime:0.0045s ]
SQL: SHOW COLUMNS FROM `article` [ RunTime:0.0025s ]
SQL: SELECT * FROM `article` ORDER BY `createtime` desc LIMIT 0,5   [ RunTime:0.0003s ]
SQL: SELECT count(id) as totalcount FROM `article`  [ RunTime:0.0002s ]
INFO: [ view_parse ] --START--
NOTIC: [8] Undefined index: item D:\xampp\htdocs\liul\ThinkPHP\Library\Think\Template\TagLib\Cx.class.php 第 113 行.
INFO: [ template_filter ] --START--
INFO: Run Behavior\ContentReplaceBehavior [ RunTime:0.000036s ]
INFO: [ template_filter ] --END-- [ RunTime:0.000081s ]

[ 2015-12-10T19:25:26+08:00 ] 127.0.0.1 /index.php/Admin/Index/index.html
INFO: [ app_init ] --START--
INFO: Run Behavior\BuildLiteBehavior [ RunTime:0.000014s ]
INFO: [ app_init ] --END-- [ RunTime:0.000504s ]
INFO: [ app_begin ] --START--
INFO: Run Behavior\ReadHtmlCacheBehavior [ RunTime:0.000962s ]
INFO: [ app_begin ] --END-- [ RunTime:0.002200s ]
NOTIC: [2048] Declaration of Common\Model\ArticleModel::add() should be compatible with Think\Model::add($data = '', $options = Array, $replace = false) D:\xampp\htdocs\liul\Application\Common\Model\ArticleModel.class.php 第 4 行.
NOTIC: [2048] Declaration of Common\Model\ArticleModel::delete() should be compatible with Think\Model::delete($options = Array) D:\xampp\htdocs\liul\Application\Common\Model\ArticleModel.class.php 第 4 行.
SQL: SHOW COLUMNS FROM `article` [ RunTime:0.0026s ]
SQL: SHOW COLUMNS FROM `article` [ RunTime:0.0059s ]
SQL: SELECT * FROM `article` ORDER BY `createtime` desc LIMIT 0,5   [ RunTime:0.0004s ]
SQL: SELECT count(id) as totalcount FROM `article`  [ RunTime:0.0002s ]
INFO: [ view_parse ] --START--
NOTIC: [8] Undefined index: item D:\xampp\htdocs\liul\ThinkPHP\Library\Think\Template\TagLib\Cx.class.php 第 113 行.
INFO: [ template_filter ] --START--
INFO: Run Behavior\ContentReplaceBehavior [ RunTime:0.000037s ]
INFO: [ template_filter ] --END-- [ RunTime:0.000082s ]

[ 2015-12-10T19:25:26+08:00 ] 127.0.0.1 /index.php/Admin/Index/index.html
INFO: [ app_init ] --START--
INFO: Run Behavior\BuildLiteBehavior [ RunTime:0.000014s ]
INFO: [ app_init ] --END-- [ RunTime:0.000431s ]
INFO: [ app_begin ] --START--
INFO: Run Behavior\ReadHtmlCacheBehavior [ RunTime:0.000651s ]
INFO: [ app_begin ] --END-- [ RunTime:0.000713s ]
NOTIC: [2048] Declaration of Common\Model\ArticleModel::add() should be compatible with Think\Model::add($data = '', $options = Array, $replace = false) D:\xampp\htdocs\liul\Application\Common\Model\ArticleModel.class.php 第 4 行.
NOTIC: [2048] Declaration of Common\Model\ArticleModel::delete() should be compatible with Think\Model::delete($options = Array) D:\xampp\htdocs\liul\Application\Common\Model\ArticleModel.class.php 第 4 行.
SQL: SHOW COLUMNS FROM `article` [ RunTime:0.0042s ]
SQL: SHOW COLUMNS FROM `article` [ RunTime:0.0027s ]
SQL: SELECT * FROM `article` ORDER BY `createtime` desc LIMIT 0,5   [ RunTime:0.0003s ]
SQL: SELECT count(id) as totalcount FROM `article`  [ RunTime:0.0002s ]
INFO: [ view_parse ] --START--
NOTIC: [8] Undefined index: item D:\xampp\htdocs\liul\ThinkPHP\Library\Think\Template\TagLib\Cx.class.php 第 113 行.
INFO: [ template_filter ] --START--
INFO: Run Behavior\ContentReplaceBehavior [ RunTime:0.000038s ]
INFO: [ template_filter ] --END-- [ RunTime:0.000082s ]

[ 2015-12-10T19:25:36+08:00 ] 127.0.0.1 /index.php/Admin/Index/index.html
INFO: [ app_init ] --START--
INFO: Run Behavior\BuildLiteBehavior [ RunTime:0.000012s ]
INFO: [ app_init ] --END-- [ RunTime:0.000398s ]
INFO: [ app_begin ] --START--
INFO: Run Behavior\ReadHtmlCacheBehavior [ RunTime:0.000579s ]
INFO: [ app_begin ] --END-- [ RunTime:0.000633s ]
NOTIC: [2048] Declaration of Common\Model\ArticleModel::add() should be compatible with Think\Model::add($data = '', $options = Array, $replace = false) D:\xampp\htdocs\liul\Application\Common\Model\ArticleModel.class.php 第 4 行.
NOTIC: [2048] Declaration of Common\Model\ArticleModel::delete() should be compatible with Think\Model::delete($options = Array) D:\xampp\htdocs\liul\Application\Common\Model\ArticleModel.class.php 第 4 行.
SQL: SHOW COLUMNS FROM `article` [ RunTime:0.0033s ]
SQL: SHOW COLUMNS FROM `article` [ RunTime:0.0030s ]
SQL: SELECT * FROM `article` ORDER BY `createtime` desc LIMIT 0,5   [ RunTime:0.0004s ]
SQL: SELECT count(id) as totalcount FROM `article`  [ RunTime:0.0002s ]
INFO: [ view_parse ] --START--
NOTIC: [8] Undefined index: item D:\xampp\htdocs\liul\ThinkPHP\Library\Think\Template\TagLib\Cx.class.php 第 113 行.
INFO: [ template_filter ] --START--
INFO: Run Behavior\ContentReplaceBehavior [ RunTime:0.000038s ]
INFO: [ template_filter ] --END-- [ RunTime:0.000081s ]

[ 2015-12-10T19:25:36+08:00 ] 127.0.0.1 /index.php/Admin/Index/index.html
INFO: [ app_init ] --START--
INFO: Run Behavior\BuildLiteBehavior [ RunTime:0.000013s ]
INFO: [ app_init ] --END-- [ RunTime:0.000737s ]
INFO: [ app_begin ] --START--
INFO: Run Behavior\ReadHtmlCacheBehavior [ RunTime:0.000612s ]
INFO: [ app_begin ] --END-- [ RunTime:0.000665s ]
NOTIC: [2048] Declaration of Common\Model\ArticleModel::add() should be compatible with Think\Model::add($data = '', $options = Array, $replace = false) D:\xampp\htdocs\liul\Application\Common\Model\ArticleModel.class.php 第 4 行.
NOTIC: [2048] Declaration of Common\Model\ArticleModel::delete() should be compatible with Think\Model::delete($options = Array) D:\xampp\htdocs\liul\Application\Common\Model\ArticleModel.class.php 第 4 行.
SQL: SHOW COLUMNS FROM `article` [ RunTime:0.0046s ]
SQL: SHOW COLUMNS FROM `article` [ RunTime:0.0033s ]
SQL: SELECT * FROM `article` ORDER BY `createtime` desc LIMIT 0,5   [ RunTime:0.0005s ]
SQL: SELECT count(id) as totalcount FROM `article`  [ RunTime:0.0002s ]
INFO: [ view_parse ] --START--
NOTIC: [8] Undefined index: item D:\xampp\htdocs\liul\ThinkPHP\Library\Think\Template\TagLib\Cx.class.php 第 113 行.
INFO: [ template_filter ] --START--
INFO: Run Behavior\ContentReplaceBehavior [ RunTime:0.000036s ]
INFO: [ template_filter ] --END-- [ RunTime:0.000076s ]

[ 2015-12-10T19:25:36+08:00 ] 127.0.0.1 /index.php/Admin/Index/index.html
INFO: [ app_init ] --START--
INFO: Run Behavior\BuildLiteBehavior [ RunTime:0.000014s ]
INFO: [ app_init ] --END-- [ RunTime:0.000448s ]
INFO: [ app_begin ] --START--
INFO: Run Behavior\ReadHtmlCacheBehavior [ RunTime:0.000565s ]
INFO: [ app_begin ] --END-- [ RunTime:0.000614s ]
NOTIC: [2048] Declaration of Common\Model\ArticleModel::add() should be compatible with Think\Model::add($data = '', $options = Array, $replace = false) D:\xampp\htdocs\liul\Application\Common\Model\ArticleModel.class.php 第 4 行.
NOTIC: [2048] Declaration of Common\Model\ArticleModel::delete() should be compatible with Think\Model::delete($options = Array) D:\xampp\htdocs\liul\Application\Common\Model\ArticleModel.class.php 第 4 行.
SQL: SHOW COLUMNS FROM `article` [ RunTime:0.0029s ]
SQL: SHOW COLUMNS FROM `article` [ RunTime:0.0081s ]
SQL: SELECT * FROM `article` ORDER BY `createtime` desc LIMIT 0,5   [ RunTime:0.0006s ]
SQL: SELECT count(id) as totalcount FROM `article`  [ RunTime:0.0002s ]
INFO: [ view_parse ] --START--
NOTIC: [8] Undefined index: item D:\xampp\htdocs\liul\ThinkPHP\Library\Think\Template\TagLib\Cx.class.php 第 113 行.
INFO: [ template_filter ] --START--
INFO: Run Behavior\ContentReplaceBehavior [ RunTime:0.000039s ]
INFO: [ template_filter ] --END-- [ RunTime:0.000082s ]

[ 2015-12-10T19:25:43+08:00 ] 127.0.0.1 /index.php/Admin/Index/index.html
INFO: [ app_init ] --START--
INFO: Run Behavior\BuildLiteBehavior [ RunTime:0.000012s ]
INFO: [ app_init ] --END-- [ RunTime:0.000365s ]
INFO: [ app_begin ] --START--
INFO: Run Behavior\ReadHtmlCacheBehavior [ RunTime:0.000509s ]
INFO: [ app_begin ] --END-- [ RunTime:0.000552s ]
NOTIC: [2048] Declaration of Common\Model\ArticleModel::add() should be compatible with Think\Model::add($data = '', $options = Array, $replace = false) D:\xampp\htdocs\liul\Application\Common\Model\ArticleModel.class.php 第 4 行.
NOTIC: [2048] Declaration of Common\Model\ArticleModel::delete() should be compatible with Think\Model::delete($options = Array) D:\xampp\htdocs\liul\Application\Common\Model\ArticleModel.class.php 第 4 行.
SQL: SHOW COLUMNS FROM `article` [ RunTime:0.0031s ]
SQL: SHOW COLUMNS FROM `article` [ RunTime:0.0042s ]
SQL: SELECT * FROM `article` ORDER BY `createtime` desc LIMIT 0,5   [ RunTime:0.0003s ]
SQL: SELECT count(id) as totalcount FROM `article`  [ RunTime:0.0002s ]
INFO: [ view_parse ] --START--
NOTIC: [8] Undefined index: item D:\xampp\htdocs\liul\ThinkPHP\Library\Think\Template\TagLib\Cx.class.php 第 113 行.
INFO: [ template_filter ] --START--
INFO: Run Behavior\ContentReplaceBehavior [ RunTime:0.000037s ]
INFO: [ template_filter ] --END-- [ RunTime:0.000078s ]

[ 2015-12-10T19:26:32+08:00 ] 127.0.0.1 /index.php/Admin/Index/index.html
INFO: [ app_init ] --START--
INFO: Run Behavior\BuildLiteBehavior [ RunTime:0.000014s ]
INFO: [ app_init ] --END-- [ RunTime:0.000485s ]
INFO: [ app_begin ] --START--
INFO: Run Behavior\ReadHtmlCacheBehavior [ RunTime:0.000601s ]
INFO: [ app_begin ] --END-- [ RunTime:0.000657s ]
NOTIC: [2048] Declaration of Common\Model\ArticleModel::add() should be compatible with Think\Model::add($data = '', $options = Array, $replace = false) D:\xampp\htdocs\liul\Application\Common\Model\ArticleModel.class.php 第 4 行.
NOTIC: [2048] Declaration of Common\Model\ArticleModel::delete() should be compatible with Think\Model::delete($options = Array) D:\xampp\htdocs\liul\Application\Common\Model\ArticleModel.class.php 第 4 行.
SQL: SHOW COLUMNS FROM `article` [ RunTime:0.0038s ]
SQL: SHOW COLUMNS FROM `article` [ RunTime:0.0057s ]
SQL: SELECT * FROM `article` ORDER BY `createtime` desc LIMIT 0,5   [ RunTime:0.0005s ]
SQL: SELECT count(id) as totalcount FROM `article`  [ RunTime:0.0002s ]
INFO: [ view_parse ] --START--
INFO: [ template_filter ] --START--
INFO: Run Behavior\ContentReplaceBehavior [ RunTime:0.000041s ]
INFO: [ template_filter ] --END-- [ RunTime:0.000093s ]
INFO: Run Behavior\ParseTemplateBehavior [ RunTime:0.007501s ]
INFO: [ view_parse ] --END-- [ RunTime:0.007570s ]
INFO: [ view_filter ] --START--
INFO: Run Behavior\WriteHtmlCacheBehavior [ RunTime:0.000530s ]
INFO: [ view_filter ] --END-- [ RunTime:0.000576s ]
INFO: [ app_end ] --START--
INFO: Run Behavior\ShowPageTraceBehavior [ RunTime:0.000565s ]
INFO: [ app_end ] --END-- [ RunTime:0.000601s ]

[ 2015-12-10T19:26:32+08:00 ] 127.0.0.1 /index.php/Admin/Index/index.html
INFO: [ app_init ] --START--
INFO: Run Behavior\BuildLiteBehavior [ RunTime:0.000016s ]
INFO: [ app_init ] --END-- [ RunTime:0.001161s ]
INFO: [ app_begin ] --START--
INFO: Run Behavior\ReadHtmlCacheBehavior [ RunTime:0.000673s ]
INFO: [ app_begin ] --END-- [ RunTime:0.000727s ]
NOTIC: [2048] Declaration of Common\Model\ArticleModel::add() should be compatible with Think\Model::add($data = '', $options = Array, $replace = false) D:\xampp\htdocs\liul\Application\Common\Model\ArticleModel.class.php 第 4 行.
NOTIC: [2048] Declaration of Common\Model\ArticleModel::delete() should be compatible with Think\Model::delete($options = Array) D:\xampp\htdocs\liul\Application\Common\Model\ArticleModel.class.php 第 4 行.
SQL: SHOW COLUMNS FROM `article` [ RunTime:0.0048s ]
SQL: SHOW COLUMNS FROM `article` [ RunTime:0.0033s ]
SQL: SELECT * FROM `article` ORDER BY `createtime` desc LIMIT 0,5   [ RunTime:0.0004s ]
SQL: SELECT count(id) as totalcount FROM `article`  [ RunTime:0.0002s ]
INFO: [ view_parse ] --START--
INFO: [ template_filter ] --START--
INFO: Run Behavior\ContentReplaceBehavior [ RunTime:0.000039s ]
INFO: [ template_filter ] --END-- [ RunTime:0.000087s ]
INFO: Run Behavior\ParseTemplateBehavior [ RunTime:0.006136s ]
INFO: [ view_parse ] --END-- [ RunTime:0.006191s ]
INFO: [ view_filter ] --START--
INFO: Run Behavior\WriteHtmlCacheBehavior [ RunTime:0.000442s ]
INFO: [ view_filter ] --END-- [ RunTime:0.000478s ]
INFO: [ app_end ] --START--
INFO: Run Behavior\ShowPageTraceBehavior [ RunTime:0.000619s ]
INFO: [ app_end ] --END-- [ RunTime:0.000656s ]

[ 2015-12-10T19:26:34+08:00 ] 127.0.0.1 /index.php/Admin/Index/index.html
INFO: [ app_init ] --START--
INFO: Run Behavior\BuildLiteBehavior [ RunTime:0.000012s ]
INFO: [ app_init ] --END-- [ RunTime:0.000447s ]
INFO: [ app_begin ] --START--
INFO: Run Behavior\ReadHtmlCacheBehavior [ RunTime:0.000638s ]
INFO: [ app_begin ] --END-- [ RunTime:0.000773s ]
NOTIC: [2048] Declaration of Common\Model\ArticleModel::add() should be compatible with Think\Model::add($data = '', $options = Array, $replace = false) D:\xampp\htdocs\liul\Application\Common\Model\ArticleModel.class.php 第 4 行.
NOTIC: [2048] Declaration of Common\Model\ArticleModel::delete() should be compatible with Think\Model::delete($options = Array) D:\xampp\htdocs\liul\Application\Common\Model\ArticleModel.class.php 第 4 行.
SQL: SHOW COLUMNS FROM `article` [ RunTime:0.0034s ]
SQL: SHOW COLUMNS FROM `article` [ RunTime:0.0040s ]
SQL: SELECT * FROM `article` ORDER BY `createtime` desc LIMIT 0,5   [ RunTime:0.0004s ]
SQL: SELECT count(id) as totalcount FROM `article`  [ RunTime:0.0003s ]
INFO: [ view_parse ] --START--
INFO: [ template_filter ] --START--
INFO: Run Behavior\ContentReplaceBehavior [ RunTime:0.000048s ]
INFO: [ template_filter ] --END-- [ RunTime:0.000107s ]
INFO: Run Behavior\ParseTemplateBehavior [ RunTime:0.007456s ]
INFO: [ view_parse ] --END-- [ RunTime:0.007524s ]
INFO: [ view_filter ] --START--
INFO: Run Behavior\WriteHtmlCacheBehavior [ RunTime:0.000542s ]
INFO: [ view_filter ] --END-- [ RunTime:0.000589s ]
INFO: [ app_end ] --START--
INFO: Run Behavior\ShowPageTraceBehavior [ RunTime:0.000788s ]
INFO: [ app_end ] --END-- [ RunTime:0.000835s ]

[ 2015-12-10T19:26:37+08:00 ] 127.0.0.1 /index.php/Admin/Index/index.html
INFO: [ app_init ] --START--
INFO: Run Behavior\BuildLiteBehavior [ RunTime:0.000016s ]
INFO: [ app_init ] --END-- [ RunTime:0.000817s ]
INFO: [ app_begin ] --START--
INFO: Run Behavior\ReadHtmlCacheBehavior [ RunTime:0.000704s ]
INFO: [ app_begin ] --END-- [ RunTime:0.000770s ]
NOTIC: [2048] Declaration of Common\Model\ArticleModel::add() should be compatible with Think\Model::add($data = '', $options = Array, $replace = false) D:\xampp\htdocs\liul\Application\Common\Model\ArticleModel.class.php 第 4 行.
NOTIC: [2048] Declaration of Common\Model\ArticleModel::delete() should be compatible with Think\Model::delete($options = Array) D:\xampp\htdocs\liul\Application\Common\Model\ArticleModel.class.php 第 4 行.
SQL: SHOW COLUMNS FROM `article` [ RunTime:0.0060s ]
SQL: SHOW COLUMNS FROM `article` [ RunTime:0.0030s ]
SQL: SELECT * FROM `article` ORDER BY `createtime` desc LIMIT 0,5   [ RunTime:0.0004s ]
SQL: SELECT count(id) as totalcount FROM `article`  [ RunTime:0.0002s ]
INFO: [ view_parse ] --START--
INFO: [ template_filter ] --START--
INFO: Run Behavior\ContentReplaceBehavior [ RunTime:0.000041s ]
INFO: [ template_filter ] --END-- [ RunTime:0.000091s ]
INFO: Run Behavior\ParseTemplateBehavior [ RunTime:0.006663s ]
INFO: [ view_parse ] --END-- [ RunTime:0.006728s ]
INFO: [ view_filter ] --START--
INFO: Run Behavior\WriteHtmlCacheBehavior [ RunTime:0.000559s ]
INFO: [ view_filter ] --END-- [ RunTime:0.000603s ]
INFO: [ app_end ] --START--
INFO: Run Behavior\ShowPageTraceBehavior [ RunTime:0.001678s ]
INFO: [ app_end ] --END-- [ RunTime:0.001736s ]

[ 2015-12-10T19:26:37+08:00 ] 127.0.0.1 /index.php/Admin/Index/index.html
INFO: [ app_init ] --START--
INFO: Run Behavior\BuildLiteBehavior [ RunTime:0.000016s ]
INFO: [ app_init ] --END-- [ RunTime:0.001328s ]
INFO: [ app_begin ] --START--
INFO: Run Behavior\ReadHtmlCacheBehavior [ RunTime:0.000595s ]
INFO: [ app_begin ] --END-- [ RunTime:0.000653s ]
NOTIC: [2048] Declaration of Common\Model\ArticleModel::add() should be compatible with Think\Model::add($data = '', $options = Array, $replace = false) D:\xampp\htdocs\liul\Application\Common\Model\ArticleModel.class.php 第 4 行.
NOTIC: [2048] Declaration of Common\Model\ArticleModel::delete() should be compatible with Think\Model::delete($options = Array) D:\xampp\htdocs\liul\Application\Common\Model\ArticleModel.class.php 第 4 行.
SQL: SHOW COLUMNS FROM `article` [ RunTime:0.0028s ]
SQL: SHOW COLUMNS FROM `article` [ RunTime:0.0033s ]
SQL: SELECT * FROM `article` ORDER BY `createtime` desc LIMIT 0,5   [ RunTime:0.0003s ]
SQL: SELECT count(id) as totalcount FROM `article`  [ RunTime:0.0002s ]
INFO: [ view_parse ] --START--
INFO: [ template_filter ] --START--
INFO: Run Behavior\ContentReplaceBehavior [ RunTime:0.000040s ]
INFO: [ template_filter ] --END-- [ RunTime:0.000087s ]
INFO: Run Behavior\ParseTemplateBehavior [ RunTime:0.008745s ]
INFO: [ view_parse ] --END-- [ RunTime:0.008811s ]
INFO: [ view_filter ] --START--
INFO: Run Behavior\WriteHtmlCacheBehavior [ RunTime:0.000443s ]
INFO: [ view_filter ] --END-- [ RunTime:0.000480s ]
INFO: [ app_end ] --START--
INFO: Run Behavior\ShowPageTraceBehavior [ RunTime:0.000560s ]
INFO: [ app_end ] --END-- [ RunTime:0.000596s ]

[ 2015-12-10T19:26:38+08:00 ] 127.0.0.1 /index.php/Admin/Index/index.html
INFO: [ app_init ] --START--
INFO: Run Behavior\BuildLiteBehavior [ RunTime:0.000015s ]
INFO: [ app_init ] --END-- [ RunTime:0.000415s ]
INFO: [ app_begin ] --START--
INFO: Run Behavior\ReadHtmlCacheBehavior [ RunTime:0.000605s ]
INFO: [ app_begin ] --END-- [ RunTime:0.000660s ]
NOTIC: [2048] Declaration of Common\Model\ArticleModel::add() should be compatible with Think\Model::add($data = '', $options = Array, $replace = false) D:\xampp\htdocs\liul\Application\Common\Model\ArticleModel.class.php 第 4 行.
NOTIC: [2048] Declaration of Common\Model\ArticleModel::delete() should be compatible with Think\Model::delete($options = Array) D:\xampp\htdocs\liul\Application\Common\Model\ArticleModel.class.php 第 4 行.
SQL: SHOW COLUMNS FROM `article` [ RunTime:0.0043s ]
SQL: SHOW COLUMNS FROM `article` [ RunTime:0.0062s ]
SQL: SELECT * FROM `article` ORDER BY `createtime` desc LIMIT 0,5   [ RunTime:0.0005s ]
SQL: SELECT count(id) as totalcount FROM `article`  [ RunTime:0.0003s ]
INFO: [ view_parse ] --START--
INFO: [ template_filter ] --START--
INFO: Run Behavior\ContentReplaceBehavior [ RunTime:0.000057s ]
INFO: [ template_filter ] --END-- [ RunTime:0.000161s ]
INFO: Run Behavior\ParseTemplateBehavior [ RunTime:0.023269s ]
INFO: [ view_parse ] --END-- [ RunTime:0.023337s ]
INFO: [ view_filter ] --START--
INFO: Run Behavior\WriteHtmlCacheBehavior [ RunTime:0.000456s ]
INFO: [ view_filter ] --END-- [ RunTime:0.000495s ]
INFO: [ app_end ] --START--
INFO: Run Behavior\ShowPageTraceBehavior [ RunTime:0.000590s ]
INFO: [ app_end ] --END-- [ RunTime:0.000644s ]

[ 2015-12-10T19:27:05+08:00 ] 127.0.0.1 /index.php/Admin/Index/index.html
INFO: [ app_init ] --START--
INFO: Run Behavior\BuildLiteBehavior [ RunTime:0.000012s ]
INFO: [ app_init ] --END-- [ RunTime:0.000403s ]
INFO: [ app_begin ] --START--
INFO: Run Behavior\ReadHtmlCacheBehavior [ RunTime:0.000771s ]
INFO: [ app_begin ] --END-- [ RunTime:0.000835s ]
NOTIC: [2048] Declaration of Common\Model\ArticleModel::add() should be compatible with Think\Model::add($data = '', $options = Array, $replace = false) D:\xampp\htdocs\liul\Application\Common\Model\ArticleModel.class.php 第 4 行.
NOTIC: [2048] Declaration of Common\Model\ArticleModel::delete() should be compatible with Think\Model::delete($options = Array) D:\xampp\htdocs\liul\Application\Common\Model\ArticleModel.class.php 第 4 行.
SQL: SHOW COLUMNS FROM `article` [ RunTime:0.0052s ]
SQL: SHOW COLUMNS FROM `article` [ RunTime:0.0030s ]
SQL: SELECT * FROM `article` ORDER BY `createtime` desc LIMIT 0,5   [ RunTime:0.0004s ]
SQL: SELECT count(id) as totalcount FROM `article`  [ RunTime:0.0002s ]
INFO: [ view_parse ] --START--
INFO: [ template_filter ] --START--
INFO: Run Behavior\ContentReplaceBehavior [ RunTime:0.000042s ]
INFO: [ template_filter ] --END-- [ RunTime:0.000093s ]
INFO: Run Behavior\ParseTemplateBehavior [ RunTime:0.006289s ]
INFO: [ view_parse ] --END-- [ RunTime:0.006350s ]
INFO: [ view_filter ] --START--
INFO: Run Behavior\WriteHtmlCacheBehavior [ RunTime:0.000432s ]
INFO: [ view_filter ] --END-- [ RunTime:0.000467s ]
INFO: [ app_end ] --START--
INFO: Run Behavior\ShowPageTraceBehavior [ RunTime:0.000578s ]
INFO: [ app_end ] --END-- [ RunTime:0.000614s ]

[ 2015-12-10T19:27:10+08:00 ] 127.0.0.1 /index.php/Admin/Index/index.html
INFO: [ app_init ] --START--
INFO: Run Behavior\BuildLiteBehavior [ RunTime:0.000017s ]
INFO: [ app_init ] --END-- [ RunTime:0.000504s ]
INFO: [ app_begin ] --START--
INFO: Run Behavior\ReadHtmlCacheBehavior [ RunTime:0.000695s ]
INFO: [ app_begin ] --END-- [ RunTime:0.000763s ]
NOTIC: [2048] Declaration of Common\Model\ArticleModel::add() should be compatible with Think\Model::add($data = '', $options = Array, $replace = false) D:\xampp\htdocs\liul\Application\Common\Model\ArticleModel.class.php 第 4 行.
NOTIC: [2048] Declaration of Common\Model\ArticleModel::delete() should be compatible with Think\Model::delete($options = Array) D:\xampp\htdocs\liul\Application\Common\Model\ArticleModel.class.php 第 4 行.
SQL: SHOW COLUMNS FROM `article` [ RunTime:0.0039s ]
SQL: SHOW COLUMNS FROM `article` [ RunTime:0.0047s ]
SQL: SELECT * FROM `article` ORDER BY `createtime` desc LIMIT 0,5   [ RunTime:0.0003s ]
SQL: SELECT count(id) as totalcount FROM `article`  [ RunTime:0.0002s ]
INFO: [ view_parse ] --START--
INFO: [ template_filter ] --START--
INFO: Run Behavior\ContentReplaceBehavior [ RunTime:0.000037s ]
INFO: [ template_filter ] --END-- [ RunTime:0.000082s ]
INFO: Run Behavior\ParseTemplateBehavior [ RunTime:0.006094s ]
INFO: [ view_parse ] --END-- [ RunTime:0.006164s ]
INFO: [ view_filter ] --START--
INFO: Run Behavior\WriteHtmlCacheBehavior [ RunTime:0.000501s ]
INFO: [ view_filter ] --END-- [ RunTime:0.000540s ]
INFO: [ app_end ] --START--
INFO: Run Behavior\ShowPageTraceBehavior [ RunTime:0.000612s ]
INFO: [ app_end ] --END-- [ RunTime:0.000653s ]

[ 2015-12-10T19:27:21+08:00 ] 127.0.0.1 /index.php/Admin/Index/index.html
INFO: [ app_init ] --START--
INFO: Run Behavior\BuildLiteBehavior [ RunTime:0.000014s ]
INFO: [ app_init ] --END-- [ RunTime:0.000420s ]
INFO: [ app_begin ] --START--
INFO: Run Behavior\ReadHtmlCacheBehavior [ RunTime:0.000664s ]
INFO: [ app_begin ] --END-- [ RunTime:0.000724s ]
NOTIC: [2048] Declaration of Common\Model\ArticleModel::add() should be compatible with Think\Model::add($data = '', $options = Array, $replace = false) D:\xampp\htdocs\liul\Application\Common\Model\ArticleModel.class.php 第 4 行.
NOTIC: [2048] Declaration of Common\Model\ArticleModel::delete() should be compatible with Think\Model::delete($options = Array) D:\xampp\htdocs\liul\Application\Common\Model\ArticleModel.class.php 第 4 行.
SQL: SHOW COLUMNS FROM `article` [ RunTime:0.0074s ]
SQL: SHOW COLUMNS FROM `article` [ RunTime:0.0040s ]
SQL: SELECT * FROM `article` ORDER BY `createtime` desc LIMIT 0,5   [ RunTime:0.0006s ]
SQL: SELECT count(id) as totalcount FROM `article`  [ RunTime:0.0003s ]
INFO: [ view_parse ] --START--
INFO: [ template_filter ] --START--
INFO: Run Behavior\ContentReplaceBehavior [ RunTime:0.000052s ]
INFO: [ template_filter ] --END-- [ RunTime:0.000125s ]
INFO: Run Behavior\ParseTemplateBehavior [ RunTime:0.011893s ]
INFO: [ view_parse ] --END-- [ RunTime:0.011985s ]
INFO: [ view_filter ] --START--
INFO: Run Behavior\WriteHtmlCacheBehavior [ RunTime:0.000440s ]
INFO: [ view_filter ] --END-- [ RunTime:0.000482s ]
INFO: [ app_end ] --START--
INFO: Run Behavior\ShowPageTraceBehavior [ RunTime:0.000653s ]
INFO: [ app_end ] --END-- [ RunTime:0.000696s ]

[ 2015-12-10T19:28:33+08:00 ] 127.0.0.1 /index.php/Admin/Index/index.html
INFO: [ app_init ] --START--
INFO: Run Behavior\BuildLiteBehavior [ RunTime:0.000016s ]
INFO: [ app_init ] --END-- [ RunTime:0.002206s ]
INFO: [ app_begin ] --START--
INFO: Run Behavior\ReadHtmlCacheBehavior [ RunTime:0.000582s ]
INFO: [ app_begin ] --END-- [ RunTime:0.000633s ]

[ 2015-12-10T19:28:37+08:00 ] 127.0.0.1 /index.php/Admin/Index/index.html
INFO: [ app_init ] --START--
INFO: Run Behavior\BuildLiteBehavior [ RunTime:0.000016s ]
INFO: [ app_init ] --END-- [ RunTime:0.000499s ]
INFO: [ app_begin ] --START--
INFO: Run Behavior\ReadHtmlCacheBehavior [ RunTime:0.000600s ]
INFO: [ app_begin ] --END-- [ RunTime:0.000653s ]
NOTIC: [2048] Declaration of Common\Model\ArticleModel::add() should be compatible with Think\Model::add($data = '', $options = Array, $replace = false) D:\xampp\htdocs\liul\Application\Common\Model\ArticleModel.class.php 第 4 行.
NOTIC: [2048] Declaration of Common\Model\ArticleModel::delete() should be compatible with Think\Model::delete($options = Array) D:\xampp\htdocs\liul\Application\Common\Model\ArticleModel.class.php 第 4 行.
SQL: SHOW COLUMNS FROM `article` [ RunTime:0.0032s ]
SQL: SHOW COLUMNS FROM `article` [ RunTime:0.0031s ]
SQL: SELECT * FROM `article` ORDER BY `createtime` desc LIMIT 0,9999999   [ RunTime:0.0005s ]
SQL: SELECT count(id) as totalcount FROM `article`  [ RunTime:0.0002s ]
INFO: [ view_parse ] --START--
INFO: [ template_filter ] --START--
INFO: Run Behavior\ContentReplaceBehavior [ RunTime:0.000040s ]
INFO: [ template_filter ] --END-- [ RunTime:0.000085s ]
INFO: Run Behavior\ParseTemplateBehavior [ RunTime:0.008768s ]
INFO: [ view_parse ] --END-- [ RunTime:0.008900s ]
INFO: [ view_filter ] --START--
INFO: Run Behavior\WriteHtmlCacheBehavior [ RunTime:0.000947s ]
INFO: [ view_filter ] --END-- [ RunTime:0.001001s ]
INFO: [ app_end ] --START--
INFO: Run Behavior\ShowPageTraceBehavior [ RunTime:0.000644s ]
INFO: [ app_end ] --END-- [ RunTime:0.000719s ]

[ 2015-12-10T19:29:10+08:00 ] 127.0.0.1 /index.php/Admin/Index/index.html
INFO: [ app_init ] --START--
INFO: Run Behavior\BuildLiteBehavior [ RunTime:0.000012s ]
INFO: [ app_init ] --END-- [ RunTime:0.000386s ]
INFO: [ app_begin ] --START--
INFO: Run Behavior\ReadHtmlCacheBehavior [ RunTime:0.000569s ]
INFO: [ app_begin ] --END-- [ RunTime:0.000616s ]
NOTIC: [2048] Declaration of Common\Model\ArticleModel::add() should be compatible with Think\Model::add($data = '', $options = Array, $replace = false) D:\xampp\htdocs\liul\Application\Common\Model\ArticleModel.class.php 第 4 行.
NOTIC: [2048] Declaration of Common\Model\ArticleModel::delete() should be compatible with Think\Model::delete($options = Array) D:\xampp\htdocs\liul\Application\Common\Model\ArticleModel.class.php 第 4 行.
SQL: SHOW COLUMNS FROM `article` [ RunTime:0.0028s ]
SQL: SHOW COLUMNS FROM `article` [ RunTime:0.0023s ]
SQL: SELECT * FROM `article` ORDER BY `createtime` desc LIMIT 0,9999999   [ RunTime:0.0008s ]
SQL: SELECT count(id) as totalcount FROM `article`  [ RunTime:0.0027s ]
INFO: [ view_parse ] --START--
INFO: [ template_filter ] --START--
INFO: Run Behavior\ContentReplaceBehavior [ RunTime:0.000045s ]
INFO: [ template_filter ] --END-- [ RunTime:0.000102s ]
INFO: Run Behavior\ParseTemplateBehavior [ RunTime:0.007482s ]
INFO: [ view_parse ] --END-- [ RunTime:0.007549s ]
INFO: [ view_filter ] --START--
INFO: Run Behavior\WriteHtmlCacheBehavior [ RunTime:0.000445s ]
INFO: [ view_filter ] --END-- [ RunTime:0.000483s ]
INFO: [ app_end ] --START--
INFO: Run Behavior\ShowPageTraceBehavior [ RunTime:0.000579s ]
INFO: [ app_end ] --END-- [ RunTime:0.000618s ]

[ 2015-12-10T19:29:52+08:00 ] 127.0.0.1 /index.php/Admin/Index/index.html
INFO: [ app_init ] --START--
INFO: Run Behavior\BuildLiteBehavior [ RunTime:0.000015s ]
INFO: [ app_init ] --END-- [ RunTime:0.000476s ]
INFO: [ app_begin ] --START--
INFO: Run Behavior\ReadHtmlCacheBehavior [ RunTime:0.001501s ]
INFO: [ app_begin ] --END-- [ RunTime:0.001559s ]
NOTIC: [2048] Declaration of Common\Model\ArticleModel::add() should be compatible with Think\Model::add($data = '', $options = Array, $replace = false) D:\xampp\htdocs\liul\Application\Common\Model\ArticleModel.class.php 第 4 行.
NOTIC: [2048] Declaration of Common\Model\ArticleModel::delete() should be compatible with Think\Model::delete($options = Array) D:\xampp\htdocs\liul\Application\Common\Model\ArticleModel.class.php 第 4 行.
SQL: SHOW COLUMNS FROM `article` [ RunTime:0.0037s ]
SQL: SHOW COLUMNS FROM `article` [ RunTime:0.0027s ]
SQL: SELECT * FROM `article` ORDER BY `createtime` desc LIMIT 0,9999999   [ RunTime:0.0004s ]
SQL: SELECT count(id) as totalcount FROM `article`  [ RunTime:0.0003s ]
INFO: [ view_parse ] --START--
INFO: [ template_filter ] --START--
INFO: Run Behavior\ContentReplaceBehavior [ RunTime:0.000043s ]
INFO: [ template_filter ] --END-- [ RunTime:0.000127s ]
INFO: Run Behavior\ParseTemplateBehavior [ RunTime:0.010826s ]
INFO: [ view_parse ] --END-- [ RunTime:0.010891s ]
INFO: [ view_filter ] --START--
INFO: Run Behavior\WriteHtmlCacheBehavior [ RunTime:0.000442s ]
INFO: [ view_filter ] --END-- [ RunTime:0.000479s ]
INFO: [ app_end ] --START--
INFO: Run Behavior\ShowPageTraceBehavior [ RunTime:0.000649s ]
INFO: [ app_end ] --END-- [ RunTime:0.000695s ]

[ 2015-12-10T19:36:31+08:00 ] 127.0.0.1 /index.php/Admin/Index/index.html
INFO: [ app_init ] --START--
INFO: Run Behavior\BuildLiteBehavior [ RunTime:0.000017s ]
INFO: [ app_init ] --END-- [ RunTime:0.000683s ]
INFO: [ app_begin ] --START--
INFO: Run Behavior\ReadHtmlCacheBehavior [ RunTime:0.002456s ]
INFO: [ app_begin ] --END-- [ RunTime:0.002522s ]
NOTIC: [2048] Declaration of Common\Model\ArticleModel::add() should be compatible with Think\Model::add($data = '', $options = Array, $replace = false) D:\xampp\htdocs\liul\Application\Common\Model\ArticleModel.class.php 第 4 行.
NOTIC: [2048] Declaration of Common\Model\ArticleModel::delete() should be compatible with Think\Model::delete($options = Array) D:\xampp\htdocs\liul\Application\Common\Model\ArticleModel.class.php 第 4 行.
SQL: SHOW COLUMNS FROM `article` [ RunTime:0.0037s ]
SQL: SHOW COLUMNS FROM `article` [ RunTime:0.0041s ]
SQL: SELECT * FROM `article` ORDER BY `createtime` desc LIMIT 0,9999999   [ RunTime:0.0006s ]
SQL: SELECT count(id) as totalcount FROM `article`  [ RunTime:0.0003s ]
INFO: [ view_parse ] --START--
INFO: [ template_filter ] --START--
INFO: Run Behavior\ContentReplaceBehavior [ RunTime:0.000111s ]
INFO: [ template_filter ] --END-- [ RunTime:0.000193s ]
INFO: Run Behavior\ParseTemplateBehavior [ RunTime:0.010521s ]
INFO: [ view_parse ] --END-- [ RunTime:0.010591s ]
INFO: [ view_filter ] --START--
INFO: Run Behavior\WriteHtmlCacheBehavior [ RunTime:0.000417s ]
INFO: [ view_filter ] --END-- [ RunTime:0.000457s ]
INFO: [ app_end ] --START--
INFO: Run Behavior\ShowPageTraceBehavior [ RunTime:0.000570s ]
INFO: [ app_end ] --END-- [ RunTime:0.000607s ]

[ 2015-12-10T19:41:14+08:00 ] 127.0.0.1 /index.php/Admin/Article/add.html
INFO: [ app_init ] --START--
INFO: Run Behavior\BuildLiteBehavior [ RunTime:0.000017s ]
INFO: [ app_init ] --END-- [ RunTime:0.000819s ]
INFO: [ app_begin ] --START--
INFO: Run Behavior\ReadHtmlCacheBehavior [ RunTime:0.000901s ]
INFO: [ app_begin ] --END-- [ RunTime:0.000978s ]
NOTIC: [2048] Declaration of Common\Model\CategoryModel::add() should be compatible with Think\Model::add($data = '', $options = Array, $replace = false) D:\xampp\htdocs\liul\Application\Common\Model\CategoryModel.class.php 第 4 行.
NOTIC: [2048] Declaration of Common\Model\CategoryModel::delete() should be compatible with Think\Model::delete($options = Array) D:\xampp\htdocs\liul\Application\Common\Model\CategoryModel.class.php 第 4 行.
SQL: SHOW COLUMNS FROM `category` [ RunTime:0.0044s ]
SQL: SHOW COLUMNS FROM `category` [ RunTime:0.0034s ]
SQL: SELECT * FROM `category` WHERE `cid` <> '0' AND `uid` = 1 ORDER BY amount DESC  [ RunTime:0.0004s ]
INFO: [ view_parse ] --START--
INFO: [ template_filter ] --START--
INFO: Run Behavior\ContentReplaceBehavior [ RunTime:0.000060s ]
INFO: [ template_filter ] --END-- [ RunTime:0.000104s ]
NOTIC: [8] Undefined variable: article D:\xampp\htdocs\liul\Application\Runtime\Cache\Admin\e16cf278f1c326e72baf6415dbd5ab87.php 第 99 行.
INFO: Run Behavior\ParseTemplateBehavior [ RunTime:0.007979s ]
INFO: [ view_parse ] --END-- [ RunTime:0.008030s ]
INFO: [ view_filter ] --START--
INFO: Run Behavior\WriteHtmlCacheBehavior [ RunTime:0.000658s ]
INFO: [ view_filter ] --END-- [ RunTime:0.000727s ]
INFO: [ app_end ] --START--
INFO: Run Behavior\ShowPageTraceBehavior [ RunTime:0.002509s ]
INFO: [ app_end ] --END-- [ RunTime:0.002560s ]

[ 2015-12-10T19:41:15+08:00 ] 127.0.0.1 /index.php/Admin/Index/index.html
INFO: [ app_init ] --START--
INFO: Run Behavior\BuildLiteBehavior [ RunTime:0.000016s ]
INFO: [ app_init ] --END-- [ RunTime:0.000486s ]
INFO: [ app_begin ] --START--
INFO: Run Behavior\ReadHtmlCacheBehavior [ RunTime:0.001423s ]
INFO: [ app_begin ] --END-- [ RunTime:0.001538s ]
NOTIC: [2048] Declaration of Common\Model\ArticleModel::add() should be compatible with Think\Model::add($data = '', $options = Array, $replace = false) D:\xampp\htdocs\liul\Application\Common\Model\ArticleModel.class.php 第 4 行.
NOTIC: [2048] Declaration of Common\Model\ArticleModel::delete() should be compatible with Think\Model::delete($options = Array) D:\xampp\htdocs\liul\Application\Common\Model\ArticleModel.class.php 第 4 行.
SQL: SHOW COLUMNS FROM `article` [ RunTime:0.0045s ]
SQL: SHOW COLUMNS FROM `article` [ RunTime:0.0046s ]
SQL: SELECT * FROM `article` ORDER BY `createtime` desc LIMIT 0,9999999   [ RunTime:0.0092s ]
SQL: SELECT count(id) as totalcount FROM `article`  [ RunTime:0.0004s ]
INFO: [ view_parse ] --START--
INFO: [ template_filter ] --START--
INFO: Run Behavior\ContentReplaceBehavior [ RunTime:0.000089s ]
INFO: [ template_filter ] --END-- [ RunTime:0.000148s ]
INFO: Run Behavior\ParseTemplateBehavior [ RunTime:0.021922s ]
INFO: [ view_parse ] --END-- [ RunTime:0.021994s ]
INFO: [ view_filter ] --START--
INFO: Run Behavior\WriteHtmlCacheBehavior [ RunTime:0.001146s ]
INFO: [ view_filter ] --END-- [ RunTime:0.001203s ]
INFO: [ app_end ] --START--
INFO: Run Behavior\ShowPageTraceBehavior [ RunTime:0.001941s ]
INFO: [ app_end ] --END-- [ RunTime:0.001994s ]

[ 2015-12-10T19:41:45+08:00 ] 127.0.0.1 /index.php/Admin/Index/index.html
INFO: [ app_init ] --START--
INFO: Run Behavior\BuildLiteBehavior [ RunTime:0.000017s ]
INFO: [ app_init ] --END-- [ RunTime:0.000635s ]
INFO: [ app_begin ] --START--
INFO: Run Behavior\ReadHtmlCacheBehavior [ RunTime:0.004983s ]
INFO: [ app_begin ] --END-- [ RunTime:0.005051s ]
NOTIC: [2048] Declaration of Common\Model\ArticleModel::add() should be compatible with Think\Model::add($data = '', $options = Array, $replace = false) D:\xampp\htdocs\liul\Application\Common\Model\ArticleModel.class.php 第 4 行.
NOTIC: [2048] Declaration of Common\Model\ArticleModel::delete() should be compatible with Think\Model::delete($options = Array) D:\xampp\htdocs\liul\Application\Common\Model\ArticleModel.class.php 第 4 行.
SQL: SHOW COLUMNS FROM `article` [ RunTime:0.0031s ]
SQL: SHOW COLUMNS FROM `article` [ RunTime:0.0088s ]
SQL: SELECT * FROM `article` ORDER BY `createtime` desc LIMIT 0,9999999   [ RunTime:0.0067s ]
SQL: SELECT count(id) as totalcount FROM `article`  [ RunTime:0.0005s ]
INFO: [ view_parse ] --START--
INFO: [ template_filter ] --START--
INFO: Run Behavior\ContentReplaceBehavior [ RunTime:0.000046s ]
INFO: [ template_filter ] --END-- [ RunTime:0.000098s ]
INFO: Run Behavior\ParseTemplateBehavior [ RunTime:0.017012s ]
INFO: [ view_parse ] --END-- [ RunTime:0.017086s ]
INFO: [ view_filter ] --START--
INFO: Run Behavior\WriteHtmlCacheBehavior [ RunTime:0.008306s ]
INFO: [ view_filter ] --END-- [ RunTime:0.008369s ]
INFO: [ app_end ] --START--
INFO: Run Behavior\ShowPageTraceBehavior [ RunTime:0.000962s ]
INFO: [ app_end ] --END-- [ RunTime:0.001038s ]

